12:39:47 INFO  : Launching XSDB server: xsdb.bat -interactive C:\Users\John\Documents\GitHub\MQP\usb_i2c\usb_i2c.sdk\temp_xsdb_launch_script.tcl
12:39:55 INFO  : XSDB server has started successfully.
12:39:55 INFO  : Processing command line option -hwspec C:/Users/John/Documents/GitHub/MQP/usb_i2c/usb_i2c.sdk/design_1_wrapper.hdf.
13:46:40 INFO  : Launching XSDB server: xsdb.bat -interactive C:\Users\John\Documents\GitHub\MQP\usb_i2c\usb_i2c.sdk\temp_xsdb_launch_script.tcl
13:46:45 INFO  : XSDB server has started successfully.
13:47:00 INFO  : Processing command line option -hwspec C:/Users/John/Documents/GitHub/MQP/usb_i2c/usb_i2c.sdk/design_1_wrapper.hdf.
13:47:00 INFO  : Checking for hwspec changes in the project design_1_wrapper_hw_platform_0.
13:47:00 INFO  : SDK has detected change in the last modified timestamps for source hardware specification file Source:1474998313772,  Project:1474907511619
13:47:00 INFO  : The hardware specification for project 'design_1_wrapper_hw_platform_0' is different from C:/Users/John/Documents/GitHub/MQP/usb_i2c/usb_i2c.sdk/design_1_wrapper.hdf.
13:47:01 INFO  : Copied contents of C:/Users/John/Documents/GitHub/MQP/usb_i2c/usb_i2c.sdk/design_1_wrapper.hdf into \design_1_wrapper_hw_platform_0\system.hdf.
13:47:16 INFO  : Synchronizing projects in the workspace with the hardware platform specification changes.
13:47:28 INFO  : 
13:47:33 INFO  : Updating hardware inferred compiler options for uart0_rangefinder.
13:47:33 INFO  : Clearing existing target manager status.
13:47:36 INFO  : Closing and re-opening the MSS file of ther project uart0_rangefinder_bsp
13:47:37 INFO  : Workspace synchronized with the new hardware specification file. Cleaning dependent projects...
13:47:40 WARN  : Linker script will not be updated automatically. Users need to update it manually.
13:48:13 INFO  : Connected to target on host '127.0.0.1' and port '3121'.
13:48:17 INFO  : 'targets -set -filter {jtag_cable_name =~ "Digilent Zed 210248447864" && level==0} -index 1' command is executed.
13:48:22 INFO  : FPGA configured successfully with bitstream "C:/Users/John/Documents/GitHub/MQP/usb_i2c/usb_i2c.sdk/design_1_wrapper_hw_platform_0/design_1_wrapper.bit"
13:48:42 INFO  : ps7_init is completed.
13:48:42 INFO  : ps7_post_config is completed.
13:48:43 INFO  : Processor reset is completed for ps7_cortexa9_0
13:50:31 INFO  : Processor reset is completed for ps7_cortexa9_0
13:56:12 INFO  : Processor reset is completed for ps7_cortexa9_0
13:57:53 INFO  : Processor reset is completed for ps7_cortexa9_0
13:59:55 INFO  : Processor reset is completed for ps7_cortexa9_0
14:00:17 INFO  : Processor reset is completed for ps7_cortexa9_0
14:01:04 INFO  : Processor reset is completed for ps7_cortexa9_0
14:02:06 INFO  : Processor reset is completed for ps7_cortexa9_0
14:02:28 INFO  : Processor reset is completed for ps7_cortexa9_0
14:04:42 INFO  : Processor reset is completed for ps7_cortexa9_0
14:05:02 INFO  : Processor reset is completed for ps7_cortexa9_0
14:05:16 INFO  : Processor reset is completed for ps7_cortexa9_0
14:06:19 INFO  : Processor reset is completed for ps7_cortexa9_0
14:07:14 INFO  : Processor reset is completed for ps7_cortexa9_0
14:08:10 INFO  : Processor reset is completed for ps7_cortexa9_0
14:08:50 INFO  : Processor reset is completed for ps7_cortexa9_0
14:09:03 INFO  : Processor reset is completed for ps7_cortexa9_0
14:09:42 INFO  : Processor reset is completed for ps7_cortexa9_0
14:09:59 INFO  : Processor reset is completed for ps7_cortexa9_0
14:11:23 INFO  : Processor reset is completed for ps7_cortexa9_0
14:11:47 INFO  : Processor reset is completed for ps7_cortexa9_0
14:12:30 INFO  : Processor reset is completed for ps7_cortexa9_0
14:12:43 INFO  : Processor reset is completed for ps7_cortexa9_0
20:28:47 INFO  : Connected to target on host '127.0.0.1' and port '3121'.
20:28:47 INFO  : 'targets -set -filter {jtag_cable_name =~ "Digilent Zed 210248447864" && level==0} -index 1' command is executed.
20:28:50 INFO  : FPGA configured successfully with bitstream "C:/Users/John/Documents/GitHub/MQP/usb_i2c/usb_i2c.sdk/design_1_wrapper_hw_platform_0/design_1_wrapper.bit"
20:30:16 INFO  : ps7_init is completed.
20:30:16 INFO  : ps7_post_config is completed.
20:30:16 INFO  : Processor reset is completed for ps7_cortexa9_0
20:30:37 INFO  : Processor reset is completed for ps7_cortexa9_0
20:31:19 INFO  : Processor reset is completed for ps7_cortexa9_0
20:31:43 INFO  : Processor reset is completed for ps7_cortexa9_0
20:33:37 INFO  : Processor reset is completed for ps7_cortexa9_0
20:34:42 INFO  : Processor reset is completed for ps7_cortexa9_0
20:43:05 INFO  : Processor reset is completed for ps7_cortexa9_0
20:43:50 INFO  : Processor reset is completed for ps7_cortexa9_0
20:59:09 ERROR : Unexpected error while parsing XMD response ?: com.google.gson.JsonSyntaxException: com.google.gson.stream.MalformedJsonException: invalid number or unquoted string near 
19:02:24 INFO  : Launching XSDB server: xsdb.bat -interactive C:\Users\John\Documents\GitHub\MQP\usb_i2c\usb_i2c.sdk\temp_xsdb_launch_script.tcl
19:02:34 INFO  : XSDB server has started successfully.
19:02:35 INFO  : Processing command line option -hwspec C:/Users/John/Documents/GitHub/MQP/usb_i2c/usb_i2c.sdk/design_1_wrapper.hdf.
19:02:35 INFO  : Checking for hwspec changes in the project design_1_wrapper_hw_platform_0.
19:08:14 INFO  : Connected to target on host '127.0.0.1' and port '3121'.
19:08:32 INFO  : Connected to target on host '127.0.0.1' and port '3121'.
19:13:42 INFO  : Connected to target on host '127.0.0.1' and port '3121'.
19:13:43 INFO  : 'targets -set -filter {jtag_cable_name =~ "Digilent Zed 210248447864" && level==0} -index 1' command is executed.
19:13:46 INFO  : FPGA configured successfully with bitstream "C:/Users/John/Documents/GitHub/MQP/usb_i2c/usb_i2c.sdk/design_1_wrapper_hw_platform_0/design_1_wrapper.bit"
19:16:06 INFO  : ps7_init is completed.
19:16:06 INFO  : ps7_post_config is completed.
19:16:06 INFO  : Processor reset is completed for ps7_cortexa9_0
19:23:55 INFO  : Processor reset is completed for ps7_cortexa9_0
19:31:43 INFO  : Processor reset is completed for ps7_cortexa9_0
19:32:57 INFO  : Processor reset is completed for ps7_cortexa9_0
19:33:48 INFO  : Processor reset is completed for ps7_cortexa9_0
19:36:01 INFO  : Processor reset is completed for ps7_cortexa9_0
19:39:27 INFO  : Processor reset is completed for ps7_cortexa9_0
19:41:52 INFO  : Processor reset is completed for ps7_cortexa9_0
19:42:14 INFO  : Processor reset is completed for ps7_cortexa9_0
19:43:36 INFO  : Processor reset is completed for ps7_cortexa9_0
19:43:57 INFO  : Processor reset is completed for ps7_cortexa9_0
19:44:29 INFO  : Processor reset is completed for ps7_cortexa9_0
19:44:41 INFO  : Processor reset is completed for ps7_cortexa9_0
19:44:59 INFO  : Processor reset is completed for ps7_cortexa9_0
19:45:13 INFO  : Processor reset is completed for ps7_cortexa9_0
19:49:15 INFO  : Processor reset is completed for ps7_cortexa9_0
19:49:48 INFO  : Processor reset is completed for ps7_cortexa9_0
19:51:48 INFO  : Processor reset is completed for ps7_cortexa9_0
19:57:21 INFO  : Processor reset is completed for ps7_cortexa9_0
19:58:27 INFO  : Processor reset is completed for ps7_cortexa9_0
20:02:02 INFO  : Processor reset is completed for ps7_cortexa9_0
20:02:14 INFO  : Processor reset is completed for ps7_cortexa9_0
20:02:26 INFO  : Processor reset is completed for ps7_cortexa9_0
20:03:15 INFO  : Processor reset is completed for ps7_cortexa9_0
20:03:48 INFO  : Processor reset is completed for ps7_cortexa9_0
20:04:42 INFO  : Processor reset is completed for ps7_cortexa9_0
20:05:17 INFO  : Processor reset is completed for ps7_cortexa9_0
20:05:53 INFO  : Processor reset is completed for ps7_cortexa9_0
20:06:55 INFO  : Processor reset is completed for ps7_cortexa9_0
20:07:15 INFO  : Processor reset is completed for ps7_cortexa9_0
20:07:44 INFO  : Processor reset is completed for ps7_cortexa9_0
20:08:09 INFO  : Processor reset is completed for ps7_cortexa9_0
20:09:34 INFO  : Processor reset is completed for ps7_cortexa9_0
11:41:44 ERROR : Unexpected error while parsing XMD response ?: com.google.gson.JsonSyntaxException: com.google.gson.stream.MalformedJsonException: invalid number or unquoted string near 
12:08:27 INFO  : Launching XSDB server: xsdb.bat -interactive C:\Users\John\Documents\GitHub\MQP\usb_i2c\usb_i2c.sdk\temp_xsdb_launch_script.tcl
12:16:48 INFO  : Launching XSDB server: xsdb.bat -interactive C:\Users\John\Documents\GitHub\MQP\usb_i2c\usb_i2c.sdk\temp_xsdb_launch_script.tcl
12:16:52 INFO  : XSDB server has started successfully.
12:16:54 INFO  : Processing command line option -hwspec C:/Users/John/Documents/GitHub/MQP/usb_i2c/usb_i2c.sdk/design_1_wrapper.hdf.
12:16:54 INFO  : Checking for hwspec changes in the project design_1_wrapper_hw_platform_0.
12:17:01 INFO  : SDK has detected change in the last modified timestamps for source hardware specification file Source:1475682931393,  Project:1474998313772
12:17:01 INFO  : The hardware specification for project 'design_1_wrapper_hw_platform_0' is different from C:/Users/John/Documents/GitHub/MQP/usb_i2c/usb_i2c.sdk/design_1_wrapper.hdf.
12:17:01 INFO  : Copied contents of C:/Users/John/Documents/GitHub/MQP/usb_i2c/usb_i2c.sdk/design_1_wrapper.hdf into \design_1_wrapper_hw_platform_0\system.hdf.
12:17:53 INFO  : Synchronizing projects in the workspace with the hardware platform specification changes.
12:18:07 INFO  : 
12:18:08 INFO  : Updating hardware inferred compiler options for uart0_rangefinder.
12:18:08 INFO  : Clearing existing target manager status.
14:14:17 INFO  : Launching XSDB server: xsdb.bat -interactive C:\Users\John\Documents\GitHub\MQP\usb_i2c\usb_i2c.sdk\temp_xsdb_launch_script.tcl
14:14:25 INFO  : XSDB server has started successfully.
14:14:38 INFO  : Processing command line option -hwspec C:/Users/John/Documents/GitHub/MQP/usb_i2c/usb_i2c.sdk/design_1_wrapper.hdf.
14:14:39 INFO  : Checking for hwspec changes in the project design_1_wrapper_hw_platform_0.
11:58:32 INFO  : SDK has detected change in the last modified timestamps for source hardware specification file Source:1476028514094,  Project:1475682931393
11:58:32 INFO  : Project design_1_wrapper_hw_platform_0's source hardware specification located at C:/Users/John/Documents/GitHub/MQP/usb_i2c/usb_i2c.sdk/design_1_wrapper.hdf is now different from the local copy.
		 The local copy will be replaced with the source specification and your workspace will be updated.
11:59:00 INFO  : Copied contents of C:/Users/John/Documents/GitHub/MQP/usb_i2c/usb_i2c.sdk/design_1_wrapper.hdf into \design_1_wrapper_hw_platform_0\system.hdf.
12:02:24 INFO  : Synchronizing projects in the workspace with the hardware platform specification changes.
12:03:24 INFO  : 
12:03:27 INFO  : Updating hardware inferred compiler options for uart0_rangefinder.
12:03:29 INFO  : Clearing existing target manager status.
21:04:24 ERROR : Unexpected error while parsing XMD response ?: com.google.gson.JsonSyntaxException: com.google.gson.stream.MalformedJsonException: invalid number or unquoted string near 
21:05:43 INFO  : Launching XSDB server: xsdb.bat -interactive C:\Users\John\Documents\GitHub\MQP\usb_i2c\usb_i2c.sdk\temp_xsdb_launch_script.tcl
21:05:50 INFO  : XSDB server has started successfully.
21:06:03 INFO  : Processing command line option -hwspec C:/Users/John/Documents/GitHub/MQP/usb_i2c/usb_i2c.sdk/design_1_wrapper.hdf.
21:06:04 INFO  : Checking for hwspec changes in the project design_1_wrapper_hw_platform_0.
16:19:38 INFO  : Launching XSDB server: xsdb.bat -interactive C:\Users\John\Documents\GitHub\MQP\usb_i2c\usb_i2c.sdk\temp_xsdb_launch_script.tcl
16:20:13 INFO  : XSDB server has started successfully.
16:20:46 INFO  : Processing command line option -hwspec C:/Users/John/Documents/GitHub/MQP/usb_i2c/usb_i2c.sdk/design_1_wrapper.hdf.
16:20:46 INFO  : Checking for hwspec changes in the project design_1_wrapper_hw_platform_0.
16:22:48 INFO  : Launching XSDB server: xsdb.bat -interactive C:\Users\John\Documents\GitHub\MQP\usb_i2c\usb_i2c.sdk\temp_xsdb_launch_script.tcl
16:22:52 INFO  : XSDB server has started successfully.
16:22:55 INFO  : Processing command line option -hwspec C:/Users/John/Documents/GitHub/MQP/usb_i2c/usb_i2c.sdk/design_1_wrapper.hdf.
16:22:56 INFO  : Checking for hwspec changes in the project design_1_wrapper_hw_platform_0.
16:37:02 INFO  : Launching XSDB server: xsdb.bat -interactive C:\Users\John\Documents\GitHub\MQP\usb_i2c\usb_i2c.sdk\temp_xsdb_launch_script.tcl
16:37:17 INFO  : XSDB server has started successfully.
16:37:44 INFO  : Processing command line option -hwspec C:/Users/John/Documents/GitHub/MQP/usb_i2c/usb_i2c.sdk/design_1_wrapper.hdf.
16:37:44 INFO  : Checking for hwspec changes in the project design_1_wrapper_hw_platform_0.
11:04:31 INFO  : Launching XSDB server: xsdb.bat -interactive C:\Users\John\Documents\GitHub\MQP\usb_i2c\usb_i2c.sdk\temp_xsdb_launch_script.tcl
11:04:54 INFO  : XSDB server has started successfully.
11:05:19 INFO  : Processing command line option -hwspec C:/Users/John/Documents/GitHub/MQP/usb_i2c/usb_i2c.sdk/design_1_wrapper.hdf.
11:05:20 INFO  : Checking for hwspec changes in the project design_1_wrapper_hw_platform_0.
