22:32:40 INFO  : Launching XSDB server: xsdb.bat -interactive C:\Users\John\Documents\GitHub\MQP\rangefinder_blocks\rangefinder_blocks.sdk\temp_xsdb_launch_script.tcl
22:32:50 INFO  : XSDB server has started successfully.
22:32:50 INFO  : Processing command line option -hwspec C:/Users/John/Documents/GitHub/MQP/rangefinder_blocks/rangefinder_blocks.sdk/design_1_wrapper.hdf.
22:36:10 INFO  : Connected to target on host '127.0.0.1' and port '3121'.
22:36:25 INFO  : Connected to target on host '127.0.0.1' and port '3121'.
22:36:36 INFO  : Connected to target on host '127.0.0.1' and port '3121'.
22:36:37 INFO  : 'targets -set -filter {jtag_cable_name =~ "Digilent Zed 210248447864" && level==0} -index 1' command is executed.
22:36:40 INFO  : FPGA configured successfully with bitstream "C:/Users/John/Documents/GitHub/MQP/rangefinder_blocks/rangefinder_blocks.sdk/design_1_wrapper_hw_platform_0/design_1_wrapper.bit"
22:36:58 INFO  : ps7_init is completed.
22:36:58 INFO  : ps7_post_config is completed.
22:36:59 INFO  : Processor reset is completed for ps7_cortexa9_0
22:38:15 INFO  : ps7_cortexa9_0 Processor is in use. Please stop existing Run or Debug sessions before launching.
22:38:17 INFO  : Processor reset is completed for ps7_cortexa9_0
22:40:11 INFO  : Connected to target on host '127.0.0.1' and port '3121'.
22:40:11 INFO  : 'targets -set -filter {jtag_cable_name =~ "Digilent Zed 210248447864" && level==0} -index 1' command is executed.
22:40:14 INFO  : FPGA configured successfully with bitstream "C:/Users/John/Documents/GitHub/MQP/rangefinder_blocks/rangefinder_blocks.sdk/design_1_wrapper_hw_platform_0/design_1_wrapper.bit"
22:40:26 INFO  : ps7_init is completed.
22:40:26 INFO  : ps7_post_config is completed.
22:40:26 INFO  : Processor reset is completed for ps7_cortexa9_0
22:41:16 INFO  : ps7_cortexa9_0 Processor is in use. Please stop existing Run or Debug sessions before launching.
22:41:18 INFO  : Processor reset is completed for ps7_cortexa9_0
22:43:12 INFO  : Connected to target on host '127.0.0.1' and port '3121'.
22:43:12 INFO  : 'targets -set -filter {jtag_cable_name =~ "Digilent Zed 210248447864" && level==0} -index 1' command is executed.
22:43:15 INFO  : FPGA configured successfully with bitstream "C:/Users/John/Documents/GitHub/MQP/rangefinder_blocks/rangefinder_blocks.sdk/design_1_wrapper_hw_platform_0/design_1_wrapper.bit"
22:43:26 INFO  : ps7_init is completed.
22:43:26 INFO  : ps7_post_config is completed.
22:43:26 INFO  : Processor reset is completed for ps7_cortexa9_0
22:45:19 INFO  : Connected to target on host '127.0.0.1' and port '3121'.
22:45:19 INFO  : 'targets -set -filter {jtag_cable_name =~ "Digilent Zed 210248447864" && level==0} -index 1' command is executed.
22:45:22 INFO  : FPGA configured successfully with bitstream "C:/Users/John/Documents/GitHub/MQP/rangefinder_blocks/rangefinder_blocks.sdk/design_1_wrapper_hw_platform_0/design_1_wrapper.bit"
22:45:39 INFO  : ps7_init is completed.
22:45:39 INFO  : ps7_post_config is completed.
22:45:39 INFO  : Processor reset is completed for ps7_cortexa9_0
22:48:19 INFO  : Connected to target on host '127.0.0.1' and port '3121'.
22:48:19 INFO  : 'targets -set -filter {jtag_cable_name =~ "Digilent Zed 210248447864" && level==0} -index 1' command is executed.
22:48:22 INFO  : FPGA configured successfully with bitstream "C:/Users/John/Documents/GitHub/MQP/rangefinder_blocks/rangefinder_blocks.sdk/design_1_wrapper_hw_platform_0/design_1_wrapper.bit"
22:48:37 INFO  : ps7_init is completed.
22:48:37 INFO  : ps7_post_config is completed.
22:48:37 INFO  : Processor reset is completed for ps7_cortexa9_0
22:49:24 INFO  : Connected to target on host '127.0.0.1' and port '3121'.
22:49:24 INFO  : 'targets -set -filter {jtag_cable_name =~ "Digilent Zed 210248447864" && level==0} -index 1' command is executed.
22:49:27 INFO  : FPGA configured successfully with bitstream "C:/Users/John/Documents/GitHub/MQP/rangefinder_blocks/rangefinder_blocks.sdk/design_1_wrapper_hw_platform_0/design_1_wrapper.bit"
22:49:39 INFO  : ps7_init is completed.
22:49:39 INFO  : ps7_post_config is completed.
22:49:39 INFO  : Processor reset is completed for ps7_cortexa9_0
22:51:02 INFO  : Connected to target on host '127.0.0.1' and port '3121'.
22:51:02 INFO  : 'targets -set -filter {jtag_cable_name =~ "Digilent Zed 210248447864" && level==0} -index 1' command is executed.
22:51:05 INFO  : FPGA configured successfully with bitstream "C:/Users/John/Documents/GitHub/MQP/rangefinder_blocks/rangefinder_blocks.sdk/design_1_wrapper_hw_platform_0/design_1_wrapper.bit"
22:51:13 INFO  : ps7_init is completed.
22:51:13 INFO  : ps7_post_config is completed.
22:51:13 INFO  : Processor reset is completed for ps7_cortexa9_0
22:52:43 INFO  : Connected to target on host '127.0.0.1' and port '3121'.
22:52:43 INFO  : 'targets -set -filter {jtag_cable_name =~ "Digilent Zed 210248447864" && level==0} -index 1' command is executed.
22:52:46 INFO  : FPGA configured successfully with bitstream "C:/Users/John/Documents/GitHub/MQP/rangefinder_blocks/rangefinder_blocks.sdk/design_1_wrapper_hw_platform_0/design_1_wrapper.bit"
22:53:10 INFO  : ps7_init is completed.
22:53:10 INFO  : ps7_post_config is completed.
22:53:11 INFO  : Processor reset is completed for ps7_cortexa9_0
22:53:44 INFO  : Connected to target on host '127.0.0.1' and port '3121'.
22:53:44 INFO  : 'targets -set -filter {jtag_cable_name =~ "Digilent Zed 210248447864" && level==0} -index 1' command is executed.
22:53:47 INFO  : FPGA configured successfully with bitstream "C:/Users/John/Documents/GitHub/MQP/rangefinder_blocks/rangefinder_blocks.sdk/design_1_wrapper_hw_platform_0/design_1_wrapper.bit"
22:53:57 INFO  : ps7_init is completed.
22:53:57 INFO  : ps7_post_config is completed.
22:53:58 INFO  : Processor reset is completed for ps7_cortexa9_0
16:08:00 INFO  : Connected to target on host '127.0.0.1' and port '3121'.
16:08:01 INFO  : 'targets -set -filter {jtag_cable_name =~ "Digilent Zed 210248447864" && level==0} -index 1' command is executed.
16:08:04 INFO  : FPGA configured successfully with bitstream "C:/Users/John/Documents/GitHub/MQP/rangefinder_blocks/rangefinder_blocks.sdk/design_1_wrapper_hw_platform_0/design_1_wrapper.bit"
16:08:29 INFO  : ps7_init is completed.
16:08:29 INFO  : ps7_post_config is completed.
16:08:29 INFO  : Processor reset is completed for ps7_cortexa9_0
16:11:25 INFO  : ps7_cortexa9_0 Processor is in use. Please stop existing Run or Debug sessions before launching.
16:11:29 INFO  : Processor reset is completed for ps7_cortexa9_0
16:12:44 INFO  : ps7_cortexa9_0 Processor is in use. Please stop existing Run or Debug sessions before launching.
16:12:46 INFO  : Processor reset is completed for ps7_cortexa9_0
16:14:10 INFO  : ps7_cortexa9_0 Processor is in use. Please stop existing Run or Debug sessions before launching.
16:14:12 INFO  : Processor reset is completed for ps7_cortexa9_0
16:34:45 INFO  : Connected to target on host '127.0.0.1' and port '3121'.
16:34:46 INFO  : 'targets -set -filter {jtag_cable_name =~ "Digilent Zed 210248447864" && level==0} -index 1' command is executed.
16:34:49 INFO  : FPGA configured successfully with bitstream "C:/Users/John/Documents/GitHub/MQP/rangefinder_blocks/rangefinder_blocks.sdk/design_1_wrapper_hw_platform_0/design_1_wrapper.bit"
16:37:08 INFO  : ps7_init is completed.
16:37:08 INFO  : ps7_post_config is completed.
16:37:08 INFO  : Processor reset is completed for ps7_cortexa9_0
16:37:52 INFO  : Connected to target on host '127.0.0.1' and port '3121'.
16:37:52 INFO  : 'targets -set -filter {jtag_cable_name =~ "Digilent Zed 210248447864" && level==0} -index 1' command is executed.
16:37:55 INFO  : FPGA configured successfully with bitstream "C:/Users/John/Documents/GitHub/MQP/rangefinder_blocks/rangefinder_blocks.sdk/design_1_wrapper_hw_platform_0/design_1_wrapper.bit"
16:38:05 INFO  : ps7_init is completed.
16:38:05 INFO  : ps7_post_config is completed.
16:38:05 INFO  : Processor reset is completed for ps7_cortexa9_0
16:40:37 INFO  : ps7_cortexa9_0 Processor is in use. Please stop existing Run or Debug sessions before launching.
16:40:39 INFO  : Processor reset is completed for ps7_cortexa9_0
16:41:04 INFO  : ps7_cortexa9_0 Processor is in use. Please stop existing Run or Debug sessions before launching.
16:41:07 INFO  : Processor reset is completed for ps7_cortexa9_0
16:45:20 INFO  : ps7_init is completed.
16:45:20 INFO  : ps7_post_config is completed.
16:45:21 INFO  : Processor reset is completed for ps7_cortexa9_0
16:45:47 INFO  : Connected to target on host '127.0.0.1' and port '3121'.
16:45:47 INFO  : 'targets -set -filter {jtag_cable_name =~ "Digilent Zed 210248447864" && level==0} -index 1' command is executed.
16:45:50 INFO  : FPGA configured successfully with bitstream "C:/Users/John/Documents/GitHub/MQP/rangefinder_blocks/rangefinder_blocks.sdk/design_1_wrapper_hw_platform_0/design_1_wrapper.bit"
16:46:11 INFO  : ps7_init is completed.
16:46:11 INFO  : ps7_post_config is completed.
16:46:11 INFO  : Processor reset is completed for ps7_cortexa9_0
16:49:11 INFO  : ps7_cortexa9_0 Processor is in use. Please stop existing Run or Debug sessions before launching.
16:49:12 INFO  : Processor reset is completed for ps7_cortexa9_0
16:54:06 INFO  : ps7_cortexa9_0 Processor is in use. Please stop existing Run or Debug sessions before launching.
16:54:08 INFO  : Processor reset is completed for ps7_cortexa9_0
16:54:26 INFO  : Connected to target on host '127.0.0.1' and port '3121'.
16:54:26 INFO  : 'targets -set -filter {jtag_cable_name =~ "Digilent Zed 210248447864" && level==0} -index 1' command is executed.
16:54:29 INFO  : FPGA configured successfully with bitstream "C:/Users/John/Documents/GitHub/MQP/rangefinder_blocks/rangefinder_blocks.sdk/design_1_wrapper_hw_platform_0/design_1_wrapper.bit"
16:55:12 INFO  : ps7_init is completed.
16:55:12 INFO  : ps7_post_config is completed.
16:55:12 INFO  : Processor reset is completed for ps7_cortexa9_0
18:15:18 ERROR : Unexpected error while parsing XMD response ?: com.google.gson.JsonSyntaxException: com.google.gson.stream.MalformedJsonException: invalid number or unquoted string near 
17:46:13 INFO  : Launching XSDB server: xsdb.bat -interactive C:\Users\John\Documents\GitHub\MQP\rangefinder_blocks\rangefinder_blocks.sdk\temp_xsdb_launch_script.tcl
17:46:24 INFO  : XSDB server has started successfully.
17:46:25 INFO  : Processing command line option -hwspec C:/Users/John/Documents/GitHub/MQP/rangefinder_blocks/rangefinder_blocks.sdk/design_1_wrapper.hdf.
17:46:25 INFO  : Checking for hwspec changes in the project design_1_wrapper_hw_platform_0.
17:46:57 INFO  : Connected to target on host '127.0.0.1' and port '3121'.
17:46:59 INFO  : 'targets -set -filter {jtag_cable_name =~ "Digilent Zed 210248447864" && level==0} -index 1' command is executed.
17:47:02 INFO  : FPGA configured successfully with bitstream "C:/Users/John/Documents/GitHub/MQP/rangefinder_blocks/rangefinder_blocks.sdk/design_1_wrapper_hw_platform_0/design_1_wrapper.bit"
17:47:40 INFO  : Connected to target on host '127.0.0.1' and port '3121'.
17:47:40 INFO  : 'targets -set -filter {jtag_cable_name =~ "Digilent Zed 210248447864" && level==0} -index 1' command is executed.
17:47:43 INFO  : FPGA configured successfully with bitstream "C:/Users/John/Documents/GitHub/MQP/rangefinder_blocks/rangefinder_blocks.sdk/design_1_wrapper_hw_platform_0/design_1_wrapper.bit"
17:49:50 INFO  : Launching XSDB server: xsdb.bat -interactive C:\Users\John\Documents\GitHub\MQP\rangefinder_blocks\rangefinder_blocks.sdk\temp_xsdb_launch_script.tcl
17:49:58 INFO  : XSDB server has started successfully.
17:50:12 INFO  : Processing command line option -hwspec C:/Users/John/Documents/GitHub/MQP/rangefinder_blocks/rangefinder_blocks.sdk/design_1_wrapper.hdf.
17:50:25 INFO  : Checking for hwspec changes in the project design_1_wrapper_hw_platform_0.
17:50:34 INFO  : Connected to target on host '127.0.0.1' and port '3121'.
17:50:38 INFO  : 'targets -set -filter {jtag_cable_name =~ "Digilent Zed 210248447864" && level==0} -index 1' command is executed.
17:50:41 INFO  : FPGA configured successfully with bitstream "C:/Users/John/Documents/GitHub/MQP/rangefinder_blocks/rangefinder_blocks.sdk/design_1_wrapper_hw_platform_0/design_1_wrapper.bit"
17:51:54 INFO  : Launching XSDB server: xsdb.bat -interactive C:\Users\John\Documents\GitHub\MQP\rangefinder_blocks\rangefinder_blocks.sdk\temp_xsdb_launch_script.tcl
17:52:00 INFO  : XSDB server has started successfully.
17:52:08 INFO  : Processing command line option -hwspec C:/Users/John/Documents/GitHub/MQP/rangefinder_blocks/rangefinder_blocks.sdk/design_1_wrapper.hdf.
17:52:08 INFO  : Checking for hwspec changes in the project design_1_wrapper_hw_platform_0.
17:52:21 INFO  : Connected to target on host '127.0.0.1' and port '3121'.
17:52:22 INFO  : 'targets -set -filter {jtag_cable_name =~ "Digilent Zed 210248447864" && level==0} -index 1' command is executed.
17:52:25 INFO  : FPGA configured successfully with bitstream "C:/Users/John/Documents/GitHub/MQP/rangefinder_blocks/rangefinder_blocks.sdk/design_1_wrapper_hw_platform_0/design_1_wrapper.bit"
17:54:22 INFO  : ps7_init is completed.
17:54:23 INFO  : ps7_post_config is completed.
17:54:23 INFO  : Processor reset is completed for ps7_cortexa9_0
17:54:48 INFO  : Connected to target on host '127.0.0.1' and port '3121'.
17:54:48 INFO  : 'targets -set -filter {jtag_cable_name =~ "Digilent Zed 210248447864" && level==0} -index 1' command is executed.
17:54:51 INFO  : FPGA configured successfully with bitstream "C:/Users/John/Documents/GitHub/MQP/rangefinder_blocks/rangefinder_blocks.sdk/design_1_wrapper_hw_platform_0/design_1_wrapper.bit"
17:55:01 INFO  : ps7_init is completed.
17:55:01 INFO  : ps7_post_config is completed.
17:55:02 INFO  : Processor reset is completed for ps7_cortexa9_0
17:56:13 ERROR : Unexpected error while parsing XMD response ?: com.google.gson.JsonSyntaxException: com.google.gson.stream.MalformedJsonException: invalid number or unquoted string near 
