13:23:55 **** Auto Build of configuration Debug for project uart0_rangefinder ****
make pre-build main-build 
a9-linaro-pre-build-step
' '
'Building file: ../src/helloworld.c'
'Invoking: ARM v7 gcc compiler'
arm-none-eabi-gcc -Wall -O0 -g3 -c -fmessage-length=0 -MT"src/helloworld.o" -mcpu=cortex-a9 -mfpu=vfpv3 -mfloat-abi=hard -I../../uart0_rangefinder_bsp/ps7_cortexa9_0/include -MMD -MP -MF"src/helloworld.d" -MT"src/helloworld.o" -o "src/helloworld.o" "../src/helloworld.c"
../src/helloworld.c: In function 'main':
../src/helloworld.c:129:6: warning: unused variable 'transmit' [-Wunused-variable]
  u32 transmit;
      ^
../src/helloworld.c:116:6: warning: unused variable 'data' [-Wunused-variable]
  u32 data;
      ^
../src/helloworld.c:108:10: warning: variable 'linefeed' set but not used [-Wunused-but-set-variable]
     char linefeed[3];
          ^
../src/helloworld.c:105:10: warning: variable 'status' set but not used [-Wunused-but-set-variable]
     char status[5];
          ^
'Finished building: ../src/helloworld.c'
' '
'Building target: uart0_rangefinder.elf'
'Invoking: ARM v7 gcc linker'
arm-none-eabi-gcc -mcpu=cortex-a9 -mfpu=vfpv3 -mfloat-abi=hard -Wl,-build-id=none -specs=Xilinx.spec -Wl,-T -Wl,../src/lscript.ld -L../../uart0_rangefinder_bsp/ps7_cortexa9_0/lib -o "uart0_rangefinder.elf"  ./src/helloworld.o ./src/platform.o   -Wl,--start-group,-lxil,-lgcc,-lc,--end-group
'Finished building target: uart0_rangefinder.elf'
' '
'Invoking: ARM v7 Print Size'
arm-none-eabi-size uart0_rangefinder.elf  |tee "uart0_rangefinder.elf.size"
   text	   data	    bss	    dec	    hex	filename
  25732	   1168	  22580	  49480	   c148	uart0_rangefinder.elf
'Finished building: uart0_rangefinder.elf.size'
' '

13:23:56 Build Finished (took 1s.757ms)

