#-----------------------------------------------------------
# Vivado v2016.2 (64-bit)
# SW Build 1577090 on Thu Jun  2 16:32:40 MDT 2016
# IP Build 1577682 on Fri Jun  3 12:00:54 MDT 2016
# Start of session at: Tue Sep 06 11:03:55 2016
# Process ID: 5564
# Current directory: c:/Users/John/Documents/GitHub/MQP/mapping/axi_uartlite_0_example
# Command line: vivado.exe -source c:/Users/John/Documents/GitHub/MQP/mapping/mapping.srcs/sources_1/ip/axi_uartlite_0/axi_uartlite_0_ex.tcl
# Log file: c:/Users/John/Documents/GitHub/MQP/mapping/axi_uartlite_0_example/vivado.log
# Journal file: c:/Users/John/Documents/GitHub/MQP/mapping/axi_uartlite_0_example\vivado.jou
#-----------------------------------------------------------
start_gui
source c:/Users/John/Documents/GitHub/MQP/mapping/mapping.srcs/sources_1/ip/axi_uartlite_0/axi_uartlite_0_ex.tcl
# set srcIpDir "c:/Users/John/Documents/GitHub/MQP/mapping/mapping.srcs/sources_1/ip/axi_uartlite_0"
# create_project -name axi_uartlite_0_example -force
INFO: [IP_Flow 19-234] Refreshing IP repositories
INFO: [IP_Flow 19-1704] No user IP repositories specified
INFO: [IP_Flow 19-2313] Loaded Vivado IP repository 'C:/Xilinx/Vivado/2016.2/data/ip'.
create_project: Time (s): cpu = 00:00:16 ; elapsed = 00:00:10 . Memory (MB): peak = 668.609 ; gain = 119.938
# set_property part xc7z020clg484-1 [current_project]
# set_property target_language verilog [current_project]
# set_property simulator_language MIXED [current_project]
# set_property coreContainer.enable false [current_project]
# set_property board_part em.avnet.com:zed:part0:1.3 [current_project]
# set returnCode 0
# import_ip -files [list [file join $srcIpDir axi_uartlite_0.xci]] -name axi_uartlite_0
# reset_target {open_example} [get_ips axi_uartlite_0]
# proc _filter_supported_targets {targets ip} {
#   set res {}
#   set all [get_property SUPPORTED_TARGETS $ip]
#   foreach target $targets {
#     lappend res {*}[lsearch -all -inline -nocase $all $target]
#   }
#   return $res
# }
# generate_target -quiet [_filter_supported_targets {instantiation_template synthesis simulation implementation shared_logic} [get_ips axi_uartlite_0]] [get_ips axi_uartlite_0]
# add_files -scan_for_includes -quiet -fileset [current_fileset] \
#   [list [file join $srcIpDir axi_uartlite_0/example_design/clock_gen.vhd]] \
#   [list [file join $srcIpDir axi_uartlite_0/example_design/axi_uartlite_0_exdes.vhd]]
# add_files -quiet -fileset [current_fileset] \
#   [list [file join $srcIpDir atg_addr.coe]] \
#   [list [file join $srcIpDir atg_data.coe]] \
#   [list [file join $srcIpDir atg_ctrl.coe]] \
#   [list [file join $srcIpDir atg_mask.coe]]
# add_files -quiet -fileset [current_fileset -constrset] \
#   [list [file join $srcIpDir axi_uartlite_0/example_design/axi_uartlite_0_exdes.xdc]]
# if { [catch {current_fileset -simset} exc] } { create_fileset -simset sim_1 }
# add_files -quiet -scan_for_includes -fileset [current_fileset -simset] \
#   [list [file join $srcIpDir axi_uartlite_0/example_design/axi_uartlite_0_exdes_tb.vhd]]
# set_property USED_IN_SYNTHESIS false [get_files [list [file join $srcIpDir axi_uartlite_0/example_design/axi_uartlite_0_exdes_tb.vhd]]]
# import_files
INFO: [filemgmt 20-348] Importing the appropriate files for fileset: 'constrs_1'
INFO: [filemgmt 20-348] Importing the appropriate files for fileset: 'sim_1'
INFO: [filemgmt 20-348] Importing the appropriate files for fileset: 'sources_1'
# set_property TOP [lindex [find_top] 0] [current_fileset]
# if {[catch {source [file join $srcIpDir top_set.tcl]} errMsg]} {
#   puts "Error encountered while sourcing custom IP example design script."
#   puts "$errorInfo"
#   incr returnCode
# }
DADDR_08: 1145	-CLKOUT0 Register 1
DADDR_09: 0000	-CLKOUT0 Register 2
DADDR_08: 1145	-CLKOUT0 Register 1
DADDR_09: 0000	-CLKOUT0 Register 2

	WARNING: Min duty cycle violation 0.500 < 1.0
	         Changing dutycycle to 1.0


	WARNING: Max duty cycle is 1.0 > 0.0
	         Changing dutycycle to 0.0

DADDR_0A: 1041	-CLKOUT1 Register 1
DADDR_0B: 00c0	-CLKOUT1 Register 2

	WARNING: Min duty cycle violation 0.500 < 1.0
	         Changing dutycycle to 1.0


	WARNING: Max duty cycle is 1.0 > 0.0
	         Changing dutycycle to 0.0

DADDR_0A: 1041	-CLKOUT1 Register 1
DADDR_0B: 00c0	-CLKOUT1 Register 2

	WARNING: Min duty cycle violation 0.500 < 1.0
	         Changing dutycycle to 1.0


	WARNING: Max duty cycle is 1.0 > 0.0
	         Changing dutycycle to 0.0

DADDR_0C: 1041	-CLKOUT2 Register 1
DADDR_0D: 00c0	-CLKOUT2 Register 2

	WARNING: Min duty cycle violation 0.500 < 1.0
	         Changing dutycycle to 1.0


	WARNING: Max duty cycle is 1.0 > 0.0
	         Changing dutycycle to 0.0

DADDR_0C: 1041	-CLKOUT2 Register 1
DADDR_0D: 00c0	-CLKOUT2 Register 2

	WARNING: Min duty cycle violation 0.500 < 1.0
	         Changing dutycycle to 1.0


	WARNING: Max duty cycle is 1.0 > 0.0
	         Changing dutycycle to 0.0

DADDR_0E: 1041	-CLKOUT3 Register 1
DADDR_0F: 00c0	-CLKOUT3 Register 2

	WARNING: Min duty cycle violation 0.500 < 1.0
	         Changing dutycycle to 1.0


	WARNING: Max duty cycle is 1.0 > 0.0
	         Changing dutycycle to 0.0

DADDR_0E: 1041	-CLKOUT3 Register 1
DADDR_0F: 00c0	-CLKOUT3 Register 2

	WARNING: Min duty cycle violation 0.500 < 1.0
	         Changing dutycycle to 1.0


	WARNING: Max duty cycle is 1.0 > 0.0
	         Changing dutycycle to 0.0

DADDR_10: 1041	-CLKOUT4 Register 1
DADDR_11: 00c0	-CLKOUT4 Register 2

	WARNING: Min duty cycle violation 0.500 < 1.0
	         Changing dutycycle to 1.0


	WARNING: Max duty cycle is 1.0 > 0.0
	         Changing dutycycle to 0.0

DADDR_10: 1041	-CLKOUT4 Register 1
DADDR_11: 00c0	-CLKOUT4 Register 2

	WARNING: Min duty cycle violation 0.500 < 1.0
	         Changing dutycycle to 1.0


	WARNING: Max duty cycle is 1.0 > 0.0
	         Changing dutycycle to 0.0

DADDR_06: 1041	-CLKOUT5 Register 1
DADDR_07: 00c0	-CLKOUT5 Register 2

	WARNING: Min duty cycle violation 0.500 < 1.0
	         Changing dutycycle to 1.0


	WARNING: Max duty cycle is 1.0 > 0.0
	         Changing dutycycle to 0.0

DADDR_06: 1041	-CLKOUT5 Register 1
DADDR_07: 00c0	-CLKOUT5 Register 2
DADDR_08: 1145	-CLKOUT0 Register 1
DADDR_09: 0000	-CLKOUT0 Register 2

	WARNING: Min duty cycle violation 0.500 < 1.0
	         Changing dutycycle to 1.0


	WARNING: Max duty cycle is 1.0 > 0.0
	         Changing dutycycle to 0.0

DADDR_12: 1041	-CLKOUT6 Register 1
DADDR_13: 00c0	-CLKOUT6 Register 2

	WARNING: Min duty cycle violation 0.500 < 1.0
	         Changing dutycycle to 1.0


	WARNING: Max duty cycle is 1.0 > 0.0
	         Changing dutycycle to 0.0

DADDR_12: 1041	-CLKOUT6 Register 1
DADDR_13: 00c0	-CLKOUT6 Register 2
create_ip: Time (s): cpu = 00:00:10 ; elapsed = 00:00:18 . Memory (MB): peak = 772.242 ; gain = 84.785
## list CONFIG.PRIM_IN_FREQ {200.000} CONFIG.PRIM_SOURCE {Differential_clock_capable_pin} CONFIG.CLKOUT1_REQUESTED_OUT_FREQ {100.000}
## get_ips clk_wiz_0
DADDR_08: 1145	-CLKOUT0 Register 1
DADDR_09: 0000	-CLKOUT0 Register 2
DADDR_08: 1145	-CLKOUT0 Register 1
DADDR_09: 0000	-CLKOUT0 Register 2

	WARNING: Min duty cycle violation 0.500 < 1.0
	         Changing dutycycle to 1.0


	WARNING: Max duty cycle is 1.0 > 0.0
	         Changing dutycycle to 0.0

DADDR_0A: 1041	-CLKOUT1 Register 1
DADDR_0B: 00c0	-CLKOUT1 Register 2

	WARNING: Min duty cycle violation 0.500 < 1.0
	         Changing dutycycle to 1.0


	WARNING: Max duty cycle is 1.0 > 0.0
	         Changing dutycycle to 0.0

DADDR_0A: 1041	-CLKOUT1 Register 1
DADDR_0B: 00c0	-CLKOUT1 Register 2

	WARNING: Min duty cycle violation 0.500 < 1.0
	         Changing dutycycle to 1.0


	WARNING: Max duty cycle is 1.0 > 0.0
	         Changing dutycycle to 0.0

DADDR_0C: 1041	-CLKOUT2 Register 1
DADDR_0D: 00c0	-CLKOUT2 Register 2

	WARNING: Min duty cycle violation 0.500 < 1.0
	         Changing dutycycle to 1.0


	WARNING: Max duty cycle is 1.0 > 0.0
	         Changing dutycycle to 0.0

DADDR_0C: 1041	-CLKOUT2 Register 1
DADDR_0D: 00c0	-CLKOUT2 Register 2

	WARNING: Min duty cycle violation 0.500 < 1.0
	         Changing dutycycle to 1.0


	WARNING: Max duty cycle is 1.0 > 0.0
	         Changing dutycycle to 0.0

DADDR_0E: 1041	-CLKOUT3 Register 1
DADDR_0F: 00c0	-CLKOUT3 Register 2

	WARNING: Min duty cycle violation 0.500 < 1.0
	         Changing dutycycle to 1.0


	WARNING: Max duty cycle is 1.0 > 0.0
	         Changing dutycycle to 0.0

DADDR_0E: 1041	-CLKOUT3 Register 1
DADDR_0F: 00c0	-CLKOUT3 Register 2

	WARNING: Min duty cycle violation 0.500 < 1.0
	         Changing dutycycle to 1.0


	WARNING: Max duty cycle is 1.0 > 0.0
	         Changing dutycycle to 0.0

DADDR_10: 1041	-CLKOUT4 Register 1
DADDR_11: 00c0	-CLKOUT4 Register 2

	WARNING: Min duty cycle violation 0.500 < 1.0
	         Changing dutycycle to 1.0


	WARNING: Max duty cycle is 1.0 > 0.0
	         Changing dutycycle to 0.0

DADDR_10: 1041	-CLKOUT4 Register 1
DADDR_11: 00c0	-CLKOUT4 Register 2

	WARNING: Min duty cycle violation 0.500 < 1.0
	         Changing dutycycle to 1.0


	WARNING: Max duty cycle is 1.0 > 0.0
	         Changing dutycycle to 0.0

DADDR_06: 1041	-CLKOUT5 Register 1
DADDR_07: 00c0	-CLKOUT5 Register 2

	WARNING: Min duty cycle violation 0.500 < 1.0
	         Changing dutycycle to 1.0


	WARNING: Max duty cycle is 1.0 > 0.0
	         Changing dutycycle to 0.0

DADDR_06: 1041	-CLKOUT5 Register 1
DADDR_07: 00c0	-CLKOUT5 Register 2
DADDR_08: 1145	-CLKOUT0 Register 1
DADDR_09: 0000	-CLKOUT0 Register 2

	WARNING: Min duty cycle violation 0.500 < 1.0
	         Changing dutycycle to 1.0


	WARNING: Max duty cycle is 1.0 > 0.0
	         Changing dutycycle to 0.0

DADDR_12: 1041	-CLKOUT6 Register 1
DADDR_13: 00c0	-CLKOUT6 Register 2

	WARNING: Min duty cycle violation 0.500 < 1.0
	         Changing dutycycle to 1.0


	WARNING: Max duty cycle is 1.0 > 0.0
	         Changing dutycycle to 0.0

DADDR_12: 1041	-CLKOUT6 Register 1
DADDR_13: 00c0	-CLKOUT6 Register 2
## get_ips clk_wiz_0
INFO: [IP_Flow 19-1686] Generating 'Instantiation Template' target for IP 'clk_wiz_0'...
INFO: [IP_Flow 19-1686] Generating 'Synthesis' target for IP 'clk_wiz_0'...
INFO: [IP_Flow 19-1686] Generating 'Simulation' target for IP 'clk_wiz_0'...
INFO: [IP_Flow 19-1686] Generating 'Implementation' target for IP 'clk_wiz_0'...
INFO: [IP_Flow 19-1686] Generating 'Change Log' target for IP 'clk_wiz_0'...
## lindex [get_property name [get_files *atg_addr.coe]] 0 
## lindex [get_property name [get_files *atg_mask.coe]] 0 
## lindex [get_property name [get_files *atg_ctrl.coe]] 0 
## lindex [get_property name [get_files *atg_data.coe]] 0 
## list CONFIG.C_ATG_MODE {AXI4-Lite} CONFIG.C_ATG_SYSTEM_INIT_ADDR_MIF $coe1 CONFIG.C_ATG_SYSTEM_INIT_MASK_MIF $coe2 CONFIG.C_ATG_SYSTEM_INIT_CTRL_MIF $coe3 CONFIG.C_ATG_SYSTEM_INIT_DATA_MIF $coe4 CONFIG.C_ATG_SYSINIT_MODES {System_Test} CONFIG.C_ATG_SYSTEM_TEST_MAX_CLKS {2147483647} CONFIG.C_ATG_MIF_DATA_DEPTH {16}
## get_ips axi_traffic_gen_0
INFO: [IP_Flow 19-3484] Absolute path of file 'c:/Users/John/Documents/GitHub/MQP/mapping/axi_uartlite_0_example/axi_uartlite_0_example.srcs/sources_1/imports/axi_uartlite_0/atg_ctrl.coe' provided. It will be converted relative to IP Instance files '../../imports/axi_uartlite_0/atg_ctrl.coe'
INFO: [IP_Flow 19-3484] Absolute path of file 'c:/Users/John/Documents/GitHub/MQP/mapping/axi_uartlite_0_example/axi_uartlite_0_example.srcs/sources_1/imports/axi_uartlite_0/atg_mask.coe' provided. It will be converted relative to IP Instance files '../../imports/axi_uartlite_0/atg_mask.coe'
INFO: [IP_Flow 19-3484] Absolute path of file 'c:/Users/John/Documents/GitHub/MQP/mapping/axi_uartlite_0_example/axi_uartlite_0_example.srcs/sources_1/imports/axi_uartlite_0/atg_addr.coe' provided. It will be converted relative to IP Instance files '../../imports/axi_uartlite_0/atg_addr.coe'
INFO: [IP_Flow 19-3484] Absolute path of file 'c:/Users/John/Documents/GitHub/MQP/mapping/axi_uartlite_0_example/axi_uartlite_0_example.srcs/sources_1/imports/axi_uartlite_0/atg_data.coe' provided. It will be converted relative to IP Instance files '../../imports/axi_uartlite_0/atg_data.coe'
## get_ips axi_traffic_gen_0
INFO: [IP_Flow 19-1686] Generating 'Instantiation Template' target for IP 'axi_traffic_gen_0'...
INFO: [IP_Flow 19-1686] Generating 'Synthesis' target for IP 'axi_traffic_gen_0'...
INFO: [IP_Flow 19-1686] Generating 'Simulation' target for IP 'axi_traffic_gen_0'...
INFO: [IP_Flow 19-1686] Generating 'Change Log' target for IP 'axi_traffic_gen_0'...
## current_fileset
## get_filesets sim_1
## get_filesets sim_1
## get_filesets sim_1
## get_filesets sim_1
# update_compile_order -fileset [current_fileset]
# update_compile_order -fileset [current_fileset -simset]
# set tops [list]
# foreach tfile [ get_files -filter {name=~"*.xci" || name=~"*.bd"}] { if { [lsearch [list_property $tfile] PARENT_COMPOSITE_FILE ] == -1} {lappend tops $tfile} }
# generate_target all $tops
# export_ip_user_files -force
INFO: [exportsim-Tcl-35] Exporting simulation files for "XSIM" (Xilinx Vivado Simulator)...
INFO: [exportsim-Tcl-29] Script generated: 'C:/Users/John/Documents/GitHub/MQP/mapping/axi_uartlite_0_example/axi_uartlite_0_example.ip_user_files/sim_scripts/clk_wiz_0/xsim/clk_wiz_0.sh'
INFO: [exportsim-Tcl-35] Exporting simulation files for "MODELSIM" (Mentor Graphics ModelSim Simulator)...
INFO: [exportsim-Tcl-29] Script generated: 'C:/Users/John/Documents/GitHub/MQP/mapping/axi_uartlite_0_example/axi_uartlite_0_example.ip_user_files/sim_scripts/clk_wiz_0/modelsim/clk_wiz_0.sh'
INFO: [exportsim-Tcl-35] Exporting simulation files for "QUESTA" (Mentor Graphics Questa Advanced Simulator)...
INFO: [exportsim-Tcl-29] Script generated: 'C:/Users/John/Documents/GitHub/MQP/mapping/axi_uartlite_0_example/axi_uartlite_0_example.ip_user_files/sim_scripts/clk_wiz_0/questa/clk_wiz_0.sh'
INFO: [exportsim-Tcl-35] Exporting simulation files for "IES" (Cadence Incisive Enterprise Simulator)...
INFO: [exportsim-Tcl-29] Script generated: 'C:/Users/John/Documents/GitHub/MQP/mapping/axi_uartlite_0_example/axi_uartlite_0_example.ip_user_files/sim_scripts/clk_wiz_0/ies/clk_wiz_0.sh'
INFO: [exportsim-Tcl-35] Exporting simulation files for "VCS" (Synopsys Verilog Compiler Simulator)...
INFO: [exportsim-Tcl-29] Script generated: 'C:/Users/John/Documents/GitHub/MQP/mapping/axi_uartlite_0_example/axi_uartlite_0_example.ip_user_files/sim_scripts/clk_wiz_0/vcs/clk_wiz_0.sh'
INFO: [exportsim-Tcl-35] Exporting simulation files for "RIVIERA" (Aldec Riviera-PRO Simulator)...
INFO: [exportsim-Tcl-29] Script generated: 'C:/Users/John/Documents/GitHub/MQP/mapping/axi_uartlite_0_example/axi_uartlite_0_example.ip_user_files/sim_scripts/clk_wiz_0/riviera/clk_wiz_0.sh'
INFO: [exportsim-Tcl-35] Exporting simulation files for "ACTIVEHDL" (Aldec Active-HDL Simulator)...
INFO: [exportsim-Tcl-29] Script generated: 'C:/Users/John/Documents/GitHub/MQP/mapping/axi_uartlite_0_example/axi_uartlite_0_example.ip_user_files/sim_scripts/clk_wiz_0/activehdl/clk_wiz_0.sh'
INFO: [exportsim-Tcl-35] Exporting simulation files for "XSIM" (Xilinx Vivado Simulator)...
INFO: [exportsim-Tcl-29] Script generated: 'C:/Users/John/Documents/GitHub/MQP/mapping/axi_uartlite_0_example/axi_uartlite_0_example.ip_user_files/sim_scripts/axi_uartlite_0/xsim/axi_uartlite_0.sh'
INFO: [exportsim-Tcl-35] Exporting simulation files for "MODELSIM" (Mentor Graphics ModelSim Simulator)...
INFO: [exportsim-Tcl-29] Script generated: 'C:/Users/John/Documents/GitHub/MQP/mapping/axi_uartlite_0_example/axi_uartlite_0_example.ip_user_files/sim_scripts/axi_uartlite_0/modelsim/axi_uartlite_0.sh'
INFO: [exportsim-Tcl-35] Exporting simulation files for "QUESTA" (Mentor Graphics Questa Advanced Simulator)...
INFO: [exportsim-Tcl-29] Script generated: 'C:/Users/John/Documents/GitHub/MQP/mapping/axi_uartlite_0_example/axi_uartlite_0_example.ip_user_files/sim_scripts/axi_uartlite_0/questa/axi_uartlite_0.sh'
INFO: [exportsim-Tcl-35] Exporting simulation files for "IES" (Cadence Incisive Enterprise Simulator)...
INFO: [exportsim-Tcl-29] Script generated: 'C:/Users/John/Documents/GitHub/MQP/mapping/axi_uartlite_0_example/axi_uartlite_0_example.ip_user_files/sim_scripts/axi_uartlite_0/ies/axi_uartlite_0.sh'
INFO: [exportsim-Tcl-35] Exporting simulation files for "VCS" (Synopsys Verilog Compiler Simulator)...
INFO: [exportsim-Tcl-29] Script generated: 'C:/Users/John/Documents/GitHub/MQP/mapping/axi_uartlite_0_example/axi_uartlite_0_example.ip_user_files/sim_scripts/axi_uartlite_0/vcs/axi_uartlite_0.sh'
INFO: [exportsim-Tcl-35] Exporting simulation files for "RIVIERA" (Aldec Riviera-PRO Simulator)...
INFO: [exportsim-Tcl-29] Script generated: 'C:/Users/John/Documents/GitHub/MQP/mapping/axi_uartlite_0_example/axi_uartlite_0_example.ip_user_files/sim_scripts/axi_uartlite_0/riviera/axi_uartlite_0.sh'
INFO: [exportsim-Tcl-35] Exporting simulation files for "ACTIVEHDL" (Aldec Active-HDL Simulator)...
INFO: [exportsim-Tcl-29] Script generated: 'C:/Users/John/Documents/GitHub/MQP/mapping/axi_uartlite_0_example/axi_uartlite_0_example.ip_user_files/sim_scripts/axi_uartlite_0/activehdl/axi_uartlite_0.sh'
INFO: [exportsim-Tcl-35] Exporting simulation files for "XSIM" (Xilinx Vivado Simulator)...
INFO: [exportsim-Tcl-29] Script generated: 'C:/Users/John/Documents/GitHub/MQP/mapping/axi_uartlite_0_example/axi_uartlite_0_example.ip_user_files/sim_scripts/axi_traffic_gen_0/xsim/axi_traffic_gen_0.sh'
INFO: [exportsim-Tcl-25] Exported 'C:/Users/John/Documents/GitHub/MQP/mapping/axi_uartlite_0_example/axi_uartlite_0_example.ip_user_files/sim_scripts/axi_traffic_gen_0/xsim/atg_data.coe'
INFO: [exportsim-Tcl-25] Exported 'C:/Users/John/Documents/GitHub/MQP/mapping/axi_uartlite_0_example/axi_uartlite_0_example.ip_user_files/sim_scripts/axi_traffic_gen_0/xsim/atg_addr.coe'
INFO: [exportsim-Tcl-25] Exported 'C:/Users/John/Documents/GitHub/MQP/mapping/axi_uartlite_0_example/axi_uartlite_0_example.ip_user_files/sim_scripts/axi_traffic_gen_0/xsim/atg_mask.coe'
INFO: [exportsim-Tcl-25] Exported 'C:/Users/John/Documents/GitHub/MQP/mapping/axi_uartlite_0_example/axi_uartlite_0_example.ip_user_files/sim_scripts/axi_traffic_gen_0/xsim/atg_ctrl.coe'
INFO: [exportsim-Tcl-25] Exported 'C:/Users/John/Documents/GitHub/MQP/mapping/axi_uartlite_0_example/axi_uartlite_0_example.ip_user_files/sim_scripts/axi_traffic_gen_0/xsim/default_prm.coe'
INFO: [exportsim-Tcl-25] Exported 'C:/Users/John/Documents/GitHub/MQP/mapping/axi_uartlite_0_example/axi_uartlite_0_example.ip_user_files/sim_scripts/axi_traffic_gen_0/xsim/axi_traffic_gen_0_default_prmram.mif'
INFO: [exportsim-Tcl-25] Exported 'C:/Users/John/Documents/GitHub/MQP/mapping/axi_uartlite_0_example/axi_uartlite_0_example.ip_user_files/sim_scripts/axi_traffic_gen_0/xsim/default_adr.coe'
INFO: [exportsim-Tcl-25] Exported 'C:/Users/John/Documents/GitHub/MQP/mapping/axi_uartlite_0_example/axi_uartlite_0_example.ip_user_files/sim_scripts/axi_traffic_gen_0/xsim/axi_traffic_gen_0_default_addrram.mif'
INFO: [exportsim-Tcl-25] Exported 'C:/Users/John/Documents/GitHub/MQP/mapping/axi_uartlite_0_example/axi_uartlite_0_example.ip_user_files/sim_scripts/axi_traffic_gen_0/xsim/default_mst.coe'
INFO: [exportsim-Tcl-25] Exported 'C:/Users/John/Documents/GitHub/MQP/mapping/axi_uartlite_0_example/axi_uartlite_0_example.ip_user_files/sim_scripts/axi_traffic_gen_0/xsim/axi_traffic_gen_0_default_mstram.mif'
INFO: [exportsim-Tcl-25] Exported 'C:/Users/John/Documents/GitHub/MQP/mapping/axi_uartlite_0_example/axi_uartlite_0_example.ip_user_files/sim_scripts/axi_traffic_gen_0/xsim/default_cmd.coe'
INFO: [exportsim-Tcl-25] Exported 'C:/Users/John/Documents/GitHub/MQP/mapping/axi_uartlite_0_example/axi_uartlite_0_example.ip_user_files/sim_scripts/axi_traffic_gen_0/xsim/axi_traffic_gen_0_default_cmdram.mif'
INFO: [exportsim-Tcl-25] Exported 'C:/Users/John/Documents/GitHub/MQP/mapping/axi_uartlite_0_example/axi_uartlite_0_example.ip_user_files/sim_scripts/axi_traffic_gen_0/xsim/axi_traffic_gen_0_addr.mif'
INFO: [exportsim-Tcl-25] Exported 'C:/Users/John/Documents/GitHub/MQP/mapping/axi_uartlite_0_example/axi_uartlite_0_example.ip_user_files/sim_scripts/axi_traffic_gen_0/xsim/axi_traffic_gen_0_data.mif'
INFO: [exportsim-Tcl-25] Exported 'C:/Users/John/Documents/GitHub/MQP/mapping/axi_uartlite_0_example/axi_uartlite_0_example.ip_user_files/sim_scripts/axi_traffic_gen_0/xsim/axi_traffic_gen_0_ctrl.mif'
INFO: [exportsim-Tcl-25] Exported 'C:/Users/John/Documents/GitHub/MQP/mapping/axi_uartlite_0_example/axi_uartlite_0_example.ip_user_files/sim_scripts/axi_traffic_gen_0/xsim/axi_traffic_gen_0_mask.mif'
INFO: [exportsim-Tcl-35] Exporting simulation files for "MODELSIM" (Mentor Graphics ModelSim Simulator)...
INFO: [exportsim-Tcl-29] Script generated: 'C:/Users/John/Documents/GitHub/MQP/mapping/axi_uartlite_0_example/axi_uartlite_0_example.ip_user_files/sim_scripts/axi_traffic_gen_0/modelsim/axi_traffic_gen_0.sh'
INFO: [exportsim-Tcl-25] Exported 'C:/Users/John/Documents/GitHub/MQP/mapping/axi_uartlite_0_example/axi_uartlite_0_example.ip_user_files/sim_scripts/axi_traffic_gen_0/modelsim/atg_data.coe'
INFO: [exportsim-Tcl-25] Exported 'C:/Users/John/Documents/GitHub/MQP/mapping/axi_uartlite_0_example/axi_uartlite_0_example.ip_user_files/sim_scripts/axi_traffic_gen_0/modelsim/atg_addr.coe'
INFO: [exportsim-Tcl-25] Exported 'C:/Users/John/Documents/GitHub/MQP/mapping/axi_uartlite_0_example/axi_uartlite_0_example.ip_user_files/sim_scripts/axi_traffic_gen_0/modelsim/atg_mask.coe'
INFO: [exportsim-Tcl-25] Exported 'C:/Users/John/Documents/GitHub/MQP/mapping/axi_uartlite_0_example/axi_uartlite_0_example.ip_user_files/sim_scripts/axi_traffic_gen_0/modelsim/atg_ctrl.coe'
INFO: [exportsim-Tcl-25] Exported 'C:/Users/John/Documents/GitHub/MQP/mapping/axi_uartlite_0_example/axi_uartlite_0_example.ip_user_files/sim_scripts/axi_traffic_gen_0/modelsim/default_prm.coe'
INFO: [exportsim-Tcl-25] Exported 'C:/Users/John/Documents/GitHub/MQP/mapping/axi_uartlite_0_example/axi_uartlite_0_example.ip_user_files/sim_scripts/axi_traffic_gen_0/modelsim/axi_traffic_gen_0_default_prmram.mif'
INFO: [exportsim-Tcl-25] Exported 'C:/Users/John/Documents/GitHub/MQP/mapping/axi_uartlite_0_example/axi_uartlite_0_example.ip_user_files/sim_scripts/axi_traffic_gen_0/modelsim/default_adr.coe'
INFO: [exportsim-Tcl-25] Exported 'C:/Users/John/Documents/GitHub/MQP/mapping/axi_uartlite_0_example/axi_uartlite_0_example.ip_user_files/sim_scripts/axi_traffic_gen_0/modelsim/axi_traffic_gen_0_default_addrram.mif'
INFO: [exportsim-Tcl-25] Exported 'C:/Users/John/Documents/GitHub/MQP/mapping/axi_uartlite_0_example/axi_uartlite_0_example.ip_user_files/sim_scripts/axi_traffic_gen_0/modelsim/default_mst.coe'
INFO: [exportsim-Tcl-25] Exported 'C:/Users/John/Documents/GitHub/MQP/mapping/axi_uartlite_0_example/axi_uartlite_0_example.ip_user_files/sim_scripts/axi_traffic_gen_0/modelsim/axi_traffic_gen_0_default_mstram.mif'
INFO: [exportsim-Tcl-25] Exported 'C:/Users/John/Documents/GitHub/MQP/mapping/axi_uartlite_0_example/axi_uartlite_0_example.ip_user_files/sim_scripts/axi_traffic_gen_0/modelsim/default_cmd.coe'
INFO: [exportsim-Tcl-25] Exported 'C:/Users/John/Documents/GitHub/MQP/mapping/axi_uartlite_0_example/axi_uartlite_0_example.ip_user_files/sim_scripts/axi_traffic_gen_0/modelsim/axi_traffic_gen_0_default_cmdram.mif'
INFO: [exportsim-Tcl-25] Exported 'C:/Users/John/Documents/GitHub/MQP/mapping/axi_uartlite_0_example/axi_uartlite_0_example.ip_user_files/sim_scripts/axi_traffic_gen_0/modelsim/axi_traffic_gen_0_addr.mif'
INFO: [exportsim-Tcl-25] Exported 'C:/Users/John/Documents/GitHub/MQP/mapping/axi_uartlite_0_example/axi_uartlite_0_example.ip_user_files/sim_scripts/axi_traffic_gen_0/modelsim/axi_traffic_gen_0_data.mif'
INFO: [exportsim-Tcl-25] Exported 'C:/Users/John/Documents/GitHub/MQP/mapping/axi_uartlite_0_example/axi_uartlite_0_example.ip_user_files/sim_scripts/axi_traffic_gen_0/modelsim/axi_traffic_gen_0_ctrl.mif'
INFO: [exportsim-Tcl-25] Exported 'C:/Users/John/Documents/GitHub/MQP/mapping/axi_uartlite_0_example/axi_uartlite_0_example.ip_user_files/sim_scripts/axi_traffic_gen_0/modelsim/axi_traffic_gen_0_mask.mif'
INFO: [exportsim-Tcl-35] Exporting simulation files for "QUESTA" (Mentor Graphics Questa Advanced Simulator)...
INFO: [exportsim-Tcl-29] Script generated: 'C:/Users/John/Documents/GitHub/MQP/mapping/axi_uartlite_0_example/axi_uartlite_0_example.ip_user_files/sim_scripts/axi_traffic_gen_0/questa/axi_traffic_gen_0.sh'
INFO: [exportsim-Tcl-25] Exported 'C:/Users/John/Documents/GitHub/MQP/mapping/axi_uartlite_0_example/axi_uartlite_0_example.ip_user_files/sim_scripts/axi_traffic_gen_0/questa/atg_data.coe'
INFO: [exportsim-Tcl-25] Exported 'C:/Users/John/Documents/GitHub/MQP/mapping/axi_uartlite_0_example/axi_uartlite_0_example.ip_user_files/sim_scripts/axi_traffic_gen_0/questa/atg_addr.coe'
INFO: [exportsim-Tcl-25] Exported 'C:/Users/John/Documents/GitHub/MQP/mapping/axi_uartlite_0_example/axi_uartlite_0_example.ip_user_files/sim_scripts/axi_traffic_gen_0/questa/atg_mask.coe'
INFO: [exportsim-Tcl-25] Exported 'C:/Users/John/Documents/GitHub/MQP/mapping/axi_uartlite_0_example/axi_uartlite_0_example.ip_user_files/sim_scripts/axi_traffic_gen_0/questa/atg_ctrl.coe'
INFO: [exportsim-Tcl-25] Exported 'C:/Users/John/Documents/GitHub/MQP/mapping/axi_uartlite_0_example/axi_uartlite_0_example.ip_user_files/sim_scripts/axi_traffic_gen_0/questa/default_prm.coe'
INFO: [exportsim-Tcl-25] Exported 'C:/Users/John/Documents/GitHub/MQP/mapping/axi_uartlite_0_example/axi_uartlite_0_example.ip_user_files/sim_scripts/axi_traffic_gen_0/questa/axi_traffic_gen_0_default_prmram.mif'
INFO: [exportsim-Tcl-25] Exported 'C:/Users/John/Documents/GitHub/MQP/mapping/axi_uartlite_0_example/axi_uartlite_0_example.ip_user_files/sim_scripts/axi_traffic_gen_0/questa/default_adr.coe'
INFO: [exportsim-Tcl-25] Exported 'C:/Users/John/Documents/GitHub/MQP/mapping/axi_uartlite_0_example/axi_uartlite_0_example.ip_user_files/sim_scripts/axi_traffic_gen_0/questa/axi_traffic_gen_0_default_addrram.mif'
INFO: [exportsim-Tcl-25] Exported 'C:/Users/John/Documents/GitHub/MQP/mapping/axi_uartlite_0_example/axi_uartlite_0_example.ip_user_files/sim_scripts/axi_traffic_gen_0/questa/default_mst.coe'
INFO: [exportsim-Tcl-25] Exported 'C:/Users/John/Documents/GitHub/MQP/mapping/axi_uartlite_0_example/axi_uartlite_0_example.ip_user_files/sim_scripts/axi_traffic_gen_0/questa/axi_traffic_gen_0_default_mstram.mif'
INFO: [exportsim-Tcl-25] Exported 'C:/Users/John/Documents/GitHub/MQP/mapping/axi_uartlite_0_example/axi_uartlite_0_example.ip_user_files/sim_scripts/axi_traffic_gen_0/questa/default_cmd.coe'
INFO: [exportsim-Tcl-25] Exported 'C:/Users/John/Documents/GitHub/MQP/mapping/axi_uartlite_0_example/axi_uartlite_0_example.ip_user_files/sim_scripts/axi_traffic_gen_0/questa/axi_traffic_gen_0_default_cmdram.mif'
INFO: [exportsim-Tcl-25] Exported 'C:/Users/John/Documents/GitHub/MQP/mapping/axi_uartlite_0_example/axi_uartlite_0_example.ip_user_files/sim_scripts/axi_traffic_gen_0/questa/axi_traffic_gen_0_addr.mif'
INFO: [exportsim-Tcl-25] Exported 'C:/Users/John/Documents/GitHub/MQP/mapping/axi_uartlite_0_example/axi_uartlite_0_example.ip_user_files/sim_scripts/axi_traffic_gen_0/questa/axi_traffic_gen_0_data.mif'
INFO: [exportsim-Tcl-25] Exported 'C:/Users/John/Documents/GitHub/MQP/mapping/axi_uartlite_0_example/axi_uartlite_0_example.ip_user_files/sim_scripts/axi_traffic_gen_0/questa/axi_traffic_gen_0_ctrl.mif'
INFO: [exportsim-Tcl-25] Exported 'C:/Users/John/Documents/GitHub/MQP/mapping/axi_uartlite_0_example/axi_uartlite_0_example.ip_user_files/sim_scripts/axi_traffic_gen_0/questa/axi_traffic_gen_0_mask.mif'
INFO: [exportsim-Tcl-35] Exporting simulation files for "IES" (Cadence Incisive Enterprise Simulator)...
INFO: [exportsim-Tcl-29] Script generated: 'C:/Users/John/Documents/GitHub/MQP/mapping/axi_uartlite_0_example/axi_uartlite_0_example.ip_user_files/sim_scripts/axi_traffic_gen_0/ies/axi_traffic_gen_0.sh'
INFO: [exportsim-Tcl-25] Exported 'C:/Users/John/Documents/GitHub/MQP/mapping/axi_uartlite_0_example/axi_uartlite_0_example.ip_user_files/sim_scripts/axi_traffic_gen_0/ies/atg_data.coe'
INFO: [exportsim-Tcl-25] Exported 'C:/Users/John/Documents/GitHub/MQP/mapping/axi_uartlite_0_example/axi_uartlite_0_example.ip_user_files/sim_scripts/axi_traffic_gen_0/ies/atg_addr.coe'
INFO: [exportsim-Tcl-25] Exported 'C:/Users/John/Documents/GitHub/MQP/mapping/axi_uartlite_0_example/axi_uartlite_0_example.ip_user_files/sim_scripts/axi_traffic_gen_0/ies/atg_mask.coe'
INFO: [exportsim-Tcl-25] Exported 'C:/Users/John/Documents/GitHub/MQP/mapping/axi_uartlite_0_example/axi_uartlite_0_example.ip_user_files/sim_scripts/axi_traffic_gen_0/ies/atg_ctrl.coe'
INFO: [exportsim-Tcl-25] Exported 'C:/Users/John/Documents/GitHub/MQP/mapping/axi_uartlite_0_example/axi_uartlite_0_example.ip_user_files/sim_scripts/axi_traffic_gen_0/ies/default_prm.coe'
INFO: [exportsim-Tcl-25] Exported 'C:/Users/John/Documents/GitHub/MQP/mapping/axi_uartlite_0_example/axi_uartlite_0_example.ip_user_files/sim_scripts/axi_traffic_gen_0/ies/axi_traffic_gen_0_default_prmram.mif'
INFO: [exportsim-Tcl-25] Exported 'C:/Users/John/Documents/GitHub/MQP/mapping/axi_uartlite_0_example/axi_uartlite_0_example.ip_user_files/sim_scripts/axi_traffic_gen_0/ies/default_adr.coe'
INFO: [exportsim-Tcl-25] Exported 'C:/Users/John/Documents/GitHub/MQP/mapping/axi_uartlite_0_example/axi_uartlite_0_example.ip_user_files/sim_scripts/axi_traffic_gen_0/ies/axi_traffic_gen_0_default_addrram.mif'
INFO: [exportsim-Tcl-25] Exported 'C:/Users/John/Documents/GitHub/MQP/mapping/axi_uartlite_0_example/axi_uartlite_0_example.ip_user_files/sim_scripts/axi_traffic_gen_0/ies/default_mst.coe'
INFO: [exportsim-Tcl-25] Exported 'C:/Users/John/Documents/GitHub/MQP/mapping/axi_uartlite_0_example/axi_uartlite_0_example.ip_user_files/sim_scripts/axi_traffic_gen_0/ies/axi_traffic_gen_0_default_mstram.mif'
INFO: [exportsim-Tcl-25] Exported 'C:/Users/John/Documents/GitHub/MQP/mapping/axi_uartlite_0_example/axi_uartlite_0_example.ip_user_files/sim_scripts/axi_traffic_gen_0/ies/default_cmd.coe'
INFO: [exportsim-Tcl-25] Exported 'C:/Users/John/Documents/GitHub/MQP/mapping/axi_uartlite_0_example/axi_uartlite_0_example.ip_user_files/sim_scripts/axi_traffic_gen_0/ies/axi_traffic_gen_0_default_cmdram.mif'
INFO: [exportsim-Tcl-25] Exported 'C:/Users/John/Documents/GitHub/MQP/mapping/axi_uartlite_0_example/axi_uartlite_0_example.ip_user_files/sim_scripts/axi_traffic_gen_0/ies/axi_traffic_gen_0_addr.mif'
INFO: [exportsim-Tcl-25] Exported 'C:/Users/John/Documents/GitHub/MQP/mapping/axi_uartlite_0_example/axi_uartlite_0_example.ip_user_files/sim_scripts/axi_traffic_gen_0/ies/axi_traffic_gen_0_data.mif'
INFO: [exportsim-Tcl-25] Exported 'C:/Users/John/Documents/GitHub/MQP/mapping/axi_uartlite_0_example/axi_uartlite_0_example.ip_user_files/sim_scripts/axi_traffic_gen_0/ies/axi_traffic_gen_0_ctrl.mif'
INFO: [exportsim-Tcl-25] Exported 'C:/Users/John/Documents/GitHub/MQP/mapping/axi_uartlite_0_example/axi_uartlite_0_example.ip_user_files/sim_scripts/axi_traffic_gen_0/ies/axi_traffic_gen_0_mask.mif'
INFO: [exportsim-Tcl-35] Exporting simulation files for "VCS" (Synopsys Verilog Compiler Simulator)...
INFO: [exportsim-Tcl-29] Script generated: 'C:/Users/John/Documents/GitHub/MQP/mapping/axi_uartlite_0_example/axi_uartlite_0_example.ip_user_files/sim_scripts/axi_traffic_gen_0/vcs/axi_traffic_gen_0.sh'
INFO: [exportsim-Tcl-25] Exported 'C:/Users/John/Documents/GitHub/MQP/mapping/axi_uartlite_0_example/axi_uartlite_0_example.ip_user_files/sim_scripts/axi_traffic_gen_0/vcs/atg_data.coe'
INFO: [exportsim-Tcl-25] Exported 'C:/Users/John/Documents/GitHub/MQP/mapping/axi_uartlite_0_example/axi_uartlite_0_example.ip_user_files/sim_scripts/axi_traffic_gen_0/vcs/atg_addr.coe'
INFO: [exportsim-Tcl-25] Exported 'C:/Users/John/Documents/GitHub/MQP/mapping/axi_uartlite_0_example/axi_uartlite_0_example.ip_user_files/sim_scripts/axi_traffic_gen_0/vcs/atg_mask.coe'
INFO: [exportsim-Tcl-25] Exported 'C:/Users/John/Documents/GitHub/MQP/mapping/axi_uartlite_0_example/axi_uartlite_0_example.ip_user_files/sim_scripts/axi_traffic_gen_0/vcs/atg_ctrl.coe'
INFO: [exportsim-Tcl-25] Exported 'C:/Users/John/Documents/GitHub/MQP/mapping/axi_uartlite_0_example/axi_uartlite_0_example.ip_user_files/sim_scripts/axi_traffic_gen_0/vcs/default_prm.coe'
INFO: [exportsim-Tcl-25] Exported 'C:/Users/John/Documents/GitHub/MQP/mapping/axi_uartlite_0_example/axi_uartlite_0_example.ip_user_files/sim_scripts/axi_traffic_gen_0/vcs/axi_traffic_gen_0_default_prmram.mif'
INFO: [exportsim-Tcl-25] Exported 'C:/Users/John/Documents/GitHub/MQP/mapping/axi_uartlite_0_example/axi_uartlite_0_example.ip_user_files/sim_scripts/axi_traffic_gen_0/vcs/default_adr.coe'
INFO: [exportsim-Tcl-25] Exported 'C:/Users/John/Documents/GitHub/MQP/mapping/axi_uartlite_0_example/axi_uartlite_0_example.ip_user_files/sim_scripts/axi_traffic_gen_0/vcs/axi_traffic_gen_0_default_addrram.mif'
INFO: [exportsim-Tcl-25] Exported 'C:/Users/John/Documents/GitHub/MQP/mapping/axi_uartlite_0_example/axi_uartlite_0_example.ip_user_files/sim_scripts/axi_traffic_gen_0/vcs/default_mst.coe'
INFO: [exportsim-Tcl-25] Exported 'C:/Users/John/Documents/GitHub/MQP/mapping/axi_uartlite_0_example/axi_uartlite_0_example.ip_user_files/sim_scripts/axi_traffic_gen_0/vcs/axi_traffic_gen_0_default_mstram.mif'
INFO: [exportsim-Tcl-25] Exported 'C:/Users/John/Documents/GitHub/MQP/mapping/axi_uartlite_0_example/axi_uartlite_0_example.ip_user_files/sim_scripts/axi_traffic_gen_0/vcs/default_cmd.coe'
INFO: [exportsim-Tcl-25] Exported 'C:/Users/John/Documents/GitHub/MQP/mapping/axi_uartlite_0_example/axi_uartlite_0_example.ip_user_files/sim_scripts/axi_traffic_gen_0/vcs/axi_traffic_gen_0_default_cmdram.mif'
INFO: [exportsim-Tcl-25] Exported 'C:/Users/John/Documents/GitHub/MQP/mapping/axi_uartlite_0_example/axi_uartlite_0_example.ip_user_files/sim_scripts/axi_traffic_gen_0/vcs/axi_traffic_gen_0_addr.mif'
INFO: [exportsim-Tcl-25] Exported 'C:/Users/John/Documents/GitHub/MQP/mapping/axi_uartlite_0_example/axi_uartlite_0_example.ip_user_files/sim_scripts/axi_traffic_gen_0/vcs/axi_traffic_gen_0_data.mif'
INFO: [exportsim-Tcl-25] Exported 'C:/Users/John/Documents/GitHub/MQP/mapping/axi_uartlite_0_example/axi_uartlite_0_example.ip_user_files/sim_scripts/axi_traffic_gen_0/vcs/axi_traffic_gen_0_ctrl.mif'
INFO: [exportsim-Tcl-25] Exported 'C:/Users/John/Documents/GitHub/MQP/mapping/axi_uartlite_0_example/axi_uartlite_0_example.ip_user_files/sim_scripts/axi_traffic_gen_0/vcs/axi_traffic_gen_0_mask.mif'
INFO: [exportsim-Tcl-35] Exporting simulation files for "RIVIERA" (Aldec Riviera-PRO Simulator)...
INFO: [exportsim-Tcl-29] Script generated: 'C:/Users/John/Documents/GitHub/MQP/mapping/axi_uartlite_0_example/axi_uartlite_0_example.ip_user_files/sim_scripts/axi_traffic_gen_0/riviera/axi_traffic_gen_0.sh'
INFO: [exportsim-Tcl-25] Exported 'C:/Users/John/Documents/GitHub/MQP/mapping/axi_uartlite_0_example/axi_uartlite_0_example.ip_user_files/sim_scripts/axi_traffic_gen_0/riviera/atg_data.coe'
INFO: [exportsim-Tcl-25] Exported 'C:/Users/John/Documents/GitHub/MQP/mapping/axi_uartlite_0_example/axi_uartlite_0_example.ip_user_files/sim_scripts/axi_traffic_gen_0/riviera/atg_addr.coe'
INFO: [exportsim-Tcl-25] Exported 'C:/Users/John/Documents/GitHub/MQP/mapping/axi_uartlite_0_example/axi_uartlite_0_example.ip_user_files/sim_scripts/axi_traffic_gen_0/riviera/atg_mask.coe'
INFO: [exportsim-Tcl-25] Exported 'C:/Users/John/Documents/GitHub/MQP/mapping/axi_uartlite_0_example/axi_uartlite_0_example.ip_user_files/sim_scripts/axi_traffic_gen_0/riviera/atg_ctrl.coe'
INFO: [exportsim-Tcl-25] Exported 'C:/Users/John/Documents/GitHub/MQP/mapping/axi_uartlite_0_example/axi_uartlite_0_example.ip_user_files/sim_scripts/axi_traffic_gen_0/riviera/default_prm.coe'
INFO: [exportsim-Tcl-25] Exported 'C:/Users/John/Documents/GitHub/MQP/mapping/axi_uartlite_0_example/axi_uartlite_0_example.ip_user_files/sim_scripts/axi_traffic_gen_0/riviera/axi_traffic_gen_0_default_prmram.mif'
INFO: [exportsim-Tcl-25] Exported 'C:/Users/John/Documents/GitHub/MQP/mapping/axi_uartlite_0_example/axi_uartlite_0_example.ip_user_files/sim_scripts/axi_traffic_gen_0/riviera/default_adr.coe'
INFO: [exportsim-Tcl-25] Exported 'C:/Users/John/Documents/GitHub/MQP/mapping/axi_uartlite_0_example/axi_uartlite_0_example.ip_user_files/sim_scripts/axi_traffic_gen_0/riviera/axi_traffic_gen_0_default_addrram.mif'
INFO: [exportsim-Tcl-25] Exported 'C:/Users/John/Documents/GitHub/MQP/mapping/axi_uartlite_0_example/axi_uartlite_0_example.ip_user_files/sim_scripts/axi_traffic_gen_0/riviera/default_mst.coe'
INFO: [exportsim-Tcl-25] Exported 'C:/Users/John/Documents/GitHub/MQP/mapping/axi_uartlite_0_example/axi_uartlite_0_example.ip_user_files/sim_scripts/axi_traffic_gen_0/riviera/axi_traffic_gen_0_default_mstram.mif'
INFO: [exportsim-Tcl-25] Exported 'C:/Users/John/Documents/GitHub/MQP/mapping/axi_uartlite_0_example/axi_uartlite_0_example.ip_user_files/sim_scripts/axi_traffic_gen_0/riviera/default_cmd.coe'
INFO: [exportsim-Tcl-25] Exported 'C:/Users/John/Documents/GitHub/MQP/mapping/axi_uartlite_0_example/axi_uartlite_0_example.ip_user_files/sim_scripts/axi_traffic_gen_0/riviera/axi_traffic_gen_0_default_cmdram.mif'
INFO: [exportsim-Tcl-25] Exported 'C:/Users/John/Documents/GitHub/MQP/mapping/axi_uartlite_0_example/axi_uartlite_0_example.ip_user_files/sim_scripts/axi_traffic_gen_0/riviera/axi_traffic_gen_0_addr.mif'
INFO: [exportsim-Tcl-25] Exported 'C:/Users/John/Documents/GitHub/MQP/mapping/axi_uartlite_0_example/axi_uartlite_0_example.ip_user_files/sim_scripts/axi_traffic_gen_0/riviera/axi_traffic_gen_0_data.mif'
INFO: [exportsim-Tcl-25] Exported 'C:/Users/John/Documents/GitHub/MQP/mapping/axi_uartlite_0_example/axi_uartlite_0_example.ip_user_files/sim_scripts/axi_traffic_gen_0/riviera/axi_traffic_gen_0_ctrl.mif'
INFO: [exportsim-Tcl-25] Exported 'C:/Users/John/Documents/GitHub/MQP/mapping/axi_uartlite_0_example/axi_uartlite_0_example.ip_user_files/sim_scripts/axi_traffic_gen_0/riviera/axi_traffic_gen_0_mask.mif'
INFO: [exportsim-Tcl-35] Exporting simulation files for "ACTIVEHDL" (Aldec Active-HDL Simulator)...
INFO: [exportsim-Tcl-29] Script generated: 'C:/Users/John/Documents/GitHub/MQP/mapping/axi_uartlite_0_example/axi_uartlite_0_example.ip_user_files/sim_scripts/axi_traffic_gen_0/activehdl/axi_traffic_gen_0.sh'
INFO: [exportsim-Tcl-25] Exported 'C:/Users/John/Documents/GitHub/MQP/mapping/axi_uartlite_0_example/axi_uartlite_0_example.ip_user_files/sim_scripts/axi_traffic_gen_0/activehdl/atg_data.coe'
INFO: [exportsim-Tcl-25] Exported 'C:/Users/John/Documents/GitHub/MQP/mapping/axi_uartlite_0_example/axi_uartlite_0_example.ip_user_files/sim_scripts/axi_traffic_gen_0/activehdl/atg_addr.coe'
INFO: [exportsim-Tcl-25] Exported 'C:/Users/John/Documents/GitHub/MQP/mapping/axi_uartlite_0_example/axi_uartlite_0_example.ip_user_files/sim_scripts/axi_traffic_gen_0/activehdl/atg_mask.coe'
INFO: [exportsim-Tcl-25] Exported 'C:/Users/John/Documents/GitHub/MQP/mapping/axi_uartlite_0_example/axi_uartlite_0_example.ip_user_files/sim_scripts/axi_traffic_gen_0/activehdl/atg_ctrl.coe'
INFO: [Common 17-14] Message 'exportsim-Tcl 25' appears 100 times and further instances of the messages will be disabled. Use the Tcl command set_msg_config to change the current settings.
export_ip_user_files: Time (s): cpu = 00:00:16 ; elapsed = 00:00:18 . Memory (MB): peak = 826.617 ; gain = 45.348
# set dfile "c:/Users/John/Documents/GitHub/MQP/mapping/mapping.srcs/sources_1/ip/axi_uartlite_0/oepdone.txt"
# if { [ catch { set doneFile [open $dfile w] } ] } {
# } else { 
#   puts $doneFile "Open Example Project DONE"
#   close $doneFile
# }
# if { $returnCode != 0 } {
#   error "Problems were encountered while executing the example design script, please review the log files."
# }
exit
INFO: [Common 17-206] Exiting Vivado at Tue Sep 06 11:08:55 2016...
