#-----------------------------------------------------------
# Webtalk v2016.2 (64-bit)
# SW Build 1577090 on Thu Jun  2 16:32:40 MDT 2016
# 
# Start of session at: Mon Dec 12 23:57:36 2016
# Process ID: 6404
# Current directory: C:/Users/georges/Documents/GitHub/MQP/final_implemention/final_implemention.sdk/webtalk
# Command line: wbtcv.exe -mode batch -source sdk_webtalk.tcl
# Log file: C:/Users/georges/Documents/GitHub/MQP/final_implemention/final_implemention.sdk/webtalk/webtalk.log
# Journal file: C:/Users/georges/Documents/GitHub/MQP/final_implemention/final_implemention.sdk/webtalk\webtalk.jou
#-----------------------------------------------------------
source sdk_webtalk.tcl
# webtalk_init -webtalk_dir C:\\Users\\georges\\Documents\\GitHub\\MQP\\final_implemention\\final_implemention.sdk\\webtalk
# webtalk_register_client -client project
# webtalk_add_data -client project -key date_generated -value "Mon Dec 12 23:57:35 2016" -context "software_version_and_target_device"
# webtalk_add_data -client project -key product_version -value "SDK v2016.2" -context "software_version_and_target_device"
# webtalk_add_data -client project -key build_version -value "2016.2" -context "software_version_and_target_device"
# webtalk_add_data -client project -key os_platform -value "amd64" -context "software_version_and_target_device"
# webtalk_add_data -client project -key registration_id -value "" -context "software_version_and_target_device"
# webtalk_add_data -client project -key tool_flow -value "SDK" -context "software_version_and_target_device"
# webtalk_add_data -client project -key beta -value "false" -context "software_version_and_target_device"
# webtalk_add_data -client project -key route_design -value "NA" -context "software_version_and_target_device"
# webtalk_add_data -client project -key target_family -value "NA" -context "software_version_and_target_device"
# webtalk_add_data -client project -key target_device -value "NA" -context "software_version_and_target_device"
# webtalk_add_data -client project -key target_package -value "NA" -context "software_version_and_target_device"
# webtalk_add_data -client project -key target_speed -value "NA" -context "software_version_and_target_device"
# webtalk_add_data -client project -key random_id -value "3fvbv2290memn1uuja5n3m8i75" -context "software_version_and_target_device"
# webtalk_add_data -client project -key project_id -value "2016.2_14" -context "software_version_and_target_device"
# webtalk_add_data -client project -key project_iteration -value "14" -context "software_version_and_target_device"
# webtalk_add_data -client project -key os_name -value "" -context "user_environment"
# webtalk_add_data -client project -key os_release -value "" -context "user_environment"
# webtalk_add_data -client project -key cpu_name -value "" -context "user_environment"
# webtalk_add_data -client project -key cpu_speed -value "" -context "user_environment"
# webtalk_add_data -client project -key total_processors -value "" -context "user_environment"
# webtalk_add_data -client project -key system_ram -value "" -context "user_environment"
# webtalk_register_client -client sdk
# webtalk_add_data -client sdk -key uid -value "1481604684795" -context "sdk\\\\hardware/1481604684795"
# webtalk_add_data -client sdk -key isZynq -value "true" -context "sdk\\\\hardware/1481604684795"
# webtalk_add_data -client sdk -key Processors -value "2" -context "sdk\\\\hardware/1481604684795"
# webtalk_add_data -client sdk -key VivadoVersion -value "2016.2" -context "sdk\\\\hardware/1481604684795"
# webtalk_add_data -client sdk -key Arch -value "zynq" -context "sdk\\\\hardware/1481604684795"
# webtalk_add_data -client sdk -key Device -value "7z020" -context "sdk\\\\hardware/1481604684795"
# webtalk_add_data -client sdk -key IsHandoff -value "true" -context "sdk\\\\hardware/1481604684795"
# webtalk_add_data -client sdk -key uid -value "1481604693831" -context "sdk\\\\bsp/1481604693831"
# webtalk_add_data -client sdk -key hwid -value "1481604684795" -context "sdk\\\\bsp/1481604693831"
# webtalk_add_data -client sdk -key os -value "standalone" -context "sdk\\\\bsp/1481604693831"
# webtalk_add_data -client sdk -key apptemplate -value "hello_world" -context "sdk\\\\bsp/1481604693831"
# webtalk_add_data -client sdk -key uid -value "1481604695776" -context "sdk\\\\application/1481604695776"
# webtalk_add_data -client sdk -key hwid -value "1481604684795" -context "sdk\\\\application/1481604695776"
# webtalk_add_data -client sdk -key bspid -value "1481604693831" -context "sdk\\\\application/1481604695776"
# webtalk_add_data -client sdk -key newbsp -value "true" -context "sdk\\\\application/1481604695776"
# webtalk_add_data -client sdk -key os -value "standalone" -context "sdk\\\\application/1481604695776"
# webtalk_add_data -client sdk -key apptemplate -value "hello_world" -context "sdk\\\\application/1481604695776"
# webtalk_transmit -clientid 3210629444 -regid "" -xml C:\\Users\\georges\\Documents\\GitHub\\MQP\\final_implemention\\final_implemention.sdk\\webtalk\\usage_statistics_ext_sdk.xml -html C:\\Users\\georges\\Documents\\GitHub\\MQP\\final_implemention\\final_implemention.sdk\\webtalk\\usage_statistics_ext_sdk.html -wdm C:\\Users\\georges\\Documents\\GitHub\\MQP\\final_implemention\\final_implemention.sdk\\webtalk\\sdk_webtalk.wdm -intro "<H3>SDK Usage Report</H3><BR>"
# webtalk_terminate
INFO: [Common 17-206] Exiting Webtalk at Mon Dec 12 23:57:40 2016...
