This is pdfTeX, Version 3.14159265-2.6-1.40.16 (MiKTeX 2.9 64-bit) (preloaded format=pdflatex 2016.5.23)  29 OCT 2016 15:47
entering extended mode
**./MQP_Paper.tex
(MQP_Paper.tex
LaTeX2e <2015/10/01> patch level 2
Babel <3.9n> and hyphenation patterns for 69 languages loaded.
("C:\Users\georges\AppData\Local\Programs\MiKTeX 2.9\tex\latex\base\article.cls
"
Document Class: article 2014/09/29 v1.4h Standard LaTeX document class
("C:\Users\georges\AppData\Local\Programs\MiKTeX 2.9\tex\latex\base\size12.clo"
File: size12.clo 2014/09/29 v1.4h Standard LaTeX file (size option)
)
\c@part=\count79
\c@section=\count80
\c@subsection=\count81
\c@subsubsection=\count82
\c@paragraph=\count83
\c@subparagraph=\count84
\c@figure=\count85
\c@table=\count86
\abovecaptionskip=\skip41
\belowcaptionskip=\skip42
\bibindent=\dimen102
)
("C:\Users\georges\AppData\Local\Programs\MiKTeX 2.9\tex\latex\base\inputenc.st
y"
Package: inputenc 2015/03/17 v1.2c Input encoding file
\inpenc@prehook=\toks14
\inpenc@posthook=\toks15
 ("C:\Users\georges\AppData\Local\Programs\MiKTeX 2.9\tex\latex\base\utf8.def"
File: utf8.def 2015/09/07 v1.1p UTF-8 support for inputenc
Now handling font encoding OML ...
... no UTF-8 mapping file for font encoding OML
Now handling font encoding T1 ...
... processing UTF-8 mapping file for font encoding T1
 ("C:\Users\georges\AppData\Local\Programs\MiKTeX 2.9\tex\latex\base\t1enc.dfu"
File: t1enc.dfu 2015/09/07 v1.1p UTF-8 support for inputenc
   defining Unicode char U+00A0 (decimal 160)
   defining Unicode char U+00A1 (decimal 161)
   defining Unicode char U+00A3 (decimal 163)
   defining Unicode char U+00AB (decimal 171)
   defining Unicode char U+00AD (decimal 173)
   defining Unicode char U+00BB (decimal 187)
   defining Unicode char U+00BF (decimal 191)
   defining Unicode char U+00C0 (decimal 192)
   defining Unicode char U+00C1 (decimal 193)
   defining Unicode char U+00C2 (decimal 194)
   defining Unicode char U+00C3 (decimal 195)
   defining Unicode char U+00C4 (decimal 196)
   defining Unicode char U+00C5 (decimal 197)
   defining Unicode char U+00C6 (decimal 198)
   defining Unicode char U+00C7 (decimal 199)
   defining Unicode char U+00C8 (decimal 200)
   defining Unicode char U+00C9 (decimal 201)
   defining Unicode char U+00CA (decimal 202)
   defining Unicode char U+00CB (decimal 203)
   defining Unicode char U+00CC (decimal 204)
   defining Unicode char U+00CD (decimal 205)
   defining Unicode char U+00CE (decimal 206)
   defining Unicode char U+00CF (decimal 207)
   defining Unicode char U+00D0 (decimal 208)
   defining Unicode char U+00D1 (decimal 209)
   defining Unicode char U+00D2 (decimal 210)
   defining Unicode char U+00D3 (decimal 211)
   defining Unicode char U+00D4 (decimal 212)
   defining Unicode char U+00D5 (decimal 213)
   defining Unicode char U+00D6 (decimal 214)
   defining Unicode char U+00D8 (decimal 216)
   defining Unicode char U+00D9 (decimal 217)
   defining Unicode char U+00DA (decimal 218)
   defining Unicode char U+00DB (decimal 219)
   defining Unicode char U+00DC (decimal 220)
   defining Unicode char U+00DD (decimal 221)
   defining Unicode char U+00DE (decimal 222)
   defining Unicode char U+00DF (decimal 223)
   defining Unicode char U+00E0 (decimal 224)
   defining Unicode char U+00E1 (decimal 225)
   defining Unicode char U+00E2 (decimal 226)
   defining Unicode char U+00E3 (decimal 227)
   defining Unicode char U+00E4 (decimal 228)
   defining Unicode char U+00E5 (decimal 229)
   defining Unicode char U+00E6 (decimal 230)
   defining Unicode char U+00E7 (decimal 231)
   defining Unicode char U+00E8 (decimal 232)
   defining Unicode char U+00E9 (decimal 233)
   defining Unicode char U+00EA (decimal 234)
   defining Unicode char U+00EB (decimal 235)
   defining Unicode char U+00EC (decimal 236)
   defining Unicode char U+00ED (decimal 237)
   defining Unicode char U+00EE (decimal 238)
   defining Unicode char U+00EF (decimal 239)
   defining Unicode char U+00F0 (decimal 240)
   defining Unicode char U+00F1 (decimal 241)
   defining Unicode char U+00F2 (decimal 242)
   defining Unicode char U+00F3 (decimal 243)
   defining Unicode char U+00F4 (decimal 244)
   defining Unicode char U+00F5 (decimal 245)
   defining Unicode char U+00F6 (decimal 246)
   defining Unicode char U+00F8 (decimal 248)
   defining Unicode char U+00F9 (decimal 249)
   defining Unicode char U+00FA (decimal 250)
   defining Unicode char U+00FB (decimal 251)
   defining Unicode char U+00FC (decimal 252)
   defining Unicode char U+00FD (decimal 253)
   defining Unicode char U+00FE (decimal 254)
   defining Unicode char U+00FF (decimal 255)
   defining Unicode char U+0102 (decimal 258)
   defining Unicode char U+0103 (decimal 259)
   defining Unicode char U+0104 (decimal 260)
   defining Unicode char U+0105 (decimal 261)
   defining Unicode char U+0106 (decimal 262)
   defining Unicode char U+0107 (decimal 263)
   defining Unicode char U+010C (decimal 268)
   defining Unicode char U+010D (decimal 269)
   defining Unicode char U+010E (decimal 270)
   defining Unicode char U+010F (decimal 271)
   defining Unicode char U+0110 (decimal 272)
   defining Unicode char U+0111 (decimal 273)
   defining Unicode char U+0118 (decimal 280)
   defining Unicode char U+0119 (decimal 281)
   defining Unicode char U+011A (decimal 282)
   defining Unicode char U+011B (decimal 283)
   defining Unicode char U+011E (decimal 286)
   defining Unicode char U+011F (decimal 287)
   defining Unicode char U+0130 (decimal 304)
   defining Unicode char U+0131 (decimal 305)
   defining Unicode char U+0132 (decimal 306)
   defining Unicode char U+0133 (decimal 307)
   defining Unicode char U+0139 (decimal 313)
   defining Unicode char U+013A (decimal 314)
   defining Unicode char U+013D (decimal 317)
   defining Unicode char U+013E (decimal 318)
   defining Unicode char U+0141 (decimal 321)
   defining Unicode char U+0142 (decimal 322)
   defining Unicode char U+0143 (decimal 323)
   defining Unicode char U+0144 (decimal 324)
   defining Unicode char U+0147 (decimal 327)
   defining Unicode char U+0148 (decimal 328)
   defining Unicode char U+014A (decimal 330)
   defining Unicode char U+014B (decimal 331)
   defining Unicode char U+0150 (decimal 336)
   defining Unicode char U+0151 (decimal 337)
   defining Unicode char U+0152 (decimal 338)
   defining Unicode char U+0153 (decimal 339)
   defining Unicode char U+0154 (decimal 340)
   defining Unicode char U+0155 (decimal 341)
   defining Unicode char U+0158 (decimal 344)
   defining Unicode char U+0159 (decimal 345)
   defining Unicode char U+015A (decimal 346)
   defining Unicode char U+015B (decimal 347)
   defining Unicode char U+015E (decimal 350)
   defining Unicode char U+015F (decimal 351)
   defining Unicode char U+0160 (decimal 352)
   defining Unicode char U+0161 (decimal 353)
   defining Unicode char U+0162 (decimal 354)
   defining Unicode char U+0163 (decimal 355)
   defining Unicode char U+0164 (decimal 356)
   defining Unicode char U+0165 (decimal 357)
   defining Unicode char U+016E (decimal 366)
   defining Unicode char U+016F (decimal 367)
   defining Unicode char U+0170 (decimal 368)
   defining Unicode char U+0171 (decimal 369)
   defining Unicode char U+0174 (decimal 372)
   defining Unicode char U+0175 (decimal 373)
   defining Unicode char U+0176 (decimal 374)
   defining Unicode char U+0177 (decimal 375)
   defining Unicode char U+0178 (decimal 376)
   defining Unicode char U+0179 (decimal 377)
   defining Unicode char U+017A (decimal 378)
   defining Unicode char U+017B (decimal 379)
   defining Unicode char U+017C (decimal 380)
   defining Unicode char U+017D (decimal 381)
   defining Unicode char U+017E (decimal 382)
   defining Unicode char U+0218 (decimal 536)
   defining Unicode char U+0219 (decimal 537)
   defining Unicode char U+021A (decimal 538)
   defining Unicode char U+021B (decimal 539)
   defining Unicode char U+200C (decimal 8204)
   defining Unicode char U+2013 (decimal 8211)
   defining Unicode char U+2014 (decimal 8212)
   defining Unicode char U+2018 (decimal 8216)
   defining Unicode char U+2019 (decimal 8217)
   defining Unicode char U+201A (decimal 8218)
   defining Unicode char U+201C (decimal 8220)
   defining Unicode char U+201D (decimal 8221)
   defining Unicode char U+201E (decimal 8222)
   defining Unicode char U+2030 (decimal 8240)
   defining Unicode char U+2031 (decimal 8241)
   defining Unicode char U+2039 (decimal 8249)
   defining Unicode char U+203A (decimal 8250)
   defining Unicode char U+2423 (decimal 9251)
)
Now handling font encoding OT1 ...
... processing UTF-8 mapping file for font encoding OT1

("C:\Users\georges\AppData\Local\Programs\MiKTeX 2.9\tex\latex\base\ot1enc.dfu"
File: ot1enc.dfu 2015/09/07 v1.1p UTF-8 support for inputenc
   defining Unicode char U+00A0 (decimal 160)
   defining Unicode char U+00A1 (decimal 161)
   defining Unicode char U+00A3 (decimal 163)
   defining Unicode char U+00AD (decimal 173)
   defining Unicode char U+00B8 (decimal 184)
   defining Unicode char U+00BF (decimal 191)
   defining Unicode char U+00C5 (decimal 197)
   defining Unicode char U+00C6 (decimal 198)
   defining Unicode char U+00D8 (decimal 216)
   defining Unicode char U+00DF (decimal 223)
   defining Unicode char U+00E6 (decimal 230)
   defining Unicode char U+00EC (decimal 236)
   defining Unicode char U+00ED (decimal 237)
   defining Unicode char U+00EE (decimal 238)
   defining Unicode char U+00EF (decimal 239)
   defining Unicode char U+00F8 (decimal 248)
   defining Unicode char U+0131 (decimal 305)
   defining Unicode char U+0141 (decimal 321)
   defining Unicode char U+0142 (decimal 322)
   defining Unicode char U+0152 (decimal 338)
   defining Unicode char U+0153 (decimal 339)
   defining Unicode char U+0174 (decimal 372)
   defining Unicode char U+0175 (decimal 373)
   defining Unicode char U+0176 (decimal 374)
   defining Unicode char U+0177 (decimal 375)
   defining Unicode char U+0218 (decimal 536)
   defining Unicode char U+0219 (decimal 537)
   defining Unicode char U+021A (decimal 538)
   defining Unicode char U+021B (decimal 539)
   defining Unicode char U+2013 (decimal 8211)
   defining Unicode char U+2014 (decimal 8212)
   defining Unicode char U+2018 (decimal 8216)
   defining Unicode char U+2019 (decimal 8217)
   defining Unicode char U+201C (decimal 8220)
   defining Unicode char U+201D (decimal 8221)
)
Now handling font encoding OMS ...
... processing UTF-8 mapping file for font encoding OMS
 ("C:\Users\georges\AppData\Local\Programs\MiKTeX 2.9\tex\latex\base\omsenc.dfu
"
File: omsenc.dfu 2015/09/07 v1.1p UTF-8 support for inputenc
   defining Unicode char U+00A7 (decimal 167)
   defining Unicode char U+00B6 (decimal 182)
   defining Unicode char U+00B7 (decimal 183)
   defining Unicode char U+2020 (decimal 8224)
   defining Unicode char U+2021 (decimal 8225)
   defining Unicode char U+2022 (decimal 8226)
)
Now handling font encoding OMX ...
... no UTF-8 mapping file for font encoding OMX
Now handling font encoding U ...
... no UTF-8 mapping file for font encoding U
   defining Unicode char U+00A9 (decimal 169)
   defining Unicode char U+00AA (decimal 170)
   defining Unicode char U+00AE (decimal 174)
   defining Unicode char U+00BA (decimal 186)
   defining Unicode char U+02C6 (decimal 710)
   defining Unicode char U+02DC (decimal 732)
   defining Unicode char U+200C (decimal 8204)
   defining Unicode char U+2026 (decimal 8230)
   defining Unicode char U+2122 (decimal 8482)
   defining Unicode char U+2423 (decimal 9251)
))
("C:\Users\georges\AppData\Local\Programs\MiKTeX 2.9\tex\latex\geometry\geometr
y.sty"
Package: geometry 2010/09/12 v5.6 Page Geometry

("C:\Users\georges\AppData\Local\Programs\MiKTeX 2.9\tex\latex\graphics\keyval.
sty"
Package: keyval 2014/10/28 v1.15 key=value parser (DPC)
\KV@toks@=\toks16
)
("C:\Users\georges\AppData\Local\Programs\MiKTeX 2.9\tex\generic\oberdiek\ifpdf
.sty"
Package: ifpdf 2011/01/30 v2.3 Provides the ifpdf switch (HO)
Package ifpdf Info: pdfTeX in PDF mode is detected.
)
("C:\Users\georges\AppData\Local\Programs\MiKTeX 2.9\tex\generic\oberdiek\ifvte
x.sty"
Package: ifvtex 2010/03/01 v1.5 Detect VTeX and its facilities (HO)
Package ifvtex Info: VTeX not detected.
)
("C:\Users\georges\AppData\Local\Programs\MiKTeX 2.9\tex\generic\ifxetex\ifxete
x.sty"
Package: ifxetex 2010/09/12 v0.6 Provides ifxetex conditional
)
\Gm@cnth=\count87
\Gm@cntv=\count88
\c@Gm@tempcnt=\count89
\Gm@bindingoffset=\dimen103
\Gm@wd@mp=\dimen104
\Gm@odd@mp=\dimen105
\Gm@even@mp=\dimen106
\Gm@layoutwidth=\dimen107
\Gm@layoutheight=\dimen108
\Gm@layouthoffset=\dimen109
\Gm@layoutvoffset=\dimen110
\Gm@dimlist=\toks17

("C:\Users\georges\AppData\Local\Programs\MiKTeX 2.9\tex\latex\geometry\geometr
y.cfg"))
("C:\Users\georges\AppData\Local\Programs\MiKTeX 2.9\tex\latex\graphics\graphic
x.sty"
Package: graphicx 2014/10/28 v1.0g Enhanced LaTeX Graphics (DPC,SPQR)

("C:\Users\georges\AppData\Local\Programs\MiKTeX 2.9\tex\latex\graphics\graphic
s.sty"
Package: graphics 2014/10/28 v1.0p Standard LaTeX Graphics (DPC,SPQR)

("C:\Users\georges\AppData\Local\Programs\MiKTeX 2.9\tex\latex\graphics\trig.st
y"
Package: trig 1999/03/16 v1.09 sin cos tan (DPC)
)
("C:\Users\georges\AppData\Local\Programs\MiKTeX 2.9\tex\latex\00miktex\graphic
s.cfg"
File: graphics.cfg 2007/01/18 v1.5 graphics configuration of teTeX/TeXLive
)
Package graphics Info: Driver file: pdftex.def on input line 94.

("C:\Users\georges\AppData\Local\Programs\MiKTeX 2.9\tex\latex\pdftex-def\pdfte
x.def"
File: pdftex.def 2011/05/27 v0.06d Graphics/color for pdfTeX

("C:\Users\georges\AppData\Local\Programs\MiKTeX 2.9\tex\generic\oberdiek\infwa
rerr.sty"
Package: infwarerr 2010/04/08 v1.3 Providing info/warning/error messages (HO)
)
("C:\Users\georges\AppData\Local\Programs\MiKTeX 2.9\tex\generic\oberdiek\ltxcm
ds.sty"
Package: ltxcmds 2011/11/09 v1.22 LaTeX kernel commands for general use (HO)
)
\Gread@gobject=\count90
))
\Gin@req@height=\dimen111
\Gin@req@width=\dimen112
)
("C:\Users\georges\AppData\Local\Programs\MiKTeX 2.9\tex\latex\float\float.sty"
Package: float 2001/11/08 v1.3d Float enhancements (AL)
\c@float@type=\count91
\float@exts=\toks18
\float@box=\box26
\@float@everytoks=\toks19
\@floatcapt=\box27
)
("C:\Users\georges\AppData\Local\Programs\MiKTeX 2.9\tex\latex\caption\subcapti
on.sty"
Package: subcaption 2016/05/22 v1.1-161 Sub-captions (AR)

("C:\Users\georges\AppData\Local\Programs\MiKTeX 2.9\tex\latex\caption\caption.
sty"
Package: caption 2016/02/21 v3.3-144 Customizing captions (AR)

("C:\Users\georges\AppData\Local\Programs\MiKTeX 2.9\tex\latex\caption\caption3
.sty"
Package: caption3 2016/05/22 v1.7-166 caption3 kernel (AR)
Package caption3 Info: TeX engine: e-TeX on input line 67.
\captionmargin=\dimen113
\captionmargin@=\dimen114
\captionwidth=\dimen115
\caption@tempdima=\dimen116
\caption@indent=\dimen117
\caption@parindent=\dimen118
\caption@hangindent=\dimen119
)
\c@ContinuedFloat=\count92
Package caption Info: float package is loaded.
)
\c@subfigure=\count93
\c@subtable=\count94
)
("C:\Users\georges\AppData\Local\Programs\MiKTeX 2.9\tex\latex\tools\indentfirs
t.sty"
Package: indentfirst 1995/11/23 v1.03 Indent first paragraph (DPC)
)
("C:\Users\georges\AppData\Local\Programs\MiKTeX 2.9\tex\latex\setspace\setspac
e.sty"
Package: setspace 2011/12/19 v6.7a set line spacing
)
("C:\Users\georges\AppData\Local\Programs\MiKTeX 2.9\tex\latex\amsmath\amsmath.
sty"
Package: amsmath 2013/01/14 v2.14 AMS math features
\@mathmargin=\skip43

For additional information on amsmath, use the `?' option.

("C:\Users\georges\AppData\Local\Programs\MiKTeX 2.9\tex\latex\amsmath\amstext.
sty"
Package: amstext 2000/06/29 v2.01

("C:\Users\georges\AppData\Local\Programs\MiKTeX 2.9\tex\latex\amsmath\amsgen.s
ty"
File: amsgen.sty 1999/11/30 v2.0
\@emptytoks=\toks20
\ex@=\dimen120
))
("C:\Users\georges\AppData\Local\Programs\MiKTeX 2.9\tex\latex\amsmath\amsbsy.s
ty"
Package: amsbsy 1999/11/29 v1.2d
\pmbraise@=\dimen121
)
("C:\Users\georges\AppData\Local\Programs\MiKTeX 2.9\tex\latex\amsmath\amsopn.s
ty"
Package: amsopn 1999/12/14 v2.01 operator names
)
\inf@bad=\count95
LaTeX Info: Redefining \frac on input line 210.
\uproot@=\count96
\leftroot@=\count97
LaTeX Info: Redefining \overline on input line 306.
\classnum@=\count98
\DOTSCASE@=\count99
LaTeX Info: Redefining \ldots on input line 378.
LaTeX Info: Redefining \dots on input line 381.
LaTeX Info: Redefining \cdots on input line 466.
\Mathstrutbox@=\box28
\strutbox@=\box29
\big@size=\dimen122
LaTeX Font Info:    Redeclaring font encoding OML on input line 566.
LaTeX Font Info:    Redeclaring font encoding OMS on input line 567.
\macc@depth=\count100
\c@MaxMatrixCols=\count101
\dotsspace@=\muskip10
\c@parentequation=\count102
\dspbrk@lvl=\count103
\tag@help=\toks21
\row@=\count104
\column@=\count105
\maxfields@=\count106
\andhelp@=\toks22
\eqnshift@=\dimen123
\alignsep@=\dimen124
\tagshift@=\dimen125
\tagwidth@=\dimen126
\totwidth@=\dimen127
\lineht@=\dimen128
\@envbody=\toks23
\multlinegap=\skip44
\multlinetaggap=\skip45
\mathdisplay@stack=\toks24
LaTeX Info: Redefining \[ on input line 2665.
LaTeX Info: Redefining \] on input line 2666.
) ("C:\Users\georges\AppData\Local\Programs\MiKTeX 2.9\tex\latex\url\url.sty"
\Urlmuskip=\muskip11
Package: url 2013/09/16  ver 3.4  Verb mode for urls, etc.
)
("C:\Users\georges\AppData\Local\Programs\MiKTeX 2.9\tex\latex\tools\array.sty"
Package: array 2014/10/28 v2.4c Tabular extension package (FMi)
\col@sep=\dimen129
\extrarowheight=\dimen130
\NC@list=\toks25
\extratabsurround=\skip46
\backup@length=\skip47
)
("C:\Users\georges\AppData\Local\Programs\MiKTeX 2.9\tex\latex\csquotes\csquote
s.sty"
Package: csquotes 2016/07/14 v5.1h context-sensitive quotations (JAW)

("C:\Users\georges\AppData\Local\Programs\MiKTeX 2.9\tex\latex\etoolbox\etoolbo
x.sty"
Package: etoolbox 2015/08/02 v2.2a e-TeX tools for LaTeX (JAW)
\etb@tempcnta=\count107
)
\csq@reset=\count108
\csq@gtype=\count109
\csq@glevel=\count110
\csq@qlevel=\count111
\csq@maxlvl=\count112
\csq@tshold=\count113
\csq@ltx@everypar=\toks26

("C:\Users\georges\AppData\Local\Programs\MiKTeX 2.9\tex\latex\csquotes\csquote
s.def"
File: csquotes.def 2016/07/14 v5.1h csquotes generic definitions (JAW)
)
Package csquotes Info: Trying to load configuration file 'csquotes.cfg'...
Package csquotes Info: ... configuration file loaded successfully.

("C:\Users\georges\AppData\Local\Programs\MiKTeX 2.9\tex\latex\csquotes\csquote
s.cfg"
File: csquotes.cfg 
)
Package csquotes Info: Enabling multilingual quotes.
Package csquotes Info: Redefining alias 'english' -> 'english/american'.
)
Package csquotes Info: Allocating character ".

("C:\Users\georges\AppData\Local\Programs\MiKTeX 2.9\tex\latex\hyperref\hyperre
f.sty"
Package: hyperref 2012/11/06 v6.83m Hypertext links for LaTeX

("C:\Users\georges\AppData\Local\Programs\MiKTeX 2.9\tex\generic\oberdiek\hobsu
b-hyperref.sty"
Package: hobsub-hyperref 2012/04/25 v1.12 Bundle oberdiek, subset hyperref (HO)


("C:\Users\georges\AppData\Local\Programs\MiKTeX 2.9\tex\generic\oberdiek\hobsu
b-generic.sty"
Package: hobsub-generic 2012/04/25 v1.12 Bundle oberdiek, subset generic (HO)
Package: hobsub 2012/04/25 v1.12 Construct package bundles (HO)
Package hobsub Info: Skipping package `infwarerr' (already loaded).
Package hobsub Info: Skipping package `ltxcmds' (already loaded).
Package: ifluatex 2010/03/01 v1.3 Provides the ifluatex switch (HO)
Package ifluatex Info: LuaTeX not detected.
Package hobsub Info: Skipping package `ifvtex' (already loaded).
Package: intcalc 2007/09/27 v1.1 Expandable calculations with integers (HO)
Package hobsub Info: Skipping package `ifpdf' (already loaded).
Package: etexcmds 2011/02/16 v1.5 Avoid name clashes with e-TeX commands (HO)
Package etexcmds Info: Could not find \expanded.
(etexcmds)             That can mean that you are not using pdfTeX 1.50 or
(etexcmds)             that some package has redefined \expanded.
(etexcmds)             In the latter case, load this package earlier.
Package: kvsetkeys 2012/04/25 v1.16 Key value parser (HO)
Package: kvdefinekeys 2011/04/07 v1.3 Define keys (HO)
Package: pdftexcmds 2011/11/29 v0.20 Utility functions of pdfTeX for LuaTeX (HO
)
Package pdftexcmds Info: LuaTeX not detected.
Package pdftexcmds Info: \pdf@primitive is available.
Package pdftexcmds Info: \pdf@ifprimitive is available.
Package pdftexcmds Info: \pdfdraftmode found.
Package: pdfescape 2011/11/25 v1.13 Implements pdfTeX's escape features (HO)
Package: bigintcalc 2012/04/08 v1.3 Expandable calculations on big integers (HO
)
Package: bitset 2011/01/30 v1.1 Handle bit-vector datatype (HO)
Package: uniquecounter 2011/01/30 v1.2 Provide unlimited unique counter (HO)
)
Package hobsub Info: Skipping package `hobsub' (already loaded).
Package: letltxmacro 2010/09/02 v1.4 Let assignment for LaTeX macros (HO)
Package: hopatch 2011/06/24 v1.1 Wrapper for package hooks (HO)
Package: xcolor-patch 2011/01/30 xcolor patch
Package: atveryend 2011/06/30 v1.8 Hooks at the very end of document (HO)
Package: atbegshi 2011/10/05 v1.16 At begin shipout hook (HO)
Package: refcount 2011/10/16 v3.4 Data extraction from label references (HO)
Package: hycolor 2011/01/30 v1.7 Color options for hyperref/bookmark (HO)
)
("C:\Users\georges\AppData\Local\Programs\MiKTeX 2.9\tex\latex\oberdiek\auxhook
.sty"
Package: auxhook 2011/03/04 v1.3 Hooks for auxiliary files (HO)
)
("C:\Users\georges\AppData\Local\Programs\MiKTeX 2.9\tex\latex\oberdiek\kvoptio
ns.sty"
Package: kvoptions 2011/06/30 v3.11 Key value format for package options (HO)
)
\@linkdim=\dimen131
\Hy@linkcounter=\count114
\Hy@pagecounter=\count115

("C:\Users\georges\AppData\Local\Programs\MiKTeX 2.9\tex\latex\hyperref\pd1enc.
def"
File: pd1enc.def 2012/11/06 v6.83m Hyperref: PDFDocEncoding definition (HO)
Now handling font encoding PD1 ...
... no UTF-8 mapping file for font encoding PD1
)
\Hy@SavedSpaceFactor=\count116

("C:\Users\georges\AppData\Local\Programs\MiKTeX 2.9\tex\latex\00miktex\hyperre
f.cfg"
File: hyperref.cfg 2002/06/06 v1.2 hyperref configuration of TeXLive
)
Package hyperref Info: Hyper figures OFF on input line 4443.
Package hyperref Info: Link nesting OFF on input line 4448.
Package hyperref Info: Hyper index ON on input line 4451.
Package hyperref Info: Plain pages OFF on input line 4458.
Package hyperref Info: Backreferencing OFF on input line 4463.
Package hyperref Info: Implicit mode ON; LaTeX internals redefined.
Package hyperref Info: Bookmarks ON on input line 4688.
\c@Hy@tempcnt=\count117
LaTeX Info: Redefining \url on input line 5041.
\XeTeXLinkMargin=\dimen132
\Fld@menulength=\count118
\Field@Width=\dimen133
\Fld@charsize=\dimen134
Package hyperref Info: Hyper figures OFF on input line 6295.
Package hyperref Info: Link nesting OFF on input line 6300.
Package hyperref Info: Hyper index ON on input line 6303.
Package hyperref Info: backreferencing OFF on input line 6310.
Package hyperref Info: Link coloring OFF on input line 6315.
Package hyperref Info: Link coloring with OCG OFF on input line 6320.
Package hyperref Info: PDF/A mode OFF on input line 6325.
LaTeX Info: Redefining \ref on input line 6365.
LaTeX Info: Redefining \pageref on input line 6369.
\Hy@abspage=\count119
\c@Item=\count120
\c@Hfootnote=\count121
)

Package hyperref Message: Driver (autodetected): hpdftex.


("C:\Users\georges\AppData\Local\Programs\MiKTeX 2.9\tex\latex\hyperref\hpdftex
.def"
File: hpdftex.def 2012/11/06 v6.83m Hyperref driver for pdfTeX
\Fld@listcount=\count122
\c@bookmark@seq@number=\count123

("C:\Users\georges\AppData\Local\Programs\MiKTeX 2.9\tex\latex\oberdiek\rerunfi
lecheck.sty"
Package: rerunfilecheck 2011/04/15 v1.7 Rerun checks for auxiliary files (HO)
Package uniquecounter Info: New unique counter `rerunfilecheck' on input line 2
82.
)
\Hy@SectionHShift=\skip48
)
Package hyperref Info: Option `linktocpage' set `true' on input line 19.
Package hyperref Info: Option `colorlinks' set `false' on input line 19.

("C:\Users\georges\AppData\Local\Programs\MiKTeX 2.9\tex\latex\tocloft\tocloft.
sty"
Package: tocloft 2013/05/02 v2.3f parameterised ToC, etc., typesetting
Package tocloft Info: The document has section divisions on input line 44.
\cftparskip=\skip49
\cftbeforetoctitleskip=\skip50
\cftaftertoctitleskip=\skip51
\cftbeforepartskip=\skip52
\cftpartnumwidth=\skip53
\cftpartindent=\skip54
\cftbeforesecskip=\skip55
\cftsecindent=\skip56
\cftsecnumwidth=\skip57
\cftbeforesubsecskip=\skip58
\cftsubsecindent=\skip59
\cftsubsecnumwidth=\skip60
\cftbeforesubsubsecskip=\skip61
\cftsubsubsecindent=\skip62
\cftsubsubsecnumwidth=\skip63
\cftbeforeparaskip=\skip64
\cftparaindent=\skip65
\cftparanumwidth=\skip66
\cftbeforesubparaskip=\skip67
\cftsubparaindent=\skip68
\cftsubparanumwidth=\skip69
\cftbeforeloftitleskip=\skip70
\cftafterloftitleskip=\skip71
\cftbeforefigskip=\skip72
\cftfigindent=\skip73
\cftfignumwidth=\skip74
\c@lofdepth=\count124
\c@lotdepth=\count125
\cftbeforelottitleskip=\skip75
\cftafterlottitleskip=\skip76
\cftbeforetabskip=\skip77
\cfttabindent=\skip78
\cfttabnumwidth=\skip79
)
("C:\Users\georges\AppData\Local\Programs\MiKTeX 2.9\tex\latex\xcolor\xcolor.st
y"
Package: xcolor 2016/05/11 v2.12 LaTeX color extensions (UK)

("C:\Users\georges\AppData\Local\Programs\MiKTeX 2.9\tex\latex\00miktex\color.c
fg"
File: color.cfg 2007/01/18 v1.5 color configuration of teTeX/TeXLive
)
Package xcolor Info: Package option `usenames' ignored on input line 216.
Package xcolor Info: Driver file: pdftex.def on input line 225.

("C:\Users\georges\AppData\Local\Programs\MiKTeX 2.9\tex\latex\colortbl\colortb
l.sty"
Package: colortbl 2012/02/13 v1.0a Color table columns (DPC)
\everycr=\toks27
\minrowclearance=\skip80
)
\rownum=\count126
Package xcolor Info: Model `cmy' substituted by `cmy0' on input line 1348.
Package xcolor Info: Model `hsb' substituted by `rgb' on input line 1352.
Package xcolor Info: Model `RGB' extended on input line 1364.
Package xcolor Info: Model `HTML' substituted by `rgb' on input line 1366.
Package xcolor Info: Model `Hsb' substituted by `hsb' on input line 1367.
Package xcolor Info: Model `tHsb' substituted by `hsb' on input line 1368.
Package xcolor Info: Model `HSB' substituted by `hsb' on input line 1369.
Package xcolor Info: Model `Gray' substituted by `gray' on input line 1370.
Package xcolor Info: Model `wave' substituted by `hsb' on input line 1371.

("C:\Users\georges\AppData\Local\Programs\MiKTeX 2.9\tex\latex\graphics\dvipsna
m.def"
File: dvipsnam.def 2014/10/14 v3.0j Driver-dependent file (DPC,SPQR)
)
("C:\Users\georges\AppData\Local\Programs\MiKTeX 2.9\tex\latex\xcolor\svgnam.de
f"
File: svgnam.def 2016/05/11 v2.12 Predefined colors according to SVG 1.1 (UK)
))
("C:\Users\georges\AppData\Local\Programs\MiKTeX 2.9\tex\latex\listings\listing
s.sty"
\lst@mode=\count127
\lst@gtempboxa=\box30
\lst@token=\toks28
\lst@length=\count128
\lst@currlwidth=\dimen135
\lst@column=\count129
\lst@pos=\count130
\lst@lostspace=\dimen136
\lst@width=\dimen137
\lst@newlines=\count131
\lst@lineno=\count132
\lst@maxwidth=\dimen138

("C:\Users\georges\AppData\Local\Programs\MiKTeX 2.9\tex\latex\listings\lstmisc
.sty"
File: lstmisc.sty 2015/06/04 1.6 (Carsten Heinz)
\c@lstnumber=\count133
\lst@skipnumbers=\count134
\lst@framebox=\box31
)
("C:\Users\georges\AppData\Local\Programs\MiKTeX 2.9\tex\latex\listings\listing
s.cfg"
File: listings.cfg 2015/06/04 1.6 listings configuration
))
Package: listings 2015/06/04 1.6 (Carsten Heinz)
Package csquotes Info: Checking for multilingual support...
Package csquotes Info: ... none found.


Package csquotes Warning: No multilingual support.
(csquotes)                Cannot enable multilingual quotes on input line 97.

(MQP_Paper.aux

LaTeX Warning: Label `camTestMatlab' multiply defined.

)
\openout1 = `MQP_Paper.aux'.

LaTeX Font Info:    Checking defaults for OML/cmm/m/it on input line 97.
LaTeX Font Info:    ... okay on input line 97.
LaTeX Font Info:    Checking defaults for T1/cmr/m/n on input line 97.
LaTeX Font Info:    ... okay on input line 97.
LaTeX Font Info:    Checking defaults for OT1/cmr/m/n on input line 97.
LaTeX Font Info:    ... okay on input line 97.
LaTeX Font Info:    Checking defaults for OMS/cmsy/m/n on input line 97.
LaTeX Font Info:    ... okay on input line 97.
LaTeX Font Info:    Checking defaults for OMX/cmex/m/n on input line 97.
LaTeX Font Info:    ... okay on input line 97.
LaTeX Font Info:    Checking defaults for U/cmr/m/n on input line 97.
LaTeX Font Info:    ... okay on input line 97.
LaTeX Font Info:    Checking defaults for PD1/pdf/m/n on input line 97.
LaTeX Font Info:    ... okay on input line 97.

*geometry* driver: auto-detecting
*geometry* detected driver: pdftex
*geometry* verbose mode - [ preamble ] result:
* driver: pdftex
* paper: letterpaper
* layout: <same size as paper>
* layoutoffset:(h,v)=(0.0pt,0.0pt)
* modes: 
* h-part:(L,W,R)=(90.3375pt, 433.62001pt, 90.3375pt)
* v-part:(T,H,B)=(90.3375pt, 614.295pt, 90.3375pt)
* \paperwidth=614.295pt
* \paperheight=794.96999pt
* \textwidth=433.62001pt
* \textheight=614.295pt
* \oddsidemargin=18.0675pt
* \evensidemargin=18.0675pt
* \topmargin=-18.9325pt
* \headheight=12.0pt
* \headsep=25.0pt
* \topskip=12.0pt
* \footskip=30.0pt
* \marginparwidth=44.0pt
* \marginparsep=10.0pt
* \columnsep=10.0pt
* \skip\footins=10.8pt plus 4.0pt minus 2.0pt
* \hoffset=0.0pt
* \voffset=0.0pt
* \mag=1000
* \@twocolumnfalse
* \@twosidefalse
* \@mparswitchfalse
* \@reversemarginfalse
* (1in=72.27pt=25.4mm, 1cm=28.453pt)


("C:\Users\georges\AppData\Local\Programs\MiKTeX 2.9\tex\context\base\supp-pdf.
mkii"
[Loading MPS to PDF converter (version 2006.09.02).]
\scratchcounter=\count135
\scratchdimen=\dimen139
\scratchbox=\box32
\nofMPsegments=\count136
\nofMParguments=\count137
\everyMPshowfont=\toks29
\MPscratchCnt=\count138
\MPscratchDim=\dimen140
\MPnumerator=\count139
\makeMPintoPDFobject=\count140
\everyMPtoPDFconversion=\toks30
)
Package caption Info: Begin \AtBeginDocument code.
Package caption Info: hyperref package is loaded.
Package caption Info: listings package is loaded.
Package caption Info: End \AtBeginDocument code.
Package csquotes Info: Making character " active on input line 97.
\AtBeginShipoutBox=\box33
Package hyperref Info: Link coloring OFF on input line 97.

("C:\Users\georges\AppData\Local\Programs\MiKTeX 2.9\tex\latex\hyperref\nameref
.sty"
Package: nameref 2012/10/27 v2.43 Cross-referencing by name of section

("C:\Users\georges\AppData\Local\Programs\MiKTeX 2.9\tex\generic\oberdiek\getti
tlestring.sty"
Package: gettitlestring 2010/12/03 v1.4 Cleanup title references (HO)
)
\c@section@level=\count141
)
LaTeX Info: Redefining \ref on input line 97.
LaTeX Info: Redefining \pageref on input line 97.
LaTeX Info: Redefining \nameref on input line 97.
 (MQP_Paper.out) (MQP_Paper.out)
\@outlinefile=\write3
\openout3 = `MQP_Paper.out'.

\c@lstlisting=\count142
 (titlepage.tex
<figures/WPI_Inst_Prim_FulClr.png, id=135, 96.36pt x 32.88284pt>
File: figures/WPI_Inst_Prim_FulClr.png Graphic file (type png)

<use figures/WPI_Inst_Prim_FulClr.png>
Package pdftex.def Info: figures/WPI_Inst_Prim_FulClr.png used on input line 5.

(pdftex.def)             Requested size: 199.16928pt x 67.96667pt.
 [1

{C:/Users/georges/AppData/Local/MiKTeX/2.9/pdftex/config/pdftex.map} <./figures
/WPI_Inst_Prim_FulClr.png>])
*geometry* verbose mode - [ newgeometry ] result:
* driver: pdftex
* paper: letterpaper
* layout: <same size as paper>
* layoutoffset:(h,v)=(0.0pt,0.0pt)
* modes: 
* h-part:(L,W,R)=(72.26999pt, 469.75502pt, 72.26999pt)
* v-part:(T,H,B)=(72.26999pt, 650.43001pt, 72.26999pt)
* \paperwidth=614.295pt
* \paperheight=794.96999pt
* \textwidth=469.75502pt
* \textheight=650.43001pt
* \oddsidemargin=0.0pt
* \evensidemargin=0.0pt
* \topmargin=-37.0pt
* \headheight=12.0pt
* \headsep=25.0pt
* \topskip=12.0pt
* \footskip=30.0pt
* \marginparwidth=44.0pt
* \marginparsep=10.0pt
* \columnsep=10.0pt
* \skip\footins=10.8pt plus 4.0pt minus 2.0pt
* \hoffset=0.0pt
* \voffset=0.0pt
* \mag=1000
* \@twocolumnfalse
* \@twosidefalse
* \@mparswitchfalse
* \@reversemarginfalse
* (1in=72.27pt=25.4mm, 1cm=28.453pt)


(MQP_Paper.tocpdfTeX warning (ext4): destination with the same identifier (name
{page.}) has been already used, duplicate ignored
<to be read again> 
                   \relax 
l.25 ...m Implementation}{36}{subsubsection.4.6.2}
                                                   [1

])
\tf@toc=\write4
\openout4 = `MQP_Paper.toc'.

pdfTeX warning (ext4): destination with the same identifier (name{page.}) has b
een already used, duplicate ignored
<to be read again> 
                   \relax 
l.108 \newpage
               [2] (MQP_Paper.lof)
\tf@lof=\write5
\openout5 = `MQP_Paper.lof'.

pdfTeX warning (ext4): destination with the same identifier (name{page.}) has b
een already used, duplicate ignored
<to be read again> 
                   \relax 
l.113 \newpage
               [3] (abstract.tex) [1] (introduction.tex [1]) [2]
(background.tex <figures/real_time_SLAM.png, id=334, 824.8416pt x 313.17pt>
File: figures/real_time_SLAM.png Graphic file (type png)

<use figures/real_time_SLAM.png>
Package pdftex.def Info: figures/real_time_SLAM.png used on input line 7.
(pdftex.def)             Requested size: 375.80544pt x 142.6837pt.
 [3 <./figures/real_time_SLAM.png>]
<figures/serveball_squito.png, id=345, 333.8874pt x 448.5558pt>
File: figures/serveball_squito.png Graphic file (type png)

<use figures/serveball_squito.png>
Package pdftex.def Info: figures/serveball_squito.png used on input line 17.
(pdftex.def)             Requested size: 140.92793pt x 189.32982pt.

<figures/serveball_io.png, id=349, 385.44pt x 221.1462pt>
File: figures/serveball_io.png Graphic file (type png)

<use figures/serveball_io.png>
Package pdftex.def Info: figures/serveball_io.png used on input line 25.
(pdftex.def)             Requested size: 281.85587pt x 161.71207pt.
 [4 <./figures/serveball_squito.png>]
<figures/disparity_example.png, id=361, 1043.5788pt x 282.8166pt>
File: figures/disparity_example.png Graphic file (type png)

<use figures/disparity_example.png>
Package pdftex.def Info: figures/disparity_example.png used on input line 33.
(pdftex.def)             Requested size: 422.77664pt x 114.57462pt.
 [5 <./figures/serveball_io.png> <./figures/disparity_example.png>]
<figures/human_tracking.png, id=372, 534.798pt x 428.3202pt>
File: figures/human_tracking.png Graphic file (type png)

<use figures/human_tracking.png>
Package pdftex.def Info: figures/human_tracking.png used on input line 41.
(pdftex.def)             Requested size: 234.8775pt x 188.11508pt.
 [6 <./figures/human_tracking.png>]
<figures/block_diagram.png, id=381, 1217.54875pt x 424.58624pt>
File: figures/block_diagram.png Graphic file (type png)

<use figures/block_diagram.png>
Package pdftex.def Info: figures/block_diagram.png used on input line 51.
(pdftex.def)             Requested size: 563.70459pt x 196.58185pt.
 [7 <./figures/block_diagram.png>]) [8]
(cameras.tex <figures/camera_board.png, id=400, 97.20316pt x 76.24484pt>
File: figures/camera_board.png Graphic file (type png)

<use figures/camera_board.png>
Package pdftex.def Info: figures/camera_board.png used on input line 10.
(pdftex.def)             Requested size: 234.8775pt x 184.26292pt.
 [9]
<figures/camFvLv.png, id=408, 497.86pt x 69.76062pt>
File: figures/camFvLv.png Graphic file (type png)
 <use figures/camFvLv.png>
Package pdftex.def Info: figures/camFvLv.png used on input line 19.
(pdftex.def)             Requested size: 469.75502pt x 65.82405pt.

<figures/camLvPckDout.png, id=412, 516.42938pt x 111.91812pt>
File: figures/camLvPckDout.png Graphic file (type png)

<use figures/camLvPckDout.png>
Package pdftex.def Info: figures/camLvPckDout.png used on input line 27.
(pdftex.def)             Requested size: 469.75502pt x 101.80637pt.
 [10 <./figures/camera_board.png (PNG copy)> <./figures/camFvLv.png>]
<figures/oScope/pclk_fv_lv_data2/tek00004.png, id=422, 803.0pt x 481.8pt>
File: figures/oScope/pclk_fv_lv_data2/tek00004.png Graphic file (type png)

<use figures/oScope/pclk_fv_lv_data2/tek00004.png>
Package pdftex.def Info: figures/oScope/pclk_fv_lv_data2/tek00004.png used on i
nput line 35.
(pdftex.def)             Requested size: 469.75502pt x 281.86288pt.
 [11 <./figures/camLvPckDout.png>]

Package hyperref Warning: Token not allowed in a PDF string (PDFDocEncoding):
(hyperref)                removing `math shift' on input line 40.


Package hyperref Warning: Token not allowed in a PDF string (PDFDocEncoding):
(hyperref)                removing `superscript' on input line 40.


Package hyperref Warning: Token not allowed in a PDF string (PDFDocEncoding):
(hyperref)                removing `math shift' on input line 40.

[12 <./figures/oScope/pclk_fv_lv_data2/tek00004.png (PNG copy)>]
<figures/I2C_data_transfer.png, id=433, 843.15pt x 140.525pt>
File: figures/I2C_data_transfer.png Graphic file (type png)

<use figures/I2C_data_transfer.png>
Package pdftex.def Info: figures/I2C_data_transfer.png used on input line 44.
(pdftex.def)             Requested size: 469.75502pt x 78.29248pt.

<figures/oScope/i2c_0x00/tek00001.png, id=438, 602.25pt x 320.69812pt>
File: figures/oScope/i2c_0x00/tek00001.png Graphic file (type png)

<use figures/oScope/i2c_0x00/tek00001.png>
Package pdftex.def Info: figures/oScope/i2c_0x00/tek00001.png used on input lin
e 53.
(pdftex.def)             Requested size: 469.75502pt x 250.1533pt.
 [13 <./figures/I2C_data_transfer.png>]
<figures/oScope/i2c_0x07/externalTrigger/externalTrig.png, id=449, 803.0pt x 48
1.8pt>
File: figures/oScope/i2c_0x07/externalTrigger/externalTrig.png Graphic file (ty
pe png)
 <use figures/oScope/i2c_0x07/externalTrigger/externalTrig.png>
Package pdftex.def Info: figures/oScope/i2c_0x07/externalTrigger/externalTrig.p
ng used on input line 65.
(pdftex.def)             Requested size: 469.75502pt x 281.86288pt.
 [14 <./figures/oScope/i2c_0x00/tek00001.png>] [15 <./figures/oScope/i2c_0x07/e
xternalTrigger/externalTrig.png (PNG copy)>] [16]
<figures/camTestBlockDiag.png, id=478, 994.71625pt x 851.18pt>
File: figures/camTestBlockDiag.png Graphic file (type png)

<use figures/camTestBlockDiag.png>
Package pdftex.def Info: figures/camTestBlockDiag.png used on input line 84.
(pdftex.def)             Requested size: 563.70459pt x 482.37224pt.
 [17]
<figures/oScope/camera_fifo/fifo_rstAndDataTimed.png, id=485, 803.0pt x 481.8pt
>
File: figures/oScope/camera_fifo/fifo_rstAndDataTimed.png Graphic file (type pn
g)
 <use figures/oScope/camera_fifo/fifo_rstAndDataTimed.png>
Package pdftex.def Info: figures/oScope/camera_fifo/fifo_rstAndDataTimed.png us
ed on input line 91.
(pdftex.def)             Requested size: 469.75502pt x 281.86288pt.
 [18 <./figures/camTestBlockDiag.png>]
<figures/oScope/camera_fifo/PuTTy.png, id=493, 496.85625pt x 289.08pt>
File: figures/oScope/camera_fifo/PuTTy.png Graphic file (type png)

<use figures/oScope/camera_fifo/PuTTy.png>
Package pdftex.def Info: figures/oScope/camera_fifo/PuTTy.png used on input lin
e 99.
(pdftex.def)             Requested size: 375.80544pt x 218.65326pt.
 [19 <./figures/oScope/camera_fifo/fifo_rstAndDataTimed.png (PNG copy)>]
<figures/oScope/camera_fifo/notebook.png, id=501, 479.8728pt x 308.8338pt>
File: figures/oScope/camera_fifo/notebook.png Graphic file (type png)

<use figures/oScope/camera_fifo/notebook.png>
Package pdftex.def Info: figures/oScope/camera_fifo/notebook.png used on input 
line 106.
(pdftex.def)             Requested size: 352.31625pt x 226.75214pt.

<figures/oScope/camera_fifo/camTestSetup.jpg, id=502, 729.927pt x 901.2069pt>
File: figures/oScope/camera_fifo/camTestSetup.jpg Graphic file (type jpg)

<use figures/oScope/camera_fifo/camTestSetup.jpg>
Package pdftex.def Info: figures/oScope/camera_fifo/camTestSetup.jpg used on in
put line 113.
(pdftex.def)             Requested size: 352.31625pt x 434.99463pt.
 [20 <./figures/oScope/camera_fifo/PuTTy.png> <./figures/oScope/camera_fifo/not
ebook.png>] [21 <./figures/oScope/camera_fifo/camTestSetup.jpg>] [22]
<figures/stereo_top.png, id=527, 501.875pt x 217.81375pt>
File: figures/stereo_top.png Graphic file (type png)

<use figures/stereo_top.png>
Package pdftex.def Info: figures/stereo_top.png used on input line 137.
(pdftex.def)             Requested size: 305.33789pt x 132.52385pt.

<figures/stereo_board_assembled.JPG, id=528, 460.25665pt x 253.56445pt>
File: figures/stereo_board_assembled.JPG Graphic file (type jpg)

<use figures/stereo_board_assembled.JPG>
Package pdftex.def Info: figures/stereo_board_assembled.JPG used on input line 
142.
(pdftex.def)             Requested size: 305.33789pt x 168.21585pt.
 [23]
<figures/stereo_breakout.JPG, id=534, 836.47363pt x 470.37445pt>
File: figures/stereo_breakout.JPG Graphic file (type jpg)

<use figures/stereo_breakout.JPG>
Package pdftex.def Info: figures/stereo_breakout.JPG used on input line 151.
(pdftex.def)             Requested size: 375.80544pt x 211.32204pt.

<figures/cam1_image.png, id=537, 479.8728pt x 308.352pt>
File: figures/cam1_image.png Graphic file (type png)

<use figures/cam1_image.png>
Package pdftex.def Info: figures/cam1_image.png used on input line 159.
(pdftex.def)             Requested size: 375.80544pt x 241.49223pt.
 [24 <./figures/stereo_top.png> <./figures/stereo_board_assembled.JPG> <./figur
es/stereo_breakout.JPG>]) (disparity.tex
<figures/epipolarLines.PNG, id=544, 339.76938pt x 272.51813pt>
File: figures/epipolarLines.PNG Graphic file (type png)

<use figures/epipolarLines.PNG>
Package pdftex.def Info: figures/epipolarLines.PNG used on input line 5.
(pdftex.def)             Requested size: 352.31625pt x 282.59297pt.
 [25 <./figures/cam1_image.png>]
<figures/blockMatching.PNG, id=551, 541.52313pt x 371.3875pt>
File: figures/blockMatching.PNG Graphic file (type png)

<use figures/blockMatching.PNG>
Package pdftex.def Info: figures/blockMatching.PNG used on input line 13.
(pdftex.def)             Requested size: 352.31625pt x 241.63135pt.

<figures/SAD.PNG, id=554, 530.48187pt x 356.83313pt>
File: figures/SAD.PNG Graphic file (type png)
 <use figures/SAD.PNG>
Package pdftex.def Info: figures/SAD.PNG used on input line 18.
(pdftex.def)             Requested size: 352.31625pt x 236.99158pt.

[26 <./figures/epipolarLines.PNG>]) [27 <./figures/blockMatching.PNG> <./figure
s/SAD.PNG>] (bib.tex
Underfull \hbox (badness 1127) in paragraph at lines 18--19
[]\OT1/cmr/m/n/12 Dresser, L.H., A.W., \OT1/cmr/m/it/12 Ac-cel-er-at-ing Aug-me
nted Re-al-ity Video Pro-cess-ing with FP-
 []


Underfull \hbox (badness 2529) in paragraph at lines 18--19
\OT1/cmr/m/it/12 GAs\OT1/cmr/m/n/12 . 2016. Avail-able from: []$\OT1/cmtt/m/n/1
2 https : / / www . wpi . edu / Pubs / E-[]project / Available /$
 []


Underfull \hbox (badness 2237) in paragraph at lines 35--36
[]\OT1/cmr/m/n/12 Chris Mc-Cormick, \OT1/cmr/m/it/12 Stereo Vi-sion Tu-to-rial 
- Part 1\OT1/cmr/m/n/12 . Avail-able from: []$\OT1/cmtt/m/n/12 http : / /$
 []

) [28] (appendix/resources.tex
Overfull \hbox (1.34981pt too wide) in paragraph at lines 2--3
[]\OT1/cmr/m/n/12 This sec-tion is in-tended to serve as com-plete com-pi-la-ti
on of all re-sources gath-ered through-
 []

LaTeX Font Info:    Try loading font information for OMS+cmr on input line 5.
("C:\Users\georges\AppData\Local\Programs\MiKTeX 2.9\tex\latex\base\omscmr.fd"
File: omscmr.fd 2014/09/29 v2.5h Standard LaTeX font definitions
)
LaTeX Font Info:    Font shape `OMS/cmr/m/n' in size <12> not available
(Font)              Font shape `OMS/cmsy/m/n' tried instead on input line 5.

Overfull \hbox (263.57002pt too wide) in paragraph at lines 11--12
$\OT1/cmtt/m/n/12 latticesemi . com / [] / media / LatticeSemi / Documents / Re
ferenceDesigns / JM / MIPICSI2toCMOSParallelSensorBridgeDocumentation .$
 []

[29]
Overfull \hbox (8.68658pt too wide) in paragraph at lines 35--36
[]\OT1/cmr/m/n/12 \  iRobot 110 First-Look." iRobot. $\OT1/cmtt/m/n/12 http : /
 / www . irobot . com / $[]$ / media / Files / Robots /$
 []

) (appendix/componentSelection.tex [30]) (appendix/camDecisionMatrix.tex
Overfull \hbox (0.75467pt too wide) in paragraph at lines 13--13
\OT1/cmr/bx/n/10.95 Rank 
 []


Underfull \hbox (badness 10000) in paragraph at lines 15--23

 []

[31]) (appendix/camControlReg.tex
<figures/CamControlReg.PNG, id=601, 747.79375pt x 583.17876pt>
File: figures/CamControlReg.PNG Graphic file (type png)

<use figures/CamControlReg.PNG>
Package pdftex.def Info: figures/CamControlReg.PNG used on input line 3.
(pdftex.def)             Requested size: 469.75502pt x 366.34563pt.
) [32] [33 <./figures/CamControlReg.PNG>]
(appendix/stereoCameraSchematic.tex
<figures/stereo_schematic.png, id=614, 617.80525pt x 798.27377pt>
File: figures/stereo_schematic.png Graphic file (type png)

<use figures/stereo_schematic.png>
Package pdftex.def Info: figures/stereo_schematic.png used on input line 3.
(pdftex.def)             Requested size: 469.75502pt x 606.98671pt.
) [34 <./figures/stereo_schematic.png>]
(appendix/matlabCode.tex

LaTeX Font Warning: Font shape `OT1/cmr/bx/sc' undefined
(Font)              using `OT1/cmr/bx/n' instead on input line 1.


("C:\Users\georges\AppData\Local\Programs\MiKTeX 2.9\tex\latex\listings\lstlang
1.sty"
File: lstlang1.sty 2015/06/04 1.6 listings language file
)
Package hyperref Info: bookmark level for unknown lstlisting defaults to 0 on i
nput line 4.
 (appendix/matlab/ParseData.m [35]) (appendix/matlab/stereoDisparity.m
[36] [37] [38])) [39] (appendix/verilogCode.tex
("C:\Users\georges\AppData\Local\Programs\MiKTeX 2.9\tex\latex\listings\lstlang
1.sty"
File: lstlang1.sty 2015/06/04 1.6 listings language file
)
("C:\Users\georges\AppData\Local\Programs\MiKTeX 2.9\tex\latex\listings\lstlang
2.sty"
File: lstlang2.sty 2015/06/04 1.6 listings language file
)
("C:\Users\georges\AppData\Local\Programs\MiKTeX 2.9\tex\latex\listings\lstlang
3.sty"
File: lstlang3.sty 2015/06/04 1.6 listings language file
) (appendix/verilog/mt9v034_test_top.v [40] [41] [42])
(appendix/verilog/mt9v034_test_buffer.v [43] [44] [45])) [46]
(appendix/cCode.tex
("C:\Users\georges\AppData\Local\Programs\MiKTeX 2.9\tex\latex\listings\lstlang
1.sty"
File: lstlang1.sty 2015/06/04 1.6 listings language file
)
("C:\Users\georges\AppData\Local\Programs\MiKTeX 2.9\tex\latex\listings\lstmisc
.sty"
File: lstmisc.sty 2015/06/04 1.6 (Carsten Heinz)
) (appendix/c/imageUART.c [47] [48])) (appendix/examples.tex [49]
File: figures/WPI_Inst_Prim_FulClr.png Graphic file (type png)

<use figures/WPI_Inst_Prim_FulClr.png>
Package pdftex.def Info: figures/WPI_Inst_Prim_FulClr.png used on input line 7.

(pdftex.def)             Requested size: 117.43875pt x 40.07585pt.

Overfull \hbox (3.86087pt too wide) in paragraph at lines 15--16
[]\OT1/cmr/m/n/12 Code snip-pets can be cre-ated by call-ing []\OT1/cmtt/m/n/12
 \begin{lstlisting}[style=<Language_Name>]\OT1/cmr/m/n/12 ,
 []


Overfull \hbox (2.74086pt too wide) in paragraph at lines 17--18
[]\OT1/cmtt/m/n/10 \lstinputlisting{src.ext}[style=<Language_Name>,firstline=li
neNumber, lastline=lineNumber] 
 []

[50]
Overfull \hbox (21.52945pt too wide) in paragraph at lines 55--56
[]\OT1/cmr/m/n/12 As an ex-am-ple, I can cite \OT1/cmr/m/it/12 Serve-ball \OT1/
cmr/m/n/12 at the end of this sen-tence by call-ing []\OT1/cmtt/m/n/12 \cite{se
rveball}\OT1/cmr/m/n/12 .[[]] 
 []

)
Package atveryend Info: Empty hook `BeforeClearDocument' on input line 157.
 [51]
Package atveryend Info: Empty hook `AfterLastShipout' on input line 157.
 (MQP_Paper.aux)
Package atveryend Info: Executing hook `AtVeryEndDocument' on input line 157.
Package atveryend Info: Executing hook `AtEndAfterFileList' on input line 157.
Package rerunfilecheck Info: File `MQP_Paper.out' has not changed.
(rerunfilecheck)             Checksum: CFBF92A32558CCA23F8226B5F1828857;2351.


LaTeX Font Warning: Some font shapes were not available, defaults substituted.


LaTeX Warning: There were multiply-defined labels.

 ) 
Here is how much of TeX's memory you used:
 12870 strings out of 493634
 190329 string characters out of 3134423
 534621 words of memory out of 3000000
 15207 multiletter control sequences out of 15000+200000
 12407 words of font info for 45 fonts, out of 3000000 for 9000
 1025 hyphenation exceptions out of 8191
 42i,14n,59p,1801b,2144s stack positions out of 5000i,500n,10000p,200000b,50000s
<C:/Users/georges/AppData/Local/Programs/MiKTeX 2.9/fonts/type1/public/amsfon
ts/cm/cmbx10.pfb><C:/Users/georges/AppData/Local/Programs/MiKTeX 2.9/fonts/type
1/public/amsfonts/cm/cmbx12.pfb><C:/Users/georges/AppData/Local/Programs/MiKTeX
 2.9/fonts/type1/public/amsfonts/cm/cmcsc10.pfb><C:/Users/georges/AppData/Local
/Programs/MiKTeX 2.9/fonts/type1/public/amsfonts/cm/cmmi10.pfb><C:/Users/george
s/AppData/Local/Programs/MiKTeX 2.9/fonts/type1/public/amsfonts/cm/cmmi12.pfb><
C:/Users/georges/AppData/Local/Programs/MiKTeX 2.9/fonts/type1/public/amsfonts/
cm/cmr10.pfb><C:/Users/georges/AppData/Local/Programs/MiKTeX 2.9/fonts/type1/pu
blic/amsfonts/cm/cmr12.pfb><C:/Users/georges/AppData/Local/Programs/MiKTeX 2.9/
fonts/type1/public/amsfonts/cm/cmr17.pfb><C:/Users/georges/AppData/Local/Progra
ms/MiKTeX 2.9/fonts/type1/public/amsfonts/cm/cmr6.pfb><C:/Users/georges/AppData
/Local/Programs/MiKTeX 2.9/fonts/type1/public/amsfonts/cm/cmr7.pfb><C:/Users/ge
orges/AppData/Local/Programs/MiKTeX 2.9/fonts/type1/public/amsfonts/cm/cmr8.pfb
><C:/Users/georges/AppData/Local/Programs/MiKTeX 2.9/fonts/type1/public/amsfont
s/cm/cmsy10.pfb><C:/Users/georges/AppData/Local/Programs/MiKTeX 2.9/fonts/type1
/public/amsfonts/cm/cmsy8.pfb><C:/Users/georges/AppData/Local/Programs/MiKTeX 2
.9/fonts/type1/public/amsfonts/cm/cmti10.pfb><C:/Users/georges/AppData/Local/Pr
ograms/MiKTeX 2.9/fonts/type1/public/amsfonts/cm/cmti12.pfb><C:/Users/georges/A
ppData/Local/Programs/MiKTeX 2.9/fonts/type1/public/amsfonts/cm/cmtt10.pfb><C:/
Users/georges/AppData/Local/Programs/MiKTeX 2.9/fonts/type1/public/amsfonts/cm/
cmtt12.pfb>
Output written on MQP_Paper.pdf (56 pages, 13515687 bytes).
PDF statistics:
 1577 PDF objects out of 1728 (max. 8388607)
 796 named destinations out of 1000 (max. 500000)
 405 words of extra memory for PDF output out of 10000 (max. 10000000)

