
*** Running vivado
    with args -log div_gen_0.vds -m64 -mode batch -messageDb vivado.pb -notrace -source div_gen_0.tcl


****** Vivado v2016.2 (64-bit)
  **** SW Build 1577090 on Thu Jun  2 16:32:40 MDT 2016
  **** IP Build 1577682 on Fri Jun  3 12:00:54 MDT 2016
    ** Copyright 1986-2016 Xilinx, Inc. All Rights Reserved.

source div_gen_0.tcl -notrace
Command: synth_design -top div_gen_0 -part xc7z020clg484-1 -mode out_of_context
Starting synth_design
Attempting to get a license for feature 'Synthesis' and/or device 'xc7z020'
INFO: [Common 17-349] Got license for feature 'Synthesis' and/or device 'xc7z020'
INFO: Launching helper process for spawning children vivado processes
INFO: Helper process launched with PID 3380 
---------------------------------------------------------------------------------
Starting RTL Elaboration : Time (s): cpu = 00:00:18 ; elapsed = 00:00:21 . Memory (MB): peak = 295.398 ; gain = 88.355
---------------------------------------------------------------------------------
INFO: [Synth 8-638] synthesizing module 'div_gen_0' [c:/Users/John/Documents/GitHub/MQP/IMU/IMU.srcs/sources_1/ip/div_gen_0/synth/div_gen_0.vhd:71]
INFO: [Synth 8-3491] module 'div_gen_v5_1_10' declared at 'c:/Users/John/Documents/GitHub/MQP/IMU/IMU.srcs/sources_1/ip/div_gen_0/div_gen_v5_1_10/hdl/div_gen_v5_1.vhd:57' bound to instance 'U0' of component 'div_gen_v5_1_10' [c:/Users/John/Documents/GitHub/MQP/IMU/IMU.srcs/sources_1/ip/div_gen_0/synth/div_gen_0.vhd:138]
INFO: [Synth 8-256] done synthesizing module 'div_gen_0' (12#1) [c:/Users/John/Documents/GitHub/MQP/IMU/IMU.srcs/sources_1/ip/div_gen_0/synth/div_gen_0.vhd:71]
WARNING: [Synth 8-3331] design c_twos_comp_viv has unconnected port ce
WARNING: [Synth 8-3331] design c_twos_comp_viv has unconnected port aclr
WARNING: [Synth 8-3331] design c_twos_comp_viv has unconnected port aset
WARNING: [Synth 8-3331] design c_twos_comp_viv has unconnected port ainit
WARNING: [Synth 8-3331] design c_twos_comp_viv has unconnected port sclr
WARNING: [Synth 8-3331] design c_twos_comp_viv has unconnected port sset
WARNING: [Synth 8-3331] design c_twos_comp_viv has unconnected port sinit
WARNING: [Synth 8-3331] design xbip_pipe_v3_0_2_viv__parameterized1 has unconnected port CE
WARNING: [Synth 8-3331] design xbip_pipe_v3_0_2_viv__parameterized1 has unconnected port SCLR
WARNING: [Synth 8-3331] design xbip_pipe_v3_0_2_viv__parameterized1 has unconnected port SSET
WARNING: [Synth 8-3331] design xbip_pipe_v3_0_2_viv__parameterized1 has unconnected port SINIT
WARNING: [Synth 8-3331] design c_twos_comp_viv__parameterized1 has unconnected port ce
WARNING: [Synth 8-3331] design c_twos_comp_viv__parameterized1 has unconnected port aclr
WARNING: [Synth 8-3331] design c_twos_comp_viv__parameterized1 has unconnected port aset
WARNING: [Synth 8-3331] design c_twos_comp_viv__parameterized1 has unconnected port ainit
WARNING: [Synth 8-3331] design c_twos_comp_viv__parameterized1 has unconnected port sclr
WARNING: [Synth 8-3331] design c_twos_comp_viv__parameterized1 has unconnected port sset
WARNING: [Synth 8-3331] design c_twos_comp_viv__parameterized1 has unconnected port sinit
WARNING: [Synth 8-3331] design xbip_pipe_v3_0_2_viv__parameterized171 has unconnected port CE
WARNING: [Synth 8-3331] design xbip_pipe_v3_0_2_viv__parameterized171 has unconnected port SCLR
WARNING: [Synth 8-3331] design xbip_pipe_v3_0_2_viv__parameterized171 has unconnected port SSET
WARNING: [Synth 8-3331] design xbip_pipe_v3_0_2_viv__parameterized171 has unconnected port SINIT
WARNING: [Synth 8-3331] design xbip_pipe_v3_0_2_viv__parameterized165 has unconnected port CE
WARNING: [Synth 8-3331] design xbip_pipe_v3_0_2_viv__parameterized165 has unconnected port SCLR
WARNING: [Synth 8-3331] design xbip_pipe_v3_0_2_viv__parameterized165 has unconnected port SSET
WARNING: [Synth 8-3331] design xbip_pipe_v3_0_2_viv__parameterized165 has unconnected port SINIT
WARNING: [Synth 8-3331] design xbip_pipe_v3_0_2_viv__parameterized161 has unconnected port CE
WARNING: [Synth 8-3331] design xbip_pipe_v3_0_2_viv__parameterized161 has unconnected port SCLR
WARNING: [Synth 8-3331] design xbip_pipe_v3_0_2_viv__parameterized161 has unconnected port SSET
WARNING: [Synth 8-3331] design xbip_pipe_v3_0_2_viv__parameterized161 has unconnected port SINIT
WARNING: [Synth 8-3331] design xbip_pipe_v3_0_2_viv__parameterized157 has unconnected port CE
WARNING: [Synth 8-3331] design xbip_pipe_v3_0_2_viv__parameterized157 has unconnected port SCLR
WARNING: [Synth 8-3331] design xbip_pipe_v3_0_2_viv__parameterized157 has unconnected port SSET
WARNING: [Synth 8-3331] design xbip_pipe_v3_0_2_viv__parameterized157 has unconnected port SINIT
WARNING: [Synth 8-3331] design xbip_pipe_v3_0_2_viv__parameterized153 has unconnected port CE
WARNING: [Synth 8-3331] design xbip_pipe_v3_0_2_viv__parameterized153 has unconnected port SCLR
WARNING: [Synth 8-3331] design xbip_pipe_v3_0_2_viv__parameterized153 has unconnected port SSET
WARNING: [Synth 8-3331] design xbip_pipe_v3_0_2_viv__parameterized153 has unconnected port SINIT
WARNING: [Synth 8-3331] design xbip_pipe_v3_0_2_viv__parameterized149 has unconnected port CE
WARNING: [Synth 8-3331] design xbip_pipe_v3_0_2_viv__parameterized149 has unconnected port SCLR
WARNING: [Synth 8-3331] design xbip_pipe_v3_0_2_viv__parameterized149 has unconnected port SSET
WARNING: [Synth 8-3331] design xbip_pipe_v3_0_2_viv__parameterized149 has unconnected port SINIT
WARNING: [Synth 8-3331] design xbip_pipe_v3_0_2_viv__parameterized145 has unconnected port CE
WARNING: [Synth 8-3331] design xbip_pipe_v3_0_2_viv__parameterized145 has unconnected port SCLR
WARNING: [Synth 8-3331] design xbip_pipe_v3_0_2_viv__parameterized145 has unconnected port SSET
WARNING: [Synth 8-3331] design xbip_pipe_v3_0_2_viv__parameterized145 has unconnected port SINIT
WARNING: [Synth 8-3331] design xbip_pipe_v3_0_2_viv__parameterized141 has unconnected port CE
WARNING: [Synth 8-3331] design xbip_pipe_v3_0_2_viv__parameterized141 has unconnected port SCLR
WARNING: [Synth 8-3331] design xbip_pipe_v3_0_2_viv__parameterized141 has unconnected port SSET
WARNING: [Synth 8-3331] design xbip_pipe_v3_0_2_viv__parameterized141 has unconnected port SINIT
WARNING: [Synth 8-3331] design xbip_pipe_v3_0_2_viv__parameterized137 has unconnected port CE
WARNING: [Synth 8-3331] design xbip_pipe_v3_0_2_viv__parameterized137 has unconnected port SCLR
WARNING: [Synth 8-3331] design xbip_pipe_v3_0_2_viv__parameterized137 has unconnected port SSET
WARNING: [Synth 8-3331] design xbip_pipe_v3_0_2_viv__parameterized137 has unconnected port SINIT
WARNING: [Synth 8-3331] design xbip_pipe_v3_0_2_viv__parameterized133 has unconnected port CE
WARNING: [Synth 8-3331] design xbip_pipe_v3_0_2_viv__parameterized133 has unconnected port SCLR
WARNING: [Synth 8-3331] design xbip_pipe_v3_0_2_viv__parameterized133 has unconnected port SSET
WARNING: [Synth 8-3331] design xbip_pipe_v3_0_2_viv__parameterized133 has unconnected port SINIT
WARNING: [Synth 8-3331] design xbip_pipe_v3_0_2_viv__parameterized129 has unconnected port CE
WARNING: [Synth 8-3331] design xbip_pipe_v3_0_2_viv__parameterized129 has unconnected port SCLR
WARNING: [Synth 8-3331] design xbip_pipe_v3_0_2_viv__parameterized129 has unconnected port SSET
WARNING: [Synth 8-3331] design xbip_pipe_v3_0_2_viv__parameterized129 has unconnected port SINIT
WARNING: [Synth 8-3331] design xbip_pipe_v3_0_2_viv__parameterized125 has unconnected port CE
WARNING: [Synth 8-3331] design xbip_pipe_v3_0_2_viv__parameterized125 has unconnected port SCLR
WARNING: [Synth 8-3331] design xbip_pipe_v3_0_2_viv__parameterized125 has unconnected port SSET
WARNING: [Synth 8-3331] design xbip_pipe_v3_0_2_viv__parameterized125 has unconnected port SINIT
WARNING: [Synth 8-3331] design xbip_pipe_v3_0_2_viv__parameterized121 has unconnected port CE
WARNING: [Synth 8-3331] design xbip_pipe_v3_0_2_viv__parameterized121 has unconnected port SCLR
WARNING: [Synth 8-3331] design xbip_pipe_v3_0_2_viv__parameterized121 has unconnected port SSET
WARNING: [Synth 8-3331] design xbip_pipe_v3_0_2_viv__parameterized121 has unconnected port SINIT
WARNING: [Synth 8-3331] design xbip_pipe_v3_0_2_viv__parameterized117 has unconnected port CE
WARNING: [Synth 8-3331] design xbip_pipe_v3_0_2_viv__parameterized117 has unconnected port SCLR
WARNING: [Synth 8-3331] design xbip_pipe_v3_0_2_viv__parameterized117 has unconnected port SSET
WARNING: [Synth 8-3331] design xbip_pipe_v3_0_2_viv__parameterized117 has unconnected port SINIT
WARNING: [Synth 8-3331] design xbip_pipe_v3_0_2_viv__parameterized113 has unconnected port CE
WARNING: [Synth 8-3331] design xbip_pipe_v3_0_2_viv__parameterized113 has unconnected port SCLR
WARNING: [Synth 8-3331] design xbip_pipe_v3_0_2_viv__parameterized113 has unconnected port SSET
WARNING: [Synth 8-3331] design xbip_pipe_v3_0_2_viv__parameterized113 has unconnected port SINIT
WARNING: [Synth 8-3331] design xbip_pipe_v3_0_2_viv__parameterized109 has unconnected port CE
WARNING: [Synth 8-3331] design xbip_pipe_v3_0_2_viv__parameterized109 has unconnected port SCLR
WARNING: [Synth 8-3331] design xbip_pipe_v3_0_2_viv__parameterized109 has unconnected port SSET
WARNING: [Synth 8-3331] design xbip_pipe_v3_0_2_viv__parameterized109 has unconnected port SINIT
WARNING: [Synth 8-3331] design xbip_pipe_v3_0_2_viv__parameterized105 has unconnected port CE
WARNING: [Synth 8-3331] design xbip_pipe_v3_0_2_viv__parameterized105 has unconnected port SCLR
WARNING: [Synth 8-3331] design xbip_pipe_v3_0_2_viv__parameterized105 has unconnected port SSET
WARNING: [Synth 8-3331] design xbip_pipe_v3_0_2_viv__parameterized105 has unconnected port SINIT
WARNING: [Synth 8-3331] design xbip_pipe_v3_0_2_viv__parameterized101 has unconnected port CE
WARNING: [Synth 8-3331] design xbip_pipe_v3_0_2_viv__parameterized101 has unconnected port SCLR
WARNING: [Synth 8-3331] design xbip_pipe_v3_0_2_viv__parameterized101 has unconnected port SSET
WARNING: [Synth 8-3331] design xbip_pipe_v3_0_2_viv__parameterized101 has unconnected port SINIT
WARNING: [Synth 8-3331] design xbip_pipe_v3_0_2_viv__parameterized95 has unconnected port CE
WARNING: [Synth 8-3331] design xbip_pipe_v3_0_2_viv__parameterized95 has unconnected port SCLR
WARNING: [Synth 8-3331] design xbip_pipe_v3_0_2_viv__parameterized95 has unconnected port SSET
WARNING: [Synth 8-3331] design xbip_pipe_v3_0_2_viv__parameterized95 has unconnected port SINIT
WARNING: [Synth 8-3331] design xbip_pipe_v3_0_2_viv__parameterized89 has unconnected port CE
WARNING: [Synth 8-3331] design xbip_pipe_v3_0_2_viv__parameterized89 has unconnected port SCLR
WARNING: [Synth 8-3331] design xbip_pipe_v3_0_2_viv__parameterized89 has unconnected port SSET
WARNING: [Synth 8-3331] design xbip_pipe_v3_0_2_viv__parameterized89 has unconnected port SINIT
WARNING: [Synth 8-3331] design xbip_pipe_v3_0_2_viv__parameterized83 has unconnected port CE
WARNING: [Synth 8-3331] design xbip_pipe_v3_0_2_viv__parameterized83 has unconnected port SCLR
INFO: [Common 17-14] Message 'Synth 8-3331' appears 100 times and further instances of the messages will be disabled. Use the Tcl command set_msg_config to change the current settings.
---------------------------------------------------------------------------------
Finished RTL Elaboration : Time (s): cpu = 00:00:29 ; elapsed = 00:00:33 . Memory (MB): peak = 366.430 ; gain = 159.387
---------------------------------------------------------------------------------

Report Check Netlist: 
+------+------------------+-------+---------+-------+------------------+
|      |Item              |Errors |Warnings |Status |Description       |
+------+------------------+-------+---------+-------+------------------+
|1     |multi_driven_nets |      0|        0|Passed |Multi driven nets |
+------+------------------+-------+---------+-------+------------------+
---------------------------------------------------------------------------------
Finished RTL Optimization Phase 1 : Time (s): cpu = 00:00:30 ; elapsed = 00:00:34 . Memory (MB): peak = 366.430 ; gain = 159.387
---------------------------------------------------------------------------------
INFO: [Netlist 29-17] Analyzing 1152 Unisim elements for replacement
INFO: [Netlist 29-28] Unisim Transformation completed in 0 CPU seconds
INFO: [Device 21-403] Loading part xc7z020clg484-1
INFO: [Project 1-570] Preparing netlist for logic optimization

Processing XDC Constraints
Initializing timing engine
Parsing XDC File [c:/Users/John/Documents/GitHub/MQP/IMU/IMU.srcs/sources_1/ip/div_gen_0/div_gen_0_ooc.xdc] for cell 'U0'
Finished Parsing XDC File [c:/Users/John/Documents/GitHub/MQP/IMU/IMU.srcs/sources_1/ip/div_gen_0/div_gen_0_ooc.xdc] for cell 'U0'
Parsing XDC File [C:/Users/John/Documents/GitHub/MQP/IMU/IMU.runs/div_gen_0_synth_1/dont_touch.xdc]
Finished Parsing XDC File [C:/Users/John/Documents/GitHub/MQP/IMU/IMU.runs/div_gen_0_synth_1/dont_touch.xdc]
Completed Processing XDC Constraints

INFO: [Project 1-111] Unisim Transformation Summary:
No Unisim elements were transformed.

Constraint Validation Runtime : Time (s): cpu = 00:00:00 ; elapsed = 00:00:00.281 . Memory (MB): peak = 651.754 ; gain = 0.109
---------------------------------------------------------------------------------
Finished Constraint Validation : Time (s): cpu = 00:00:53 ; elapsed = 00:01:01 . Memory (MB): peak = 651.754 ; gain = 444.711
---------------------------------------------------------------------------------
---------------------------------------------------------------------------------
Start Loading Part and Timing Information
---------------------------------------------------------------------------------
Loading part: xc7z020clg484-1
---------------------------------------------------------------------------------
Finished Loading Part and Timing Information : Time (s): cpu = 00:00:53 ; elapsed = 00:01:01 . Memory (MB): peak = 651.754 ; gain = 444.711
---------------------------------------------------------------------------------
---------------------------------------------------------------------------------
Start Applying 'set_property' XDC Constraints
---------------------------------------------------------------------------------
Applied set_property DONT_TOUCH = true for U0. (constraint file  auto generated constraint, line ).
---------------------------------------------------------------------------------
Finished applying 'set_property' XDC Constraints : Time (s): cpu = 00:00:53 ; elapsed = 00:01:01 . Memory (MB): peak = 651.754 ; gain = 444.711
---------------------------------------------------------------------------------
---------------------------------------------------------------------------------
Finished RTL Optimization Phase 2 : Time (s): cpu = 00:00:56 ; elapsed = 00:01:05 . Memory (MB): peak = 651.754 ; gain = 444.711
---------------------------------------------------------------------------------

Report RTL Partitions: 
+-+--------------+------------+----------+
| |RTL Partition |Replication |Instances |
+-+--------------+------------+----------+
+-+--------------+------------+----------+
---------------------------------------------------------------------------------
Start RTL Component Statistics 
---------------------------------------------------------------------------------
---------------------------------------------------------------------------------
Finished RTL Component Statistics 
---------------------------------------------------------------------------------
---------------------------------------------------------------------------------
Start RTL Hierarchical Component Statistics 
---------------------------------------------------------------------------------
---------------------------------------------------------------------------------
Finished RTL Hierarchical Component Statistics
---------------------------------------------------------------------------------
---------------------------------------------------------------------------------
Start Part Resource Summary
---------------------------------------------------------------------------------
Part Resources:
DSPs: 220 (col length:60)
BRAMs: 280 (col length: RAMB18 60 RAMB36 30)
---------------------------------------------------------------------------------
Finished Part Resource Summary
---------------------------------------------------------------------------------
Start Parallel Synthesis Optimization  : Time (s): cpu = 00:00:57 ; elapsed = 00:01:06 . Memory (MB): peak = 651.754 ; gain = 444.711
---------------------------------------------------------------------------------
Start Cross Boundary Optimization
---------------------------------------------------------------------------------
---------------------------------------------------------------------------------
Finished Cross Boundary Optimization : Time (s): cpu = 00:00:58 ; elapsed = 00:01:07 . Memory (MB): peak = 651.754 ; gain = 444.711
---------------------------------------------------------------------------------
Finished Parallel Reinference  : Time (s): cpu = 00:00:58 ; elapsed = 00:01:07 . Memory (MB): peak = 651.754 ; gain = 444.711

Report RTL Partitions: 
+-+--------------+------------+----------+
| |RTL Partition |Replication |Instances |
+-+--------------+------------+----------+
+-+--------------+------------+----------+
---------------------------------------------------------------------------------
Start Area Optimization
---------------------------------------------------------------------------------
---------------------------------------------------------------------------------
Finished Area Optimization : Time (s): cpu = 00:01:01 ; elapsed = 00:01:13 . Memory (MB): peak = 651.754 ; gain = 444.711
---------------------------------------------------------------------------------
Finished Parallel Area Optimization  : Time (s): cpu = 00:01:01 ; elapsed = 00:01:13 . Memory (MB): peak = 651.754 ; gain = 444.711

Report RTL Partitions: 
+-+--------------+------------+----------+
| |RTL Partition |Replication |Instances |
+-+--------------+------------+----------+
+-+--------------+------------+----------+
---------------------------------------------------------------------------------
Start Timing Optimization
---------------------------------------------------------------------------------
---------------------------------------------------------------------------------
Start Applying XDC Timing Constraints
---------------------------------------------------------------------------------
---------------------------------------------------------------------------------
Finished Applying XDC Timing Constraints : Time (s): cpu = 00:01:22 ; elapsed = 00:01:35 . Memory (MB): peak = 651.754 ; gain = 444.711
---------------------------------------------------------------------------------
---------------------------------------------------------------------------------
Finished Timing Optimization : Time (s): cpu = 00:01:23 ; elapsed = 00:01:36 . Memory (MB): peak = 651.754 ; gain = 444.711
---------------------------------------------------------------------------------

Report RTL Partitions: 
+-+--------------+------------+----------+
| |RTL Partition |Replication |Instances |
+-+--------------+------------+----------+
+-+--------------+------------+----------+
---------------------------------------------------------------------------------
Start Technology Mapping
---------------------------------------------------------------------------------
---------------------------------------------------------------------------------
Finished Technology Mapping : Time (s): cpu = 00:01:25 ; elapsed = 00:01:39 . Memory (MB): peak = 651.754 ; gain = 444.711
---------------------------------------------------------------------------------
Finished Parallel Technology Mapping Optimization  : Time (s): cpu = 00:01:25 ; elapsed = 00:01:39 . Memory (MB): peak = 651.754 ; gain = 444.711

Report RTL Partitions: 
+-+--------------+------------+----------+
| |RTL Partition |Replication |Instances |
+-+--------------+------------+----------+
+-+--------------+------------+----------+
Finished Parallel Synthesis Optimization  : Time (s): cpu = 00:01:25 ; elapsed = 00:01:39 . Memory (MB): peak = 651.754 ; gain = 444.711
---------------------------------------------------------------------------------
Start IO Insertion
---------------------------------------------------------------------------------
---------------------------------------------------------------------------------
Start Flattening Before IO Insertion
---------------------------------------------------------------------------------
---------------------------------------------------------------------------------
Finished Flattening Before IO Insertion
---------------------------------------------------------------------------------
---------------------------------------------------------------------------------
Start Final Netlist Cleanup
---------------------------------------------------------------------------------
---------------------------------------------------------------------------------
Finished Final Netlist Cleanup
---------------------------------------------------------------------------------
---------------------------------------------------------------------------------
Finished IO Insertion : Time (s): cpu = 00:01:27 ; elapsed = 00:01:40 . Memory (MB): peak = 651.754 ; gain = 444.711
---------------------------------------------------------------------------------

Report Check Netlist: 
+------+------------------+-------+---------+-------+------------------+
|      |Item              |Errors |Warnings |Status |Description       |
+------+------------------+-------+---------+-------+------------------+
|1     |multi_driven_nets |      0|        0|Passed |Multi driven nets |
+------+------------------+-------+---------+-------+------------------+
---------------------------------------------------------------------------------
Start Renaming Generated Instances
---------------------------------------------------------------------------------
---------------------------------------------------------------------------------
Finished Renaming Generated Instances : Time (s): cpu = 00:01:27 ; elapsed = 00:01:41 . Memory (MB): peak = 651.754 ; gain = 444.711
---------------------------------------------------------------------------------

Report RTL Partitions: 
+-+--------------+------------+----------+
| |RTL Partition |Replication |Instances |
+-+--------------+------------+----------+
+-+--------------+------------+----------+
---------------------------------------------------------------------------------
Start Rebuilding User Hierarchy
---------------------------------------------------------------------------------
---------------------------------------------------------------------------------
Finished Rebuilding User Hierarchy : Time (s): cpu = 00:01:29 ; elapsed = 00:01:42 . Memory (MB): peak = 651.754 ; gain = 444.711
---------------------------------------------------------------------------------
---------------------------------------------------------------------------------
Start Renaming Generated Ports
---------------------------------------------------------------------------------
---------------------------------------------------------------------------------
Finished Renaming Generated Ports : Time (s): cpu = 00:01:29 ; elapsed = 00:01:42 . Memory (MB): peak = 651.754 ; gain = 444.711
---------------------------------------------------------------------------------
---------------------------------------------------------------------------------
Start Handling Custom Attributes
---------------------------------------------------------------------------------
---------------------------------------------------------------------------------
Finished Handling Custom Attributes : Time (s): cpu = 00:01:29 ; elapsed = 00:01:42 . Memory (MB): peak = 651.754 ; gain = 444.711
---------------------------------------------------------------------------------
---------------------------------------------------------------------------------
Start Renaming Generated Nets
---------------------------------------------------------------------------------
---------------------------------------------------------------------------------
Finished Renaming Generated Nets : Time (s): cpu = 00:01:29 ; elapsed = 00:01:42 . Memory (MB): peak = 651.754 ; gain = 444.711
---------------------------------------------------------------------------------
---------------------------------------------------------------------------------
Start Writing Synthesis Report
---------------------------------------------------------------------------------

Report BlackBoxes: 
+-+--------------+----------+
| |BlackBox name |Instances |
+-+--------------+----------+
+-+--------------+----------+

Report Cell Usage: 
+------+--------+------+
|      |Cell    |Count |
+------+--------+------+
|1     |CARRY4  |    17|
|2     |LUT1    |    83|
|3     |LUT2    |   111|
|4     |LUT3    |   542|
|5     |MUXCY   |   576|
|6     |SRLC32E |     6|
|7     |XORCY   |   576|
|8     |FDRE    |  1937|
+------+--------+------+
---------------------------------------------------------------------------------
Finished Writing Synthesis Report : Time (s): cpu = 00:01:29 ; elapsed = 00:01:42 . Memory (MB): peak = 651.754 ; gain = 444.711
---------------------------------------------------------------------------------
Synthesis finished with 0 errors, 0 critical warnings and 14 warnings.
Synthesis Optimization Runtime : Time (s): cpu = 00:00:45 ; elapsed = 00:01:16 . Memory (MB): peak = 651.754 ; gain = 155.070
Synthesis Optimization Complete : Time (s): cpu = 00:01:30 ; elapsed = 00:01:43 . Memory (MB): peak = 651.754 ; gain = 444.711
INFO: [Project 1-571] Translating synthesized netlist
INFO: [Netlist 29-17] Analyzing 1169 Unisim elements for replacement
INFO: [Netlist 29-28] Unisim Transformation completed in 0 CPU seconds
INFO: [Project 1-570] Preparing netlist for logic optimization
Parsing XDC File [c:/Users/John/Documents/GitHub/MQP/IMU/IMU.srcs/sources_1/ip/div_gen_0/div_gen_0_ooc.xdc] for cell 'U0'
Finished Parsing XDC File [c:/Users/John/Documents/GitHub/MQP/IMU/IMU.srcs/sources_1/ip/div_gen_0/div_gen_0_ooc.xdc] for cell 'U0'
INFO: [Opt 31-138] Pushed 0 inverter(s) to 0 load pin(s).
INFO: [Project 1-111] Unisim Transformation Summary:
  A total of 163 instances were transformed.
  (MUXCY,XORCY) => CARRY4: 160 instances
  SRLC32E => SRL16E: 3 instances

INFO: [Common 17-83] Releasing license: Synthesis
17 Infos, 100 Warnings, 0 Critical Warnings and 0 Errors encountered.
synth_design completed successfully
synth_design: Time (s): cpu = 00:01:29 ; elapsed = 00:01:41 . Memory (MB): peak = 651.754 ; gain = 440.395
INFO: [Coretcl 2-1174] Renamed 289 cell refs.
report_utilization: Time (s): cpu = 00:00:00 ; elapsed = 00:00:00.094 . Memory (MB): peak = 651.754 ; gain = 0.000
INFO: [Common 17-206] Exiting Vivado at Wed Dec 14 12:27:28 2016...
