
*** Running vivado
    with args -log IMU_top.vds -m64 -mode batch -messageDb vivado.pb -notrace -source IMU_top.tcl


****** Vivado v2016.2 (64-bit)
  **** SW Build 1577090 on Thu Jun  2 16:32:40 MDT 2016
  **** IP Build 1577682 on Fri Jun  3 12:00:54 MDT 2016
    ** Copyright 1986-2016 Xilinx, Inc. All Rights Reserved.

source IMU_top.tcl -notrace
Command: synth_design -top IMU_top -part xc7z020clg484-1
Starting synth_design
Attempting to get a license for feature 'Synthesis' and/or device 'xc7z020'
INFO: [Common 17-349] Got license for feature 'Synthesis' and/or device 'xc7z020'
INFO: Launching helper process for spawning children vivado processes
INFO: Helper process launched with PID 5252 
---------------------------------------------------------------------------------
Starting RTL Elaboration : Time (s): cpu = 00:00:15 ; elapsed = 00:00:16 . Memory (MB): peak = 273.578 ; gain = 66.809
---------------------------------------------------------------------------------
INFO: [Synth 8-638] synthesizing module 'IMU_top' [C:/Users/John/Documents/GitHub/MQP/IMU/IMU.srcs/sources_1/new/IMU_top.v:3]
	Parameter s0 bound to: 2'b00 
	Parameter s1 bound to: 2'b01 
	Parameter s2 bound to: 2'b10 
	Parameter waits bound to: 5'b00000 
	Parameter IPsubtracter bound to: 5'b00001 
	Parameter invertY bound to: 5'b00010 
	Parameter domainChange bound to: 5'b00011 
	Parameter reverseBitOrder bound to: 5'b00100 
	Parameter arcTan bound to: 5'b00101 
	Parameter formatting bound to: 5'b00110 
	Parameter RadToDeg bound to: 5'b00111 
	Parameter compassHeading bound to: 5'b01000 
WARNING: [Synth 8-567] referenced signal 'current_state' should be on the sensitivity list [C:/Users/John/Documents/GitHub/MQP/IMU/IMU.srcs/sources_1/new/IMU_top.v:97]
WARNING: [Synth 8-567] referenced signal 'independence' should be on the sensitivity list [C:/Users/John/Documents/GitHub/MQP/IMU/IMU.srcs/sources_1/new/IMU_top.v:97]
WARNING: [Synth 8-567] referenced signal 'bitsOut' should be on the sensitivity list [C:/Users/John/Documents/GitHub/MQP/IMU/IMU.srcs/sources_1/new/IMU_top.v:97]
INFO: [Synth 8-155] case statement is not full and has no default [C:/Users/John/Documents/GitHub/MQP/IMU/IMU.srcs/sources_1/new/IMU_top.v:347]
INFO: [Synth 8-638] synthesizing module 'c_addsub_0' [C:/Users/John/Documents/GitHub/MQP/IMU/IMU.runs/synth_1/.Xil/Vivado-5372-JOHN-HP/realtime/c_addsub_0_stub.v:6]
INFO: [Synth 8-256] done synthesizing module 'c_addsub_0' (1#1) [C:/Users/John/Documents/GitHub/MQP/IMU/IMU.runs/synth_1/.Xil/Vivado-5372-JOHN-HP/realtime/c_addsub_0_stub.v:6]
INFO: [Synth 8-638] synthesizing module 'div_gen_0' [C:/Users/John/Documents/GitHub/MQP/IMU/IMU.runs/synth_1/.Xil/Vivado-5372-JOHN-HP/realtime/div_gen_0_stub.v:6]
INFO: [Synth 8-256] done synthesizing module 'div_gen_0' (2#1) [C:/Users/John/Documents/GitHub/MQP/IMU/IMU.runs/synth_1/.Xil/Vivado-5372-JOHN-HP/realtime/div_gen_0_stub.v:6]
INFO: [Synth 8-638] synthesizing module 'cordic_0' [C:/Users/John/Documents/GitHub/MQP/IMU/IMU.runs/synth_1/.Xil/Vivado-5372-JOHN-HP/realtime/cordic_0_stub.v:6]
INFO: [Synth 8-256] done synthesizing module 'cordic_0' (3#1) [C:/Users/John/Documents/GitHub/MQP/IMU/IMU.runs/synth_1/.Xil/Vivado-5372-JOHN-HP/realtime/cordic_0_stub.v:6]
WARNING: [Synth 8-689] width (44) of port connection 's_axis_cartesian_tdata' does not match port width (48) of module 'cordic_0' [C:/Users/John/Documents/GitHub/MQP/IMU/IMU.srcs/sources_1/new/IMU_top.v:522]
INFO: [Synth 8-638] synthesizing module 'mult_gen_0' [C:/Users/John/Documents/GitHub/MQP/IMU/IMU.runs/synth_1/.Xil/Vivado-5372-JOHN-HP/realtime/mult_gen_0_stub.v:6]
INFO: [Synth 8-256] done synthesizing module 'mult_gen_0' (4#1) [C:/Users/John/Documents/GitHub/MQP/IMU/IMU.runs/synth_1/.Xil/Vivado-5372-JOHN-HP/realtime/mult_gen_0_stub.v:6]
INFO: [Synth 8-638] synthesizing module 'clk_wiz_0' [C:/Users/John/Documents/GitHub/MQP/IMU/IMU.runs/synth_1/.Xil/Vivado-5372-JOHN-HP/realtime/clk_wiz_0_stub.v:5]
INFO: [Synth 8-256] done synthesizing module 'clk_wiz_0' (5#1) [C:/Users/John/Documents/GitHub/MQP/IMU/IMU.runs/synth_1/.Xil/Vivado-5372-JOHN-HP/realtime/clk_wiz_0_stub.v:5]
INFO: [Synth 8-256] done synthesizing module 'IMU_top' (6#1) [C:/Users/John/Documents/GitHub/MQP/IMU/IMU.srcs/sources_1/new/IMU_top.v:3]
WARNING: [Synth 8-3917] design IMU_top has port cs_nAG driven by constant 1
WARNING: [Synth 8-3917] design IMU_top has port cs_nALT driven by constant 1
WARNING: [Synth 8-3331] design IMU_top has unconnected port led[7]
WARNING: [Synth 8-3331] design IMU_top has unconnected port led[6]
WARNING: [Synth 8-3331] design IMU_top has unconnected port led[5]
WARNING: [Synth 8-3331] design IMU_top has unconnected port led[4]
WARNING: [Synth 8-3331] design IMU_top has unconnected port button
---------------------------------------------------------------------------------
Finished RTL Elaboration : Time (s): cpu = 00:00:17 ; elapsed = 00:00:19 . Memory (MB): peak = 310.918 ; gain = 104.148
---------------------------------------------------------------------------------

Report Check Netlist: 
+------+------------------+-------+---------+-------+------------------+
|      |Item              |Errors |Warnings |Status |Description       |
+------+------------------+-------+---------+-------+------------------+
|1     |multi_driven_nets |      0|        0|Passed |Multi driven nets |
+------+------------------+-------+---------+-------+------------------+
---------------------------------------------------------------------------------
Finished RTL Optimization Phase 1 : Time (s): cpu = 00:00:18 ; elapsed = 00:00:19 . Memory (MB): peak = 310.918 ; gain = 104.148
---------------------------------------------------------------------------------
WARNING: [Project 1-560] Could not resolve non-primitive black box cell 'c_addsub_0' instantiated as 'TwosCompSubX'. 2 instances of this cell are unresolved black boxes. [C:/Users/John/Documents/GitHub/MQP/IMU/IMU.srcs/sources_1/new/IMU_top.v:460]
WARNING: [Project 1-486] Could not resolve non-primitive black box cell 'clk_wiz_0' instantiated as 'mmcm' [C:/Users/John/Documents/GitHub/MQP/IMU/IMU.srcs/sources_1/new/IMU_top.v:545]
WARNING: [Project 1-486] Could not resolve non-primitive black box cell 'cordic_0' instantiated as 'arcTangent' [C:/Users/John/Documents/GitHub/MQP/IMU/IMU.srcs/sources_1/new/IMU_top.v:520]
WARNING: [Project 1-560] Could not resolve non-primitive black box cell 'div_gen_0' instantiated as 'RadtoArcTanDomainX'. 2 instances of this cell are unresolved black boxes. [C:/Users/John/Documents/GitHub/MQP/IMU/IMU.srcs/sources_1/new/IMU_top.v:490]
WARNING: [Project 1-486] Could not resolve non-primitive black box cell 'mult_gen_0' instantiated as 'RadiansToDegrees' [C:/Users/John/Documents/GitHub/MQP/IMU/IMU.srcs/sources_1/new/IMU_top.v:531]
INFO: [Device 21-403] Loading part xc7z020clg484-1
INFO: [Project 1-570] Preparing netlist for logic optimization

Processing XDC Constraints
Initializing timing engine
Parsing XDC File [C:/Users/John/Documents/GitHub/MQP/IMU/IMU.runs/synth_1/.Xil/Vivado-5372-JOHN-HP/dcp/clk_wiz_0_in_context.xdc] for cell 'mmcm'
Finished Parsing XDC File [C:/Users/John/Documents/GitHub/MQP/IMU/IMU.runs/synth_1/.Xil/Vivado-5372-JOHN-HP/dcp/clk_wiz_0_in_context.xdc] for cell 'mmcm'
Parsing XDC File [C:/Users/John/Documents/GitHub/MQP/IMU/IMU.runs/synth_1/.Xil/Vivado-5372-JOHN-HP/dcp_2/c_addsub_0_in_context.xdc] for cell 'TwosCompSubX'
Finished Parsing XDC File [C:/Users/John/Documents/GitHub/MQP/IMU/IMU.runs/synth_1/.Xil/Vivado-5372-JOHN-HP/dcp_2/c_addsub_0_in_context.xdc] for cell 'TwosCompSubX'
Parsing XDC File [C:/Users/John/Documents/GitHub/MQP/IMU/IMU.runs/synth_1/.Xil/Vivado-5372-JOHN-HP/dcp_2/c_addsub_0_in_context.xdc] for cell 'TwosCompSubY'
Finished Parsing XDC File [C:/Users/John/Documents/GitHub/MQP/IMU/IMU.runs/synth_1/.Xil/Vivado-5372-JOHN-HP/dcp_2/c_addsub_0_in_context.xdc] for cell 'TwosCompSubY'
Parsing XDC File [C:/Users/John/Documents/GitHub/MQP/IMU/IMU.runs/synth_1/.Xil/Vivado-5372-JOHN-HP/dcp_3/cordic_0_in_context.xdc] for cell 'arcTangent'
Finished Parsing XDC File [C:/Users/John/Documents/GitHub/MQP/IMU/IMU.runs/synth_1/.Xil/Vivado-5372-JOHN-HP/dcp_3/cordic_0_in_context.xdc] for cell 'arcTangent'
Parsing XDC File [C:/Users/John/Documents/GitHub/MQP/IMU/IMU.runs/synth_1/.Xil/Vivado-5372-JOHN-HP/dcp_4/mult_gen_0_in_context.xdc] for cell 'RadiansToDegrees'
Finished Parsing XDC File [C:/Users/John/Documents/GitHub/MQP/IMU/IMU.runs/synth_1/.Xil/Vivado-5372-JOHN-HP/dcp_4/mult_gen_0_in_context.xdc] for cell 'RadiansToDegrees'
Parsing XDC File [C:/Users/John/Documents/GitHub/MQP/IMU/IMU.runs/synth_1/.Xil/Vivado-5372-JOHN-HP/dcp_5/div_gen_0_in_context.xdc] for cell 'RadtoArcTanDomainX'
Finished Parsing XDC File [C:/Users/John/Documents/GitHub/MQP/IMU/IMU.runs/synth_1/.Xil/Vivado-5372-JOHN-HP/dcp_5/div_gen_0_in_context.xdc] for cell 'RadtoArcTanDomainX'
Parsing XDC File [C:/Users/John/Documents/GitHub/MQP/IMU/IMU.runs/synth_1/.Xil/Vivado-5372-JOHN-HP/dcp_5/div_gen_0_in_context.xdc] for cell 'RadtoArcTanDomainY'
Finished Parsing XDC File [C:/Users/John/Documents/GitHub/MQP/IMU/IMU.runs/synth_1/.Xil/Vivado-5372-JOHN-HP/dcp_5/div_gen_0_in_context.xdc] for cell 'RadtoArcTanDomainY'
Parsing XDC File [C:/Users/John/Documents/GitHub/MQP/IMU/IMU.srcs/constrs_1/new/IMU_constraints.xdc]
Finished Parsing XDC File [C:/Users/John/Documents/GitHub/MQP/IMU/IMU.srcs/constrs_1/new/IMU_constraints.xdc]
INFO: [Project 1-236] Implementation specific constraints were found while reading constraint file [C:/Users/John/Documents/GitHub/MQP/IMU/IMU.srcs/constrs_1/new/IMU_constraints.xdc]. These constraints will be ignored for synthesis but will be used in implementation. Impacted constraints are listed in the file [.Xil/IMU_top_propImpl.xdc].
Resolution: To avoid this warning, move constraints listed in [.Xil/IMU_top_propImpl.xdc] to another XDC file and exclude this new file from synthesis with the used_in_synthesis property (File Properties dialog in GUI) and re-run elaboration/synthesis.
Completed Processing XDC Constraints

INFO: [Project 1-111] Unisim Transformation Summary:
No Unisim elements were transformed.

Constraint Validation Runtime : Time (s): cpu = 00:00:00 ; elapsed = 00:00:00.016 . Memory (MB): peak = 631.844 ; gain = 0.000
WARNING: [Timing 38-316] Clock period '100.000' specified during out-of-context synthesis of instance 'RadiansToDegrees' at clock pin 'CLK' is different from the actual clock period '10.000', this can result in different synthesis results.
WARNING: [Timing 38-316] Clock period '1000.000' specified during out-of-context synthesis of instance 'RadtoArcTanDomainX' at clock pin 'aclk' is different from the actual clock period '10.000', this can result in different synthesis results.
WARNING: [Timing 38-316] Clock period '1000.000' specified during out-of-context synthesis of instance 'RadtoArcTanDomainY' at clock pin 'aclk' is different from the actual clock period '10.000', this can result in different synthesis results.
WARNING: [Timing 38-316] Clock period '1000.000' specified during out-of-context synthesis of instance 'arcTangent' at clock pin 'aclk' is different from the actual clock period '10.000', this can result in different synthesis results.
---------------------------------------------------------------------------------
Finished Constraint Validation : Time (s): cpu = 00:00:42 ; elapsed = 00:00:46 . Memory (MB): peak = 631.844 ; gain = 425.074
---------------------------------------------------------------------------------
---------------------------------------------------------------------------------
Start Loading Part and Timing Information
---------------------------------------------------------------------------------
Loading part: xc7z020clg484-1
---------------------------------------------------------------------------------
Finished Loading Part and Timing Information : Time (s): cpu = 00:00:42 ; elapsed = 00:00:46 . Memory (MB): peak = 631.844 ; gain = 425.074
---------------------------------------------------------------------------------
---------------------------------------------------------------------------------
Start Applying 'set_property' XDC Constraints
---------------------------------------------------------------------------------
Applied set_property IO_BUFFER_TYPE = NONE for fpga_clk. (constraint file  C:/Users/John/Documents/GitHub/MQP/IMU/IMU.runs/synth_1/.Xil/Vivado-5372-JOHN-HP/dcp/clk_wiz_0_in_context.xdc, line 4).
Applied set_property CLOCK_BUFFER_TYPE = NONE for fpga_clk. (constraint file  C:/Users/John/Documents/GitHub/MQP/IMU/IMU.runs/synth_1/.Xil/Vivado-5372-JOHN-HP/dcp/clk_wiz_0_in_context.xdc, line 5).
---------------------------------------------------------------------------------
Finished applying 'set_property' XDC Constraints : Time (s): cpu = 00:00:42 ; elapsed = 00:00:46 . Memory (MB): peak = 631.844 ; gain = 425.074
---------------------------------------------------------------------------------
INFO: [Synth 8-802] inferred FSM for state register 'currentData_state_reg' in module 'IMU_top'
INFO: [Synth 8-5544] ROM "independence" won't be mapped to Block RAM because address size (2) smaller than threshold (5)
INFO: [Synth 8-5544] ROM "cs_nM" won't be mapped to Block RAM because address size (2) smaller than threshold (5)
INFO: [Synth 8-5544] ROM "IPsubtracter_count" won't be mapped to Block RAM because address size (4) smaller than threshold (5)
INFO: [Synth 8-5544] ROM "invertY_count" won't be mapped to Block RAM because address size (4) smaller than threshold (5)
INFO: [Synth 8-5544] ROM "domainChange_count" won't be mapped to Block RAM because address size (4) smaller than threshold (5)
INFO: [Synth 8-5544] ROM "reverseBitOrder_count" won't be mapped to Block RAM because address size (4) smaller than threshold (5)
INFO: [Synth 8-5544] ROM "arcTan_count" won't be mapped to Block RAM because address size (4) smaller than threshold (5)
INFO: [Synth 8-5544] ROM "formatting_count" won't be mapped to Block RAM because address size (4) smaller than threshold (5)
INFO: [Synth 8-5544] ROM "RadToDeg_count" won't be mapped to Block RAM because address size (4) smaller than threshold (5)
INFO: [Synth 8-5544] ROM "degrees" won't be mapped to Block RAM because address size (4) smaller than threshold (5)
INFO: [Synth 8-5544] ROM "nextData_state" won't be mapped to Block RAM because address size (2) smaller than threshold (5)
INFO: [Synth 8-5544] ROM "nextData_state" won't be mapped to Block RAM because address size (2) smaller than threshold (5)
INFO: [Synth 8-5546] ROM "nextData_state" won't be mapped to RAM because it is too sparse
INFO: [Synth 8-5546] ROM "nextData_state" won't be mapped to RAM because it is too sparse
INFO: [Synth 8-5544] ROM "nextData_state" won't be mapped to Block RAM because address size (4) smaller than threshold (5)
INFO: [Synth 8-5544] ROM "nextData_state" won't be mapped to Block RAM because address size (2) smaller than threshold (5)
---------------------------------------------------------------------------------------------------
                   State |                     New Encoding |                Previous Encoding 
---------------------------------------------------------------------------------------------------
                   waits |                          0000001 |                             0000
            IPsubtracter |                          0000010 |                             0001
                 invertY |                          0000100 |                             0010
            domainChange |                          0001000 |                             0011
         reverseBitOrder |                          0010000 |                             0100
                  arcTan |                          0100000 |                             0101
              formatting |                          1000000 |                             0110
---------------------------------------------------------------------------------------------------
INFO: [Synth 8-3354] encoded FSM with state register 'currentData_state_reg' using encoding 'one-hot' in module 'IMU_top'
WARNING: [Synth 8-327] inferring latch for variable 'cs_nM_reg' [C:/Users/John/Documents/GitHub/MQP/IMU/IMU.srcs/sources_1/new/IMU_top.v:100]
---------------------------------------------------------------------------------
Finished RTL Optimization Phase 2 : Time (s): cpu = 00:00:43 ; elapsed = 00:00:47 . Memory (MB): peak = 631.844 ; gain = 425.074
---------------------------------------------------------------------------------

Report RTL Partitions: 
+-+--------------+------------+----------+
| |RTL Partition |Replication |Instances |
+-+--------------+------------+----------+
+-+--------------+------------+----------+
---------------------------------------------------------------------------------
Start RTL Component Statistics 
---------------------------------------------------------------------------------
Detailed RTL Component Info : 
+---Adders : 
	   2 Input     16 Bit       Adders := 1     
	   2 Input      9 Bit       Adders := 4     
	   2 Input      8 Bit       Adders := 2     
	   2 Input      6 Bit       Adders := 2     
	   2 Input      5 Bit       Adders := 1     
	   2 Input      4 Bit       Adders := 1     
	   2 Input      2 Bit       Adders := 5     
+---Registers : 
	               32 Bit    Registers := 1     
	               16 Bit    Registers := 5     
	                9 Bit    Registers := 1     
	                8 Bit    Registers := 2     
	                6 Bit    Registers := 2     
	                5 Bit    Registers := 1     
	                4 Bit    Registers := 1     
	                2 Bit    Registers := 5     
	                1 Bit    Registers := 2     
+---Muxes : 
	   2 Input     16 Bit        Muxes := 1     
	   5 Input     16 Bit        Muxes := 1     
	   2 Input      9 Bit        Muxes := 4     
	   2 Input      8 Bit        Muxes := 1     
	  14 Input      7 Bit        Muxes := 1     
	   7 Input      6 Bit        Muxes := 1     
	   7 Input      5 Bit        Muxes := 1     
	   7 Input      4 Bit        Muxes := 1     
	   7 Input      2 Bit        Muxes := 3     
	   2 Input      2 Bit        Muxes := 3     
	   5 Input      2 Bit        Muxes := 1     
	   2 Input      1 Bit        Muxes := 22    
	   7 Input      1 Bit        Muxes := 9     
	   4 Input      1 Bit        Muxes := 2     
---------------------------------------------------------------------------------
Finished RTL Component Statistics 
---------------------------------------------------------------------------------
---------------------------------------------------------------------------------
Start RTL Hierarchical Component Statistics 
---------------------------------------------------------------------------------
Hierarchical RTL Component report 
Module IMU_top 
Detailed RTL Component Info : 
+---Adders : 
	   2 Input     16 Bit       Adders := 1     
	   2 Input      9 Bit       Adders := 4     
	   2 Input      8 Bit       Adders := 2     
	   2 Input      6 Bit       Adders := 2     
	   2 Input      5 Bit       Adders := 1     
	   2 Input      4 Bit       Adders := 1     
	   2 Input      2 Bit       Adders := 5     
+---Registers : 
	               32 Bit    Registers := 1     
	               16 Bit    Registers := 5     
	                9 Bit    Registers := 1     
	                8 Bit    Registers := 2     
	                6 Bit    Registers := 2     
	                5 Bit    Registers := 1     
	                4 Bit    Registers := 1     
	                2 Bit    Registers := 5     
	                1 Bit    Registers := 2     
+---Muxes : 
	   2 Input     16 Bit        Muxes := 1     
	   5 Input     16 Bit        Muxes := 1     
	   2 Input      9 Bit        Muxes := 4     
	   2 Input      8 Bit        Muxes := 1     
	  14 Input      7 Bit        Muxes := 1     
	   7 Input      6 Bit        Muxes := 1     
	   7 Input      5 Bit        Muxes := 1     
	   7 Input      4 Bit        Muxes := 1     
	   7 Input      2 Bit        Muxes := 3     
	   2 Input      2 Bit        Muxes := 3     
	   5 Input      2 Bit        Muxes := 1     
	   2 Input      1 Bit        Muxes := 22    
	   7 Input      1 Bit        Muxes := 9     
	   4 Input      1 Bit        Muxes := 2     
---------------------------------------------------------------------------------
Finished RTL Hierarchical Component Statistics
---------------------------------------------------------------------------------
---------------------------------------------------------------------------------
Start Part Resource Summary
---------------------------------------------------------------------------------
Part Resources:
DSPs: 220 (col length:60)
BRAMs: 280 (col length: RAMB18 60 RAMB36 30)
---------------------------------------------------------------------------------
Finished Part Resource Summary
---------------------------------------------------------------------------------
Start Parallel Synthesis Optimization  : Time (s): cpu = 00:00:44 ; elapsed = 00:00:48 . Memory (MB): peak = 631.844 ; gain = 425.074
---------------------------------------------------------------------------------
Start Cross Boundary Optimization
---------------------------------------------------------------------------------
WARNING: [Synth 8-3917] design IMU_top has port cs_nAG driven by constant 1
WARNING: [Synth 8-3917] design IMU_top has port cs_nALT driven by constant 1
WARNING: [Synth 8-3331] design IMU_top has unconnected port led[7]
WARNING: [Synth 8-3331] design IMU_top has unconnected port led[6]
WARNING: [Synth 8-3331] design IMU_top has unconnected port led[5]
WARNING: [Synth 8-3331] design IMU_top has unconnected port led[4]
WARNING: [Synth 8-3331] design IMU_top has unconnected port button
---------------------------------------------------------------------------------
Finished Cross Boundary Optimization : Time (s): cpu = 00:00:44 ; elapsed = 00:00:48 . Memory (MB): peak = 631.844 ; gain = 425.074
---------------------------------------------------------------------------------
Finished Parallel Reinference  : Time (s): cpu = 00:00:44 ; elapsed = 00:00:48 . Memory (MB): peak = 631.844 ; gain = 425.074

Report RTL Partitions: 
+-+--------------+------------+----------+
| |RTL Partition |Replication |Instances |
+-+--------------+------------+----------+
+-+--------------+------------+----------+
---------------------------------------------------------------------------------
Start Area Optimization
---------------------------------------------------------------------------------
INFO: [Synth 8-3333] propagating constant 0 across sequential element (\transferVal_reg[0] )
INFO: [Synth 8-3333] propagating constant 0 across sequential element (\degrees_reg[8] )
INFO: [Synth 8-3333] propagating constant 0 across sequential element (\degrees_reg[0] )
INFO: [Synth 8-3333] propagating constant 0 across sequential element (\degrees_reg[1] )
INFO: [Synth 8-3333] propagating constant 0 across sequential element (\degrees_reg[2] )
INFO: [Synth 8-3333] propagating constant 0 across sequential element (\degrees_reg[3] )
INFO: [Synth 8-3333] propagating constant 0 across sequential element (\degrees_reg[4] )
INFO: [Synth 8-3333] propagating constant 0 across sequential element (\degrees_reg[5] )
INFO: [Synth 8-3333] propagating constant 0 across sequential element (\degrees_reg[7] )
INFO: [Synth 8-3333] propagating constant 0 across sequential element (\degrees_reg[6] )
INFO: [Synth 8-3886] merging instance 'transferVal_reg[0]' (FDE_1) to 'transferVal_reg[1]'
INFO: [Synth 8-3333] propagating constant 0 across sequential element (\transferVal_reg[1] )
INFO: [Synth 8-3886] merging instance 'transferVal_reg[1]' (FDE_1) to 'transferVal_reg[2]'
INFO: [Synth 8-3333] propagating constant 0 across sequential element (\transferVal_reg[2] )
INFO: [Synth 8-3886] merging instance 'transferVal_reg[2]' (FDE_1) to 'transferVal_reg[3]'
INFO: [Synth 8-3333] propagating constant 0 across sequential element (\transferVal_reg[3] )
INFO: [Synth 8-3886] merging instance 'transferVal_reg[3]' (FDE_1) to 'transferVal_reg[4]'
INFO: [Synth 8-3333] propagating constant 0 across sequential element (\transferVal_reg[4] )
INFO: [Synth 8-3886] merging instance 'transferVal_reg[4]' (FDE_1) to 'transferVal_reg[5]'
INFO: [Synth 8-3333] propagating constant 0 across sequential element (\transferVal_reg[5] )
INFO: [Synth 8-3886] merging instance 'transferVal_reg[5]' (FDE_1) to 'transferVal_reg[6]'
INFO: [Synth 8-3333] propagating constant 0 across sequential element (\transferVal_reg[6] )
INFO: [Synth 8-3886] merging instance 'transferVal_reg[6]' (FDE_1) to 'transferVal_reg[7]'
INFO: [Synth 8-3333] propagating constant 0 across sequential element (\transferVal_reg[7] )
WARNING: [Synth 8-3332] Sequential element (transferVal_reg[7]) is unused and will be removed from module IMU_top.
WARNING: [Synth 8-3332] Sequential element (transferVal_reg[6]) is unused and will be removed from module IMU_top.
WARNING: [Synth 8-3332] Sequential element (transferVal_reg[5]) is unused and will be removed from module IMU_top.
WARNING: [Synth 8-3332] Sequential element (transferVal_reg[4]) is unused and will be removed from module IMU_top.
WARNING: [Synth 8-3332] Sequential element (transferVal_reg[3]) is unused and will be removed from module IMU_top.
WARNING: [Synth 8-3332] Sequential element (transferVal_reg[2]) is unused and will be removed from module IMU_top.
WARNING: [Synth 8-3332] Sequential element (transferVal_reg[1]) is unused and will be removed from module IMU_top.
WARNING: [Synth 8-3332] Sequential element (transferVal_reg[0]) is unused and will be removed from module IMU_top.
WARNING: [Synth 8-3332] Sequential element (RadToDeg_count_reg[1]) is unused and will be removed from module IMU_top.
WARNING: [Synth 8-3332] Sequential element (RadToDeg_count_reg[0]) is unused and will be removed from module IMU_top.
WARNING: [Synth 8-3332] Sequential element (degrees_reg[8]) is unused and will be removed from module IMU_top.
WARNING: [Synth 8-3332] Sequential element (degrees_reg[7]) is unused and will be removed from module IMU_top.
WARNING: [Synth 8-3332] Sequential element (degrees_reg[6]) is unused and will be removed from module IMU_top.
WARNING: [Synth 8-3332] Sequential element (degrees_reg[5]) is unused and will be removed from module IMU_top.
WARNING: [Synth 8-3332] Sequential element (degrees_reg[4]) is unused and will be removed from module IMU_top.
WARNING: [Synth 8-3332] Sequential element (degrees_reg[3]) is unused and will be removed from module IMU_top.
WARNING: [Synth 8-3332] Sequential element (degrees_reg[2]) is unused and will be removed from module IMU_top.
WARNING: [Synth 8-3332] Sequential element (degrees_reg[1]) is unused and will be removed from module IMU_top.
WARNING: [Synth 8-3332] Sequential element (degrees_reg[0]) is unused and will be removed from module IMU_top.
---------------------------------------------------------------------------------
Finished Area Optimization : Time (s): cpu = 00:00:45 ; elapsed = 00:00:49 . Memory (MB): peak = 631.844 ; gain = 425.074
---------------------------------------------------------------------------------
Finished Parallel Area Optimization  : Time (s): cpu = 00:00:45 ; elapsed = 00:00:49 . Memory (MB): peak = 631.844 ; gain = 425.074

Report RTL Partitions: 
+-+--------------+------------+----------+
| |RTL Partition |Replication |Instances |
+-+--------------+------------+----------+
+-+--------------+------------+----------+
---------------------------------------------------------------------------------
Start Timing Optimization
---------------------------------------------------------------------------------
---------------------------------------------------------------------------------
Start Applying XDC Timing Constraints
---------------------------------------------------------------------------------
INFO: [Synth 8-5578] Moved timing constraint from pin 'mmcm/clk_100M' to pin 'mmcm/bbstub_clk_100M/O'
INFO: [Synth 8-5578] Moved timing constraint from pin 'mmcm/clk_10M' to pin 'mmcm/bbstub_clk_10M/O'
INFO: [Synth 8-5820] Moved 2 constraints on hierarchical pins to their respective driving/loading pins
---------------------------------------------------------------------------------
Finished Applying XDC Timing Constraints : Time (s): cpu = 00:01:09 ; elapsed = 00:01:13 . Memory (MB): peak = 631.844 ; gain = 425.074
---------------------------------------------------------------------------------
---------------------------------------------------------------------------------
Finished Timing Optimization : Time (s): cpu = 00:01:09 ; elapsed = 00:01:13 . Memory (MB): peak = 631.844 ; gain = 425.074
---------------------------------------------------------------------------------

Report RTL Partitions: 
+-+--------------+------------+----------+
| |RTL Partition |Replication |Instances |
+-+--------------+------------+----------+
+-+--------------+------------+----------+
---------------------------------------------------------------------------------
Start Technology Mapping
---------------------------------------------------------------------------------
---------------------------------------------------------------------------------
Finished Technology Mapping : Time (s): cpu = 00:01:09 ; elapsed = 00:01:14 . Memory (MB): peak = 631.844 ; gain = 425.074
---------------------------------------------------------------------------------
Finished Parallel Technology Mapping Optimization  : Time (s): cpu = 00:01:09 ; elapsed = 00:01:14 . Memory (MB): peak = 631.844 ; gain = 425.074

Report RTL Partitions: 
+-+--------------+------------+----------+
| |RTL Partition |Replication |Instances |
+-+--------------+------------+----------+
+-+--------------+------------+----------+
Finished Parallel Synthesis Optimization  : Time (s): cpu = 00:01:09 ; elapsed = 00:01:14 . Memory (MB): peak = 631.844 ; gain = 425.074
---------------------------------------------------------------------------------
Start IO Insertion
---------------------------------------------------------------------------------
---------------------------------------------------------------------------------
Start Flattening Before IO Insertion
---------------------------------------------------------------------------------
---------------------------------------------------------------------------------
Finished Flattening Before IO Insertion
---------------------------------------------------------------------------------
---------------------------------------------------------------------------------
Start Final Netlist Cleanup
---------------------------------------------------------------------------------
---------------------------------------------------------------------------------
Finished Final Netlist Cleanup
---------------------------------------------------------------------------------
---------------------------------------------------------------------------------
Finished IO Insertion : Time (s): cpu = 00:01:11 ; elapsed = 00:01:15 . Memory (MB): peak = 631.844 ; gain = 425.074
---------------------------------------------------------------------------------

Report Check Netlist: 
+------+------------------+-------+---------+-------+------------------+
|      |Item              |Errors |Warnings |Status |Description       |
+------+------------------+-------+---------+-------+------------------+
|1     |multi_driven_nets |      0|        0|Passed |Multi driven nets |
+------+------------------+-------+---------+-------+------------------+
---------------------------------------------------------------------------------
Start Renaming Generated Instances
---------------------------------------------------------------------------------
---------------------------------------------------------------------------------
Finished Renaming Generated Instances : Time (s): cpu = 00:01:11 ; elapsed = 00:01:15 . Memory (MB): peak = 631.844 ; gain = 425.074
---------------------------------------------------------------------------------

Report RTL Partitions: 
+-+--------------+------------+----------+
| |RTL Partition |Replication |Instances |
+-+--------------+------------+----------+
+-+--------------+------------+----------+
---------------------------------------------------------------------------------
Start Rebuilding User Hierarchy
---------------------------------------------------------------------------------
---------------------------------------------------------------------------------
Finished Rebuilding User Hierarchy : Time (s): cpu = 00:01:11 ; elapsed = 00:01:15 . Memory (MB): peak = 631.844 ; gain = 425.074
---------------------------------------------------------------------------------
---------------------------------------------------------------------------------
Start Renaming Generated Ports
---------------------------------------------------------------------------------
---------------------------------------------------------------------------------
Finished Renaming Generated Ports : Time (s): cpu = 00:01:11 ; elapsed = 00:01:15 . Memory (MB): peak = 631.844 ; gain = 425.074
---------------------------------------------------------------------------------
---------------------------------------------------------------------------------
Start Handling Custom Attributes
---------------------------------------------------------------------------------
---------------------------------------------------------------------------------
Finished Handling Custom Attributes : Time (s): cpu = 00:01:11 ; elapsed = 00:01:15 . Memory (MB): peak = 631.844 ; gain = 425.074
---------------------------------------------------------------------------------
---------------------------------------------------------------------------------
Start Renaming Generated Nets
---------------------------------------------------------------------------------
---------------------------------------------------------------------------------
Finished Renaming Generated Nets : Time (s): cpu = 00:01:11 ; elapsed = 00:01:15 . Memory (MB): peak = 631.844 ; gain = 425.074
---------------------------------------------------------------------------------
---------------------------------------------------------------------------------
Start Writing Synthesis Report
---------------------------------------------------------------------------------

Report BlackBoxes: 
+------+--------------+----------+
|      |BlackBox name |Instances |
+------+--------------+----------+
|1     |c_addsub_0    |         2|
|2     |div_gen_0     |         2|
|3     |cordic_0      |         1|
|4     |mult_gen_0    |         1|
|5     |clk_wiz_0     |         1|
+------+--------------+----------+

Report Cell Usage: 
+------+--------------+------+
|      |Cell          |Count |
+------+--------------+------+
|1     |c_addsub_0    |     1|
|2     |c_addsub_0__1 |     1|
|3     |clk_wiz_0     |     1|
|4     |cordic_0      |     1|
|5     |div_gen_0     |     1|
|6     |div_gen_0__1  |     1|
|7     |mult_gen_0    |     1|
|8     |CARRY4        |     4|
|9     |LUT1          |    22|
|10    |LUT2          |    20|
|11    |LUT3          |    16|
|12    |LUT4          |    40|
|13    |LUT5          |    24|
|14    |LUT6          |    17|
|15    |FDCE          |    10|
|16    |FDRE          |   170|
|17    |FDSE          |     1|
|18    |LDC           |     1|
|19    |IBUF          |     2|
|20    |OBUF          |     9|
|21    |OBUFT         |     4|
+------+--------------+------+

Report Instance Areas: 
+------+---------+-------+------+
|      |Instance |Module |Cells |
+------+---------+-------+------+
|1     |top      |       |   476|
+------+---------+-------+------+
---------------------------------------------------------------------------------
Finished Writing Synthesis Report : Time (s): cpu = 00:01:11 ; elapsed = 00:01:16 . Memory (MB): peak = 631.844 ; gain = 425.074
---------------------------------------------------------------------------------
Synthesis finished with 0 errors, 0 critical warnings and 27 warnings.
Synthesis Optimization Runtime : Time (s): cpu = 00:00:39 ; elapsed = 00:00:51 . Memory (MB): peak = 631.844 ; gain = 104.148
Synthesis Optimization Complete : Time (s): cpu = 00:01:12 ; elapsed = 00:01:16 . Memory (MB): peak = 631.844 ; gain = 425.074
INFO: [Project 1-571] Translating synthesized netlist
INFO: [Netlist 29-17] Analyzing 7 Unisim elements for replacement
INFO: [Netlist 29-28] Unisim Transformation completed in 0 CPU seconds
INFO: [Project 1-570] Preparing netlist for logic optimization
INFO: [Opt 31-138] Pushed 2 inverter(s) to 28 load pin(s).
INFO: [Project 1-111] Unisim Transformation Summary:
  A total of 1 instances were transformed.
  LDC => LDCE: 1 instances

INFO: [Common 17-83] Releasing license: Synthesis
70 Infos, 47 Warnings, 0 Critical Warnings and 0 Errors encountered.
synth_design completed successfully
synth_design: Time (s): cpu = 00:01:08 ; elapsed = 00:01:11 . Memory (MB): peak = 631.844 ; gain = 425.074
report_utilization: Time (s): cpu = 00:00:00 ; elapsed = 00:00:00.031 . Memory (MB): peak = 631.844 ; gain = 0.000
INFO: [Common 17-206] Exiting Vivado at Wed Dec 14 14:47:14 2016...
