
*** Running vivado
    with args -log c_addsub_0.vds -m64 -mode batch -messageDb vivado.pb -notrace -source c_addsub_0.tcl


****** Vivado v2016.2 (64-bit)
  **** SW Build 1577090 on Thu Jun  2 16:32:40 MDT 2016
  **** IP Build 1577682 on Fri Jun  3 12:00:54 MDT 2016
    ** Copyright 1986-2016 Xilinx, Inc. All Rights Reserved.

source c_addsub_0.tcl -notrace
Command: synth_design -top c_addsub_0 -part xc7z020clg484-1 -mode out_of_context
Starting synth_design
Attempting to get a license for feature 'Synthesis' and/or device 'xc7z020'
INFO: [Common 17-349] Got license for feature 'Synthesis' and/or device 'xc7z020'
INFO: Launching helper process for spawning children vivado processes
INFO: Helper process launched with PID 6012 
---------------------------------------------------------------------------------
Starting RTL Elaboration : Time (s): cpu = 00:00:05 ; elapsed = 00:00:06 . Memory (MB): peak = 294.949 ; gain = 87.598
---------------------------------------------------------------------------------
INFO: [Synth 8-638] synthesizing module 'c_addsub_0' [c:/Users/georges/Documents/GitHub/MQP/IMU/IMU.srcs/sources_1/ip/c_addsub_0/synth/c_addsub_0.vhd:68]
INFO: [Synth 8-3491] module 'c_addsub_v12_0_9' declared at 'c:/Users/georges/Documents/GitHub/MQP/IMU/IMU.srcs/sources_1/ip/c_addsub_0/c_addsub_v12_0_9/hdl/c_addsub_v12_0.vhd:54' bound to instance 'U0' of component 'c_addsub_v12_0_9' [c:/Users/georges/Documents/GitHub/MQP/IMU/IMU.srcs/sources_1/ip/c_addsub_0/synth/c_addsub_0.vhd:128]
INFO: [Synth 8-256] done synthesizing module 'c_addsub_0' (8#1) [c:/Users/georges/Documents/GitHub/MQP/IMU/IMU.srcs/sources_1/ip/c_addsub_0/synth/c_addsub_0.vhd:68]
WARNING: [Synth 8-3331] design xbip_dsp48e1_wrapper_v3_0 has unconnected port CEA1
WARNING: [Synth 8-3331] design xbip_dsp48e1_wrapper_v3_0 has unconnected port CEA2
WARNING: [Synth 8-3331] design xbip_dsp48e1_wrapper_v3_0 has unconnected port CEB1
WARNING: [Synth 8-3331] design xbip_dsp48e1_wrapper_v3_0 has unconnected port CEB2
WARNING: [Synth 8-3331] design xbip_dsp48e1_wrapper_v3_0 has unconnected port CEAD
WARNING: [Synth 8-3331] design xbip_dsp48e1_wrapper_v3_0 has unconnected port CED
WARNING: [Synth 8-3331] design xbip_dsp48e1_wrapper_v3_0 has unconnected port CEC
WARNING: [Synth 8-3331] design xbip_dsp48e1_wrapper_v3_0 has unconnected port CECARRYIN
WARNING: [Synth 8-3331] design xbip_dsp48e1_wrapper_v3_0 has unconnected port CECTRL
WARNING: [Synth 8-3331] design xbip_dsp48e1_wrapper_v3_0 has unconnected port CEALUMODE
WARNING: [Synth 8-3331] design xbip_dsp48e1_wrapper_v3_0 has unconnected port CEINMODE
WARNING: [Synth 8-3331] design xbip_dsp48e1_wrapper_v3_0 has unconnected port CEM
WARNING: [Synth 8-3331] design xbip_dsp48e1_wrapper_v3_0 has unconnected port CEP
WARNING: [Synth 8-3331] design xbip_dsp48e1_wrapper_v3_0 has unconnected port SCLRA
WARNING: [Synth 8-3331] design xbip_dsp48e1_wrapper_v3_0 has unconnected port SCLRB
WARNING: [Synth 8-3331] design xbip_dsp48e1_wrapper_v3_0 has unconnected port SCLRC
WARNING: [Synth 8-3331] design xbip_dsp48e1_wrapper_v3_0 has unconnected port SCLRD
WARNING: [Synth 8-3331] design xbip_dsp48e1_wrapper_v3_0 has unconnected port SCLRALLCARRYIN
WARNING: [Synth 8-3331] design xbip_dsp48e1_wrapper_v3_0 has unconnected port SCLRCTRL
WARNING: [Synth 8-3331] design xbip_dsp48e1_wrapper_v3_0 has unconnected port SCLRALUMODE
WARNING: [Synth 8-3331] design xbip_dsp48e1_wrapper_v3_0 has unconnected port SCLRINMODE
WARNING: [Synth 8-3331] design xbip_dsp48e1_wrapper_v3_0 has unconnected port SCLRM
WARNING: [Synth 8-3331] design xbip_dsp48e1_wrapper_v3_0 has unconnected port SCLRP
WARNING: [Synth 8-3331] design xbip_pipe_v3_0_2_viv has unconnected port SCLR
WARNING: [Synth 8-3331] design xbip_pipe_v3_0_2_viv has unconnected port SINIT
WARNING: [Synth 8-3331] design c_addsub_v12_0_9_viv has unconnected port C_IN
WARNING: [Synth 8-3331] design c_addsub_v12_0_9_viv has unconnected port CE
WARNING: [Synth 8-3331] design c_addsub_v12_0_9_viv has unconnected port BYPASS
WARNING: [Synth 8-3331] design c_addsub_v12_0_9_viv has unconnected port SCLR
WARNING: [Synth 8-3331] design c_addsub_v12_0_9_viv has unconnected port SSET
WARNING: [Synth 8-3331] design c_addsub_v12_0_9_viv has unconnected port SINIT
---------------------------------------------------------------------------------
Finished RTL Elaboration : Time (s): cpu = 00:00:06 ; elapsed = 00:00:08 . Memory (MB): peak = 327.699 ; gain = 120.348
---------------------------------------------------------------------------------

Report Check Netlist: 
+------+------------------+-------+---------+-------+------------------+
|      |Item              |Errors |Warnings |Status |Description       |
+------+------------------+-------+---------+-------+------------------+
|1     |multi_driven_nets |      0|        0|Passed |Multi driven nets |
+------+------------------+-------+---------+-------+------------------+
---------------------------------------------------------------------------------
Finished RTL Optimization Phase 1 : Time (s): cpu = 00:00:06 ; elapsed = 00:00:08 . Memory (MB): peak = 327.699 ; gain = 120.348
---------------------------------------------------------------------------------
INFO: [Netlist 29-17] Analyzing 1 Unisim elements for replacement
INFO: [Netlist 29-28] Unisim Transformation completed in 0 CPU seconds
INFO: [Device 21-403] Loading part xc7z020clg484-1
INFO: [Project 1-570] Preparing netlist for logic optimization

Processing XDC Constraints
Initializing timing engine
Parsing XDC File [c:/Users/georges/Documents/GitHub/MQP/IMU/IMU.srcs/sources_1/ip/c_addsub_0/c_addsub_0_ooc.xdc] for cell 'U0'
Finished Parsing XDC File [c:/Users/georges/Documents/GitHub/MQP/IMU/IMU.srcs/sources_1/ip/c_addsub_0/c_addsub_0_ooc.xdc] for cell 'U0'
Parsing XDC File [C:/Users/georges/Documents/GitHub/MQP/IMU/IMU.runs/c_addsub_0_synth_1/dont_touch.xdc]
Finished Parsing XDC File [C:/Users/georges/Documents/GitHub/MQP/IMU/IMU.runs/c_addsub_0_synth_1/dont_touch.xdc]
Completed Processing XDC Constraints

INFO: [Project 1-111] Unisim Transformation Summary:
No Unisim elements were transformed.

Constraint Validation Runtime : Time (s): cpu = 00:00:00 ; elapsed = 00:00:00.015 . Memory (MB): peak = 555.500 ; gain = 0.000
---------------------------------------------------------------------------------
Finished Constraint Validation : Time (s): cpu = 00:00:14 ; elapsed = 00:00:16 . Memory (MB): peak = 555.500 ; gain = 348.148
---------------------------------------------------------------------------------
---------------------------------------------------------------------------------
Start Loading Part and Timing Information
---------------------------------------------------------------------------------
Loading part: xc7z020clg484-1
---------------------------------------------------------------------------------
Finished Loading Part and Timing Information : Time (s): cpu = 00:00:14 ; elapsed = 00:00:16 . Memory (MB): peak = 555.500 ; gain = 348.148
---------------------------------------------------------------------------------
---------------------------------------------------------------------------------
Start Applying 'set_property' XDC Constraints
---------------------------------------------------------------------------------
Applied set_property DONT_TOUCH = true for U0. (constraint file  auto generated constraint, line ).
---------------------------------------------------------------------------------
Finished applying 'set_property' XDC Constraints : Time (s): cpu = 00:00:14 ; elapsed = 00:00:16 . Memory (MB): peak = 555.500 ; gain = 348.148
---------------------------------------------------------------------------------
---------------------------------------------------------------------------------
Finished RTL Optimization Phase 2 : Time (s): cpu = 00:00:14 ; elapsed = 00:00:16 . Memory (MB): peak = 555.500 ; gain = 348.148
---------------------------------------------------------------------------------

Report RTL Partitions: 
+-+--------------+------------+----------+
| |RTL Partition |Replication |Instances |
+-+--------------+------------+----------+
+-+--------------+------------+----------+
---------------------------------------------------------------------------------
Start RTL Component Statistics 
---------------------------------------------------------------------------------
---------------------------------------------------------------------------------
Finished RTL Component Statistics 
---------------------------------------------------------------------------------
---------------------------------------------------------------------------------
Start RTL Hierarchical Component Statistics 
---------------------------------------------------------------------------------
---------------------------------------------------------------------------------
Finished RTL Hierarchical Component Statistics
---------------------------------------------------------------------------------
---------------------------------------------------------------------------------
Start Part Resource Summary
---------------------------------------------------------------------------------
Part Resources:
DSPs: 220 (col length:60)
BRAMs: 280 (col length: RAMB18 60 RAMB36 30)
---------------------------------------------------------------------------------
Finished Part Resource Summary
---------------------------------------------------------------------------------
Start Parallel Synthesis Optimization  : Time (s): cpu = 00:00:14 ; elapsed = 00:00:16 . Memory (MB): peak = 555.500 ; gain = 348.148
---------------------------------------------------------------------------------
Start Cross Boundary Optimization
---------------------------------------------------------------------------------
WARNING: [Synth 8-3331] design c_addsub_v12_0_9_viv has unconnected port C_IN
WARNING: [Synth 8-3331] design c_addsub_v12_0_9_viv has unconnected port CE
WARNING: [Synth 8-3331] design c_addsub_v12_0_9_viv has unconnected port BYPASS
WARNING: [Synth 8-3331] design c_addsub_v12_0_9_viv has unconnected port SCLR
WARNING: [Synth 8-3331] design c_addsub_v12_0_9_viv has unconnected port SSET
WARNING: [Synth 8-3331] design c_addsub_v12_0_9_viv has unconnected port SINIT
---------------------------------------------------------------------------------
Finished Cross Boundary Optimization : Time (s): cpu = 00:00:14 ; elapsed = 00:00:16 . Memory (MB): peak = 555.500 ; gain = 348.148
---------------------------------------------------------------------------------
Finished Parallel Reinference  : Time (s): cpu = 00:00:14 ; elapsed = 00:00:16 . Memory (MB): peak = 555.500 ; gain = 348.148

Report RTL Partitions: 
+-+--------------+------------+----------+
| |RTL Partition |Replication |Instances |
+-+--------------+------------+----------+
+-+--------------+------------+----------+
---------------------------------------------------------------------------------
Start Area Optimization
---------------------------------------------------------------------------------
---------------------------------------------------------------------------------
Finished Area Optimization : Time (s): cpu = 00:00:14 ; elapsed = 00:00:16 . Memory (MB): peak = 555.500 ; gain = 348.148
---------------------------------------------------------------------------------
Finished Parallel Area Optimization  : Time (s): cpu = 00:00:14 ; elapsed = 00:00:16 . Memory (MB): peak = 555.500 ; gain = 348.148

Report RTL Partitions: 
+-+--------------+------------+----------+
| |RTL Partition |Replication |Instances |
+-+--------------+------------+----------+
+-+--------------+------------+----------+
---------------------------------------------------------------------------------
Start Timing Optimization
---------------------------------------------------------------------------------
---------------------------------------------------------------------------------
Start Applying XDC Timing Constraints
---------------------------------------------------------------------------------
---------------------------------------------------------------------------------
Finished Applying XDC Timing Constraints : Time (s): cpu = 00:00:26 ; elapsed = 00:00:28 . Memory (MB): peak = 626.863 ; gain = 419.512
---------------------------------------------------------------------------------
---------------------------------------------------------------------------------
Finished Timing Optimization : Time (s): cpu = 00:00:26 ; elapsed = 00:00:28 . Memory (MB): peak = 626.863 ; gain = 419.512
---------------------------------------------------------------------------------

Report RTL Partitions: 
+-+--------------+------------+----------+
| |RTL Partition |Replication |Instances |
+-+--------------+------------+----------+
+-+--------------+------------+----------+
---------------------------------------------------------------------------------
Start Technology Mapping
---------------------------------------------------------------------------------
---------------------------------------------------------------------------------
Finished Technology Mapping : Time (s): cpu = 00:00:26 ; elapsed = 00:00:28 . Memory (MB): peak = 636.516 ; gain = 429.164
---------------------------------------------------------------------------------
Finished Parallel Technology Mapping Optimization  : Time (s): cpu = 00:00:26 ; elapsed = 00:00:28 . Memory (MB): peak = 636.516 ; gain = 429.164

Report RTL Partitions: 
+-+--------------+------------+----------+
| |RTL Partition |Replication |Instances |
+-+--------------+------------+----------+
+-+--------------+------------+----------+
Finished Parallel Synthesis Optimization  : Time (s): cpu = 00:00:26 ; elapsed = 00:00:28 . Memory (MB): peak = 636.516 ; gain = 429.164
---------------------------------------------------------------------------------
Start IO Insertion
---------------------------------------------------------------------------------
---------------------------------------------------------------------------------
Start Flattening Before IO Insertion
---------------------------------------------------------------------------------
---------------------------------------------------------------------------------
Finished Flattening Before IO Insertion
---------------------------------------------------------------------------------
---------------------------------------------------------------------------------
Start Final Netlist Cleanup
---------------------------------------------------------------------------------
---------------------------------------------------------------------------------
Finished Final Netlist Cleanup
---------------------------------------------------------------------------------
---------------------------------------------------------------------------------
Finished IO Insertion : Time (s): cpu = 00:00:27 ; elapsed = 00:00:29 . Memory (MB): peak = 636.516 ; gain = 429.164
---------------------------------------------------------------------------------

Report Check Netlist: 
+------+------------------+-------+---------+-------+------------------+
|      |Item              |Errors |Warnings |Status |Description       |
+------+------------------+-------+---------+-------+------------------+
|1     |multi_driven_nets |      0|        0|Passed |Multi driven nets |
+------+------------------+-------+---------+-------+------------------+
---------------------------------------------------------------------------------
Start Renaming Generated Instances
---------------------------------------------------------------------------------
---------------------------------------------------------------------------------
Finished Renaming Generated Instances : Time (s): cpu = 00:00:27 ; elapsed = 00:00:29 . Memory (MB): peak = 636.516 ; gain = 429.164
---------------------------------------------------------------------------------

Report RTL Partitions: 
+-+--------------+------------+----------+
| |RTL Partition |Replication |Instances |
+-+--------------+------------+----------+
+-+--------------+------------+----------+
---------------------------------------------------------------------------------
Start Rebuilding User Hierarchy
---------------------------------------------------------------------------------
---------------------------------------------------------------------------------
Finished Rebuilding User Hierarchy : Time (s): cpu = 00:00:27 ; elapsed = 00:00:29 . Memory (MB): peak = 636.516 ; gain = 429.164
---------------------------------------------------------------------------------
---------------------------------------------------------------------------------
Start Renaming Generated Ports
---------------------------------------------------------------------------------
---------------------------------------------------------------------------------
Finished Renaming Generated Ports : Time (s): cpu = 00:00:27 ; elapsed = 00:00:29 . Memory (MB): peak = 636.516 ; gain = 429.164
---------------------------------------------------------------------------------
---------------------------------------------------------------------------------
Start Handling Custom Attributes
---------------------------------------------------------------------------------
---------------------------------------------------------------------------------
Finished Handling Custom Attributes : Time (s): cpu = 00:00:27 ; elapsed = 00:00:29 . Memory (MB): peak = 636.516 ; gain = 429.164
---------------------------------------------------------------------------------
---------------------------------------------------------------------------------
Start Renaming Generated Nets
---------------------------------------------------------------------------------
---------------------------------------------------------------------------------
Finished Renaming Generated Nets : Time (s): cpu = 00:00:27 ; elapsed = 00:00:29 . Memory (MB): peak = 636.516 ; gain = 429.164
---------------------------------------------------------------------------------
---------------------------------------------------------------------------------
Start Writing Synthesis Report
---------------------------------------------------------------------------------

Report BlackBoxes: 
+-+--------------+----------+
| |BlackBox name |Instances |
+-+--------------+----------+
+-+--------------+----------+

Report Cell Usage: 
+------+--------+------+
|      |Cell    |Count |
+------+--------+------+
|1     |DSP48E1 |     1|
|2     |FDRE    |     1|
+------+--------+------+
---------------------------------------------------------------------------------
Finished Writing Synthesis Report : Time (s): cpu = 00:00:27 ; elapsed = 00:00:29 . Memory (MB): peak = 636.516 ; gain = 429.164
---------------------------------------------------------------------------------
Synthesis finished with 0 errors, 0 critical warnings and 6 warnings.
Synthesis Optimization Runtime : Time (s): cpu = 00:00:15 ; elapsed = 00:00:21 . Memory (MB): peak = 636.516 ; gain = 197.535
Synthesis Optimization Complete : Time (s): cpu = 00:00:27 ; elapsed = 00:00:29 . Memory (MB): peak = 636.516 ; gain = 429.164
INFO: [Project 1-571] Translating synthesized netlist
INFO: [Netlist 29-17] Analyzing 1 Unisim elements for replacement
INFO: [Netlist 29-28] Unisim Transformation completed in 0 CPU seconds
INFO: [Project 1-570] Preparing netlist for logic optimization
Parsing XDC File [c:/Users/georges/Documents/GitHub/MQP/IMU/IMU.srcs/sources_1/ip/c_addsub_0/c_addsub_0_ooc.xdc] for cell 'U0'
Finished Parsing XDC File [c:/Users/georges/Documents/GitHub/MQP/IMU/IMU.srcs/sources_1/ip/c_addsub_0/c_addsub_0_ooc.xdc] for cell 'U0'
INFO: [Opt 31-138] Pushed 0 inverter(s) to 0 load pin(s).
INFO: [Project 1-111] Unisim Transformation Summary:
No Unisim elements were transformed.

INFO: [Common 17-83] Releasing license: Synthesis
16 Infos, 37 Warnings, 0 Critical Warnings and 0 Errors encountered.
synth_design completed successfully
synth_design: Time (s): cpu = 00:00:26 ; elapsed = 00:00:27 . Memory (MB): peak = 639.363 ; gain = 428.184
INFO: [Coretcl 2-1174] Renamed 7 cell refs.
report_utilization: Time (s): cpu = 00:00:00 ; elapsed = 00:00:00.016 . Memory (MB): peak = 639.363 ; gain = 0.000
INFO: [Common 17-206] Exiting Vivado at Wed Dec 14 23:58:13 2016...
