INFO:sim:172 - Generating IP...
Applying current project options...
Finished applying current project options.
WARNING:sim - A core named 'mmcm' already exists in the project. Output products
   for this core may be overwritten.
Resolving generics for 'mmcm'...
WARNING:sim - A core named 'mmcm' already exists in the project. Output products
   for this core may be overwritten.
Applying external generics to 'mmcm'...
Delivering associated files for 'mmcm'...
WARNING:sim - Component clk_wiz_v3_5 does not have a valid model name for
   Verilog synthesis
Delivering EJava files for 'mmcm'...
Delivered 3 files into directory
C:/Users/georges/Documents/GitHub/MQP/Nexys3_Disparity/ipcore_dir/tmp/_cg/mmcm
Delivered 1 file into directory
C:/Users/georges/Documents/GitHub/MQP/Nexys3_Disparity/ipcore_dir/tmp/_cg/mmcm
Generating ASY schematic symbol...
Loading device for application Rf_Device from file '6slx16.nph' in environment
C:\Xilinx\14.1\ISE_DS\ISE\.
INFO:sim:949 - Finished generation of ASY schematic symbol.
Generating SYM schematic symbol for 'mmcm'...
Generating ISE project...
XCO file found: mmcm.xco
XMDF file found: mmcm_xmdf.tcl
Adding
C:/Users/georges/Documents/GitHub/MQP/Nexys3_Disparity/ipcore_dir/tmp/_cg/mmcm/e
xample_design/mmcm_exdes.ucf -view all -origin_type created
Adding
C:/Users/georges/Documents/GitHub/MQP/Nexys3_Disparity/ipcore_dir/tmp/_cg/mmcm/e
xample_design/mmcm_exdes.v -view all -origin_type created
INFO:HDLCompiler:1845 - Analyzing Verilog file
   "C:/Users/georges/Documents/GitHub/MQP/Nexys3_Disparity/ipcore_dir/tmp/_cg/mm
   cm/example_design/mmcm_exdes.v" into library work
INFO:ProjectMgmt - Parsing design hierarchy completed successfully.
Adding
C:/Users/georges/Documents/GitHub/MQP/Nexys3_Disparity/ipcore_dir/tmp/_cg/mmcm.a
sy -view all -origin_type imported
Adding
C:/Users/georges/Documents/GitHub/MQP/Nexys3_Disparity/ipcore_dir/tmp/_cg/mmcm.v
-view all -origin_type created
INFO:HDLCompiler:1845 - Analyzing Verilog file
   "C:/Users/georges/Documents/GitHub/MQP/Nexys3_Disparity/ipcore_dir/tmp/_cg/mm
   cm.v" into library work
INFO:ProjectMgmt - Parsing design hierarchy completed successfully.
Adding
C:/Users/georges/Documents/GitHub/MQP/Nexys3_Disparity/ipcore_dir/tmp/_cg/mmcm.v
eo -view all -origin_type imported
WARNING: This core does not have a top level called "/mmcm"
WARNING: Top level has been set to "/mmcm_exdes"
Generating README file...
Generating FLIST file...
INFO:sim:948 - Finished FLIST file generation.
Launching README viewer...
Moving files to output directory...
Finished moving files to output directory
Wrote CGP file for project 'mmcm'.
