Copyright 1986-2016 Xilinx, Inc. All Rights Reserved.
------------------------------------------------------------------------------------
| Tool Version : Vivado v.2016.2 (win64) Build 1577090 Thu Jun  2 16:32:40 MDT 2016
| Date         : Tue Dec 06 22:05:10 2016
| Host         : JOHN-HP running 64-bit major release  (build 7600)
| Command      : upgrade_ip
| Device       : xc7z020clg484-1
------------------------------------------------------------------------------------

Upgrade Log for IP 'design_1_nu_nu_rangefinder_vga_0_0'

1. Summary
----------

SUCCESS in the upgrade of design_1_nu_nu_rangefinder_vga_0_0 (xilinx.com:user:nu_nu_rangefinder_vga:1.0) from (Rev. 77) to (Rev. 78)






Copyright 1986-2016 Xilinx, Inc. All Rights Reserved.
------------------------------------------------------------------------------------
| Tool Version : Vivado v.2016.2 (win64) Build 1577090 Thu Jun  2 16:32:40 MDT 2016
| Date         : Tue Dec 06 21:44:15 2016
| Host         : JOHN-HP running 64-bit major release  (build 7600)
| Command      : upgrade_ip
| Device       : xc7z020clg484-1
------------------------------------------------------------------------------------

Upgrade Log for IP 'design_1_nu_nu_rangefinder_vga_0_0'

1. Summary
----------

SUCCESS in the upgrade of design_1_nu_nu_rangefinder_vga_0_0 (xilinx.com:user:nu_nu_rangefinder_vga:1.0) from (Rev. 76) to (Rev. 77)






Copyright 1986-2016 Xilinx, Inc. All Rights Reserved.
------------------------------------------------------------------------------------
| Tool Version : Vivado v.2016.2 (win64) Build 1577090 Thu Jun  2 16:32:40 MDT 2016
| Date         : Tue Dec 06 21:34:53 2016
| Host         : JOHN-HP running 64-bit major release  (build 7600)
| Command      : upgrade_ip
| Device       : xc7z020clg484-1
------------------------------------------------------------------------------------

Upgrade Log for IP 'design_1_nu_nu_rangefinder_vga_0_0'

1. Summary
----------

SUCCESS in the upgrade of design_1_nu_nu_rangefinder_vga_0_0 (xilinx.com:user:nu_nu_rangefinder_vga:1.0) from (Rev. 75) to (Rev. 76)






Copyright 1986-2016 Xilinx, Inc. All Rights Reserved.
------------------------------------------------------------------------------------
| Tool Version : Vivado v.2016.2 (win64) Build 1577090 Thu Jun  2 16:32:40 MDT 2016
| Date         : Tue Dec 06 21:21:34 2016
| Host         : JOHN-HP running 64-bit major release  (build 7600)
| Command      : upgrade_ip
| Device       : xc7z020clg484-1
------------------------------------------------------------------------------------

Upgrade Log for IP 'design_1_nu_nu_rangefinder_vga_0_0'

1. Summary
----------

SUCCESS in the upgrade of design_1_nu_nu_rangefinder_vga_0_0 (xilinx.com:user:nu_nu_rangefinder_vga:1.0) from (Rev. 74) to (Rev. 75)






Copyright 1986-2016 Xilinx, Inc. All Rights Reserved.
------------------------------------------------------------------------------------
| Tool Version : Vivado v.2016.2 (win64) Build 1577090 Thu Jun  2 16:32:40 MDT 2016
| Date         : Tue Dec 06 14:29:49 2016
| Host         : JOHN-HP running 64-bit major release  (build 7600)
| Command      : upgrade_ip
| Device       : xc7z020clg484-1
------------------------------------------------------------------------------------

Upgrade Log for IP 'design_1_nu_nu_rangefinder_vga_0_0'

1. Summary
----------

SUCCESS in the upgrade of design_1_nu_nu_rangefinder_vga_0_0 (xilinx.com:user:nu_nu_rangefinder_vga:1.0) from (Rev. 71) to (Rev. 74)






Copyright 1986-2016 Xilinx, Inc. All Rights Reserved.
------------------------------------------------------------------------------------
| Tool Version : Vivado v.2016.2 (win64) Build 1577090 Thu Jun  2 16:32:40 MDT 2016
| Date         : Sun Nov 20 13:53:17 2016
| Host         : JOHN-HP running 64-bit major release  (build 7600)
| Command      : upgrade_ip
| Device       : xc7z020clg484-1
------------------------------------------------------------------------------------

Upgrade Log for IP 'design_1_nu_nu_rangefinder_vga_0_0'

1. Summary
----------

SUCCESS in the upgrade of design_1_nu_nu_rangefinder_vga_0_0 (xilinx.com:user:nu_nu_rangefinder_vga:1.0) from (Rev. 70) to (Rev. 71)






Copyright 1986-2016 Xilinx, Inc. All Rights Reserved.
------------------------------------------------------------------------------------
| Tool Version : Vivado v.2016.2 (win64) Build 1577090 Thu Jun  2 16:32:40 MDT 2016
| Date         : Wed Nov 16 22:09:49 2016
| Host         : JOHN-HP running 64-bit major release  (build 7600)
| Command      : upgrade_ip
| Device       : xc7z020clg484-1
------------------------------------------------------------------------------------

Upgrade Log for IP 'design_1_nu_nu_rangefinder_vga_0_0'

1. Summary
----------

SUCCESS in the upgrade of design_1_nu_nu_rangefinder_vga_0_0 (xilinx.com:user:nu_nu_rangefinder_vga:1.0) from (Rev. 69) to (Rev. 70)






Copyright 1986-2016 Xilinx, Inc. All Rights Reserved.
------------------------------------------------------------------------------------
| Tool Version : Vivado v.2016.2 (win64) Build 1577090 Thu Jun  2 16:32:40 MDT 2016
| Date         : Wed Nov 16 20:24:34 2016
| Host         : JOHN-HP running 64-bit major release  (build 7600)
| Command      : upgrade_ip
| Device       : xc7z020clg484-1
------------------------------------------------------------------------------------

Upgrade Log for IP 'design_1_nu_nu_rangefinder_vga_0_0'

1. Summary
----------

SUCCESS in the upgrade of design_1_nu_nu_rangefinder_vga_0_0 (xilinx.com:user:nu_nu_rangefinder_vga:1.0) from (Rev. 68) to (Rev. 69)






Copyright 1986-2016 Xilinx, Inc. All Rights Reserved.
------------------------------------------------------------------------------------
| Tool Version : Vivado v.2016.2 (win64) Build 1577090 Thu Jun  2 16:32:40 MDT 2016
| Date         : Tue Nov 15 23:30:51 2016
| Host         : JOHN-HP running 64-bit major release  (build 7600)
| Command      : upgrade_ip
| Device       : xc7z020clg484-1
------------------------------------------------------------------------------------

Upgrade Log for IP 'design_1_nu_nu_rangefinder_vga_0_0'

1. Summary
----------

SUCCESS in the upgrade of design_1_nu_nu_rangefinder_vga_0_0 (xilinx.com:user:nu_nu_rangefinder_vga:1.0) from (Rev. 67) to (Rev. 68)






Copyright 1986-2016 Xilinx, Inc. All Rights Reserved.
------------------------------------------------------------------------------------
| Tool Version : Vivado v.2016.2 (win64) Build 1577090 Thu Jun  2 16:32:40 MDT 2016
| Date         : Tue Nov 15 15:26:53 2016
| Host         : JOHN-HP running 64-bit major release  (build 7600)
| Command      : upgrade_ip
| Device       : xc7z020clg484-1
------------------------------------------------------------------------------------

Upgrade Log for IP 'design_1_nu_nu_rangefinder_vga_0_0'

1. Summary
----------

SUCCESS in the upgrade of design_1_nu_nu_rangefinder_vga_0_0 (xilinx.com:user:nu_nu_rangefinder_vga:1.0) from (Rev. 66) to (Rev. 67)






Copyright 1986-2016 Xilinx, Inc. All Rights Reserved.
------------------------------------------------------------------------------------
| Tool Version : Vivado v.2016.2 (win64) Build 1577090 Thu Jun  2 16:32:40 MDT 2016
| Date         : Tue Nov 15 13:30:26 2016
| Host         : JOHN-HP running 64-bit major release  (build 7600)
| Command      : upgrade_ip
| Device       : xc7z020clg484-1
------------------------------------------------------------------------------------

Upgrade Log for IP 'design_1_nu_nu_rangefinder_vga_0_0'

1. Summary
----------

SUCCESS in the upgrade of design_1_nu_nu_rangefinder_vga_0_0 (xilinx.com:user:nu_nu_rangefinder_vga:1.0) from (Rev. 65) to (Rev. 66)






Copyright 1986-2016 Xilinx, Inc. All Rights Reserved.
------------------------------------------------------------------------------------
| Tool Version : Vivado v.2016.2 (win64) Build 1577090 Thu Jun  2 16:32:40 MDT 2016
| Date         : Tue Nov 15 12:48:32 2016
| Host         : JOHN-HP running 64-bit major release  (build 7600)
| Command      : upgrade_ip
| Device       : xc7z020clg484-1
------------------------------------------------------------------------------------

Upgrade Log for IP 'design_1_nu_nu_rangefinder_vga_0_0'

1. Summary
----------

SUCCESS in the upgrade of design_1_nu_nu_rangefinder_vga_0_0 (xilinx.com:user:nu_nu_rangefinder_vga:1.0) from (Rev. 64) to (Rev. 65)






Copyright 1986-2016 Xilinx, Inc. All Rights Reserved.
------------------------------------------------------------------------------------
| Tool Version : Vivado v.2016.2 (win64) Build 1577090 Thu Jun  2 16:32:40 MDT 2016
| Date         : Mon Nov 14 19:35:09 2016
| Host         : JOHN-HP running 64-bit major release  (build 7600)
| Command      : upgrade_ip
| Device       : xc7z020clg484-1
------------------------------------------------------------------------------------

Upgrade Log for IP 'design_1_nu_nu_rangefinder_vga_0_0'

1. Summary
----------

SUCCESS in the upgrade of design_1_nu_nu_rangefinder_vga_0_0 (xilinx.com:user:nu_nu_rangefinder_vga:1.0) from (Rev. 63) to (Rev. 64)






Copyright 1986-2016 Xilinx, Inc. All Rights Reserved.
------------------------------------------------------------------------------------
| Tool Version : Vivado v.2016.2 (win64) Build 1577090 Thu Jun  2 16:32:40 MDT 2016
| Date         : Mon Nov 14 18:45:14 2016
| Host         : JOHN-HP running 64-bit major release  (build 7600)
| Command      : upgrade_ip
| Device       : xc7z020clg484-1
------------------------------------------------------------------------------------

Upgrade Log for IP 'design_1_nu_nu_rangefinder_vga_0_0'

1. Summary
----------

SUCCESS in the upgrade of design_1_nu_nu_rangefinder_vga_0_0 (xilinx.com:user:nu_nu_rangefinder_vga:1.0) from (Rev. 62) to (Rev. 63)






Copyright 1986-2016 Xilinx, Inc. All Rights Reserved.
------------------------------------------------------------------------------------
| Tool Version : Vivado v.2016.2 (win64) Build 1577090 Thu Jun  2 16:32:40 MDT 2016
| Date         : Mon Nov 14 18:22:18 2016
| Host         : JOHN-HP running 64-bit major release  (build 7600)
| Command      : upgrade_ip
| Device       : xc7z020clg484-1
------------------------------------------------------------------------------------

Upgrade Log for IP 'design_1_nu_nu_rangefinder_vga_0_0'

1. Summary
----------

SUCCESS in the upgrade of design_1_nu_nu_rangefinder_vga_0_0 (xilinx.com:user:nu_nu_rangefinder_vga:1.0) from (Rev. 61) to (Rev. 62)






Copyright 1986-2016 Xilinx, Inc. All Rights Reserved.
------------------------------------------------------------------------------------
| Tool Version : Vivado v.2016.2 (win64) Build 1577090 Thu Jun  2 16:32:40 MDT 2016
| Date         : Sun Nov 13 18:17:57 2016
| Host         : JOHN-HP running 64-bit major release  (build 7600)
| Command      : upgrade_ip
| Device       : xc7z020clg484-1
------------------------------------------------------------------------------------

Upgrade Log for IP 'design_1_nu_nu_rangefinder_vga_0_0'

1. Summary
----------

SUCCESS in the upgrade of design_1_nu_nu_rangefinder_vga_0_0 (xilinx.com:user:nu_nu_rangefinder_vga:1.0) from (Rev. 60) to (Rev. 61)






Copyright 1986-2016 Xilinx, Inc. All Rights Reserved.
------------------------------------------------------------------------------------
| Tool Version : Vivado v.2016.2 (win64) Build 1577090 Thu Jun  2 16:32:40 MDT 2016
| Date         : Sun Nov 13 18:12:14 2016
| Host         : JOHN-HP running 64-bit major release  (build 7600)
| Command      : upgrade_ip
| Device       : xc7z020clg484-1
------------------------------------------------------------------------------------

Upgrade Log for IP 'design_1_nu_nu_rangefinder_vga_0_0'

1. Summary
----------

SUCCESS in the upgrade of design_1_nu_nu_rangefinder_vga_0_0 (xilinx.com:user:nu_nu_rangefinder_vga:1.0) from (Rev. 59) to (Rev. 60)






Copyright 1986-2016 Xilinx, Inc. All Rights Reserved.
------------------------------------------------------------------------------------
| Tool Version : Vivado v.2016.2 (win64) Build 1577090 Thu Jun  2 16:32:40 MDT 2016
| Date         : Sun Nov 13 17:55:49 2016
| Host         : JOHN-HP running 64-bit major release  (build 7600)
| Command      : upgrade_ip
| Device       : xc7z020clg484-1
------------------------------------------------------------------------------------

Upgrade Log for IP 'design_1_nu_nu_rangefinder_vga_0_0'

1. Summary
----------

CAUTION (success, with warnings) in the upgrade of design_1_nu_nu_rangefinder_vga_0_0 (xilinx.com:user:nu_nu_rangefinder_vga:1.0) from (Rev. 57) to (Rev. 59)

After upgrade, an IP may have parameter and port differences compared to the original customization. Please review the parameters within the IP customization GUI to ensure proper functionality. Also, please review the updated IP instantiation template to ensure proper connectivity, and update your design if required.

2. Connection Warnings
----------------------

Detected external port differences while upgrading 'design_1_nu_nu_rangefinder_vga_0_0'. These changes may impact your design.


-Upgraded port 'dina' width 8 differs from original width 640

-Upgrade has removed port 'vcount_9b'

-Upgraded port 'x_vga' width 8 differs from original width 640

-Upgrade has removed port 'ylocation'

-Upgrade has added port 'vga_raddr'

-Upgrade has added port 'vga_waddr'







Copyright 1986-2016 Xilinx, Inc. All Rights Reserved.
------------------------------------------------------------------------------------
| Tool Version : Vivado v.2016.2 (win64) Build 1577090 Thu Jun  2 16:32:40 MDT 2016
| Date         : Sun Nov 13 16:37:19 2016
| Host         : JOHN-HP running 64-bit major release  (build 7600)
| Command      : upgrade_ip
| Device       : xc7z020clg484-1
------------------------------------------------------------------------------------

Upgrade Log for IP 'design_1_nu_nu_rangefinder_vga_0_0'

1. Summary
----------

SUCCESS in the upgrade of design_1_nu_nu_rangefinder_vga_0_0 (xilinx.com:user:nu_nu_rangefinder_vga:1.0) from (Rev. 56) to (Rev. 57)






Copyright 1986-2016 Xilinx, Inc. All Rights Reserved.
------------------------------------------------------------------------------------
| Tool Version : Vivado v.2016.2 (win64) Build 1577090 Thu Jun  2 16:32:40 MDT 2016
| Date         : Sun Nov 13 15:55:02 2016
| Host         : JOHN-HP running 64-bit major release  (build 7600)
| Command      : upgrade_ip
| Device       : xc7z020clg484-1
------------------------------------------------------------------------------------

Upgrade Log for IP 'design_1_nu_nu_rangefinder_vga_0_0'

1. Summary
----------

SUCCESS in the upgrade of design_1_nu_nu_rangefinder_vga_0_0 (xilinx.com:user:nu_nu_rangefinder_vga:1.0) from (Rev. 55) to (Rev. 56)






Copyright 1986-2016 Xilinx, Inc. All Rights Reserved.
------------------------------------------------------------------------------------
| Tool Version : Vivado v.2016.2 (win64) Build 1577090 Thu Jun  2 16:32:40 MDT 2016
| Date         : Sun Nov 13 15:36:28 2016
| Host         : JOHN-HP running 64-bit major release  (build 7600)
| Command      : upgrade_ip
| Device       : xc7z020clg484-1
------------------------------------------------------------------------------------

Upgrade Log for IP 'design_1_nu_nu_rangefinder_vga_0_0'

1. Summary
----------

SUCCESS in the upgrade of design_1_nu_nu_rangefinder_vga_0_0 (xilinx.com:user:nu_nu_rangefinder_vga:1.0) from (Rev. 54) to (Rev. 55)






Copyright 1986-2016 Xilinx, Inc. All Rights Reserved.
------------------------------------------------------------------------------------
| Tool Version : Vivado v.2016.2 (win64) Build 1577090 Thu Jun  2 16:32:40 MDT 2016
| Date         : Sun Nov 13 14:45:10 2016
| Host         : JOHN-HP running 64-bit major release  (build 7600)
| Command      : upgrade_ip
| Device       : xc7z020clg484-1
------------------------------------------------------------------------------------

Upgrade Log for IP 'design_1_nu_nu_rangefinder_vga_0_0'

1. Summary
----------

SUCCESS in the upgrade of design_1_nu_nu_rangefinder_vga_0_0 (xilinx.com:user:nu_nu_rangefinder_vga:1.0) from (Rev. 53) to (Rev. 54)






Copyright 1986-2016 Xilinx, Inc. All Rights Reserved.
------------------------------------------------------------------------------------
| Tool Version : Vivado v.2016.2 (win64) Build 1577090 Thu Jun  2 16:32:40 MDT 2016
| Date         : Sun Nov 13 14:30:51 2016
| Host         : JOHN-HP running 64-bit major release  (build 7600)
| Command      : upgrade_ip
| Device       : xc7z020clg484-1
------------------------------------------------------------------------------------

Upgrade Log for IP 'design_1_nu_nu_rangefinder_vga_0_0'

1. Summary
----------

SUCCESS in the upgrade of design_1_nu_nu_rangefinder_vga_0_0 (xilinx.com:user:nu_nu_rangefinder_vga:1.0) from (Rev. 51) to (Rev. 53)






Copyright 1986-2016 Xilinx, Inc. All Rights Reserved.
------------------------------------------------------------------------------------
| Tool Version : Vivado v.2016.2 (win64) Build 1577090 Thu Jun  2 16:32:40 MDT 2016
| Date         : Sat Nov 12 21:58:30 2016
| Host         : JOHN-HP running 64-bit major release  (build 7600)
| Command      : upgrade_ip
| Device       : xc7z020clg484-1
------------------------------------------------------------------------------------

Upgrade Log for IP 'design_1_nu_nu_rangefinder_vga_0_0'

1. Summary
----------

SUCCESS in the upgrade of design_1_nu_nu_rangefinder_vga_0_0 (xilinx.com:user:nu_nu_rangefinder_vga:1.0) from (Rev. 50) to (Rev. 51)






Copyright 1986-2016 Xilinx, Inc. All Rights Reserved.
------------------------------------------------------------------------------------
| Tool Version : Vivado v.2016.2 (win64) Build 1577090 Thu Jun  2 16:32:40 MDT 2016
| Date         : Sat Nov 12 21:05:41 2016
| Host         : JOHN-HP running 64-bit major release  (build 7600)
| Command      : upgrade_ip
| Device       : xc7z020clg484-1
------------------------------------------------------------------------------------

Upgrade Log for IP 'design_1_nu_nu_rangefinder_vga_0_0'

1. Summary
----------

SUCCESS in the upgrade of design_1_nu_nu_rangefinder_vga_0_0 (xilinx.com:user:nu_nu_rangefinder_vga:1.0) from (Rev. 49) to (Rev. 50)






Copyright 1986-2016 Xilinx, Inc. All Rights Reserved.
------------------------------------------------------------------------------------
| Tool Version : Vivado v.2016.2 (win64) Build 1577090 Thu Jun  2 16:32:40 MDT 2016
| Date         : Sat Nov 12 20:16:00 2016
| Host         : JOHN-HP running 64-bit major release  (build 7600)
| Command      : upgrade_ip
| Device       : xc7z020clg484-1
------------------------------------------------------------------------------------

Upgrade Log for IP 'design_1_nu_nu_rangefinder_vga_0_0'

1. Summary
----------

SUCCESS in the upgrade of design_1_nu_nu_rangefinder_vga_0_0 (xilinx.com:user:nu_nu_rangefinder_vga:1.0) from (Rev. 48) to (Rev. 49)






Copyright 1986-2016 Xilinx, Inc. All Rights Reserved.
------------------------------------------------------------------------------------
| Tool Version : Vivado v.2016.2 (win64) Build 1577090 Thu Jun  2 16:32:40 MDT 2016
| Date         : Sat Nov 12 19:34:58 2016
| Host         : JOHN-HP running 64-bit major release  (build 7600)
| Command      : upgrade_ip
| Device       : xc7z020clg484-1
------------------------------------------------------------------------------------

Upgrade Log for IP 'design_1_nu_nu_rangefinder_vga_0_0'

1. Summary
----------

SUCCESS in the upgrade of design_1_nu_nu_rangefinder_vga_0_0 (xilinx.com:user:nu_nu_rangefinder_vga:1.0) from (Rev. 47) to (Rev. 48)






Copyright 1986-2016 Xilinx, Inc. All Rights Reserved.
------------------------------------------------------------------------------------
| Tool Version : Vivado v.2016.2 (win64) Build 1577090 Thu Jun  2 16:32:40 MDT 2016
| Date         : Sat Nov 12 16:02:11 2016
| Host         : JOHN-HP running 64-bit major release  (build 7600)
| Command      : upgrade_ip
| Device       : xc7z020clg484-1
------------------------------------------------------------------------------------

Upgrade Log for IP 'design_1_nu_nu_rangefinder_vga_0_0'

1. Summary
----------

SUCCESS in the upgrade of design_1_nu_nu_rangefinder_vga_0_0 (xilinx.com:user:nu_nu_rangefinder_vga:1.0) from (Rev. 46) to (Rev. 47)






Copyright 1986-2016 Xilinx, Inc. All Rights Reserved.
------------------------------------------------------------------------------------
| Tool Version : Vivado v.2016.2 (win64) Build 1577090 Thu Jun  2 16:32:40 MDT 2016
| Date         : Sat Nov 12 15:44:31 2016
| Host         : JOHN-HP running 64-bit major release  (build 7600)
| Command      : upgrade_ip
| Device       : xc7z020clg484-1
------------------------------------------------------------------------------------

Upgrade Log for IP 'design_1_nu_nu_rangefinder_vga_0_0'

1. Summary
----------

SUCCESS in the upgrade of design_1_nu_nu_rangefinder_vga_0_0 (xilinx.com:user:nu_nu_rangefinder_vga:1.0) from (Rev. 45) to (Rev. 46)






Copyright 1986-2016 Xilinx, Inc. All Rights Reserved.
------------------------------------------------------------------------------------
| Tool Version : Vivado v.2016.2 (win64) Build 1577090 Thu Jun  2 16:32:40 MDT 2016
| Date         : Sat Nov 12 15:37:34 2016
| Host         : JOHN-HP running 64-bit major release  (build 7600)
| Command      : upgrade_ip
| Device       : xc7z020clg484-1
------------------------------------------------------------------------------------

Upgrade Log for IP 'design_1_nu_nu_rangefinder_vga_0_0'

1. Summary
----------

CAUTION (success, with warnings) in the upgrade of design_1_nu_nu_rangefinder_vga_0_0 (xilinx.com:user:nu_nu_rangefinder_vga:1.0) from (Rev. 44) to (Rev. 45)

After upgrade, an IP may have parameter and port differences compared to the original customization. Please review the parameters within the IP customization GUI to ensure proper functionality. Also, please review the updated IP instantiation template to ensure proper connectivity, and update your design if required.

2. Connection Warnings
----------------------

Detected external port differences while upgrading 'design_1_nu_nu_rangefinder_vga_0_0'. These changes may impact your design.


-Upgrade has removed port 'led'

-Upgrade has added port 'leds'







Copyright 1986-2016 Xilinx, Inc. All Rights Reserved.
------------------------------------------------------------------------------------
| Tool Version : Vivado v.2016.2 (win64) Build 1577090 Thu Jun  2 16:32:40 MDT 2016
| Date         : Sat Nov 12 14:39:43 2016
| Host         : JOHN-HP running 64-bit major release  (build 7600)
| Command      : upgrade_ip
| Device       : xc7z020clg484-1
------------------------------------------------------------------------------------

Upgrade Log for IP 'design_1_nu_nu_rangefinder_vga_0_0'

1. Summary
----------

SUCCESS in the upgrade of design_1_nu_nu_rangefinder_vga_0_0 (xilinx.com:user:nu_nu_rangefinder_vga:1.0) from (Rev. 43) to (Rev. 44)






Copyright 1986-2016 Xilinx, Inc. All Rights Reserved.
------------------------------------------------------------------------------------
| Tool Version : Vivado v.2016.2 (win64) Build 1577090 Thu Jun  2 16:32:40 MDT 2016
| Date         : Sat Nov 12 13:23:21 2016
| Host         : JOHN-HP running 64-bit major release  (build 7600)
| Command      : upgrade_ip
| Device       : xc7z020clg484-1
------------------------------------------------------------------------------------

Upgrade Log for IP 'design_1_nu_nu_rangefinder_vga_0_0'

1. Summary
----------

SUCCESS in the upgrade of design_1_nu_nu_rangefinder_vga_0_0 (xilinx.com:user:nu_nu_rangefinder_vga:1.0) from (Rev. 42) to (Rev. 43)






Copyright 1986-2016 Xilinx, Inc. All Rights Reserved.
------------------------------------------------------------------------------------
| Tool Version : Vivado v.2016.2 (win64) Build 1577090 Thu Jun  2 16:32:40 MDT 2016
| Date         : Thu Nov 10 22:27:44 2016
| Host         : JOHN-HP running 64-bit major release  (build 7600)
| Command      : upgrade_ip
| Device       : xc7z020clg484-1
------------------------------------------------------------------------------------

Upgrade Log for IP 'design_1_nu_nu_rangefinder_vga_0_0'

1. Summary
----------

CAUTION (success, with warnings) in the upgrade of design_1_nu_nu_rangefinder_vga_0_0 (xilinx.com:user:nu_nu_rangefinder_vga:1.0) from (Rev. 41) to (Rev. 42)

After upgrade, an IP may have parameter and port differences compared to the original customization. Please review the parameters within the IP customization GUI to ensure proper functionality. Also, please review the updated IP instantiation template to ensure proper connectivity, and update your design if required.

2. Connection Warnings
----------------------

Detected external port differences while upgrading 'design_1_nu_nu_rangefinder_vga_0_0'. These changes may impact your design.


-Upgrade has added port 'led'







Copyright 1986-2016 Xilinx, Inc. All Rights Reserved.
------------------------------------------------------------------------------------
| Tool Version : Vivado v.2016.2 (win64) Build 1577090 Thu Jun  2 16:32:40 MDT 2016
| Date         : Wed Nov 09 22:54:25 2016
| Host         : JOHN-HP running 64-bit major release  (build 7600)
| Command      : upgrade_ip
| Device       : xc7z020clg484-1
------------------------------------------------------------------------------------

Upgrade Log for IP 'design_1_nu_nu_rangefinder_vga_0_0'

1. Summary
----------

SUCCESS in the upgrade of design_1_nu_nu_rangefinder_vga_0_0 (xilinx.com:user:nu_nu_rangefinder_vga:1.0) from (Rev. 40) to (Rev. 41)






Copyright 1986-2016 Xilinx, Inc. All Rights Reserved.
------------------------------------------------------------------------------------
| Tool Version : Vivado v.2016.2 (win64) Build 1577090 Thu Jun  2 16:32:40 MDT 2016
| Date         : Wed Nov 09 22:40:07 2016
| Host         : JOHN-HP running 64-bit major release  (build 7600)
| Command      : upgrade_ip
| Device       : xc7z020clg484-1
------------------------------------------------------------------------------------

Upgrade Log for IP 'design_1_nu_nu_rangefinder_vga_0_0'

1. Summary
----------

CAUTION (success, with warnings) in the upgrade of design_1_nu_nu_rangefinder_vga_0_0 (xilinx.com:user:nu_nu_rangefinder_vga:1.0) from (Rev. 39) to (Rev. 40)

After upgrade, an IP may have parameter and port differences compared to the original customization. Please review the parameters within the IP customization GUI to ensure proper functionality. Also, please review the updated IP instantiation template to ensure proper connectivity, and update your design if required.

2. Connection Warnings
----------------------

Detected external port differences while upgrading 'design_1_nu_nu_rangefinder_vga_0_0'. These changes may impact your design.


-Upgrade has added port 'button'







Copyright 1986-2016 Xilinx, Inc. All Rights Reserved.
------------------------------------------------------------------------------------
| Tool Version : Vivado v.2016.2 (win64) Build 1577090 Thu Jun  2 16:32:40 MDT 2016
| Date         : Wed Nov 09 21:00:32 2016
| Host         : JOHN-HP running 64-bit major release  (build 7600)
| Command      : upgrade_ip
| Device       : xc7z020clg484-1
------------------------------------------------------------------------------------

Upgrade Log for IP 'design_1_nu_nu_rangefinder_vga_0_0'

1. Summary
----------

SUCCESS in the upgrade of design_1_nu_nu_rangefinder_vga_0_0 (xilinx.com:user:nu_nu_rangefinder_vga:1.0) from (Rev. 38) to (Rev. 39)






Copyright 1986-2016 Xilinx, Inc. All Rights Reserved.
------------------------------------------------------------------------------------
| Tool Version : Vivado v.2016.2 (win64) Build 1577090 Thu Jun  2 16:32:40 MDT 2016
| Date         : Wed Nov 09 20:56:51 2016
| Host         : JOHN-HP running 64-bit major release  (build 7600)
| Command      : upgrade_ip
| Device       : xc7z020clg484-1
------------------------------------------------------------------------------------

Upgrade Log for IP 'design_1_nu_nu_rangefinder_vga_0_0'

1. Summary
----------

SUCCESS in the upgrade of design_1_nu_nu_rangefinder_vga_0_0 (xilinx.com:user:nu_nu_rangefinder_vga:1.0) from (Rev. 37) to (Rev. 38)






Copyright 1986-2016 Xilinx, Inc. All Rights Reserved.
------------------------------------------------------------------------------------
| Tool Version : Vivado v.2016.2 (win64) Build 1577090 Thu Jun  2 16:32:40 MDT 2016
| Date         : Wed Nov 09 20:11:02 2016
| Host         : JOHN-HP running 64-bit major release  (build 7600)
| Command      : upgrade_ip
| Device       : xc7z020clg484-1
------------------------------------------------------------------------------------

Upgrade Log for IP 'design_1_nu_nu_rangefinder_vga_0_0'

1. Summary
----------

SUCCESS in the upgrade of design_1_nu_nu_rangefinder_vga_0_0 (xilinx.com:user:nu_nu_rangefinder_vga:1.0) from (Rev. 36) to (Rev. 37)






Copyright 1986-2016 Xilinx, Inc. All Rights Reserved.
------------------------------------------------------------------------------------
| Tool Version : Vivado v.2016.2 (win64) Build 1577090 Thu Jun  2 16:32:40 MDT 2016
| Date         : Wed Nov 09 19:33:21 2016
| Host         : JOHN-HP running 64-bit major release  (build 7600)
| Command      : upgrade_ip
| Device       : xc7z020clg484-1
------------------------------------------------------------------------------------

Upgrade Log for IP 'design_1_nu_nu_rangefinder_vga_0_0'

1. Summary
----------

SUCCESS in the upgrade of design_1_nu_nu_rangefinder_vga_0_0 (xilinx.com:user:nu_nu_rangefinder_vga:1.0) from (Rev. 35) to (Rev. 36)






Copyright 1986-2016 Xilinx, Inc. All Rights Reserved.
------------------------------------------------------------------------------------
| Tool Version : Vivado v.2016.2 (win64) Build 1577090 Thu Jun  2 16:32:40 MDT 2016
| Date         : Wed Nov 09 18:54:27 2016
| Host         : JOHN-HP running 64-bit major release  (build 7600)
| Command      : upgrade_ip
| Device       : xc7z020clg484-1
------------------------------------------------------------------------------------

Upgrade Log for IP 'design_1_nu_nu_rangefinder_vga_0_0'

1. Summary
----------

SUCCESS in the upgrade of design_1_nu_nu_rangefinder_vga_0_0 (xilinx.com:user:nu_nu_rangefinder_vga:1.0) from (Rev. 34) to (Rev. 35)






Copyright 1986-2016 Xilinx, Inc. All Rights Reserved.
------------------------------------------------------------------------------------
| Tool Version : Vivado v.2016.2 (win64) Build 1577090 Thu Jun  2 16:32:40 MDT 2016
| Date         : Wed Nov 09 18:08:38 2016
| Host         : JOHN-HP running 64-bit major release  (build 7600)
| Command      : upgrade_ip
| Device       : xc7z020clg484-1
------------------------------------------------------------------------------------

Upgrade Log for IP 'design_1_nu_nu_rangefinder_vga_0_0'

1. Summary
----------

SUCCESS in the upgrade of design_1_nu_nu_rangefinder_vga_0_0 (xilinx.com:user:nu_nu_rangefinder_vga:1.0) from (Rev. 33) to (Rev. 34)






Copyright 1986-2016 Xilinx, Inc. All Rights Reserved.
------------------------------------------------------------------------------------
| Tool Version : Vivado v.2016.2 (win64) Build 1577090 Thu Jun  2 16:32:40 MDT 2016
| Date         : Wed Nov 09 17:30:51 2016
| Host         : JOHN-HP running 64-bit major release  (build 7600)
| Command      : upgrade_ip
| Device       : xc7z020clg484-1
------------------------------------------------------------------------------------

Upgrade Log for IP 'design_1_nu_nu_rangefinder_vga_0_0'

1. Summary
----------

SUCCESS in the upgrade of design_1_nu_nu_rangefinder_vga_0_0 (xilinx.com:user:nu_nu_rangefinder_vga:1.0) from (Rev. 32) to (Rev. 33)






Copyright 1986-2016 Xilinx, Inc. All Rights Reserved.
------------------------------------------------------------------------------------
| Tool Version : Vivado v.2016.2 (win64) Build 1577090 Thu Jun  2 16:32:40 MDT 2016
| Date         : Wed Nov 09 17:08:53 2016
| Host         : JOHN-HP running 64-bit major release  (build 7600)
| Command      : upgrade_ip
| Device       : xc7z020clg484-1
------------------------------------------------------------------------------------

Upgrade Log for IP 'design_1_nu_nu_rangefinder_vga_0_0'

1. Summary
----------

SUCCESS in the upgrade of design_1_nu_nu_rangefinder_vga_0_0 (xilinx.com:user:nu_nu_rangefinder_vga:1.0) from (Rev. 31) to (Rev. 32)






Copyright 1986-2016 Xilinx, Inc. All Rights Reserved.
------------------------------------------------------------------------------------
| Tool Version : Vivado v.2016.2 (win64) Build 1577090 Thu Jun  2 16:32:40 MDT 2016
| Date         : Wed Nov 09 15:49:20 2016
| Host         : JOHN-HP running 64-bit major release  (build 7600)
| Command      : upgrade_ip
| Device       : xc7z020clg484-1
------------------------------------------------------------------------------------

Upgrade Log for IP 'design_1_nu_nu_rangefinder_vga_0_0'

1. Summary
----------

SUCCESS in the upgrade of design_1_nu_nu_rangefinder_vga_0_0 (xilinx.com:user:nu_nu_rangefinder_vga:1.0) from (Rev. 30) to (Rev. 31)






Copyright 1986-2016 Xilinx, Inc. All Rights Reserved.
------------------------------------------------------------------------------------
| Tool Version : Vivado v.2016.2 (win64) Build 1577090 Thu Jun  2 16:32:40 MDT 2016
| Date         : Wed Nov 09 12:43:45 2016
| Host         : JOHN-HP running 64-bit major release  (build 7600)
| Command      : upgrade_ip
| Device       : xc7z020clg484-1
------------------------------------------------------------------------------------

Upgrade Log for IP 'design_1_nu_nu_rangefinder_vga_0_0'

1. Summary
----------

SUCCESS in the upgrade of design_1_nu_nu_rangefinder_vga_0_0 (xilinx.com:user:nu_nu_rangefinder_vga:1.0) from (Rev. 29) to (Rev. 30)






Copyright 1986-2016 Xilinx, Inc. All Rights Reserved.
------------------------------------------------------------------------------------
| Tool Version : Vivado v.2016.2 (win64) Build 1577090 Thu Jun  2 16:32:40 MDT 2016
| Date         : Tue Nov 08 12:23:22 2016
| Host         : JOHN-HP running 64-bit major release  (build 7600)
| Command      : upgrade_ip
| Device       : xc7z020clg484-1
------------------------------------------------------------------------------------

Upgrade Log for IP 'design_1_nu_nu_rangefinder_vga_0_0'

1. Summary
----------

SUCCESS in the upgrade of design_1_nu_nu_rangefinder_vga_0_0 (xilinx.com:user:nu_nu_rangefinder_vga:1.0) from (Rev. 28) to (Rev. 29)






Copyright 1986-2016 Xilinx, Inc. All Rights Reserved.
------------------------------------------------------------------------------------
| Tool Version : Vivado v.2016.2 (win64) Build 1577090 Thu Jun  2 16:32:40 MDT 2016
| Date         : Mon Nov 07 22:31:35 2016
| Host         : JOHN-HP running 64-bit major release  (build 7600)
| Command      : upgrade_ip
| Device       : xc7z020clg484-1
------------------------------------------------------------------------------------

Upgrade Log for IP 'design_1_nu_nu_rangefinder_vga_0_0'

1. Summary
----------

SUCCESS in the upgrade of design_1_nu_nu_rangefinder_vga_0_0 (xilinx.com:user:nu_nu_rangefinder_vga:1.0) from (Rev. 27) to (Rev. 28)






Copyright 1986-2016 Xilinx, Inc. All Rights Reserved.
------------------------------------------------------------------------------------
| Tool Version : Vivado v.2016.2 (win64) Build 1577090 Thu Jun  2 16:32:40 MDT 2016
| Date         : Mon Nov 07 20:56:01 2016
| Host         : JOHN-HP running 64-bit major release  (build 7600)
| Command      : upgrade_ip
| Device       : xc7z020clg484-1
------------------------------------------------------------------------------------

Upgrade Log for IP 'design_1_nu_nu_rangefinder_vga_0_0'

1. Summary
----------

SUCCESS in the upgrade of design_1_nu_nu_rangefinder_vga_0_0 (xilinx.com:user:nu_nu_rangefinder_vga:1.0) from (Rev. 26) to (Rev. 27)






Copyright 1986-2016 Xilinx, Inc. All Rights Reserved.
------------------------------------------------------------------------------------
| Tool Version : Vivado v.2016.2 (win64) Build 1577090 Thu Jun  2 16:32:40 MDT 2016
| Date         : Mon Nov 07 20:45:29 2016
| Host         : JOHN-HP running 64-bit major release  (build 7600)
| Command      : upgrade_ip
| Device       : xc7z020clg484-1
------------------------------------------------------------------------------------

Upgrade Log for IP 'design_1_nu_nu_rangefinder_vga_0_0'

1. Summary
----------

SUCCESS in the upgrade of design_1_nu_nu_rangefinder_vga_0_0 (xilinx.com:user:nu_nu_rangefinder_vga:1.0) from (Rev. 24) to (Rev. 26)






Copyright 1986-2016 Xilinx, Inc. All Rights Reserved.
------------------------------------------------------------------------------------
| Tool Version : Vivado v.2016.2 (win64) Build 1577090 Thu Jun  2 16:32:40 MDT 2016
| Date         : Mon Nov 07 19:09:35 2016
| Host         : JOHN-HP running 64-bit major release  (build 7600)
| Command      : upgrade_ip
| Device       : xc7z020clg484-1
------------------------------------------------------------------------------------

Upgrade Log for IP 'design_1_nu_nu_rangefinder_vga_0_0'

1. Summary
----------

SUCCESS in the upgrade of design_1_nu_nu_rangefinder_vga_0_0 (xilinx.com:user:nu_nu_rangefinder_vga:1.0) from (Rev. 23) to (Rev. 24)






Copyright 1986-2016 Xilinx, Inc. All Rights Reserved.
------------------------------------------------------------------------------------
| Tool Version : Vivado v.2016.2 (win64) Build 1577090 Thu Jun  2 16:32:40 MDT 2016
| Date         : Mon Nov 07 17:25:50 2016
| Host         : JOHN-HP running 64-bit major release  (build 7600)
| Command      : upgrade_ip
| Device       : xc7z020clg484-1
------------------------------------------------------------------------------------

Upgrade Log for IP 'design_1_nu_nu_rangefinder_vga_0_0'

1. Summary
----------

SUCCESS in the upgrade of design_1_nu_nu_rangefinder_vga_0_0 (xilinx.com:user:nu_nu_rangefinder_vga:1.0) from (Rev. 22) to (Rev. 23)






Copyright 1986-2016 Xilinx, Inc. All Rights Reserved.
------------------------------------------------------------------------------------
| Tool Version : Vivado v.2016.2 (win64) Build 1577090 Thu Jun  2 16:32:40 MDT 2016
| Date         : Mon Nov 07 15:08:22 2016
| Host         : JOHN-HP running 64-bit major release  (build 7600)
| Command      : upgrade_ip
| Device       : xc7z020clg484-1
------------------------------------------------------------------------------------

Upgrade Log for IP 'design_1_nu_nu_rangefinder_vga_0_0'

1. Summary
----------

SUCCESS in the upgrade of design_1_nu_nu_rangefinder_vga_0_0 (xilinx.com:user:nu_nu_rangefinder_vga:1.0) from (Rev. 21) to (Rev. 22)






Copyright 1986-2016 Xilinx, Inc. All Rights Reserved.
------------------------------------------------------------------------------------
| Tool Version : Vivado v.2016.2 (win64) Build 1577090 Thu Jun  2 16:32:40 MDT 2016
| Date         : Sun Nov 06 12:14:28 2016
| Host         : JOHN-HP running 64-bit major release  (build 7600)
| Command      : upgrade_ip
| Device       : xc7z020clg484-1
------------------------------------------------------------------------------------

Upgrade Log for IP 'design_1_nu_nu_rangefinder_vga_0_0'

1. Summary
----------

SUCCESS in the upgrade of design_1_nu_nu_rangefinder_vga_0_0 (xilinx.com:user:nu_nu_rangefinder_vga:1.0) from (Rev. 20) to (Rev. 21)






Copyright 1986-2016 Xilinx, Inc. All Rights Reserved.
------------------------------------------------------------------------------------
| Tool Version : Vivado v.2016.2 (win64) Build 1577090 Thu Jun  2 16:32:40 MDT 2016
| Date         : Sun Nov 06 12:05:51 2016
| Host         : JOHN-HP running 64-bit major release  (build 7600)
| Command      : upgrade_ip
| Device       : xc7z020clg484-1
------------------------------------------------------------------------------------

Upgrade Log for IP 'design_1_nu_nu_rangefinder_vga_0_0'

1. Summary
----------

SUCCESS in the upgrade of design_1_nu_nu_rangefinder_vga_0_0 (xilinx.com:user:nu_nu_rangefinder_vga:1.0) from (Rev. 19) to (Rev. 20)






Copyright 1986-2016 Xilinx, Inc. All Rights Reserved.
------------------------------------------------------------------------------------
| Tool Version : Vivado v.2016.2 (win64) Build 1577090 Thu Jun  2 16:32:40 MDT 2016
| Date         : Sat Nov 05 22:44:41 2016
| Host         : JOHN-HP running 64-bit major release  (build 7600)
| Command      : upgrade_ip
| Device       : xc7z020clg484-1
------------------------------------------------------------------------------------

Upgrade Log for IP 'design_1_nu_nu_rangefinder_vga_0_0'

1. Summary
----------

SUCCESS in the upgrade of design_1_nu_nu_rangefinder_vga_0_0 (xilinx.com:user:nu_nu_rangefinder_vga:1.0) from (Rev. 18) to (Rev. 19)






Copyright 1986-2016 Xilinx, Inc. All Rights Reserved.
------------------------------------------------------------------------------------
| Tool Version : Vivado v.2016.2 (win64) Build 1577090 Thu Jun  2 16:32:40 MDT 2016
| Date         : Sat Nov 05 19:28:25 2016
| Host         : JOHN-HP running 64-bit major release  (build 7600)
| Command      : upgrade_ip
| Device       : xc7z020clg484-1
------------------------------------------------------------------------------------

Upgrade Log for IP 'design_1_nu_nu_rangefinder_vga_0_0'

1. Summary
----------

SUCCESS in the upgrade of design_1_nu_nu_rangefinder_vga_0_0 (xilinx.com:user:nu_nu_rangefinder_vga:1.0) from (Rev. 17) to (Rev. 18)






Copyright 1986-2016 Xilinx, Inc. All Rights Reserved.
------------------------------------------------------------------------------------
| Tool Version : Vivado v.2016.2 (win64) Build 1577090 Thu Jun  2 16:32:40 MDT 2016
| Date         : Sat Nov 05 17:55:32 2016
| Host         : JOHN-HP running 64-bit major release  (build 7600)
| Command      : upgrade_ip
| Device       : xc7z020clg484-1
------------------------------------------------------------------------------------

Upgrade Log for IP 'design_1_nu_nu_rangefinder_vga_0_0'

1. Summary
----------

SUCCESS in the upgrade of design_1_nu_nu_rangefinder_vga_0_0 (xilinx.com:user:nu_nu_rangefinder_vga:1.0) from (Rev. 16) to (Rev. 17)






Copyright 1986-2016 Xilinx, Inc. All Rights Reserved.
------------------------------------------------------------------------------------
| Tool Version : Vivado v.2016.2 (win64) Build 1577090 Thu Jun  2 16:32:40 MDT 2016
| Date         : Sat Nov 05 17:40:28 2016
| Host         : JOHN-HP running 64-bit major release  (build 7600)
| Command      : upgrade_ip
| Device       : xc7z020clg484-1
------------------------------------------------------------------------------------

Upgrade Log for IP 'design_1_nu_nu_rangefinder_vga_0_0'

1. Summary
----------

CAUTION (success, with warnings) in the upgrade of design_1_nu_nu_rangefinder_vga_0_0 (xilinx.com:user:nu_nu_rangefinder_vga:1.0) from (Rev. 15) to (Rev. 16)

After upgrade, an IP may have parameter and port differences compared to the original customization. Please review the parameters within the IP customization GUI to ensure proper functionality. Also, please review the updated IP instantiation template to ensure proper connectivity, and update your design if required.

2. Connection Warnings
----------------------

Detected external port differences while upgrading 'design_1_nu_nu_rangefinder_vga_0_0'. These changes may impact your design.


-Upgrade has removed port 'clk_25M2'

-Upgrade has added port 'clk_25M1'







Copyright 1986-2016 Xilinx, Inc. All Rights Reserved.
------------------------------------------------------------------------------------
| Tool Version : Vivado v.2016.2 (win64) Build 1577090 Thu Jun  2 16:32:40 MDT 2016
| Date         : Sat Nov 05 17:09:43 2016
| Host         : JOHN-HP running 64-bit major release  (build 7600)
| Command      : upgrade_ip
| Device       : xc7z020clg484-1
------------------------------------------------------------------------------------

Upgrade Log for IP 'design_1_nu_nu_rangefinder_vga_0_0'

1. Summary
----------

SUCCESS in the upgrade of design_1_nu_nu_rangefinder_vga_0_0 (xilinx.com:user:nu_nu_rangefinder_vga:1.0) from (Rev. 14) to (Rev. 15)






Copyright 1986-2016 Xilinx, Inc. All Rights Reserved.
------------------------------------------------------------------------------------
| Tool Version : Vivado v.2016.2 (win64) Build 1577090 Thu Jun  2 16:32:40 MDT 2016
| Date         : Sat Nov 05 16:16:51 2016
| Host         : JOHN-HP running 64-bit major release  (build 7600)
| Command      : upgrade_ip
| Device       : xc7z020clg484-1
------------------------------------------------------------------------------------

Upgrade Log for IP 'design_1_nu_nu_rangefinder_vga_0_0'

1. Summary
----------

CAUTION (success, with warnings) in the upgrade of design_1_nu_nu_rangefinder_vga_0_0 (xilinx.com:user:nu_nu_rangefinder_vga:1.0) from (Rev. 13) to (Rev. 14)

After upgrade, an IP may have parameter and port differences compared to the original customization. Please review the parameters within the IP customization GUI to ensure proper functionality. Also, please review the updated IP instantiation template to ensure proper connectivity, and update your design if required.

2. Connection Warnings
----------------------

Detected external port differences while upgrading 'design_1_nu_nu_rangefinder_vga_0_0'. These changes may impact your design.


-Upgrade has added port 'addra1'

-Upgrade has added port 'addra2'

-Upgrade has added port 'clk_100M1'

-Upgrade has added port 'clk_100M2'

-Upgrade has added port 'clk_100M3'

-Upgrade has added port 'clk_25M2'

-Upgrade has added port 'coord1_data'

-Upgrade has added port 'coord2_data'

-Upgrade has added port 'dina'

-Upgrade has added port 'ena'

-Upgrade has added port 'enb'

-Upgrade has added port 'vcount_9b'

-Upgrade has added port 'wea'

-Upgrade has added port 'x_vga'

-Upgrade has added port 'ylocation'







Copyright 1986-2016 Xilinx, Inc. All Rights Reserved.
------------------------------------------------------------------------------------
| Tool Version : Vivado v.2016.2 (win64) Build 1577090 Thu Jun  2 16:32:40 MDT 2016
| Date         : Sat Nov 05 16:09:12 2016
| Host         : JOHN-HP running 64-bit major release  (build 7600)
| Command      : upgrade_ip
| Device       : xc7z020clg484-1
------------------------------------------------------------------------------------

Upgrade Log for IP 'design_1_nu_nu_rangefinder_vga_0_0'

1. Summary
----------

SUCCESS in the upgrade of design_1_nu_nu_rangefinder_vga_0_0 (xilinx.com:user:nu_nu_rangefinder_vga:1.0) from (Rev. 12) to (Rev. 13)






Copyright 1986-2016 Xilinx, Inc. All Rights Reserved.
------------------------------------------------------------------------------------
| Tool Version : Vivado v.2016.2 (win64) Build 1577090 Thu Jun  2 16:32:40 MDT 2016
| Date         : Sat Nov 05 15:28:47 2016
| Host         : JOHN-HP running 64-bit major release  (build 7600)
| Command      : upgrade_ip
| Device       : xc7z020clg484-1
------------------------------------------------------------------------------------

Upgrade Log for IP 'design_1_nu_nu_rangefinder_vga_0_0'

1. Summary
----------

SUCCESS in the update of design_1_nu_nu_rangefinder_vga_0_0 (xilinx.com:user:nu_nu_rangefinder_vga:1.0 (Rev. 12)) to current project options.






Copyright 1986-2016 Xilinx, Inc. All Rights Reserved.
------------------------------------------------------------------------------------
| Tool Version : Vivado v.2016.2 (win64) Build 1577090 Thu Jun  2 16:32:40 MDT 2016
| Date         : Sat Nov 05 15:09:27 2016
| Host         : JOHN-HP running 64-bit major release  (build 7600)
| Command      : upgrade_ip
| Device       : xc7z020clg484-1
------------------------------------------------------------------------------------

Upgrade Log for IP 'design_1_nu_nu_rangefinder_vga_0_0'

1. Summary
----------

SUCCESS in the upgrade of design_1_nu_nu_rangefinder_vga_0_0 (xilinx.com:user:nu_nu_rangefinder_vga:1.0) from (Rev. 11) to (Rev. 12)






Copyright 1986-2016 Xilinx, Inc. All Rights Reserved.
------------------------------------------------------------------------------------
| Tool Version : Vivado v.2016.2 (win64) Build 1577090 Thu Jun  2 16:32:40 MDT 2016
| Date         : Sat Nov 05 15:03:31 2016
| Host         : JOHN-HP running 64-bit major release  (build 7600)
| Command      : upgrade_ip
| Device       : xc7z020clg484-1
------------------------------------------------------------------------------------

Upgrade Log for IP 'design_1_nu_nu_rangefinder_vga_0_0'

1. Summary
----------

SUCCESS in the upgrade of design_1_nu_nu_rangefinder_vga_0_0 (xilinx.com:user:nu_nu_rangefinder_vga:1.0) from (Rev. 10) to (Rev. 11)






Copyright 1986-2016 Xilinx, Inc. All Rights Reserved.
------------------------------------------------------------------------------------
| Tool Version : Vivado v.2016.2 (win64) Build 1577090 Thu Jun  2 16:32:40 MDT 2016
| Date         : Sat Nov 05 14:55:27 2016
| Host         : JOHN-HP running 64-bit major release  (build 7600)
| Command      : upgrade_ip
| Device       : xc7z020clg484-1
------------------------------------------------------------------------------------

Upgrade Log for IP 'design_1_nu_nu_rangefinder_vga_0_0'

1. Summary
----------

SUCCESS in the upgrade of design_1_nu_nu_rangefinder_vga_0_0 (xilinx.com:user:nu_nu_rangefinder_vga:1.0) from (Rev. 9) to (Rev. 10)






Copyright 1986-2016 Xilinx, Inc. All Rights Reserved.
------------------------------------------------------------------------------------
| Tool Version : Vivado v.2016.2 (win64) Build 1577090 Thu Jun  2 16:32:40 MDT 2016
| Date         : Sat Nov 05 14:50:51 2016
| Host         : JOHN-HP running 64-bit major release  (build 7600)
| Command      : upgrade_ip
| Device       : xc7z020clg484-1
------------------------------------------------------------------------------------

Upgrade Log for IP 'design_1_nu_nu_rangefinder_vga_0_0'

1. Summary
----------

SUCCESS in the upgrade of design_1_nu_nu_rangefinder_vga_0_0 (xilinx.com:user:nu_nu_rangefinder_vga:1.0) from (Rev. 8) to (Rev. 9)






Copyright 1986-2016 Xilinx, Inc. All Rights Reserved.
------------------------------------------------------------------------------------
| Tool Version : Vivado v.2016.2 (win64) Build 1577090 Thu Jun  2 16:32:40 MDT 2016
| Date         : Fri Nov 04 00:01:02 2016
| Host         : JOHN-HP running 64-bit major release  (build 7600)
| Command      : upgrade_ip
| Device       : xc7z020clg484-1
------------------------------------------------------------------------------------

Upgrade Log for IP 'design_1_nu_nu_rangefinder_vga_0_0'

1. Summary
----------

SUCCESS in the upgrade of design_1_nu_nu_rangefinder_vga_0_0 (xilinx.com:user:nu_nu_rangefinder_vga:1.0) from (Rev. 7) to (Rev. 8)






Copyright 1986-2016 Xilinx, Inc. All Rights Reserved.
------------------------------------------------------------------------------------
| Tool Version : Vivado v.2016.2 (win64) Build 1577090 Thu Jun  2 16:32:40 MDT 2016
| Date         : Thu Nov 03 23:50:08 2016
| Host         : JOHN-HP running 64-bit major release  (build 7600)
| Command      : upgrade_ip
| Device       : xc7z020clg484-1
------------------------------------------------------------------------------------

Upgrade Log for IP 'design_1_nu_nu_rangefinder_vga_0_0'

1. Summary
----------

SUCCESS in the upgrade of design_1_nu_nu_rangefinder_vga_0_0 (xilinx.com:user:nu_nu_rangefinder_vga:1.0) from (Rev. 6) to (Rev. 7)






Copyright 1986-2016 Xilinx, Inc. All Rights Reserved.
------------------------------------------------------------------------------------
| Tool Version : Vivado v.2016.2 (win64) Build 1577090 Thu Jun  2 16:32:40 MDT 2016
| Date         : Thu Nov 03 23:30:27 2016
| Host         : JOHN-HP running 64-bit major release  (build 7600)
| Command      : upgrade_ip
| Device       : xc7z020clg484-1
------------------------------------------------------------------------------------

Upgrade Log for IP 'design_1_nu_nu_rangefinder_vga_0_0'

1. Summary
----------

SUCCESS in the upgrade of design_1_nu_nu_rangefinder_vga_0_0 (xilinx.com:user:nu_nu_rangefinder_vga:1.0) from (Rev. 4) to (Rev. 5)






Copyright 1986-2016 Xilinx, Inc. All Rights Reserved.
------------------------------------------------------------------------------------
| Tool Version : Vivado v.2016.2 (win64) Build 1577090 Thu Jun  2 16:32:40 MDT 2016
| Date         : Thu Nov 03 23:25:29 2016
| Host         : JOHN-HP running 64-bit major release  (build 7600)
| Command      : upgrade_ip
| Device       : xc7z020clg484-1
------------------------------------------------------------------------------------

Upgrade Log for IP 'design_1_nu_nu_rangefinder_vga_0_0'

1. Summary
----------

SUCCESS in the upgrade of design_1_nu_nu_rangefinder_vga_0_0 (xilinx.com:user:nu_nu_rangefinder_vga:1.0) from (Rev. 3) to (Rev. 4)






Copyright 1986-2016 Xilinx, Inc. All Rights Reserved.
------------------------------------------------------------------------------------
| Tool Version : Vivado v.2016.2 (win64) Build 1577090 Thu Jun  2 16:32:40 MDT 2016
| Date         : Thu Nov 03 22:57:24 2016
| Host         : JOHN-HP running 64-bit major release  (build 7600)
| Command      : upgrade_ip
| Device       : xc7z020clg484-1
------------------------------------------------------------------------------------

Upgrade Log for IP 'design_1_nu_nu_rangefinder_vga_0_0'

1. Summary
----------

SUCCESS in the upgrade of design_1_nu_nu_rangefinder_vga_0_0 (xilinx.com:user:nu_nu_rangefinder_vga:1.0) from (Rev. 2) to (Rev. 3)






Copyright 1986-2016 Xilinx, Inc. All Rights Reserved.
------------------------------------------------------------------------------------
| Tool Version : Vivado v.2016.2 (win64) Build 1577090 Thu Jun  2 16:32:40 MDT 2016
| Date         : Thu Nov 03 22:01:45 2016
| Host         : JOHN-HP running 64-bit major release  (build 7600)
| Command      : upgrade_ip
| Device       : xc7z020clg484-1
------------------------------------------------------------------------------------

Upgrade Log for IP 'design_1_nu_nu_rangefinder_vga_0_0'

1. Summary
----------

SUCCESS in the update of design_1_nu_nu_rangefinder_vga_0_0 (xilinx.com:user:nu_nu_rangefinder_vga:1.0 (Rev. 2)) to current project options.

