#-----------------------------------------------------------
# Webtalk v2016.2 (64-bit)
# SW Build 1577090 on Thu Jun  2 16:32:40 MDT 2016
# 
# Start of session at: Tue Dec 06 16:48:58 2016
# Process ID: 6116
# Current directory: C:/Users/John/Documents/GitHub/MQP/IMU_IP/IMU_IP.sdk/webtalk
# Command line: wbtcv.exe -mode batch -source sdk_webtalk.tcl
# Log file: C:/Users/John/Documents/GitHub/MQP/IMU_IP/IMU_IP.sdk/webtalk/webtalk.log
# Journal file: C:/Users/John/Documents/GitHub/MQP/IMU_IP/IMU_IP.sdk/webtalk\webtalk.jou
#-----------------------------------------------------------
source sdk_webtalk.tcl
# webtalk_init -webtalk_dir C:\\Users\\John\\Documents\\GitHub\\MQP\\IMU_IP\\IMU_IP.sdk\\webtalk
# webtalk_register_client -client project
# webtalk_add_data -client project -key date_generated -value "Tue Dec 6 16:48:51 2016" -context "software_version_and_target_device"
# webtalk_add_data -client project -key product_version -value "SDK v2016.2" -context "software_version_and_target_device"
# webtalk_add_data -client project -key build_version -value "2016.2" -context "software_version_and_target_device"
# webtalk_add_data -client project -key os_platform -value "amd64" -context "software_version_and_target_device"
# webtalk_add_data -client project -key registration_id -value "" -context "software_version_and_target_device"
# webtalk_add_data -client project -key tool_flow -value "SDK" -context "software_version_and_target_device"
# webtalk_add_data -client project -key beta -value "false" -context "software_version_and_target_device"
# webtalk_add_data -client project -key route_design -value "NA" -context "software_version_and_target_device"
# webtalk_add_data -client project -key target_family -value "NA" -context "software_version_and_target_device"
# webtalk_add_data -client project -key target_device -value "NA" -context "software_version_and_target_device"
# webtalk_add_data -client project -key target_package -value "NA" -context "software_version_and_target_device"
# webtalk_add_data -client project -key target_speed -value "NA" -context "software_version_and_target_device"
# webtalk_add_data -client project -key random_id -value "1gpv5991cu6381bm366ebfo1js" -context "software_version_and_target_device"
# webtalk_add_data -client project -key project_id -value "2016.2_53" -context "software_version_and_target_device"
# webtalk_add_data -client project -key project_iteration -value "53" -context "software_version_and_target_device"
# webtalk_add_data -client project -key os_name -value "" -context "user_environment"
# webtalk_add_data -client project -key os_release -value "" -context "user_environment"
# webtalk_add_data -client project -key cpu_name -value "" -context "user_environment"
# webtalk_add_data -client project -key cpu_speed -value "" -context "user_environment"
# webtalk_add_data -client project -key total_processors -value "" -context "user_environment"
# webtalk_add_data -client project -key system_ram -value "" -context "user_environment"
# webtalk_register_client -client sdk
# webtalk_add_data -client sdk -key uid -value "1481056906966" -context "sdk\\\\hardware/1481056906966"
# webtalk_add_data -client sdk -key isZynq -value "true" -context "sdk\\\\hardware/1481056906966"
# webtalk_add_data -client sdk -key Processors -value "2" -context "sdk\\\\hardware/1481056906966"
# webtalk_add_data -client sdk -key VivadoVersion -value "2016.2" -context "sdk\\\\hardware/1481056906966"
# webtalk_add_data -client sdk -key Arch -value "zynq" -context "sdk\\\\hardware/1481056906966"
# webtalk_add_data -client sdk -key Device -value "7z020" -context "sdk\\\\hardware/1481056906966"
# webtalk_add_data -client sdk -key IsHandoff -value "true" -context "sdk\\\\hardware/1481056906966"
# webtalk_add_data -client sdk -key uid -value "1481056987746" -context "sdk\\\\bsp/1481056987746"
# webtalk_add_data -client sdk -key hwid -value "1481056906966" -context "sdk\\\\bsp/1481056987746"
# webtalk_add_data -client sdk -key os -value "standalone" -context "sdk\\\\bsp/1481056987746"
# webtalk_add_data -client sdk -key apptemplate -value "hello_world" -context "sdk\\\\bsp/1481056987746"
# webtalk_add_data -client sdk -key uid -value "1481057006389" -context "sdk\\\\application/1481057006389"
# webtalk_add_data -client sdk -key hwid -value "1481056906966" -context "sdk\\\\application/1481057006389"
# webtalk_add_data -client sdk -key bspid -value "1481056987746" -context "sdk\\\\application/1481057006389"
# webtalk_add_data -client sdk -key newbsp -value "true" -context "sdk\\\\application/1481057006389"
# webtalk_add_data -client sdk -key os -value "standalone" -context "sdk\\\\application/1481057006389"
# webtalk_add_data -client sdk -key apptemplate -value "hello_world" -context "sdk\\\\application/1481057006389"
# webtalk_transmit -clientid 3251480496 -regid "" -xml C:\\Users\\John\\Documents\\GitHub\\MQP\\IMU_IP\\IMU_IP.sdk\\webtalk\\usage_statistics_ext_sdk.xml -html C:\\Users\\John\\Documents\\GitHub\\MQP\\IMU_IP\\IMU_IP.sdk\\webtalk\\usage_statistics_ext_sdk.html -wdm C:\\Users\\John\\Documents\\GitHub\\MQP\\IMU_IP\\IMU_IP.sdk\\webtalk\\sdk_webtalk.wdm -intro "<H3>SDK Usage Report</H3><BR>"
# webtalk_terminate
INFO: [Common 17-206] Exiting Webtalk at Tue Dec 06 16:49:11 2016...
