Copyright 1986-2016 Xilinx, Inc. All Rights Reserved.
------------------------------------------------------------------------------------
| Tool Version : Vivado v.2016.2 (win64) Build 1577090 Thu Jun  2 16:32:40 MDT 2016
| Date         : Tue Dec 13 21:21:39 2016
| Host         : Georges-T460p running 64-bit major release  (build 9200)
| Command      : upgrade_ip
| Device       : xc7z020clg484-1
------------------------------------------------------------------------------------

Upgrade Log for IP 'design_1_nu_nu_rangefinder_vga_0_0'

1. Summary
----------

SUCCESS in the upgrade of design_1_nu_nu_rangefinder_vga_0_0 (xilinx.com:user:custom_logic:1.0) from (Rev. 29) to (Rev. 30)






Copyright 1986-2016 Xilinx, Inc. All Rights Reserved.
------------------------------------------------------------------------------------
| Tool Version : Vivado v.2016.2 (win64) Build 1577090 Thu Jun  2 16:32:40 MDT 2016
| Date         : Mon Dec 12 23:39:28 2016
| Host         : Georges-T460p running 64-bit major release  (build 9200)
| Command      : upgrade_ip
| Device       : xc7z020clg484-1
------------------------------------------------------------------------------------

Upgrade Log for IP 'design_1_nu_nu_rangefinder_vga_0_0'

1. Summary
----------

SUCCESS in the upgrade of design_1_nu_nu_rangefinder_vga_0_0 (xilinx.com:user:custom_logic:1.0) from (Rev. 28) to (Rev. 29)






Copyright 1986-2016 Xilinx, Inc. All Rights Reserved.
------------------------------------------------------------------------------------
| Tool Version : Vivado v.2016.2 (win64) Build 1577090 Thu Jun  2 16:32:40 MDT 2016
| Date         : Mon Dec 12 23:21:06 2016
| Host         : Georges-T460p running 64-bit major release  (build 9200)
| Command      : upgrade_ip
| Device       : xc7z020clg484-1
------------------------------------------------------------------------------------

Upgrade Log for IP 'design_1_nu_nu_rangefinder_vga_0_0'

1. Summary
----------

SUCCESS in the upgrade of design_1_nu_nu_rangefinder_vga_0_0 (xilinx.com:user:custom_logic:1.0) from (Rev. 27) to (Rev. 28)






Copyright 1986-2016 Xilinx, Inc. All Rights Reserved.
------------------------------------------------------------------------------------
| Tool Version : Vivado v.2016.2 (win64) Build 1577090 Thu Jun  2 16:32:40 MDT 2016
| Date         : Mon Dec 12 23:03:48 2016
| Host         : Georges-T460p running 64-bit major release  (build 9200)
| Command      : upgrade_ip
| Device       : xc7z020clg484-1
------------------------------------------------------------------------------------

Upgrade Log for IP 'design_1_nu_nu_rangefinder_vga_0_0'

1. Summary
----------

SUCCESS in the upgrade of design_1_nu_nu_rangefinder_vga_0_0 (xilinx.com:user:custom_logic:1.0) from (Rev. 26) to (Rev. 27)






Copyright 1986-2016 Xilinx, Inc. All Rights Reserved.
------------------------------------------------------------------------------------
| Tool Version : Vivado v.2016.2 (win64) Build 1577090 Thu Jun  2 16:32:40 MDT 2016
| Date         : Mon Dec 12 23:01:27 2016
| Host         : Georges-T460p running 64-bit major release  (build 9200)
| Command      : upgrade_ip
| Device       : xc7z020clg484-1
------------------------------------------------------------------------------------

Upgrade Log for IP 'design_1_nu_nu_rangefinder_vga_0_0'

1. Summary
----------

SUCCESS in the upgrade of design_1_nu_nu_rangefinder_vga_0_0 (xilinx.com:user:custom_logic:1.0) from (Rev. 25) to (Rev. 26)






Copyright 1986-2016 Xilinx, Inc. All Rights Reserved.
------------------------------------------------------------------------------------
| Tool Version : Vivado v.2016.2 (win64) Build 1577090 Thu Jun  2 16:32:40 MDT 2016
| Date         : Mon Dec 12 22:07:36 2016
| Host         : Georges-T460p running 64-bit major release  (build 9200)
| Command      : upgrade_ip
| Device       : xc7z020clg484-1
------------------------------------------------------------------------------------

Upgrade Log for IP 'design_1_nu_nu_rangefinder_vga_0_0'

1. Summary
----------

SUCCESS in the upgrade of design_1_nu_nu_rangefinder_vga_0_0 (xilinx.com:user:custom_logic:1.0) from (Rev. 24) to (Rev. 25)






Copyright 1986-2016 Xilinx, Inc. All Rights Reserved.
------------------------------------------------------------------------------------
| Tool Version : Vivado v.2016.2 (win64) Build 1577090 Thu Jun  2 16:32:40 MDT 2016
| Date         : Mon Dec 12 21:21:10 2016
| Host         : Georges-T460p running 64-bit major release  (build 9200)
| Command      : upgrade_ip
| Device       : xc7z020clg484-1
------------------------------------------------------------------------------------

Upgrade Log for IP 'design_1_nu_nu_rangefinder_vga_0_0'

1. Summary
----------

SUCCESS in the upgrade of design_1_nu_nu_rangefinder_vga_0_0 (xilinx.com:user:custom_logic:1.0) from (Rev. 23) to (Rev. 24)






Copyright 1986-2016 Xilinx, Inc. All Rights Reserved.
------------------------------------------------------------------------------------
| Tool Version : Vivado v.2016.2 (win64) Build 1577090 Thu Jun  2 16:32:40 MDT 2016
| Date         : Mon Dec 12 20:55:06 2016
| Host         : Georges-T460p running 64-bit major release  (build 9200)
| Command      : upgrade_ip
| Device       : xc7z020clg484-1
------------------------------------------------------------------------------------

Upgrade Log for IP 'design_1_nu_nu_rangefinder_vga_0_0'

1. Summary
----------

SUCCESS in the upgrade of design_1_nu_nu_rangefinder_vga_0_0 (xilinx.com:user:custom_logic:1.0) from (Rev. 22) to (Rev. 23)






Copyright 1986-2016 Xilinx, Inc. All Rights Reserved.
------------------------------------------------------------------------------------
| Tool Version : Vivado v.2016.2 (win64) Build 1577090 Thu Jun  2 16:32:40 MDT 2016
| Date         : Mon Dec 12 20:39:55 2016
| Host         : Georges-T460p running 64-bit major release  (build 9200)
| Command      : upgrade_ip
| Device       : xc7z020clg484-1
------------------------------------------------------------------------------------

Upgrade Log for IP 'design_1_nu_nu_rangefinder_vga_0_0'

1. Summary
----------

SUCCESS in the upgrade of design_1_nu_nu_rangefinder_vga_0_0 (xilinx.com:user:custom_logic:1.0) from (Rev. 21) to (Rev. 22)






Copyright 1986-2016 Xilinx, Inc. All Rights Reserved.
------------------------------------------------------------------------------------
| Tool Version : Vivado v.2016.2 (win64) Build 1577090 Thu Jun  2 16:32:40 MDT 2016
| Date         : Mon Dec 12 13:37:41 2016
| Host         : Georges-T460p running 64-bit major release  (build 9200)
| Command      : upgrade_ip
| Device       : xc7z020clg484-1
------------------------------------------------------------------------------------

Upgrade Log for IP 'design_1_nu_nu_rangefinder_vga_0_0'

1. Summary
----------

SUCCESS in the upgrade of design_1_nu_nu_rangefinder_vga_0_0 (xilinx.com:user:custom_logic:1.0) from (Rev. 20) to (Rev. 21)






Copyright 1986-2016 Xilinx, Inc. All Rights Reserved.
------------------------------------------------------------------------------------
| Tool Version : Vivado v.2016.2 (win64) Build 1577090 Thu Jun  2 16:32:40 MDT 2016
| Date         : Sun Dec 11 21:33:59 2016
| Host         : Georges-T460p running 64-bit major release  (build 9200)
| Command      : upgrade_ip
| Device       : xc7z020clg484-1
------------------------------------------------------------------------------------

Upgrade Log for IP 'design_1_nu_nu_rangefinder_vga_0_0'

1. Summary
----------

SUCCESS in the upgrade of design_1_nu_nu_rangefinder_vga_0_0 (xilinx.com:user:custom_logic:1.0) from (Rev. 19) to (Rev. 20)






Copyright 1986-2016 Xilinx, Inc. All Rights Reserved.
------------------------------------------------------------------------------------
| Tool Version : Vivado v.2016.2 (win64) Build 1577090 Thu Jun  2 16:32:40 MDT 2016
| Date         : Sun Dec 11 21:30:51 2016
| Host         : Georges-T460p running 64-bit major release  (build 9200)
| Command      : upgrade_ip
| Device       : xc7z020clg484-1
------------------------------------------------------------------------------------

Upgrade Log for IP 'design_1_nu_nu_rangefinder_vga_0_0'

1. Summary
----------

SUCCESS in the upgrade of design_1_nu_nu_rangefinder_vga_0_0 (xilinx.com:user:custom_logic:1.0) from (Rev. 18) to (Rev. 19)






Copyright 1986-2016 Xilinx, Inc. All Rights Reserved.
------------------------------------------------------------------------------------
| Tool Version : Vivado v.2016.2 (win64) Build 1577090 Thu Jun  2 16:32:40 MDT 2016
| Date         : Fri Dec 09 16:43:38 2016
| Host         : Georges-T460p running 64-bit major release  (build 9200)
| Command      : upgrade_ip
| Device       : xc7z020clg484-1
------------------------------------------------------------------------------------

Upgrade Log for IP 'design_1_nu_nu_rangefinder_vga_0_0'

1. Summary
----------

SUCCESS in the upgrade of design_1_nu_nu_rangefinder_vga_0_0 (xilinx.com:user:custom_logic:1.0) from (Rev. 17) to (Rev. 18)






Copyright 1986-2016 Xilinx, Inc. All Rights Reserved.
------------------------------------------------------------------------------------
| Tool Version : Vivado v.2016.2 (win64) Build 1577090 Thu Jun  2 16:32:40 MDT 2016
| Date         : Fri Dec 09 16:25:15 2016
| Host         : Georges-T460p running 64-bit major release  (build 9200)
| Command      : upgrade_ip
| Device       : xc7z020clg484-1
------------------------------------------------------------------------------------

Upgrade Log for IP 'design_1_nu_nu_rangefinder_vga_0_0'

1. Summary
----------

SUCCESS in the upgrade of design_1_nu_nu_rangefinder_vga_0_0 (xilinx.com:user:custom_logic:1.0) from (Rev. 16) to (Rev. 17)






Copyright 1986-2016 Xilinx, Inc. All Rights Reserved.
------------------------------------------------------------------------------------
| Tool Version : Vivado v.2016.2 (win64) Build 1577090 Thu Jun  2 16:32:40 MDT 2016
| Date         : Thu Dec 08 16:18:06 2016
| Host         : Georges-T460p running 64-bit major release  (build 9200)
| Command      : upgrade_ip
| Device       : xc7z020clg484-1
------------------------------------------------------------------------------------

Upgrade Log for IP 'design_1_nu_nu_rangefinder_vga_0_0'

1. Summary
----------

SUCCESS in the upgrade of design_1_nu_nu_rangefinder_vga_0_0 (xilinx.com:user:custom_logic:1.0) from (Rev. 14) to (Rev. 16)






Copyright 1986-2016 Xilinx, Inc. All Rights Reserved.
------------------------------------------------------------------------------------
| Tool Version : Vivado v.2016.2 (win64) Build 1577090 Thu Jun  2 16:32:40 MDT 2016
| Date         : Thu Dec 08 15:35:47 2016
| Host         : Georges-T460p running 64-bit major release  (build 9200)
| Command      : upgrade_ip
| Device       : xc7z020clg484-1
------------------------------------------------------------------------------------

Upgrade Log for IP 'design_1_nu_nu_rangefinder_vga_0_0'

1. Summary
----------

SUCCESS in the upgrade of design_1_nu_nu_rangefinder_vga_0_0 (xilinx.com:user:custom_logic:1.0) from (Rev. 13) to (Rev. 14)






Copyright 1986-2016 Xilinx, Inc. All Rights Reserved.
------------------------------------------------------------------------------------
| Tool Version : Vivado v.2016.2 (win64) Build 1577090 Thu Jun  2 16:32:40 MDT 2016
| Date         : Thu Dec 08 13:58:58 2016
| Host         : Georges-T460p running 64-bit major release  (build 9200)
| Command      : upgrade_ip
| Device       : xc7z020clg484-1
------------------------------------------------------------------------------------

Upgrade Log for IP 'design_1_nu_nu_rangefinder_vga_0_0'

1. Summary
----------

SUCCESS in the upgrade of design_1_nu_nu_rangefinder_vga_0_0 (xilinx.com:user:custom_logic:1.0) from (Rev. 12) to (Rev. 13)






Copyright 1986-2016 Xilinx, Inc. All Rights Reserved.
------------------------------------------------------------------------------------
| Tool Version : Vivado v.2016.2 (win64) Build 1577090 Thu Jun  2 16:32:40 MDT 2016
| Date         : Thu Dec 08 13:22:02 2016
| Host         : Georges-T460p running 64-bit major release  (build 9200)
| Command      : upgrade_ip
| Device       : xc7z020clg484-1
------------------------------------------------------------------------------------

Upgrade Log for IP 'design_1_nu_nu_rangefinder_vga_0_0'

1. Summary
----------

SUCCESS in the upgrade of design_1_nu_nu_rangefinder_vga_0_0 (xilinx.com:user:custom_logic:1.0) from (Rev. 11) to (Rev. 12)






Copyright 1986-2016 Xilinx, Inc. All Rights Reserved.
------------------------------------------------------------------------------------
| Tool Version : Vivado v.2016.2 (win64) Build 1577090 Thu Jun  2 16:32:40 MDT 2016
| Date         : Thu Dec 08 13:04:45 2016
| Host         : Georges-T460p running 64-bit major release  (build 9200)
| Command      : upgrade_ip
| Device       : xc7z020clg484-1
------------------------------------------------------------------------------------

Upgrade Log for IP 'design_1_nu_nu_rangefinder_vga_0_0'

1. Summary
----------

SUCCESS in the upgrade of design_1_nu_nu_rangefinder_vga_0_0 (xilinx.com:user:custom_logic:1.0) from (Rev. 10) to (Rev. 11)






Copyright 1986-2016 Xilinx, Inc. All Rights Reserved.
------------------------------------------------------------------------------------
| Tool Version : Vivado v.2016.2 (win64) Build 1577090 Thu Jun  2 16:32:40 MDT 2016
| Date         : Thu Dec 08 12:09:40 2016
| Host         : Georges-T460p running 64-bit major release  (build 9200)
| Command      : upgrade_ip
| Device       : xc7z020clg484-1
------------------------------------------------------------------------------------

Upgrade Log for IP 'design_1_nu_nu_rangefinder_vga_0_0'

1. Summary
----------

SUCCESS in the upgrade of design_1_nu_nu_rangefinder_vga_0_0 (xilinx.com:user:custom_logic:1.0) from (Rev. 9) to (Rev. 10)






Copyright 1986-2016 Xilinx, Inc. All Rights Reserved.
------------------------------------------------------------------------------------
| Tool Version : Vivado v.2016.2 (win64) Build 1577090 Thu Jun  2 16:32:40 MDT 2016
| Date         : Thu Dec 08 11:58:43 2016
| Host         : Georges-T460p running 64-bit major release  (build 9200)
| Command      : upgrade_ip
| Device       : xc7z020clg484-1
------------------------------------------------------------------------------------

Upgrade Log for IP 'design_1_nu_nu_rangefinder_vga_0_0'

1. Summary
----------

SUCCESS in the upgrade of design_1_nu_nu_rangefinder_vga_0_0 (xilinx.com:user:custom_logic:1.0) from (Rev. 8) to (Rev. 9)






Copyright 1986-2016 Xilinx, Inc. All Rights Reserved.
------------------------------------------------------------------------------------
| Tool Version : Vivado v.2016.2 (win64) Build 1577090 Thu Jun  2 16:32:40 MDT 2016
| Date         : Wed Dec 07 12:02:19 2016
| Host         : Georges-T460p running 64-bit major release  (build 9200)
| Command      : upgrade_ip
| Device       : xc7z020clg484-1
------------------------------------------------------------------------------------

Upgrade Log for IP 'design_1_nu_nu_rangefinder_vga_0_0'

1. Summary
----------

SUCCESS in the upgrade of design_1_nu_nu_rangefinder_vga_0_0 (xilinx.com:user:custom_logic:1.0) from (Rev. 7) to (Rev. 8)






Copyright 1986-2016 Xilinx, Inc. All Rights Reserved.
------------------------------------------------------------------------------------
| Tool Version : Vivado v.2016.2 (win64) Build 1577090 Thu Jun  2 16:32:40 MDT 2016
| Date         : Wed Dec 07 00:11:01 2016
| Host         : Georges-T460p running 64-bit major release  (build 9200)
| Command      : upgrade_ip
| Device       : xc7z020clg484-1
------------------------------------------------------------------------------------

Upgrade Log for IP 'design_1_nu_nu_rangefinder_vga_0_0'

1. Summary
----------

SUCCESS in the upgrade of design_1_nu_nu_rangefinder_vga_0_0 (xilinx.com:user:custom_logic:1.0) from (Rev. 6) to (Rev. 7)






Copyright 1986-2016 Xilinx, Inc. All Rights Reserved.
------------------------------------------------------------------------------------
| Tool Version : Vivado v.2016.2 (win64) Build 1577090 Thu Jun  2 16:32:40 MDT 2016
| Date         : Tue Dec 06 23:11:50 2016
| Host         : Georges-T460p running 64-bit major release  (build 9200)
| Command      : upgrade_ip
| Device       : xc7z020clg484-1
------------------------------------------------------------------------------------

Upgrade Log for IP 'design_1_nu_nu_rangefinder_vga_0_0'

1. Summary
----------

SUCCESS in the upgrade of design_1_nu_nu_rangefinder_vga_0_0 (xilinx.com:user:custom_logic:1.0) from (Rev. 5) to (Rev. 6)






Copyright 1986-2016 Xilinx, Inc. All Rights Reserved.
------------------------------------------------------------------------------------
| Tool Version : Vivado v.2016.2 (win64) Build 1577090 Thu Jun  2 16:32:40 MDT 2016
| Date         : Tue Dec 06 22:37:07 2016
| Host         : Georges-T460p running 64-bit major release  (build 9200)
| Command      : upgrade_ip
| Device       : xc7z020clg484-1
------------------------------------------------------------------------------------

Upgrade Log for IP 'design_1_nu_nu_rangefinder_vga_0_0'

1. Summary
----------

SUCCESS in the upgrade of design_1_nu_nu_rangefinder_vga_0_0 (xilinx.com:user:custom_logic:1.0) from (Rev. 3) to (Rev. 5)






Copyright 1986-2016 Xilinx, Inc. All Rights Reserved.
------------------------------------------------------------------------------------
| Tool Version : Vivado v.2016.2 (win64) Build 1577090 Thu Jun  2 16:32:40 MDT 2016
| Date         : Tue Dec 06 22:14:53 2016
| Host         : Georges-T460p running 64-bit major release  (build 9200)
| Command      : upgrade_ip
| Device       : xc7z020clg484-1
------------------------------------------------------------------------------------

Upgrade Log for IP 'design_1_nu_nu_rangefinder_vga_0_0'

1. Summary
----------

SUCCESS in the upgrade of design_1_nu_nu_rangefinder_vga_0_0 (xilinx.com:user:custom_logic:1.0) from (Rev. 2) to (Rev. 3)






Copyright 1986-2016 Xilinx, Inc. All Rights Reserved.
------------------------------------------------------------------------------------
| Tool Version : Vivado v.2016.2 (win64) Build 1577090 Thu Jun  2 16:32:40 MDT 2016
| Date         : Tue Dec 06 20:48:10 2016
| Host         : Georges-T460p running 64-bit major release  (build 9200)
| Command      : upgrade_ip
| Device       : xc7z020clg484-1
------------------------------------------------------------------------------------

Upgrade Log for IP 'design_1_nu_nu_rangefinder_vga_0_0'

1. Summary
----------

CAUTION (success, with warnings) in the upgrade of design_1_nu_nu_rangefinder_vga_0_0 (xilinx.com:user:custom_logic:1.0) from (Rev. 1) to (Rev. 2)

After upgrade, an IP may have parameter and port differences compared to the original customization. Please review the parameters within the IP customization GUI to ensure proper functionality. Also, please review the updated IP instantiation template to ensure proper connectivity, and update your design if required.

2. Connection Warnings
----------------------

Detected external port differences while upgrading 'design_1_nu_nu_rangefinder_vga_0_0'. These changes may impact your design.


-Upgrade has removed port 'clk_100M1'

-Upgrade has removed port 'clk_100M2'

-Upgrade has removed port 'clk_100M3'

-Upgrade has removed port 'clk_25M1'

-Upgrade has added port 'FIFO_DATA'

-Upgrade has added port 'FIFO_OE1'

-Upgrade has added port 'FIFO_OE2'

-Upgrade has added port 'FIFO_RCK'

-Upgrade has added port 'FIFO_RRST1'

-Upgrade has added port 'FIFO_RRST2'

-Upgrade has added port 'cam_reset'

-Upgrade has added port 'cam_rst'

-Upgrade has added port 'cam_sysclk'

-Upgrade has added port 'cam_trigger'

-Upgrade has added port 'clk_100M'

-Upgrade has added port 'clk_25M'

-Upgrade has added port 'sw'







Copyright 1986-2016 Xilinx, Inc. All Rights Reserved.
------------------------------------------------------------------------------------
| Tool Version : Vivado v.2016.2 (win64) Build 1577090 Thu Jun  2 16:32:40 MDT 2016
| Date         : Tue Dec 06 20:32:28 2016
| Host         : Georges-T460p running 64-bit major release  (build 9200)
| Command      : upgrade_ip
| Device       : xc7z020clg484-1
------------------------------------------------------------------------------------

Upgrade Log for IP 'design_1_nu_nu_rangefinder_vga_0_0'

1. Summary
----------

SUCCESS in the update of design_1_nu_nu_rangefinder_vga_0_0 (xilinx.com:user:custom_logic:1.0 (Rev. 1)) to current project options.






Copyright 1986-2016 Xilinx, Inc. All Rights Reserved.
------------------------------------------------------------------------------------
| Tool Version : Vivado v.2016.2 (win64) Build 1577090 Thu Jun  2 16:32:40 MDT 2016
| Date         : Tue Dec 06 20:05:12 2016
| Host         : Georges-T460p running 64-bit major release  (build 9200)
| Command      : upgrade_ip
| Device       : xc7z020clg484-1
------------------------------------------------------------------------------------

Upgrade Log for IP 'design_1_nu_nu_rangefinder_vga_0_0'

1. Summary
----------

SUCCESS in the update of design_1_nu_nu_rangefinder_vga_0_0 (xilinx.com:user:custom_logic:1.0 (Rev. 1)) to current project options.






Copyright 1986-2016 Xilinx, Inc. All Rights Reserved.
------------------------------------------------------------------------------------
| Tool Version : Vivado v.2016.2 (win64) Build 1577090 Thu Jun  2 16:32:40 MDT 2016
| Date         : Tue Dec 06 19:50:55 2016
| Host         : Georges-T460p running 64-bit major release  (build 9200)
| Command      : upgrade_ip
| Device       : xc7z020clg484-1
------------------------------------------------------------------------------------

Upgrade Log for IP 'design_1_nu_nu_rangefinder_vga_0_0'

1. Summary
----------

SUCCESS in the upgrade of design_1_nu_nu_rangefinder_vga_0_0 from xilinx.com:user:nu_nu_rangefinder_vga:1.0 (Rev. 73) to xilinx.com:user:custom_logic:1.0 (Rev. 1)

