17:35:20 **** Auto Build of configuration Debug for project final ****
make pre-build main-build 
a9-linaro-pre-build-step
' '
'Building file: ../src/helloworld.c'
'Invoking: ARM v7 gcc compiler'
arm-none-eabi-gcc -Wall -O0 -g3 -c -fmessage-length=0 -MT"src/helloworld.o" -mcpu=cortex-a9 -mfpu=vfpv3 -mfloat-abi=hard -I../../final_bsp/ps7_cortexa9_0/include -MMD -MP -MF"src/helloworld.d" -MT"src/helloworld.o" -o "src/helloworld.o" "../src/helloworld.c"
../src/helloworld.c: In function 'main':
../src/helloworld.c:121:6: warning: variable 'deviceStepOffset' set but not used [-Wunused-but-set-variable]
  int deviceStepOffset = 0;
      ^
../src/helloworld.c:107:9: warning: variable 'Status' set but not used [-Wunused-but-set-variable]
     int Status;
         ^
'Finished building: ../src/helloworld.c'
' '
'Building target: final.elf'
'Invoking: ARM v7 gcc linker'
arm-none-eabi-gcc -mcpu=cortex-a9 -mfpu=vfpv3 -mfloat-abi=hard -Wl,-build-id=none -specs=Xilinx.spec -Wl,-T -Wl,../src/lscript.ld -L../../final_bsp/ps7_cortexa9_0/lib -o "final.elf"  ./src/helloworld.o ./src/platform.o   -lm -Wl,--start-group,-lxil,-lgcc,-lc,--end-group
'Finished building target: final.elf'
' '
'Invoking: ARM v7 Print Size'
arm-none-eabi-size final.elf  |tee "final.elf.size"
   text	   data	    bss	    dec	    hex	filename
  89536	   2604	  23436	 115576	  1c378	final.elf
'Finished building: final.elf.size'
' '

17:35:21 Build Finished (took 1s.576ms)

