19:42:46 **** Build of project imu_bsp ****
make -k all 
"Running Make include in ps7_cortexa9_0/libsrc/coresightps_dcc_v1_2/src"
make -C ps7_cortexa9_0/libsrc/coresightps_dcc_v1_2/src -s include  "SHELL=CMD" "COMPILER=arm-none-eabi-gcc" "ARCHIVER=arm-none-eabi-ar" "COMPILER_FLAGS=  -O2 -c" "EXTRA_COMPILER_FLAGS=-mcpu=cortex-a9 -mfpu=vfpv3 -mfloat-abi=hard -nostartfiles"
"Running Make include in ps7_cortexa9_0/libsrc/cpu_cortexa9_v2_2/src"
make -C ps7_cortexa9_0/libsrc/cpu_cortexa9_v2_2/src -s include  "SHELL=CMD" "COMPILER=arm-none-eabi-gcc" "ARCHIVER=arm-none-eabi-ar" "COMPILER_FLAGS=  -O2 -c" "EXTRA_COMPILER_FLAGS=-mcpu=cortex-a9 -mfpu=vfpv3 -mfloat-abi=hard -nostartfiles"
"Running Make include in ps7_cortexa9_0/libsrc/ddrps_v1_0/src"
make -C ps7_cortexa9_0/libsrc/ddrps_v1_0/src -s include  "SHELL=CMD" "COMPILER=arm-none-eabi-gcc" "ARCHIVER=arm-none-eabi-ar" "COMPILER_FLAGS=  -O2 -c" "EXTRA_COMPILER_FLAGS=-mcpu=cortex-a9 -mfpu=vfpv3 -mfloat-abi=hard -nostartfiles"
"Running Make include in ps7_cortexa9_0/libsrc/devcfg_v3_4/src"
make -C ps7_cortexa9_0/libsrc/devcfg_v3_4/src -s include  "SHELL=CMD" "COMPILER=arm-none-eabi-gcc" "ARCHIVER=arm-none-eabi-ar" "COMPILER_FLAGS=  -O2 -c" "EXTRA_COMPILER_FLAGS=-mcpu=cortex-a9 -mfpu=vfpv3 -mfloat-abi=hard -nostartfiles"
"Running Make include in ps7_cortexa9_0/libsrc/dmaps_v2_1/src"
make -C ps7_cortexa9_0/libsrc/dmaps_v2_1/src -s include  "SHELL=CMD" "COMPILER=arm-none-eabi-gcc" "ARCHIVER=arm-none-eabi-ar" "COMPILER_FLAGS=  -O2 -c" "EXTRA_COMPILER_FLAGS=-mcpu=cortex-a9 -mfpu=vfpv3 -mfloat-abi=hard -nostartfiles"
"Running Make include in ps7_cortexa9_0/libsrc/gpiops_v3_1/src"
make -C ps7_cortexa9_0/libsrc/gpiops_v3_1/src -s include  "SHELL=CMD" "COMPILER=arm-none-eabi-gcc" "ARCHIVER=arm-none-eabi-ar" "COMPILER_FLAGS=  -O2 -c" "EXTRA_COMPILER_FLAGS=-mcpu=cortex-a9 -mfpu=vfpv3 -mfloat-abi=hard -nostartfiles"
"Running Make include in ps7_cortexa9_0/libsrc/iicps_v3_2/src"
make -C ps7_cortexa9_0/libsrc/iicps_v3_2/src -s include  "SHELL=CMD" "COMPILER=arm-none-eabi-gcc" "ARCHIVER=arm-none-eabi-ar" "COMPILER_FLAGS=  -O2 -c" "EXTRA_COMPILER_FLAGS=-mcpu=cortex-a9 -mfpu=vfpv3 -mfloat-abi=hard -nostartfiles"
"Running Make include in ps7_cortexa9_0/libsrc/qspips_v3_3/src"
make -C ps7_cortexa9_0/libsrc/qspips_v3_3/src -s include  "SHELL=CMD" "COMPILER=arm-none-eabi-gcc" "ARCHIVER=arm-none-eabi-ar" "COMPILER_FLAGS=  -O2 -c" "EXTRA_COMPILER_FLAGS=-mcpu=cortex-a9 -mfpu=vfpv3 -mfloat-abi=hard -nostartfiles"
"Running Make include in ps7_cortexa9_0/libsrc/scugic_v3_3/src"
make -C ps7_cortexa9_0/libsrc/scugic_v3_3/src -s include  "SHELL=CMD" "COMPILER=arm-none-eabi-gcc" "ARCHIVER=arm-none-eabi-ar" "COMPILER_FLAGS=  -O2 -c" "EXTRA_COMPILER_FLAGS=-mcpu=cortex-a9 -mfpu=vfpv3 -mfloat-abi=hard -nostartfiles"
"Running Make include in ps7_cortexa9_0/libsrc/scutimer_v2_1/src"
make -C ps7_cortexa9_0/libsrc/scutimer_v2_1/src -s include  "SHELL=CMD" "COMPILER=arm-none-eabi-gcc" "ARCHIVER=arm-none-eabi-ar" "COMPILER_FLAGS=  -O2 -c" "EXTRA_COMPILER_FLAGS=-mcpu=cortex-a9 -mfpu=vfpv3 -mfloat-abi=hard -nostartfiles"
"Running Make include in ps7_cortexa9_0/libsrc/scuwdt_v2_1/src"
make -C ps7_cortexa9_0/libsrc/scuwdt_v2_1/src -s include  "SHELL=CMD" "COMPILER=arm-none-eabi-gcc" "ARCHIVER=arm-none-eabi-ar" "COMPILER_FLAGS=  -O2 -c" "EXTRA_COMPILER_FLAGS=-mcpu=cortex-a9 -mfpu=vfpv3 -mfloat-abi=hard -nostartfiles"
"Running Make include in ps7_cortexa9_0/libsrc/spips_v3_0/src"
make -C ps7_cortexa9_0/libsrc/spips_v3_0/src -s include  "SHELL=CMD" "COMPILER=arm-none-eabi-gcc" "ARCHIVER=arm-none-eabi-ar" "COMPILER_FLAGS=  -O2 -c" "EXTRA_COMPILER_FLAGS=-mcpu=cortex-a9 -mfpu=vfpv3 -mfloat-abi=hard -nostartfiles"
"Running Make include in ps7_cortexa9_0/libsrc/standalone_v5_5/src"
make -C ps7_cortexa9_0/libsrc/standalone_v5_5/src -s include  "SHELL=CMD" "COMPILER=arm-none-eabi-gcc" "ARCHIVER=arm-none-eabi-ar" "COMPILER_FLAGS=  -O2 -c" "EXTRA_COMPILER_FLAGS=-mcpu=cortex-a9 -mfpu=vfpv3 -mfloat-abi=hard -nostartfiles"
"Running Make include in ps7_cortexa9_0/libsrc/uartps_v3_1/src"
make -C ps7_cortexa9_0/libsrc/uartps_v3_1/src -s include  "SHELL=CMD" "COMPILER=arm-none-eabi-gcc" "ARCHIVER=arm-none-eabi-ar" "COMPILER_FLAGS=  -O2 -c" "EXTRA_COMPILER_FLAGS=-mcpu=cortex-a9 -mfpu=vfpv3 -mfloat-abi=hard -nostartfiles"
"Running Make include in ps7_cortexa9_0/libsrc/xadcps_v2_2/src"
make -C ps7_cortexa9_0/libsrc/xadcps_v2_2/src -s include  "SHELL=CMD" "COMPILER=arm-none-eabi-gcc" "ARCHIVER=arm-none-eabi-ar" "COMPILER_FLAGS=  -O2 -c" "EXTRA_COMPILER_FLAGS=-mcpu=cortex-a9 -mfpu=vfpv3 -mfloat-abi=hard -nostartfiles"
"Running Make libs in ps7_cortexa9_0/libsrc/coresightps_dcc_v1_2/src"
make -C ps7_cortexa9_0/libsrc/coresightps_dcc_v1_2/src -s libs  "SHELL=CMD" "COMPILER=arm-none-eabi-gcc" "ARCHIVER=arm-none-eabi-ar" "COMPILER_FLAGS=  -O2 -c" "EXTRA_COMPILER_FLAGS=-mcpu=cortex-a9 -mfpu=vfpv3 -mfloat-abi=hard -nostartfiles"
"Compiling coresightps_dcc"
arm-none-eabi-ar: creating ../../../lib/libxil.a
"Running Make libs in ps7_cortexa9_0/libsrc/cpu_cortexa9_v2_2/src"
make -C ps7_cortexa9_0/libsrc/cpu_cortexa9_v2_2/src -s libs  "SHELL=CMD" "COMPILER=arm-none-eabi-gcc" "ARCHIVER=arm-none-eabi-ar" "COMPILER_FLAGS=  -O2 -c" "EXTRA_COMPILER_FLAGS=-mcpu=cortex-a9 -mfpu=vfpv3 -mfloat-abi=hard -nostartfiles"
"Compiling cpu_cortexa9"
"Running Make libs in ps7_cortexa9_0/libsrc/ddrps_v1_0/src"
make -C ps7_cortexa9_0/libsrc/ddrps_v1_0/src -s libs  "SHELL=CMD" "COMPILER=arm-none-eabi-gcc" "ARCHIVER=arm-none-eabi-ar" "COMPILER_FLAGS=  -O2 -c" "EXTRA_COMPILER_FLAGS=-mcpu=cortex-a9 -mfpu=vfpv3 -mfloat-abi=hard -nostartfiles"
"Compiling ddrps"
"Running Make libs in ps7_cortexa9_0/libsrc/devcfg_v3_4/src"
make -C ps7_cortexa9_0/libsrc/devcfg_v3_4/src -s libs  "SHELL=CMD" "COMPILER=arm-none-eabi-gcc" "ARCHIVER=arm-none-eabi-ar" "COMPILER_FLAGS=  -O2 -c" "EXTRA_COMPILER_FLAGS=-mcpu=cortex-a9 -mfpu=vfpv3 -mfloat-abi=hard -nostartfiles"
"Compiling devcfg"
"Running Make libs in ps7_cortexa9_0/libsrc/dmaps_v2_1/src"
make -C ps7_cortexa9_0/libsrc/dmaps_v2_1/src -s libs  "SHELL=CMD" "COMPILER=arm-none-eabi-gcc" "ARCHIVER=arm-none-eabi-ar" "COMPILER_FLAGS=  -O2 -c" "EXTRA_COMPILER_FLAGS=-mcpu=cortex-a9 -mfpu=vfpv3 -mfloat-abi=hard -nostartfiles"
"Compiling dmaps"
"Running Make libs in ps7_cortexa9_0/libsrc/gpiops_v3_1/src"
make -C ps7_cortexa9_0/libsrc/gpiops_v3_1/src -s libs  "SHELL=CMD" "COMPILER=arm-none-eabi-gcc" "ARCHIVER=arm-none-eabi-ar" "COMPILER_FLAGS=  -O2 -c" "EXTRA_COMPILER_FLAGS=-mcpu=cortex-a9 -mfpu=vfpv3 -mfloat-abi=hard -nostartfiles"
"Compiling gpiops"
"Running Make libs in ps7_cortexa9_0/libsrc/iicps_v3_2/src"
make -C ps7_cortexa9_0/libsrc/iicps_v3_2/src -s libs  "SHELL=CMD" "COMPILER=arm-none-eabi-gcc" "ARCHIVER=arm-none-eabi-ar" "COMPILER_FLAGS=  -O2 -c" "EXTRA_COMPILER_FLAGS=-mcpu=cortex-a9 -mfpu=vfpv3 -mfloat-abi=hard -nostartfiles"
"Compiling iicps"
"Running Make libs in ps7_cortexa9_0/libsrc/qspips_v3_3/src"
make -C ps7_cortexa9_0/libsrc/qspips_v3_3/src -s libs  "SHELL=CMD" "COMPILER=arm-none-eabi-gcc" "ARCHIVER=arm-none-eabi-ar" "COMPILER_FLAGS=  -O2 -c" "EXTRA_COMPILER_FLAGS=-mcpu=cortex-a9 -mfpu=vfpv3 -mfloat-abi=hard -nostartfiles"
"Compiling qspips"
"Running Make libs in ps7_cortexa9_0/libsrc/scugic_v3_3/src"
make -C ps7_cortexa9_0/libsrc/scugic_v3_3/src -s libs  "SHELL=CMD" "COMPILER=arm-none-eabi-gcc" "ARCHIVER=arm-none-eabi-ar" "COMPILER_FLAGS=  -O2 -c" "EXTRA_COMPILER_FLAGS=-mcpu=cortex-a9 -mfpu=vfpv3 -mfloat-abi=hard -nostartfiles"
"Compiling scugic"
"Running Make libs in ps7_cortexa9_0/libsrc/scutimer_v2_1/src"
make -C ps7_cortexa9_0/libsrc/scutimer_v2_1/src -s libs  "SHELL=CMD" "COMPILER=arm-none-eabi-gcc" "ARCHIVER=arm-none-eabi-ar" "COMPILER_FLAGS=  -O2 -c" "EXTRA_COMPILER_FLAGS=-mcpu=cortex-a9 -mfpu=vfpv3 -mfloat-abi=hard -nostartfiles"
"Compiling scutimer"
"Running Make libs in ps7_cortexa9_0/libsrc/scuwdt_v2_1/src"
make -C ps7_cortexa9_0/libsrc/scuwdt_v2_1/src -s libs  "SHELL=CMD" "COMPILER=arm-none-eabi-gcc" "ARCHIVER=arm-none-eabi-ar" "COMPILER_FLAGS=  -O2 -c" "EXTRA_COMPILER_FLAGS=-mcpu=cortex-a9 -mfpu=vfpv3 -mfloat-abi=hard -nostartfiles"
"Compiling scuwdt"
"Running Make libs in ps7_cortexa9_0/libsrc/spips_v3_0/src"
make -C ps7_cortexa9_0/libsrc/spips_v3_0/src -s libs  "SHELL=CMD" "COMPILER=arm-none-eabi-gcc" "ARCHIVER=arm-none-eabi-ar" "COMPILER_FLAGS=  -O2 -c" "EXTRA_COMPILER_FLAGS=-mcpu=cortex-a9 -mfpu=vfpv3 -mfloat-abi=hard -nostartfiles"
"Compiling spips"
"Running Make libs in ps7_cortexa9_0/libsrc/standalone_v5_5/src"
make -C ps7_cortexa9_0/libsrc/standalone_v5_5/src -s libs  "SHELL=CMD" "COMPILER=arm-none-eabi-gcc" "ARCHIVER=arm-none-eabi-ar" "COMPILER_FLAGS=  -O2 -c" "EXTRA_COMPILER_FLAGS=-mcpu=cortex-a9 -mfpu=vfpv3 -mfloat-abi=hard -nostartfiles"
"Compiling standalone"
"Running Make libs in ps7_cortexa9_0/libsrc/uartps_v3_1/src"
make -C ps7_cortexa9_0/libsrc/uartps_v3_1/src -s libs  "SHELL=CMD" "COMPILER=arm-none-eabi-gcc" "ARCHIVER=arm-none-eabi-ar" "COMPILER_FLAGS=  -O2 -c" "EXTRA_COMPILER_FLAGS=-mcpu=cortex-a9 -mfpu=vfpv3 -mfloat-abi=hard -nostartfiles"
"Compiling uartps"
"Running Make libs in ps7_cortexa9_0/libsrc/xadcps_v2_2/src"
make -C ps7_cortexa9_0/libsrc/xadcps_v2_2/src -s libs  "SHELL=CMD" "COMPILER=arm-none-eabi-gcc" "ARCHIVER=arm-none-eabi-ar" "COMPILER_FLAGS=  -O2 -c" "EXTRA_COMPILER_FLAGS=-mcpu=cortex-a9 -mfpu=vfpv3 -mfloat-abi=hard -nostartfiles"
"Compiling xadcps"
'Finished building libraries'
19:42:59 **** Build of configuration Debug for project imu ****
make pre-build main-build 
a9-linaro-pre-build-step
' '
'Building file: ../src/helloworld.c'
'Invoking: ARM v7 gcc compiler'
arm-none-eabi-gcc -Wall -O0 -g3 -c -fmessage-length=0 -MT"src/helloworld.o" -mcpu=cortex-a9 -mfpu=vfpv3 -mfloat-abi=hard -I../../imu_bsp/ps7_cortexa9_0/include -MMD -MP -MF"src/helloworld.d" -MT"src/helloworld.o" -o "src/helloworld.o" "../src/helloworld.c"
'Finished building: ../src/helloworld.c'
' '
'Building file: ../src/platform.c'
'Invoking: ARM v7 gcc compiler'
arm-none-eabi-gcc -Wall -O0 -g3 -c -fmessage-length=0 -MT"src/platform.o" -mcpu=cortex-a9 -mfpu=vfpv3 -mfloat-abi=hard -I../../imu_bsp/ps7_cortexa9_0/include -MMD -MP -MF"src/platform.d" -MT"src/platform.o" -o "src/platform.o" "../src/platform.c"
'Finished building: ../src/platform.c'
' '
'Building target: imu.elf'
'Invoking: ARM v7 gcc linker'
arm-none-eabi-gcc -mcpu=cortex-a9 -mfpu=vfpv3 -mfloat-abi=hard -Wl,-build-id=none -specs=Xilinx.spec -Wl,-T -Wl,../src/lscript.ld -L../../imu_bsp/ps7_cortexa9_0/lib -o "imu.elf"  ./src/helloworld.o ./src/platform.o   -Wl,--start-group,-lxil,-lgcc,-lc,--end-group
'Finished building target: imu.elf'
' '
'Invoking: ARM v7 Print Size'
arm-none-eabi-size imu.elf  |tee "imu.elf.size"
   text	   data	    bss	    dec	    hex	filename
  22960	   1152	  22580	  46692	   b664	imu.elf
'Finished building: imu.elf.size'
' '
19:43:01 **** Auto Build of configuration Debug for project imu ****
make pre-build main-build 
a9-linaro-pre-build-step
' '
make: Nothing to be done for `main-build'.
19:43:49 **** Auto Build of configuration Debug for project imu ****
make pre-build main-build 
a9-linaro-pre-build-step
' '
'Building file: ../src/helloworld.c'
'Invoking: ARM v7 gcc compiler'
arm-none-eabi-gcc -Wall -O0 -g3 -c -fmessage-length=0 -MT"src/helloworld.o" -mcpu=cortex-a9 -mfpu=vfpv3 -mfloat-abi=hard -I../../imu_bsp/ps7_cortexa9_0/include -MMD -MP -MF"src/helloworld.d" -MT"src/helloworld.o" -o "src/helloworld.o" "../src/helloworld.c"
In file included from ../src/helloworld.c:5:0:
../../imu_bsp/ps7_cortexa9_0/include/xbasic_types.h:115:2: warning: #warning The xbasics_type.h file is deprecated and users should use xil_types.h and xil_assert. [-Wcpp]
 #warning  The xbasics_type.h file is deprecated and users should use xil_types.h and xil_assert.
  ^
../../imu_bsp/ps7_cortexa9_0/include/xbasic_types.h:116:2: warning: #warning Please refer the Standalone BSP UG647 for further details [-Wcpp]
 #warning  Please refer the Standalone BSP UG647 for further details
  ^
../src/helloworld.c: In function 'main':
../src/helloworld.c:34:9: warning: variable 'Status' set but not used [-Wunused-but-set-variable]
     int Status;
         ^
'Finished building: ../src/helloworld.c'
' '
'Building target: imu.elf'
'Invoking: ARM v7 gcc linker'
arm-none-eabi-gcc -mcpu=cortex-a9 -mfpu=vfpv3 -mfloat-abi=hard -Wl,-build-id=none -specs=Xilinx.spec -Wl,-T -Wl,../src/lscript.ld -L../../imu_bsp/ps7_cortexa9_0/lib -o "imu.elf"  ./src/helloworld.o ./src/platform.o   -Wl,--start-group,-lxil,-lgcc,-lc,--end-group
'Finished building target: imu.elf'
' '
'Invoking: ARM v7 Print Size'
arm-none-eabi-size imu.elf  |tee "imu.elf.size"
   text	   data	    bss	    dec	    hex	filename
  36312	   1184	  22676	  60172	   eb0c	imu.elf
'Finished building: imu.elf.size'
' '
19:44:06 **** Auto Build of configuration Debug for project imu ****
make pre-build main-build 
a9-linaro-pre-build-step
' '
'Building file: ../src/helloworld.c'
'Invoking: ARM v7 gcc compiler'
arm-none-eabi-gcc -Wall -O0 -g3 -c -fmessage-length=0 -MT"src/helloworld.o" -mcpu=cortex-a9 -mfpu=vfpv3 -mfloat-abi=hard -I../../imu_bsp/ps7_cortexa9_0/include -MMD -MP -MF"src/helloworld.d" -MT"src/helloworld.o" -o "src/helloworld.o" "../src/helloworld.c"
In file included from ../src/helloworld.c:5:0:
../../imu_bsp/ps7_cortexa9_0/include/xbasic_types.h:115:2: warning: #warning The xbasics_type.h file is deprecated and users should use xil_types.h and xil_assert. [-Wcpp]
 #warning  The xbasics_type.h file is deprecated and users should use xil_types.h and xil_assert.
  ^
../../imu_bsp/ps7_cortexa9_0/include/xbasic_types.h:116:2: warning: #warning Please refer the Standalone BSP UG647 for further details [-Wcpp]
 #warning  Please refer the Standalone BSP UG647 for further details
  ^
../src/helloworld.c: In function 'main':
../src/helloworld.c:34:9: warning: variable 'Status' set but not used [-Wunused-but-set-variable]
     int Status;
         ^
'Finished building: ../src/helloworld.c'
' '
'Building target: imu.elf'
'Invoking: ARM v7 gcc linker'
arm-none-eabi-gcc -mcpu=cortex-a9 -mfpu=vfpv3 -mfloat-abi=hard -Wl,-build-id=none -specs=Xilinx.spec -Wl,-T -Wl,../src/lscript.ld -L../../imu_bsp/ps7_cortexa9_0/lib -o "imu.elf"  ./src/helloworld.o ./src/platform.o   -Wl,--start-group,-lxil,-lgcc,-lc,--end-group
'Finished building target: imu.elf'
' '
'Invoking: ARM v7 Print Size'
arm-none-eabi-size imu.elf  |tee "imu.elf.size"
   text	   data	    bss	    dec	    hex	filename
  36312	   1184	  22676	  60172	   eb0c	imu.elf
'Finished building: imu.elf.size'
' '
19:45:49 **** Auto Build of configuration Debug for project imu ****
make pre-build main-build 
a9-linaro-pre-build-step
' '
'Building file: ../src/helloworld.c'
'Invoking: ARM v7 gcc compiler'
arm-none-eabi-gcc -Wall -O0 -g3 -c -fmessage-length=0 -MT"src/helloworld.o" -mcpu=cortex-a9 -mfpu=vfpv3 -mfloat-abi=hard -I../../imu_bsp/ps7_cortexa9_0/include -MMD -MP -MF"src/helloworld.d" -MT"src/helloworld.o" -o "src/helloworld.o" "../src/helloworld.c"
In file included from ../src/helloworld.c:5:0:
../../imu_bsp/ps7_cortexa9_0/include/xbasic_types.h:115:2: warning: #warning The xbasics_type.h file is deprecated and users should use xil_types.h and xil_assert. [-Wcpp]
 #warning  The xbasics_type.h file is deprecated and users should use xil_types.h and xil_assert.
  ^
../../imu_bsp/ps7_cortexa9_0/include/xbasic_types.h:116:2: warning: #warning Please refer the Standalone BSP UG647 for further details [-Wcpp]
 #warning  Please refer the Standalone BSP UG647 for further details
  ^
../src/helloworld.c: In function 'main':
../src/helloworld.c:34:9: warning: variable 'Status' set but not used [-Wunused-but-set-variable]
     int Status;
         ^
'Finished building: ../src/helloworld.c'
' '
'Building target: imu.elf'
'Invoking: ARM v7 gcc linker'
arm-none-eabi-gcc -mcpu=cortex-a9 -mfpu=vfpv3 -mfloat-abi=hard -Wl,-build-id=none -specs=Xilinx.spec -Wl,-T -Wl,../src/lscript.ld -L../../imu_bsp/ps7_cortexa9_0/lib -o "imu.elf"  ./src/helloworld.o ./src/platform.o   -Wl,--start-group,-lxil,-lgcc,-lc,--end-group
'Finished building target: imu.elf'
' '
'Invoking: ARM v7 Print Size'
arm-none-eabi-size imu.elf  |tee "imu.elf.size"
   text	   data	    bss	    dec	    hex	filename
  36312	   1184	  22676	  60172	   eb0c	imu.elf
'Finished building: imu.elf.size'
' '
19:46:20 **** Incremental Build of configuration Debug for project imu ****
make pre-build main-build 
a9-linaro-pre-build-step
' '
make: Nothing to be done for `main-build'.
19:47:35 **** Auto Build of configuration Debug for project imu ****
make pre-build main-build 
a9-linaro-pre-build-step
' '
'Building file: ../src/helloworld.c'
'Invoking: ARM v7 gcc compiler'
arm-none-eabi-gcc -Wall -O0 -g3 -c -fmessage-length=0 -MT"src/helloworld.o" -mcpu=cortex-a9 -mfpu=vfpv3 -mfloat-abi=hard -I../../imu_bsp/ps7_cortexa9_0/include -MMD -MP -MF"src/helloworld.d" -MT"src/helloworld.o" -o "src/helloworld.o" "../src/helloworld.c"
In file included from ../src/helloworld.c:5:0:
../../imu_bsp/ps7_cortexa9_0/include/xbasic_types.h:115:2: warning: #warning The xbasics_type.h file is deprecated and users should use xil_types.h and xil_assert. [-Wcpp]
 #warning  The xbasics_type.h file is deprecated and users should use xil_types.h and xil_assert.
  ^
../../imu_bsp/ps7_cortexa9_0/include/xbasic_types.h:116:2: warning: #warning Please refer the Standalone BSP UG647 for further details [-Wcpp]
 #warning  Please refer the Standalone BSP UG647 for further details
  ^
../src/helloworld.c: In function 'main':
../src/helloworld.c:34:9: warning: variable 'Status' set but not used [-Wunused-but-set-variable]
     int Status;
         ^
'Finished building: ../src/helloworld.c'
' '
'Building target: imu.elf'
'Invoking: ARM v7 gcc linker'
arm-none-eabi-gcc -mcpu=cortex-a9 -mfpu=vfpv3 -mfloat-abi=hard -Wl,-build-id=none -specs=Xilinx.spec -Wl,-T -Wl,../src/lscript.ld -L../../imu_bsp/ps7_cortexa9_0/lib -o "imu.elf"  ./src/helloworld.o ./src/platform.o   -Wl,--start-group,-lxil,-lgcc,-lc,--end-group
'Finished building target: imu.elf'
' '
'Invoking: ARM v7 Print Size'
arm-none-eabi-size imu.elf  |tee "imu.elf.size"
   text	   data	    bss	    dec	    hex	filename
  36312	   1184	  22676	  60172	   eb0c	imu.elf
'Finished building: imu.elf.size'
' '
19:47:36 **** Incremental Build of configuration Debug for project imu ****
make pre-build main-build 
a9-linaro-pre-build-step
' '
make: Nothing to be done for `main-build'.
19:47:41 **** Incremental Build of configuration Debug for project imu ****
make pre-build main-build 
a9-linaro-pre-build-step
' '
make: Nothing to be done for `main-build'.
19:48:12 **** Auto Build of configuration Debug for project imu ****
make pre-build main-build 
a9-linaro-pre-build-step
' '
'Building file: ../src/helloworld.c'
'Invoking: ARM v7 gcc compiler'
arm-none-eabi-gcc -Wall -O0 -g3 -c -fmessage-length=0 -MT"src/helloworld.o" -mcpu=cortex-a9 -mfpu=vfpv3 -mfloat-abi=hard -I../../imu_bsp/ps7_cortexa9_0/include -MMD -MP -MF"src/helloworld.d" -MT"src/helloworld.o" -o "src/helloworld.o" "../src/helloworld.c"
In file included from ../src/helloworld.c:5:0:
../../imu_bsp/ps7_cortexa9_0/include/xbasic_types.h:115:2: warning: #warning The xbasics_type.h file is deprecated and users should use xil_types.h and xil_assert. [-Wcpp]
 #warning  The xbasics_type.h file is deprecated and users should use xil_types.h and xil_assert.
  ^
../../imu_bsp/ps7_cortexa9_0/include/xbasic_types.h:116:2: warning: #warning Please refer the Standalone BSP UG647 for further details [-Wcpp]
 #warning  Please refer the Standalone BSP UG647 for further details
  ^
../src/helloworld.c: In function 'main':
../src/helloworld.c:49:62: error: expected ')' before ';' token
  XIicPs_MasterRecvPolled(&Mag_Instance, WriteBuffer, 3, 0x160;
                                                              ^
../src/helloworld.c:53:1: error: expected ';' before '}' token
 }
 ^
../src/helloworld.c:34:9: warning: variable 'Status' set but not used [-Wunused-but-set-variable]
     int Status;
         ^
../src/helloworld.c:53:1: warning: control reaches end of non-void function [-Wreturn-type]
 }
 ^
make: *** [src/helloworld.o] Error 1
19:48:14 **** Auto Build of configuration Debug for project imu ****
make pre-build main-build 
a9-linaro-pre-build-step
' '
'Building file: ../src/helloworld.c'
'Invoking: ARM v7 gcc compiler'
arm-none-eabi-gcc -Wall -O0 -g3 -c -fmessage-length=0 -MT"src/helloworld.o" -mcpu=cortex-a9 -mfpu=vfpv3 -mfloat-abi=hard -I../../imu_bsp/ps7_cortexa9_0/include -MMD -MP -MF"src/helloworld.d" -MT"src/helloworld.o" -o "src/helloworld.o" "../src/helloworld.c"
In file included from ../src/helloworld.c:5:0:
../../imu_bsp/ps7_cortexa9_0/include/xbasic_types.h:115:2: warning: #warning The xbasics_type.h file is deprecated and users should use xil_types.h and xil_assert. [-Wcpp]
 #warning  The xbasics_type.h file is deprecated and users should use xil_types.h and xil_assert.
  ^
../../imu_bsp/ps7_cortexa9_0/include/xbasic_types.h:116:2: warning: #warning Please refer the Standalone BSP UG647 for further details [-Wcpp]
 #warning  Please refer the Standalone BSP UG647 for further details
  ^
../src/helloworld.c: In function 'main':
../src/helloworld.c:49:61: error: expected ')' before ';' token
  XIicPs_MasterRecvPolled(&Mag_Instance, WriteBuffer, 3, 0x10;
                                                             ^
../src/helloworld.c:53:1: error: expected ';' before '}' token
 }
 ^
../src/helloworld.c:34:9: warning: variable 'Status' set but not used [-Wunused-but-set-variable]
     int Status;
         ^
../src/helloworld.c:53:1: warning: control reaches end of non-void function [-Wreturn-type]
 }
 ^
make: *** [src/helloworld.o] Error 1
19:48:29 **** Auto Build of configuration Debug for project imu ****
make pre-build main-build 
a9-linaro-pre-build-step
' '
'Building file: ../src/helloworld.c'
'Invoking: ARM v7 gcc compiler'
arm-none-eabi-gcc -Wall -O0 -g3 -c -fmessage-length=0 -MT"src/helloworld.o" -mcpu=cortex-a9 -mfpu=vfpv3 -mfloat-abi=hard -I../../imu_bsp/ps7_cortexa9_0/include -MMD -MP -MF"src/helloworld.d" -MT"src/helloworld.o" -o "src/helloworld.o" "../src/helloworld.c"
In file included from ../src/helloworld.c:5:0:
../../imu_bsp/ps7_cortexa9_0/include/xbasic_types.h:115:2: warning: #warning The xbasics_type.h file is deprecated and users should use xil_types.h and xil_assert. [-Wcpp]
 #warning  The xbasics_type.h file is deprecated and users should use xil_types.h and xil_assert.
  ^
../../imu_bsp/ps7_cortexa9_0/include/xbasic_types.h:116:2: warning: #warning Please refer the Standalone BSP UG647 for further details [-Wcpp]
 #warning  Please refer the Standalone BSP UG647 for further details
  ^
../src/helloworld.c: In function 'main':
../src/helloworld.c:34:9: warning: variable 'Status' set but not used [-Wunused-but-set-variable]
     int Status;
         ^
'Finished building: ../src/helloworld.c'
' '
'Building target: imu.elf'
'Invoking: ARM v7 gcc linker'
arm-none-eabi-gcc -mcpu=cortex-a9 -mfpu=vfpv3 -mfloat-abi=hard -Wl,-build-id=none -specs=Xilinx.spec -Wl,-T -Wl,../src/lscript.ld -L../../imu_bsp/ps7_cortexa9_0/lib -o "imu.elf"  ./src/helloworld.o ./src/platform.o   -Wl,--start-group,-lxil,-lgcc,-lc,--end-group
'Finished building target: imu.elf'
' '
'Invoking: ARM v7 Print Size'
arm-none-eabi-size imu.elf  |tee "imu.elf.size"
   text	   data	    bss	    dec	    hex	filename
  36312	   1184	  22676	  60172	   eb0c	imu.elf
'Finished building: imu.elf.size'
' '
19:48:32 **** Incremental Build of configuration Debug for project imu ****
make pre-build main-build 
a9-linaro-pre-build-step
' '
make: Nothing to be done for `main-build'.
19:49:42 **** Auto Build of configuration Debug for project imu ****
make pre-build main-build 
a9-linaro-pre-build-step
' '
'Building file: ../src/helloworld.c'
'Invoking: ARM v7 gcc compiler'
arm-none-eabi-gcc -Wall -O0 -g3 -c -fmessage-length=0 -MT"src/helloworld.o" -mcpu=cortex-a9 -mfpu=vfpv3 -mfloat-abi=hard -I../../imu_bsp/ps7_cortexa9_0/include -MMD -MP -MF"src/helloworld.d" -MT"src/helloworld.o" -o "src/helloworld.o" "../src/helloworld.c"
In file included from ../src/helloworld.c:5:0:
../../imu_bsp/ps7_cortexa9_0/include/xbasic_types.h:115:2: warning: #warning The xbasics_type.h file is deprecated and users should use xil_types.h and xil_assert. [-Wcpp]
 #warning  The xbasics_type.h file is deprecated and users should use xil_types.h and xil_assert.
  ^
../../imu_bsp/ps7_cortexa9_0/include/xbasic_types.h:116:2: warning: #warning Please refer the Standalone BSP UG647 for further details [-Wcpp]
 #warning  Please refer the Standalone BSP UG647 for further details
  ^
../src/helloworld.c: In function 'main':
../src/helloworld.c:34:9: warning: variable 'Status' set but not used [-Wunused-but-set-variable]
     int Status;
         ^
'Finished building: ../src/helloworld.c'
' '
'Building target: imu.elf'
'Invoking: ARM v7 gcc linker'
arm-none-eabi-gcc -mcpu=cortex-a9 -mfpu=vfpv3 -mfloat-abi=hard -Wl,-build-id=none -specs=Xilinx.spec -Wl,-T -Wl,../src/lscript.ld -L../../imu_bsp/ps7_cortexa9_0/lib -o "imu.elf"  ./src/helloworld.o ./src/platform.o   -Wl,--start-group,-lxil,-lgcc,-lc,--end-group
'Finished building target: imu.elf'
' '
'Invoking: ARM v7 Print Size'
arm-none-eabi-size imu.elf  |tee "imu.elf.size"
   text	   data	    bss	    dec	    hex	filename
  36312	   1184	  22676	  60172	   eb0c	imu.elf
'Finished building: imu.elf.size'
' '
19:49:46 **** Incremental Build of configuration Debug for project imu ****
make pre-build main-build 
a9-linaro-pre-build-step
' '
make: Nothing to be done for `main-build'.
19:51:57 **** Auto Build of configuration Debug for project imu ****
make pre-build main-build 
a9-linaro-pre-build-step
' '
'Building file: ../src/helloworld.c'
'Invoking: ARM v7 gcc compiler'
arm-none-eabi-gcc -Wall -O0 -g3 -c -fmessage-length=0 -MT"src/helloworld.o" -mcpu=cortex-a9 -mfpu=vfpv3 -mfloat-abi=hard -I../../imu_bsp/ps7_cortexa9_0/include -MMD -MP -MF"src/helloworld.d" -MT"src/helloworld.o" -o "src/helloworld.o" "../src/helloworld.c"
In file included from ../src/helloworld.c:5:0:
../../imu_bsp/ps7_cortexa9_0/include/xbasic_types.h:115:2: warning: #warning The xbasics_type.h file is deprecated and users should use xil_types.h and xil_assert. [-Wcpp]
 #warning  The xbasics_type.h file is deprecated and users should use xil_types.h and xil_assert.
  ^
../../imu_bsp/ps7_cortexa9_0/include/xbasic_types.h:116:2: warning: #warning Please refer the Standalone BSP UG647 for further details [-Wcpp]
 #warning  Please refer the Standalone BSP UG647 for further details
  ^
../src/helloworld.c: In function 'main':
../src/helloworld.c:34:9: warning: variable 'Status' set but not used [-Wunused-but-set-variable]
     int Status;
         ^
'Finished building: ../src/helloworld.c'
' '
'Building target: imu.elf'
'Invoking: ARM v7 gcc linker'
arm-none-eabi-gcc -mcpu=cortex-a9 -mfpu=vfpv3 -mfloat-abi=hard -Wl,-build-id=none -specs=Xilinx.spec -Wl,-T -Wl,../src/lscript.ld -L../../imu_bsp/ps7_cortexa9_0/lib -o "imu.elf"  ./src/helloworld.o ./src/platform.o   -Wl,--start-group,-lxil,-lgcc,-lc,--end-group
'Finished building target: imu.elf'
' '
'Invoking: ARM v7 Print Size'
arm-none-eabi-size imu.elf  |tee "imu.elf.size"
   text	   data	    bss	    dec	    hex	filename
  36312	   1184	  22676	  60172	   eb0c	imu.elf
'Finished building: imu.elf.size'
' '
19:51:58 **** Incremental Build of configuration Debug for project imu ****
make pre-build main-build 
a9-linaro-pre-build-step
' '
make: Nothing to be done for `main-build'.
19:53:31 **** Auto Build of configuration Debug for project imu ****
make pre-build main-build 
a9-linaro-pre-build-step
' '
'Building file: ../src/helloworld.c'
'Invoking: ARM v7 gcc compiler'
arm-none-eabi-gcc -Wall -O0 -g3 -c -fmessage-length=0 -MT"src/helloworld.o" -mcpu=cortex-a9 -mfpu=vfpv3 -mfloat-abi=hard -I../../imu_bsp/ps7_cortexa9_0/include -MMD -MP -MF"src/helloworld.d" -MT"src/helloworld.o" -o "src/helloworld.o" "../src/helloworld.c"
In file included from ../src/helloworld.c:5:0:
../../imu_bsp/ps7_cortexa9_0/include/xbasic_types.h:115:2: warning: #warning The xbasics_type.h file is deprecated and users should use xil_types.h and xil_assert. [-Wcpp]
 #warning  The xbasics_type.h file is deprecated and users should use xil_types.h and xil_assert.
  ^
../../imu_bsp/ps7_cortexa9_0/include/xbasic_types.h:116:2: warning: #warning Please refer the Standalone BSP UG647 for further details [-Wcpp]
 #warning  Please refer the Standalone BSP UG647 for further details
  ^
../src/helloworld.c: In function 'main':
../src/helloworld.c:34:9: warning: variable 'Status' set but not used [-Wunused-but-set-variable]
     int Status;
         ^
'Finished building: ../src/helloworld.c'
' '
'Building target: imu.elf'
'Invoking: ARM v7 gcc linker'
arm-none-eabi-gcc -mcpu=cortex-a9 -mfpu=vfpv3 -mfloat-abi=hard -Wl,-build-id=none -specs=Xilinx.spec -Wl,-T -Wl,../src/lscript.ld -L../../imu_bsp/ps7_cortexa9_0/lib -o "imu.elf"  ./src/helloworld.o ./src/platform.o   -Wl,--start-group,-lxil,-lgcc,-lc,--end-group
'Finished building target: imu.elf'
' '
'Invoking: ARM v7 Print Size'
arm-none-eabi-size imu.elf  |tee "imu.elf.size"
   text	   data	    bss	    dec	    hex	filename
  36312	   1184	  22676	  60172	   eb0c	imu.elf
'Finished building: imu.elf.size'
' '
20:05:25 **** Auto Build of configuration Debug for project imu ****
make pre-build main-build 
a9-linaro-pre-build-step
' '
'Building file: ../src/helloworld.c'
'Invoking: ARM v7 gcc compiler'
arm-none-eabi-gcc -Wall -O0 -g3 -c -fmessage-length=0 -MT"src/helloworld.o" -mcpu=cortex-a9 -mfpu=vfpv3 -mfloat-abi=hard -I../../imu_bsp/ps7_cortexa9_0/include -MMD -MP -MF"src/helloworld.d" -MT"src/helloworld.o" -o "src/helloworld.o" "../src/helloworld.c"
In file included from ../src/helloworld.c:5:0:
../../imu_bsp/ps7_cortexa9_0/include/xbasic_types.h:115:2: warning: #warning The xbasics_type.h file is deprecated and users should use xil_types.h and xil_assert. [-Wcpp]
 #warning  The xbasics_type.h file is deprecated and users should use xil_types.h and xil_assert.
  ^
../../imu_bsp/ps7_cortexa9_0/include/xbasic_types.h:116:2: warning: #warning Please refer the Standalone BSP UG647 for further details [-Wcpp]
 #warning  Please refer the Standalone BSP UG647 for further details
  ^
../src/helloworld.c: In function 'main':
../src/helloworld.c:34:9: warning: variable 'Status' set but not used [-Wunused-but-set-variable]
     int Status;
         ^
'Finished building: ../src/helloworld.c'
' '
'Building target: imu.elf'
'Invoking: ARM v7 gcc linker'
arm-none-eabi-gcc -mcpu=cortex-a9 -mfpu=vfpv3 -mfloat-abi=hard -Wl,-build-id=none -specs=Xilinx.spec -Wl,-T -Wl,../src/lscript.ld -L../../imu_bsp/ps7_cortexa9_0/lib -o "imu.elf"  ./src/helloworld.o ./src/platform.o   -Wl,--start-group,-lxil,-lgcc,-lc,--end-group
'Finished building target: imu.elf'
' '
'Invoking: ARM v7 Print Size'
arm-none-eabi-size imu.elf  |tee "imu.elf.size"
   text	   data	    bss	    dec	    hex	filename
  36312	   1184	  22676	  60172	   eb0c	imu.elf
'Finished building: imu.elf.size'
' '
20:05:28 **** Incremental Build of configuration Debug for project imu ****
make pre-build main-build 
a9-linaro-pre-build-step
' '
make: Nothing to be done for `main-build'.
20:05:45 **** Incremental Build of configuration Debug for project imu ****
make pre-build main-build 
a9-linaro-pre-build-step
' '
make: Nothing to be done for `main-build'.
20:06:18 **** Incremental Build of configuration Debug for project imu ****
make pre-build main-build 
a9-linaro-pre-build-step
' '
make: Nothing to be done for `main-build'.
20:06:42 **** Incremental Build of configuration Debug for project imu ****
make pre-build main-build 
a9-linaro-pre-build-step
' '
make: Nothing to be done for `main-build'.
20:07:07 **** Auto Build of configuration Debug for project imu ****
make pre-build main-build 
a9-linaro-pre-build-step
' '
'Building file: ../src/helloworld.c'
'Invoking: ARM v7 gcc compiler'
arm-none-eabi-gcc -Wall -O0 -g3 -c -fmessage-length=0 -MT"src/helloworld.o" -mcpu=cortex-a9 -mfpu=vfpv3 -mfloat-abi=hard -I../../imu_bsp/ps7_cortexa9_0/include -MMD -MP -MF"src/helloworld.d" -MT"src/helloworld.o" -o "src/helloworld.o" "../src/helloworld.c"
In file included from ../src/helloworld.c:5:0:
../../imu_bsp/ps7_cortexa9_0/include/xbasic_types.h:115:2: warning: #warning The xbasics_type.h file is deprecated and users should use xil_types.h and xil_assert. [-Wcpp]
 #warning  The xbasics_type.h file is deprecated and users should use xil_types.h and xil_assert.
  ^
../../imu_bsp/ps7_cortexa9_0/include/xbasic_types.h:116:2: warning: #warning Please refer the Standalone BSP UG647 for further details [-Wcpp]
 #warning  Please refer the Standalone BSP UG647 for further details
  ^
../src/helloworld.c: In function 'main':
../src/helloworld.c:46:25: error: invalid suffix "F" on integer constant
  WriteBuffer[1] = (u8) (0F);
                         ^
../src/helloworld.c:34:9: warning: variable 'Status' set but not used [-Wunused-but-set-variable]
     int Status;
         ^
make: *** [src/helloworld.o] Error 1
20:07:20 **** Auto Build of configuration Debug for project imu ****
make pre-build main-build 
a9-linaro-pre-build-step
' '
'Building file: ../src/helloworld.c'
'Invoking: ARM v7 gcc compiler'
arm-none-eabi-gcc -Wall -O0 -g3 -c -fmessage-length=0 -MT"src/helloworld.o" -mcpu=cortex-a9 -mfpu=vfpv3 -mfloat-abi=hard -I../../imu_bsp/ps7_cortexa9_0/include -MMD -MP -MF"src/helloworld.d" -MT"src/helloworld.o" -o "src/helloworld.o" "../src/helloworld.c"
In file included from ../src/helloworld.c:5:0:
../../imu_bsp/ps7_cortexa9_0/include/xbasic_types.h:115:2: warning: #warning The xbasics_type.h file is deprecated and users should use xil_types.h and xil_assert. [-Wcpp]
 #warning  The xbasics_type.h file is deprecated and users should use xil_types.h and xil_assert.
  ^
../../imu_bsp/ps7_cortexa9_0/include/xbasic_types.h:116:2: warning: #warning Please refer the Standalone BSP UG647 for further details [-Wcpp]
 #warning  Please refer the Standalone BSP UG647 for further details
  ^
../src/helloworld.c: In function 'main':
../src/helloworld.c:46:25: error: invalid suffix "F" on integer constant
  WriteBuffer[1] = (u8) (0F);
                         ^
../src/helloworld.c:34:9: warning: variable 'Status' set but not used [-Wunused-but-set-variable]
     int Status;
         ^
make: *** [src/helloworld.o] Error 1
20:07:23 **** Auto Build of configuration Debug for project imu ****
make pre-build main-build 
a9-linaro-pre-build-step
' '
'Building file: ../src/helloworld.c'
'Invoking: ARM v7 gcc compiler'
arm-none-eabi-gcc -Wall -O0 -g3 -c -fmessage-length=0 -MT"src/helloworld.o" -mcpu=cortex-a9 -mfpu=vfpv3 -mfloat-abi=hard -I../../imu_bsp/ps7_cortexa9_0/include -MMD -MP -MF"src/helloworld.d" -MT"src/helloworld.o" -o "src/helloworld.o" "../src/helloworld.c"
In file included from ../src/helloworld.c:5:0:
../../imu_bsp/ps7_cortexa9_0/include/xbasic_types.h:115:2: warning: #warning The xbasics_type.h file is deprecated and users should use xil_types.h and xil_assert. [-Wcpp]
 #warning  The xbasics_type.h file is deprecated and users should use xil_types.h and xil_assert.
  ^
../../imu_bsp/ps7_cortexa9_0/include/xbasic_types.h:116:2: warning: #warning Please refer the Standalone BSP UG647 for further details [-Wcpp]
 #warning  Please refer the Standalone BSP UG647 for further details
  ^
../src/helloworld.c: In function 'main':
../src/helloworld.c:46:20: error: invalid suffix "xu8" on integer constant
  WriteBuffer[1] = (0xu8) (0F);
                    ^
../src/helloworld.c:46:27: error: invalid suffix "F" on integer constant
  WriteBuffer[1] = (0xu8) (0F);
                           ^
../src/helloworld.c:34:9: warning: variable 'Status' set but not used [-Wunused-but-set-variable]
     int Status;
         ^
make: *** [src/helloworld.o] Error 1
20:07:27 **** Auto Build of configuration Debug for project imu ****
make pre-build main-build 
a9-linaro-pre-build-step
' '
'Building file: ../src/helloworld.c'
'Invoking: ARM v7 gcc compiler'
arm-none-eabi-gcc -Wall -O0 -g3 -c -fmessage-length=0 -MT"src/helloworld.o" -mcpu=cortex-a9 -mfpu=vfpv3 -mfloat-abi=hard -I../../imu_bsp/ps7_cortexa9_0/include -MMD -MP -MF"src/helloworld.d" -MT"src/helloworld.o" -o "src/helloworld.o" "../src/helloworld.c"
In file included from ../src/helloworld.c:5:0:
../../imu_bsp/ps7_cortexa9_0/include/xbasic_types.h:115:2: warning: #warning The xbasics_type.h file is deprecated and users should use xil_types.h and xil_assert. [-Wcpp]
 #warning  The xbasics_type.h file is deprecated and users should use xil_types.h and xil_assert.
  ^
../../imu_bsp/ps7_cortexa9_0/include/xbasic_types.h:116:2: warning: #warning Please refer the Standalone BSP UG647 for further details [-Wcpp]
 #warning  Please refer the Standalone BSP UG647 for further details
  ^
../src/helloworld.c: In function 'main':
../src/helloworld.c:34:9: warning: variable 'Status' set but not used [-Wunused-but-set-variable]
     int Status;
         ^
'Finished building: ../src/helloworld.c'
' '
'Building target: imu.elf'
'Invoking: ARM v7 gcc linker'
arm-none-eabi-gcc -mcpu=cortex-a9 -mfpu=vfpv3 -mfloat-abi=hard -Wl,-build-id=none -specs=Xilinx.spec -Wl,-T -Wl,../src/lscript.ld -L../../imu_bsp/ps7_cortexa9_0/lib -o "imu.elf"  ./src/helloworld.o ./src/platform.o   -Wl,--start-group,-lxil,-lgcc,-lc,--end-group
'Finished building target: imu.elf'
' '
'Invoking: ARM v7 Print Size'
arm-none-eabi-size imu.elf  |tee "imu.elf.size"
   text	   data	    bss	    dec	    hex	filename
  36304	   1184	  22676	  60164	   eb04	imu.elf
'Finished building: imu.elf.size'
' '
20:07:46 **** Incremental Build of configuration Debug for project imu ****
make pre-build main-build 
a9-linaro-pre-build-step
' '
make: Nothing to be done for `main-build'.
20:07:56 **** Auto Build of configuration Debug for project imu ****
make pre-build main-build 
a9-linaro-pre-build-step
' '
'Building file: ../src/helloworld.c'
'Invoking: ARM v7 gcc compiler'
arm-none-eabi-gcc -Wall -O0 -g3 -c -fmessage-length=0 -MT"src/helloworld.o" -mcpu=cortex-a9 -mfpu=vfpv3 -mfloat-abi=hard -I../../imu_bsp/ps7_cortexa9_0/include -MMD -MP -MF"src/helloworld.d" -MT"src/helloworld.o" -o "src/helloworld.o" "../src/helloworld.c"
In file included from ../src/helloworld.c:5:0:
../../imu_bsp/ps7_cortexa9_0/include/xbasic_types.h:115:2: warning: #warning The xbasics_type.h file is deprecated and users should use xil_types.h and xil_assert. [-Wcpp]
 #warning  The xbasics_type.h file is deprecated and users should use xil_types.h and xil_assert.
  ^
../../imu_bsp/ps7_cortexa9_0/include/xbasic_types.h:116:2: warning: #warning Please refer the Standalone BSP UG647 for further details [-Wcpp]
 #warning  Please refer the Standalone BSP UG647 for further details
  ^
../src/helloworld.c: In function 'main':
../src/helloworld.c:34:9: warning: variable 'Status' set but not used [-Wunused-but-set-variable]
     int Status;
         ^
'Finished building: ../src/helloworld.c'
' '
'Building target: imu.elf'
'Invoking: ARM v7 gcc linker'
arm-none-eabi-gcc -mcpu=cortex-a9 -mfpu=vfpv3 -mfloat-abi=hard -Wl,-build-id=none -specs=Xilinx.spec -Wl,-T -Wl,../src/lscript.ld -L../../imu_bsp/ps7_cortexa9_0/lib -o "imu.elf"  ./src/helloworld.o ./src/platform.o   -Wl,--start-group,-lxil,-lgcc,-lc,--end-group
'Finished building target: imu.elf'
' '
'Invoking: ARM v7 Print Size'
arm-none-eabi-size imu.elf  |tee "imu.elf.size"
   text	   data	    bss	    dec	    hex	filename
  36304	   1184	  22676	  60164	   eb04	imu.elf
'Finished building: imu.elf.size'
' '
20:07:59 **** Incremental Build of configuration Debug for project imu ****
make pre-build main-build 
a9-linaro-pre-build-step
' '
make: Nothing to be done for `main-build'.
20:08:27 **** Auto Build of configuration Debug for project imu ****
make pre-build main-build 
a9-linaro-pre-build-step
' '
'Building file: ../src/helloworld.c'
'Invoking: ARM v7 gcc compiler'
arm-none-eabi-gcc -Wall -O0 -g3 -c -fmessage-length=0 -MT"src/helloworld.o" -mcpu=cortex-a9 -mfpu=vfpv3 -mfloat-abi=hard -I../../imu_bsp/ps7_cortexa9_0/include -MMD -MP -MF"src/helloworld.d" -MT"src/helloworld.o" -o "src/helloworld.o" "../src/helloworld.c"
In file included from ../src/helloworld.c:5:0:
../../imu_bsp/ps7_cortexa9_0/include/xbasic_types.h:115:2: warning: #warning The xbasics_type.h file is deprecated and users should use xil_types.h and xil_assert. [-Wcpp]
 #warning  The xbasics_type.h file is deprecated and users should use xil_types.h and xil_assert.
  ^
../../imu_bsp/ps7_cortexa9_0/include/xbasic_types.h:116:2: warning: #warning Please refer the Standalone BSP UG647 for further details [-Wcpp]
 #warning  Please refer the Standalone BSP UG647 for further details
  ^
../src/helloworld.c: In function 'main':
../src/helloworld.c:34:9: warning: variable 'Status' set but not used [-Wunused-but-set-variable]
     int Status;
         ^
'Finished building: ../src/helloworld.c'
' '
'Building target: imu.elf'
'Invoking: ARM v7 gcc linker'
arm-none-eabi-gcc -mcpu=cortex-a9 -mfpu=vfpv3 -mfloat-abi=hard -Wl,-build-id=none -specs=Xilinx.spec -Wl,-T -Wl,../src/lscript.ld -L../../imu_bsp/ps7_cortexa9_0/lib -o "imu.elf"  ./src/helloworld.o ./src/platform.o   -Wl,--start-group,-lxil,-lgcc,-lc,--end-group
'Finished building target: imu.elf'
' '
'Invoking: ARM v7 Print Size'
arm-none-eabi-size imu.elf  |tee "imu.elf.size"
   text	   data	    bss	    dec	    hex	filename
  36316	   1184	  22676	  60176	   eb10	imu.elf
'Finished building: imu.elf.size'
' '
20:08:31 **** Incremental Build of configuration Debug for project imu ****
make pre-build main-build 
a9-linaro-pre-build-step
' '
make: Nothing to be done for `main-build'.
20:09:16 **** Auto Build of configuration Debug for project imu ****
make pre-build main-build 
a9-linaro-pre-build-step
' '
'Building file: ../src/helloworld.c'
'Invoking: ARM v7 gcc compiler'
arm-none-eabi-gcc -Wall -O0 -g3 -c -fmessage-length=0 -MT"src/helloworld.o" -mcpu=cortex-a9 -mfpu=vfpv3 -mfloat-abi=hard -I../../imu_bsp/ps7_cortexa9_0/include -MMD -MP -MF"src/helloworld.d" -MT"src/helloworld.o" -o "src/helloworld.o" "../src/helloworld.c"
In file included from ../src/helloworld.c:5:0:
../../imu_bsp/ps7_cortexa9_0/include/xbasic_types.h:115:2: warning: #warning The xbasics_type.h file is deprecated and users should use xil_types.h and xil_assert. [-Wcpp]
 #warning  The xbasics_type.h file is deprecated and users should use xil_types.h and xil_assert.
  ^
../../imu_bsp/ps7_cortexa9_0/include/xbasic_types.h:116:2: warning: #warning Please refer the Standalone BSP UG647 for further details [-Wcpp]
 #warning  Please refer the Standalone BSP UG647 for further details
  ^
../src/helloworld.c: In function 'main':
../src/helloworld.c:34:9: warning: variable 'Status' set but not used [-Wunused-but-set-variable]
     int Status;
         ^
'Finished building: ../src/helloworld.c'
' '
'Building target: imu.elf'
'Invoking: ARM v7 gcc linker'
arm-none-eabi-gcc -mcpu=cortex-a9 -mfpu=vfpv3 -mfloat-abi=hard -Wl,-build-id=none -specs=Xilinx.spec -Wl,-T -Wl,../src/lscript.ld -L../../imu_bsp/ps7_cortexa9_0/lib -o "imu.elf"  ./src/helloworld.o ./src/platform.o   -Wl,--start-group,-lxil,-lgcc,-lc,--end-group
'Finished building target: imu.elf'
' '
'Invoking: ARM v7 Print Size'
arm-none-eabi-size imu.elf  |tee "imu.elf.size"
   text	   data	    bss	    dec	    hex	filename
  36316	   1184	  22676	  60176	   eb10	imu.elf
'Finished building: imu.elf.size'
' '
20:09:19 **** Incremental Build of configuration Debug for project imu ****
make pre-build main-build 
a9-linaro-pre-build-step
' '
make: Nothing to be done for `main-build'.
20:09:30 **** Incremental Build of configuration Debug for project imu ****
make pre-build main-build 
a9-linaro-pre-build-step
' '
make: Nothing to be done for `main-build'.
20:09:38 **** Auto Build of configuration Debug for project imu ****
make pre-build main-build 
a9-linaro-pre-build-step
' '
'Building file: ../src/helloworld.c'
'Invoking: ARM v7 gcc compiler'
arm-none-eabi-gcc -Wall -O0 -g3 -c -fmessage-length=0 -MT"src/helloworld.o" -mcpu=cortex-a9 -mfpu=vfpv3 -mfloat-abi=hard -I../../imu_bsp/ps7_cortexa9_0/include -MMD -MP -MF"src/helloworld.d" -MT"src/helloworld.o" -o "src/helloworld.o" "../src/helloworld.c"
In file included from ../src/helloworld.c:5:0:
../../imu_bsp/ps7_cortexa9_0/include/xbasic_types.h:115:2: warning: #warning The xbasics_type.h file is deprecated and users should use xil_types.h and xil_assert. [-Wcpp]
 #warning  The xbasics_type.h file is deprecated and users should use xil_types.h and xil_assert.
  ^
../../imu_bsp/ps7_cortexa9_0/include/xbasic_types.h:116:2: warning: #warning Please refer the Standalone BSP UG647 for further details [-Wcpp]
 #warning  Please refer the Standalone BSP UG647 for further details
  ^
../src/helloworld.c: In function 'main':
../src/helloworld.c:34:9: warning: variable 'Status' set but not used [-Wunused-but-set-variable]
     int Status;
         ^
'Finished building: ../src/helloworld.c'
' '
'Building target: imu.elf'
'Invoking: ARM v7 gcc linker'
arm-none-eabi-gcc -mcpu=cortex-a9 -mfpu=vfpv3 -mfloat-abi=hard -Wl,-build-id=none -specs=Xilinx.spec -Wl,-T -Wl,../src/lscript.ld -L../../imu_bsp/ps7_cortexa9_0/lib -o "imu.elf"  ./src/helloworld.o ./src/platform.o   -Wl,--start-group,-lxil,-lgcc,-lc,--end-group
'Finished building target: imu.elf'
' '
'Invoking: ARM v7 Print Size'
arm-none-eabi-size imu.elf  |tee "imu.elf.size"
   text	   data	    bss	    dec	    hex	filename
  36316	   1184	  22676	  60176	   eb10	imu.elf
'Finished building: imu.elf.size'
' '
20:09:41 **** Incremental Build of configuration Debug for project imu ****
make pre-build main-build 
a9-linaro-pre-build-step
' '
make: Nothing to be done for `main-build'.
20:10:10 **** Auto Build of configuration Debug for project imu ****
make pre-build main-build 
a9-linaro-pre-build-step
' '
'Building file: ../src/helloworld.c'
'Invoking: ARM v7 gcc compiler'
arm-none-eabi-gcc -Wall -O0 -g3 -c -fmessage-length=0 -MT"src/helloworld.o" -mcpu=cortex-a9 -mfpu=vfpv3 -mfloat-abi=hard -I../../imu_bsp/ps7_cortexa9_0/include -MMD -MP -MF"src/helloworld.d" -MT"src/helloworld.o" -o "src/helloworld.o" "../src/helloworld.c"
In file included from ../src/helloworld.c:5:0:
../../imu_bsp/ps7_cortexa9_0/include/xbasic_types.h:115:2: warning: #warning The xbasics_type.h file is deprecated and users should use xil_types.h and xil_assert. [-Wcpp]
 #warning  The xbasics_type.h file is deprecated and users should use xil_types.h and xil_assert.
  ^
../../imu_bsp/ps7_cortexa9_0/include/xbasic_types.h:116:2: warning: #warning Please refer the Standalone BSP UG647 for further details [-Wcpp]
 #warning  Please refer the Standalone BSP UG647 for further details
  ^
../src/helloworld.c: In function 'main':
../src/helloworld.c:34:9: warning: variable 'Status' set but not used [-Wunused-but-set-variable]
     int Status;
         ^
'Finished building: ../src/helloworld.c'
' '
'Building target: imu.elf'
'Invoking: ARM v7 gcc linker'
arm-none-eabi-gcc -mcpu=cortex-a9 -mfpu=vfpv3 -mfloat-abi=hard -Wl,-build-id=none -specs=Xilinx.spec -Wl,-T -Wl,../src/lscript.ld -L../../imu_bsp/ps7_cortexa9_0/lib -o "imu.elf"  ./src/helloworld.o ./src/platform.o   -Wl,--start-group,-lxil,-lgcc,-lc,--end-group
'Finished building target: imu.elf'
' '
'Invoking: ARM v7 Print Size'
arm-none-eabi-size imu.elf  |tee "imu.elf.size"
   text	   data	    bss	    dec	    hex	filename
  36308	   1184	  22676	  60168	   eb08	imu.elf
'Finished building: imu.elf.size'
' '
20:10:21 **** Auto Build of configuration Debug for project imu ****
make pre-build main-build 
a9-linaro-pre-build-step
' '
'Building file: ../src/helloworld.c'
'Invoking: ARM v7 gcc compiler'
arm-none-eabi-gcc -Wall -O0 -g3 -c -fmessage-length=0 -MT"src/helloworld.o" -mcpu=cortex-a9 -mfpu=vfpv3 -mfloat-abi=hard -I../../imu_bsp/ps7_cortexa9_0/include -MMD -MP -MF"src/helloworld.d" -MT"src/helloworld.o" -o "src/helloworld.o" "../src/helloworld.c"
In file included from ../src/helloworld.c:5:0:
../../imu_bsp/ps7_cortexa9_0/include/xbasic_types.h:115:2: warning: #warning The xbasics_type.h file is deprecated and users should use xil_types.h and xil_assert. [-Wcpp]
 #warning  The xbasics_type.h file is deprecated and users should use xil_types.h and xil_assert.
  ^
../../imu_bsp/ps7_cortexa9_0/include/xbasic_types.h:116:2: warning: #warning Please refer the Standalone BSP UG647 for further details [-Wcpp]
 #warning  Please refer the Standalone BSP UG647 for further details
  ^
../src/helloworld.c: In function 'main':
../src/helloworld.c:34:9: warning: variable 'Status' set but not used [-Wunused-but-set-variable]
     int Status;
         ^
'Finished building: ../src/helloworld.c'
' '
'Building target: imu.elf'
'Invoking: ARM v7 gcc linker'
arm-none-eabi-gcc -mcpu=cortex-a9 -mfpu=vfpv3 -mfloat-abi=hard -Wl,-build-id=none -specs=Xilinx.spec -Wl,-T -Wl,../src/lscript.ld -L../../imu_bsp/ps7_cortexa9_0/lib -o "imu.elf"  ./src/helloworld.o ./src/platform.o   -Wl,--start-group,-lxil,-lgcc,-lc,--end-group
'Finished building target: imu.elf'
' '
'Invoking: ARM v7 Print Size'
arm-none-eabi-size imu.elf  |tee "imu.elf.size"
   text	   data	    bss	    dec	    hex	filename
  36308	   1184	  22676	  60168	   eb08	imu.elf
'Finished building: imu.elf.size'
' '
20:10:30 **** Incremental Build of configuration Debug for project imu ****
make pre-build main-build 
a9-linaro-pre-build-step
' '
make: Nothing to be done for `main-build'.
