12:34:53 INFO  : Launching XSDB server: xsdb.bat -interactive C:\Users\georges\Documents\GitHub\MQP\final_implemention\final_implemention.sdk\temp_xsdb_launch_script.tcl
12:34:54 INFO  : XSDB server has started successfully.
12:34:54 INFO  : Processing command line option -hwspec C:/Users/georges/Documents/GitHub/MQP/final_implemention/final_implemention.sdk/design_1_wrapper.hdf.
12:38:02 INFO  : Connected to target on host '127.0.0.1' and port '3121'.
12:38:03 INFO  : 'targets -set -filter {jtag_cable_name =~ "Digilent Zed 210248447864" && level==0} -index 1' command is executed.
12:38:09 INFO  : FPGA configured successfully with bitstream "C:/Users/georges/Documents/GitHub/MQP/final_implemention/final_implemention.sdk/design_1_wrapper_hw_platform_0/design_1_wrapper.bit"
12:39:07 INFO  : Connected to target on host '127.0.0.1' and port '3121'.
12:39:09 INFO  : 'targets -set -filter {jtag_cable_name =~ "Digilent Zed 210248447864" && level==0} -index 1' command is executed.
12:39:14 INFO  : FPGA configured successfully with bitstream "C:/Users/georges/Documents/GitHub/MQP/final_implemention/final_implemention.sdk/design_1_wrapper_hw_platform_0/design_1_wrapper.bit"
12:39:34 INFO  : ps7_init is completed.
12:39:34 INFO  : ps7_post_config is completed.
12:39:35 INFO  : Processor reset is completed for ps7_cortexa9_0
12:39:56 INFO  : ps7_cortexa9_0 Processor is in use. Please stop existing Run or Debug sessions before launching.
12:39:58 INFO  : Processor reset is completed for ps7_cortexa9_0
12:41:56 INFO  : ps7_cortexa9_0 Processor is in use. Please stop existing Run or Debug sessions before launching.
12:41:59 INFO  : Processor reset is completed for ps7_cortexa9_0
12:43:13 ERROR : Unexpected error while parsing XMD response ?: com.google.gson.JsonSyntaxException: com.google.gson.stream.MalformedJsonException: invalid number or unquoted string near 
18:15:43 INFO  : Launching XSDB server: xsdb.bat -interactive C:\Users\georges\Documents\GitHub\MQP\final_implemention\final_implemention.sdk\temp_xsdb_launch_script.tcl
18:15:45 INFO  : XSDB server has started successfully.
18:15:46 INFO  : Processing command line option -hwspec C:/Users/georges/Documents/GitHub/MQP/final_implemention/final_implemention.sdk/design_1_wrapper.hdf.
18:15:47 INFO  : Checking for hwspec changes in the project design_1_wrapper_hw_platform_0.
18:15:53 INFO  : Connected to target on host '127.0.0.1' and port '3121'.
18:15:57 INFO  : 'targets -set -filter {jtag_cable_name =~ "Digilent Zed 210248447864" && level==0} -index 1' command is executed.
18:16:04 INFO  : FPGA configured successfully with bitstream "C:/Users/georges/Documents/GitHub/MQP/final_implemention/final_implemention.sdk/design_1_wrapper_hw_platform_0/design_1_wrapper.bit"
18:16:40 INFO  : ps7_init is completed.
18:16:40 INFO  : ps7_post_config is completed.
18:16:41 INFO  : Processor reset is completed for ps7_cortexa9_0
18:19:42 ERROR : Unexpected error while parsing XMD response ?: com.google.gson.JsonSyntaxException: com.google.gson.stream.MalformedJsonException: invalid number or unquoted string near 
15:56:22 INFO  : Launching XSDB server: xsdb.bat -interactive C:\Users\georges\Documents\GitHub\MQP\final_implemention\final_implemention.sdk\temp_xsdb_launch_script.tcl
15:56:24 INFO  : XSDB server has started successfully.
15:56:25 INFO  : Processing command line option -hwspec C:/Users/georges/Documents/GitHub/MQP/final_implemention/final_implemention.sdk/design_1_wrapper.hdf.
15:56:25 INFO  : Checking for hwspec changes in the project design_1_wrapper_hw_platform_0.
15:56:35 INFO  : Connected to target on host '127.0.0.1' and port '3121'.
15:56:40 INFO  : 'targets -set -filter {jtag_cable_name =~ "Digilent Zed 210248447864" && level==0} -index 1' command is executed.
15:56:46 INFO  : FPGA configured successfully with bitstream "C:/Users/georges/Documents/GitHub/MQP/final_implemention/final_implemention.sdk/design_1_wrapper_hw_platform_0/design_1_wrapper.bit"
