14:24:22 **** Auto Build of project uart_module_bsp ****
make -k all 
"Running Make include in ps7_cortexa9_0/libsrc/coresightps_dcc_v1_2/src"
make -C ps7_cortexa9_0/libsrc/coresightps_dcc_v1_2/src -s include  "SHELL=CMD" "COMPILER=arm-none-eabi-gcc" "ARCHIVER=arm-none-eabi-ar" "COMPILER_FLAGS=  -O2 -c" "EXTRA_COMPILER_FLAGS=-mcpu=cortex-a9 -mfpu=vfpv3 -mfloat-abi=hard -nostartfiles"
"Running Make include in ps7_cortexa9_0/libsrc/cpu_cortexa9_v2_2/src"
make -C ps7_cortexa9_0/libsrc/cpu_cortexa9_v2_2/src -s include  "SHELL=CMD" "COMPILER=arm-none-eabi-gcc" "ARCHIVER=arm-none-eabi-ar" "COMPILER_FLAGS=  -O2 -c" "EXTRA_COMPILER_FLAGS=-mcpu=cortex-a9 -mfpu=vfpv3 -mfloat-abi=hard -nostartfiles"
"Running Make include in ps7_cortexa9_0/libsrc/ddrps_v1_0/src"
make -C ps7_cortexa9_0/libsrc/ddrps_v1_0/src -s include  "SHELL=CMD" "COMPILER=arm-none-eabi-gcc" "ARCHIVER=arm-none-eabi-ar" "COMPILER_FLAGS=  -O2 -c" "EXTRA_COMPILER_FLAGS=-mcpu=cortex-a9 -mfpu=vfpv3 -mfloat-abi=hard -nostartfiles"
"Running Make include in ps7_cortexa9_0/libsrc/devcfg_v3_4/src"
make -C ps7_cortexa9_0/libsrc/devcfg_v3_4/src -s include  "SHELL=CMD" "COMPILER=arm-none-eabi-gcc" "ARCHIVER=arm-none-eabi-ar" "COMPILER_FLAGS=  -O2 -c" "EXTRA_COMPILER_FLAGS=-mcpu=cortex-a9 -mfpu=vfpv3 -mfloat-abi=hard -nostartfiles"
"Running Make include in ps7_cortexa9_0/libsrc/dmaps_v2_1/src"
make -C ps7_cortexa9_0/libsrc/dmaps_v2_1/src -s include  "SHELL=CMD" "COMPILER=arm-none-eabi-gcc" "ARCHIVER=arm-none-eabi-ar" "COMPILER_FLAGS=  -O2 -c" "EXTRA_COMPILER_FLAGS=-mcpu=cortex-a9 -mfpu=vfpv3 -mfloat-abi=hard -nostartfiles"
"Running Make include in ps7_cortexa9_0/libsrc/emacps_v3_2/src"
make -C ps7_cortexa9_0/libsrc/emacps_v3_2/src -s include  "SHELL=CMD" "COMPILER=arm-none-eabi-gcc" "ARCHIVER=arm-none-eabi-ar" "COMPILER_FLAGS=  -O2 -c" "EXTRA_COMPILER_FLAGS=-mcpu=cortex-a9 -mfpu=vfpv3 -mfloat-abi=hard -nostartfiles"
"Running Make include in ps7_cortexa9_0/libsrc/gpiops_v3_1/src"
make -C ps7_cortexa9_0/libsrc/gpiops_v3_1/src -s include  "SHELL=CMD" "COMPILER=arm-none-eabi-gcc" "ARCHIVER=arm-none-eabi-ar" "COMPILER_FLAGS=  -O2 -c" "EXTRA_COMPILER_FLAGS=-mcpu=cortex-a9 -mfpu=vfpv3 -mfloat-abi=hard -nostartfiles"
"Running Make include in ps7_cortexa9_0/libsrc/iicps_v3_2/src"
make -C ps7_cortexa9_0/libsrc/iicps_v3_2/src -s include  "SHELL=CMD" "COMPILER=arm-none-eabi-gcc" "ARCHIVER=arm-none-eabi-ar" "COMPILER_FLAGS=  -O2 -c" "EXTRA_COMPILER_FLAGS=-mcpu=cortex-a9 -mfpu=vfpv3 -mfloat-abi=hard -nostartfiles"
"Running Make include in ps7_cortexa9_0/libsrc/qspips_v3_3/src"
make -C ps7_cortexa9_0/libsrc/qspips_v3_3/src -s include  "SHELL=CMD" "COMPILER=arm-none-eabi-gcc" "ARCHIVER=arm-none-eabi-ar" "COMPILER_FLAGS=  -O2 -c" "EXTRA_COMPILER_FLAGS=-mcpu=cortex-a9 -mfpu=vfpv3 -mfloat-abi=hard -nostartfiles"
"Running Make include in ps7_cortexa9_0/libsrc/scugic_v3_3/src"
make -C ps7_cortexa9_0/libsrc/scugic_v3_3/src -s include  "SHELL=CMD" "COMPILER=arm-none-eabi-gcc" "ARCHIVER=arm-none-eabi-ar" "COMPILER_FLAGS=  -O2 -c" "EXTRA_COMPILER_FLAGS=-mcpu=cortex-a9 -mfpu=vfpv3 -mfloat-abi=hard -nostartfiles"
"Running Make include in ps7_cortexa9_0/libsrc/scutimer_v2_1/src"
make -C ps7_cortexa9_0/libsrc/scutimer_v2_1/src -s include  "SHELL=CMD" "COMPILER=arm-none-eabi-gcc" "ARCHIVER=arm-none-eabi-ar" "COMPILER_FLAGS=  -O2 -c" "EXTRA_COMPILER_FLAGS=-mcpu=cortex-a9 -mfpu=vfpv3 -mfloat-abi=hard -nostartfiles"
"Running Make include in ps7_cortexa9_0/libsrc/scuwdt_v2_1/src"
make -C ps7_cortexa9_0/libsrc/scuwdt_v2_1/src -s include  "SHELL=CMD" "COMPILER=arm-none-eabi-gcc" "ARCHIVER=arm-none-eabi-ar" "COMPILER_FLAGS=  -O2 -c" "EXTRA_COMPILER_FLAGS=-mcpu=cortex-a9 -mfpu=vfpv3 -mfloat-abi=hard -nostartfiles"
"Running Make include in ps7_cortexa9_0/libsrc/sdps_v2_8/src"
make -C ps7_cortexa9_0/libsrc/sdps_v2_8/src -s include  "SHELL=CMD" "COMPILER=arm-none-eabi-gcc" "ARCHIVER=arm-none-eabi-ar" "COMPILER_FLAGS=  -O2 -c" "EXTRA_COMPILER_FLAGS=-mcpu=cortex-a9 -mfpu=vfpv3 -mfloat-abi=hard -nostartfiles"
"Running Make include in ps7_cortexa9_0/libsrc/standalone_v5_5/src"
make -C ps7_cortexa9_0/libsrc/standalone_v5_5/src -s include  "SHELL=CMD" "COMPILER=arm-none-eabi-gcc" "ARCHIVER=arm-none-eabi-ar" "COMPILER_FLAGS=  -O2 -c" "EXTRA_COMPILER_FLAGS=-mcpu=cortex-a9 -mfpu=vfpv3 -mfloat-abi=hard -nostartfiles"
"Running Make include in ps7_cortexa9_0/libsrc/ttcps_v3_1/src"
make -C ps7_cortexa9_0/libsrc/ttcps_v3_1/src -s include  "SHELL=CMD" "COMPILER=arm-none-eabi-gcc" "ARCHIVER=arm-none-eabi-ar" "COMPILER_FLAGS=  -O2 -c" "EXTRA_COMPILER_FLAGS=-mcpu=cortex-a9 -mfpu=vfpv3 -mfloat-abi=hard -nostartfiles"
"Running Make include in ps7_cortexa9_0/libsrc/uartps_v3_1/src"
make -C ps7_cortexa9_0/libsrc/uartps_v3_1/src -s include  "SHELL=CMD" "COMPILER=arm-none-eabi-gcc" "ARCHIVER=arm-none-eabi-ar" "COMPILER_FLAGS=  -O2 -c" "EXTRA_COMPILER_FLAGS=-mcpu=cortex-a9 -mfpu=vfpv3 -mfloat-abi=hard -nostartfiles"
"Running Make include in ps7_cortexa9_0/libsrc/usbps_v2_4/src"
make -C ps7_cortexa9_0/libsrc/usbps_v2_4/src -s include  "SHELL=CMD" "COMPILER=arm-none-eabi-gcc" "ARCHIVER=arm-none-eabi-ar" "COMPILER_FLAGS=  -O2 -c" "EXTRA_COMPILER_FLAGS=-mcpu=cortex-a9 -mfpu=vfpv3 -mfloat-abi=hard -nostartfiles"
"Running Make include in ps7_cortexa9_0/libsrc/xadcps_v2_2/src"
make -C ps7_cortexa9_0/libsrc/xadcps_v2_2/src -s include  "SHELL=CMD" "COMPILER=arm-none-eabi-gcc" "ARCHIVER=arm-none-eabi-ar" "COMPILER_FLAGS=  -O2 -c" "EXTRA_COMPILER_FLAGS=-mcpu=cortex-a9 -mfpu=vfpv3 -mfloat-abi=hard -nostartfiles"
"Running Make libs in ps7_cortexa9_0/libsrc/coresightps_dcc_v1_2/src"
make -C ps7_cortexa9_0/libsrc/coresightps_dcc_v1_2/src -s libs  "SHELL=CMD" "COMPILER=arm-none-eabi-gcc" "ARCHIVER=arm-none-eabi-ar" "COMPILER_FLAGS=  -O2 -c" "EXTRA_COMPILER_FLAGS=-mcpu=cortex-a9 -mfpu=vfpv3 -mfloat-abi=hard -nostartfiles"
"Compiling coresightps_dcc"
arm-none-eabi-ar: creating ../../../lib/libxil.a
"Running Make libs in ps7_cortexa9_0/libsrc/cpu_cortexa9_v2_2/src"
make -C ps7_cortexa9_0/libsrc/cpu_cortexa9_v2_2/src -s libs  "SHELL=CMD" "COMPILER=arm-none-eabi-gcc" "ARCHIVER=arm-none-eabi-ar" "COMPILER_FLAGS=  -O2 -c" "EXTRA_COMPILER_FLAGS=-mcpu=cortex-a9 -mfpu=vfpv3 -mfloat-abi=hard -nostartfiles"
"Compiling cpu_cortexa9"
"Running Make libs in ps7_cortexa9_0/libsrc/ddrps_v1_0/src"
make -C ps7_cortexa9_0/libsrc/ddrps_v1_0/src -s libs  "SHELL=CMD" "COMPILER=arm-none-eabi-gcc" "ARCHIVER=arm-none-eabi-ar" "COMPILER_FLAGS=  -O2 -c" "EXTRA_COMPILER_FLAGS=-mcpu=cortex-a9 -mfpu=vfpv3 -mfloat-abi=hard -nostartfiles"
"Compiling ddrps"
"Running Make libs in ps7_cortexa9_0/libsrc/devcfg_v3_4/src"
make -C ps7_cortexa9_0/libsrc/devcfg_v3_4/src -s libs  "SHELL=CMD" "COMPILER=arm-none-eabi-gcc" "ARCHIVER=arm-none-eabi-ar" "COMPILER_FLAGS=  -O2 -c" "EXTRA_COMPILER_FLAGS=-mcpu=cortex-a9 -mfpu=vfpv3 -mfloat-abi=hard -nostartfiles"
"Compiling devcfg"
xdevcfg_g.c:74:3: error: 'XPAR_XDCFG_0_DEVICE_ID' undeclared here (not in a function)
   XPAR_XDCFG_0_DEVICE_ID,
   ^
xdevcfg_g.c:75:3: error: 'XPAR_XDCFG_0_BASEADDR' undeclared here (not in a function)
   XPAR_XDCFG_0_BASEADDR,
   ^
make[1]: *** [xdevcfg_g.o] Error 1
xdevcfg_sinit.c: In function 'XDcfg_LookupConfig':
xdevcfg_sinit.c:84:26: error: 'XPAR_XDCFG_NUM_INSTANCES' undeclared (first use in this function)
  for (Index = 0; Index < XPAR_XDCFG_NUM_INSTANCES; Index++) {
                          ^
xdevcfg_sinit.c:84:26: note: each undeclared identifier is reported only once for each function it appears in
make[1]: *** [xdevcfg_sinit.o] Error 1
make[1]: Target `libs' not remade because of errors.
make: *** [ps7_cortexa9_0/libsrc/devcfg_v3_4/src/make.libs] Error 2
"Running Make libs in ps7_cortexa9_0/libsrc/dmaps_v2_1/src"
make -C ps7_cortexa9_0/libsrc/dmaps_v2_1/src -s libs  "SHELL=CMD" "COMPILER=arm-none-eabi-gcc" "ARCHIVER=arm-none-eabi-ar" "COMPILER_FLAGS=  -O2 -c" "EXTRA_COMPILER_FLAGS=-mcpu=cortex-a9 -mfpu=vfpv3 -mfloat-abi=hard -nostartfiles"
"Compiling dmaps"
xdmaps_g.c:76:3: error: 'XPAR_XDMAPS_0_DEVICE_ID' undeclared here (not in a function)
   XPAR_XDMAPS_0_DEVICE_ID,
   ^
xdmaps_g.c:77:3: error: 'XPAR_XDMAPS_0_BASEADDR' undeclared here (not in a function)
   XPAR_XDMAPS_0_BASEADDR,
   ^
make[1]: *** [xdmaps_g.o] Error 1
xdmaps_sinit.c: In function 'XDmaPs_LookupConfig':
xdmaps_sinit.c:95:18: error: 'XPAR_XDMAPS_NUM_INSTANCES' undeclared (first use in this function)
  for (i = 0; i < XPAR_XDMAPS_NUM_INSTANCES; i++) {
                  ^
xdmaps_sinit.c:95:18: note: each undeclared identifier is reported only once for each function it appears in
make[1]: *** [xdmaps_sinit.o] Error 1
make[1]: Target `libs' not remade because of errors.
make: *** [ps7_cortexa9_0/libsrc/dmaps_v2_1/src/make.libs] Error 2
"Running Make libs in ps7_cortexa9_0/libsrc/emacps_v3_2/src"
make -C ps7_cortexa9_0/libsrc/emacps_v3_2/src -s libs  "SHELL=CMD" "COMPILER=arm-none-eabi-gcc" "ARCHIVER=arm-none-eabi-ar" "COMPILER_FLAGS=  -O2 -c" "EXTRA_COMPILER_FLAGS=-mcpu=cortex-a9 -mfpu=vfpv3 -mfloat-abi=hard -nostartfiles"
"Compiling emacps"
xemacps_g.c:81:36: error: 'XPAR_XEMACPS_NUM_INSTANCES' undeclared here (not in a function)
 XEmacPs_Config XEmacPs_ConfigTable[XPAR_XEMACPS_NUM_INSTANCES] = {
                                    ^
xemacps_g.c:83:8: error: 'XPAR_XEMACPS_0_DEVICE_ID' undeclared here (not in a function)
   (u16)XPAR_XEMACPS_0_DEVICE_ID,  /* Device ID */
        ^
xemacps_g.c:84:12: error: 'XPAR_XEMACPS_0_BASEADDR' undeclared here (not in a function)
   (UINTPTR)XPAR_XEMACPS_0_BASEADDR    /* Device base address */
            ^
make[1]: *** [xemacps_g.o] Error 1
xemacps_sinit.c:64:43: error: 'XPAR_XEMACPS_NUM_INSTANCES' undeclared here (not in a function)
 extern XEmacPs_Config XEmacPs_ConfigTable[XPAR_XEMACPS_NUM_INSTANCES];
                                           ^
make[1]: *** [xemacps_sinit.o] Error 1
make[1]: Target `libs' not remade because of errors.
make: *** [ps7_cortexa9_0/libsrc/emacps_v3_2/src/make.libs] Error 2
"Running Make libs in ps7_cortexa9_0/libsrc/gpiops_v3_1/src"
make -C ps7_cortexa9_0/libsrc/gpiops_v3_1/src -s libs  "SHELL=CMD" "COMPILER=arm-none-eabi-gcc" "ARCHIVER=arm-none-eabi-ar" "COMPILER_FLAGS=  -O2 -c" "EXTRA_COMPILER_FLAGS=-mcpu=cortex-a9 -mfpu=vfpv3 -mfloat-abi=hard -nostartfiles"
"Compiling gpiops"
xgpiops_g.c:72:36: error: 'XPAR_XGPIOPS_NUM_INSTANCES' undeclared here (not in a function)
 XGpioPs_Config XGpioPs_ConfigTable[XPAR_XGPIOPS_NUM_INSTANCES] = {
                                    ^
xgpiops_g.c:74:8: error: 'XPAR_XGPIOPS_0_DEVICE_ID' undeclared here (not in a function)
   (u16)XPAR_XGPIOPS_0_DEVICE_ID, /* Unique ID of device */
        ^
xgpiops_g.c:75:8: error: 'XPAR_XGPIOPS_0_BASEADDR' undeclared here (not in a function)
   (u32)XPAR_XGPIOPS_0_BASEADDR  /* Base address of device */
        ^
make[1]: *** [xgpiops_g.o] Error 1
xgpiops_sinit.c:70:43: error: 'XPAR_XGPIOPS_NUM_INSTANCES' undeclared here (not in a function)
 extern XGpioPs_Config XGpioPs_ConfigTable[XPAR_XGPIOPS_NUM_INSTANCES];
                                           ^
make[1]: *** [xgpiops_sinit.o] Error 1
make[1]: Target `libs' not remade because of errors.
make: *** [ps7_cortexa9_0/libsrc/gpiops_v3_1/src/make.libs] Error 2
"Running Make libs in ps7_cortexa9_0/libsrc/iicps_v3_2/src"
make -C ps7_cortexa9_0/libsrc/iicps_v3_2/src -s libs  "SHELL=CMD" "COMPILER=arm-none-eabi-gcc" "ARCHIVER=arm-none-eabi-ar" "COMPILER_FLAGS=  -O2 -c" "EXTRA_COMPILER_FLAGS=-mcpu=cortex-a9 -mfpu=vfpv3 -mfloat-abi=hard -nostartfiles"
"Compiling iicps"
xiicps_g.c:77:34: error: 'XPAR_XIICPS_NUM_INSTANCES' undeclared here (not in a function)
 XIicPs_Config XIicPs_ConfigTable[XPAR_XIICPS_NUM_INSTANCES] = {
                                  ^
xiicps_g.c:79:9: error: 'XPAR_XIICPS_0_DEVICE_ID' undeclared here (not in a function)
    (u16)XPAR_XIICPS_0_DEVICE_ID, /* Device ID for instance */
         ^
xiicps_g.c:80:9: error: 'XPAR_XIICPS_0_BASEADDR' undeclared here (not in a function)
    (u32)XPAR_XIICPS_0_BASEADDR,  /* Device base address */
         ^
xiicps_g.c:81:9: error: 'XPAR_XIICPS_0_I2C_CLK_FREQ_HZ' undeclared here (not in a function)
    (u32)XPAR_XIICPS_0_I2C_CLK_FREQ_HZ  /* Device input clock frequency */
         ^
make[1]: *** [xiicps_g.o] Error 1
xiicps_sinit.c:70:41: error: 'XPAR_XIICPS_NUM_INSTANCES' undeclared here (not in a function)
 extern XIicPs_Config XIicPs_ConfigTable[XPAR_XIICPS_NUM_INSTANCES];
                                         ^
make[1]: *** [xiicps_sinit.o] Error 1
make[1]: Target `libs' not remade because of errors.
make: *** [ps7_cortexa9_0/libsrc/iicps_v3_2/src/make.libs] Error 2
"Running Make libs in ps7_cortexa9_0/libsrc/qspips_v3_3/src"
make -C ps7_cortexa9_0/libsrc/qspips_v3_3/src -s libs  "SHELL=CMD" "COMPILER=arm-none-eabi-gcc" "ARCHIVER=arm-none-eabi-ar" "COMPILER_FLAGS=  -O2 -c" "EXTRA_COMPILER_FLAGS=-mcpu=cortex-a9 -mfpu=vfpv3 -mfloat-abi=hard -nostartfiles"
"Compiling qspips"
xqspips_g.c:75:36: error: 'XPAR_XQSPIPS_NUM_INSTANCES' undeclared here (not in a function)
 XQspiPs_Config XQspiPs_ConfigTable[XPAR_XQSPIPS_NUM_INSTANCES] = {
                                    ^
xqspips_g.c:77:3: error: 'XPAR_XQSPIPS_0_DEVICE_ID' undeclared here (not in a function)
   XPAR_XQSPIPS_0_DEVICE_ID, /* Device ID for instance */
   ^
xqspips_g.c:78:3: error: 'XPAR_XQSPIPS_0_BASEADDR' undeclared here (not in a function)
   XPAR_XQSPIPS_0_BASEADDR,  /* Device base address */
   ^
xqspips_g.c:79:3: error: 'XPAR_XQSPIPS_0_QSPI_CLK_FREQ_HZ' undeclared here (not in a function)
   XPAR_XQSPIPS_0_QSPI_CLK_FREQ_HZ,
   ^
xqspips_g.c:80:3: error: 'XPAR_XQSPIPS_0_QSPI_MODE' undeclared here (not in a function)
   XPAR_XQSPIPS_0_QSPI_MODE
   ^
make[1]: *** [xqspips_g.o] Error 1
xqspips_hw.c: In function 'XQspiPs_LinearInit':
xqspips_hw.c:195:5: error: 'XPAR_XQSPIPS_0_QSPI_MODE' undeclared (first use in this function)
  if(XPAR_XQSPIPS_0_QSPI_MODE == XQSPIPS_CONNECTION_MODE_SINGLE){
     ^
xqspips_hw.c:195:5: note: each undeclared identifier is reported only once for each function it appears in
make[1]: *** [xqspips_hw.o] Error 1
xqspips_sinit.c: In function 'XQspiPs_LookupConfig':
xqspips_sinit.c:92:26: error: 'XPAR_XQSPIPS_NUM_INSTANCES' undeclared (first use in this function)
  for (Index = 0; Index < XPAR_XQSPIPS_NUM_INSTANCES; Index++) {
                          ^
xqspips_sinit.c:92:26: note: each undeclared identifier is reported only once for each function it appears in
make[1]: *** [xqspips_sinit.o] Error 1
make[1]: Target `libs' not remade because of errors.
make: *** [ps7_cortexa9_0/libsrc/qspips_v3_3/src/make.libs] Error 2
"Running Make libs in ps7_cortexa9_0/libsrc/scugic_v3_3/src"
make -C ps7_cortexa9_0/libsrc/scugic_v3_3/src -s libs  "SHELL=CMD" "COMPILER=arm-none-eabi-gcc" "ARCHIVER=arm-none-eabi-ar" "COMPILER_FLAGS=  -O2 -c" "EXTRA_COMPILER_FLAGS=-mcpu=cortex-a9 -mfpu=vfpv3 -mfloat-abi=hard -nostartfiles"
"Compiling scugic"
xscugic_g.c:88:36: error: 'XPAR_XSCUGIC_NUM_INSTANCES' undeclared here (not in a function)
 XScuGic_Config XScuGic_ConfigTable[XPAR_XSCUGIC_NUM_INSTANCES] =
                                    ^
xscugic_g.c:91:14: error: 'XPAR_SCUGIC_0_DEVICE_ID' undeclared here (not in a function)
         (u16)XPAR_SCUGIC_0_DEVICE_ID, /* Unique ID  of device */
              ^
xscugic_g.c:92:14: error: 'XPAR_SCUGIC_0_CPU_BASEADDR' undeclared here (not in a function)
         (u32)XPAR_SCUGIC_0_CPU_BASEADDR, /* CPU Interface base address */
              ^
xscugic_g.c:93:14: error: 'XPAR_SCUGIC_0_DIST_BASEADDR' undeclared here (not in a function)
         (u32)XPAR_SCUGIC_0_DIST_BASEADDR /* Distributor base address */
              ^
make[1]: *** [xscugic_g.o] Error 1
xscugic_hw.c:92:43: error: 'XPAR_XSCUGIC_NUM_INSTANCES' undeclared here (not in a function)
 extern XScuGic_Config XScuGic_ConfigTable[XPAR_XSCUGIC_NUM_INSTANCES];
                                           ^
make[1]: *** [xscugic_hw.o] Error 1
make[1]: Target `libs' not remade because of errors.
make: *** [ps7_cortexa9_0/libsrc/scugic_v3_3/src/make.libs] Error 2
"Running Make libs in ps7_cortexa9_0/libsrc/scutimer_v2_1/src"
make -C ps7_cortexa9_0/libsrc/scutimer_v2_1/src -s libs  "SHELL=CMD" "COMPILER=arm-none-eabi-gcc" "ARCHIVER=arm-none-eabi-ar" "COMPILER_FLAGS=  -O2 -c" "EXTRA_COMPILER_FLAGS=-mcpu=cortex-a9 -mfpu=vfpv3 -mfloat-abi=hard -nostartfiles"
"Compiling scutimer"
xscutimer_g.c:72:40: error: 'XPAR_XSCUTIMER_NUM_INSTANCES' undeclared here (not in a function)
 XScuTimer_Config XScuTimer_ConfigTable[XPAR_XSCUTIMER_NUM_INSTANCES] = {
                                        ^
xscutimer_g.c:74:8: error: 'XPAR_XSCUTIMER_0_DEVICE_ID' undeclared here (not in a function)
   (u16)XPAR_XSCUTIMER_0_DEVICE_ID,
        ^
xscutimer_g.c:75:8: error: 'XPAR_XSCUTIMER_0_BASEADDR' undeclared here (not in a function)
   (u32)XPAR_XSCUTIMER_0_BASEADDR
        ^
make[1]: *** [xscutimer_g.o] Error 1
xscutimer_sinit.c:65:47: error: 'XPAR_XSCUTIMER_NUM_INSTANCES' undeclared here (not in a function)
 extern XScuTimer_Config XScuTimer_ConfigTable[XPAR_XSCUTIMER_NUM_INSTANCES];
                                               ^
make[1]: *** [xscutimer_sinit.o] Error 1
make[1]: Target `libs' not remade because of errors.
make: *** [ps7_cortexa9_0/libsrc/scutimer_v2_1/src/make.libs] Error 2
"Running Make libs in ps7_cortexa9_0/libsrc/scuwdt_v2_1/src"
make -C ps7_cortexa9_0/libsrc/scuwdt_v2_1/src -s libs  "SHELL=CMD" "COMPILER=arm-none-eabi-gcc" "ARCHIVER=arm-none-eabi-ar" "COMPILER_FLAGS=  -O2 -c" "EXTRA_COMPILER_FLAGS=-mcpu=cortex-a9 -mfpu=vfpv3 -mfloat-abi=hard -nostartfiles"
"Compiling scuwdt"
xscuwdt_g.c:73:36: error: 'XPAR_XSCUWDT_NUM_INSTANCES' undeclared here (not in a function)
 XScuWdt_Config XScuWdt_ConfigTable[XPAR_XSCUWDT_NUM_INSTANCES] = {
                                    ^
xscuwdt_g.c:75:8: error: 'XPAR_SCUWDT_0_DEVICE_ID' undeclared here (not in a function)
   (u16)XPAR_SCUWDT_0_DEVICE_ID,
        ^
xscuwdt_g.c:76:8: error: 'XPAR_SCUWDT_0_BASEADDR' undeclared here (not in a function)
   (u32)XPAR_SCUWDT_0_BASEADDR
        ^
make[1]: *** [xscuwdt_g.o] Error 1
xscuwdt_sinit.c:67:43: error: 'XPAR_XSCUWDT_NUM_INSTANCES' undeclared here (not in a function)
 extern XScuWdt_Config XScuWdt_ConfigTable[XPAR_XSCUWDT_NUM_INSTANCES];
                                           ^
make[1]: *** [xscuwdt_sinit.o] Error 1
make[1]: Target `libs' not remade because of errors.
make: *** [ps7_cortexa9_0/libsrc/scuwdt_v2_1/src/make.libs] Error 2
"Running Make libs in ps7_cortexa9_0/libsrc/sdps_v2_8/src"
make -C ps7_cortexa9_0/libsrc/sdps_v2_8/src -s libs  "SHELL=CMD" "COMPILER=arm-none-eabi-gcc" "ARCHIVER=arm-none-eabi-ar" "COMPILER_FLAGS=  -O2 -c" "EXTRA_COMPILER_FLAGS=-mcpu=cortex-a9 -mfpu=vfpv3 -mfloat-abi=hard -nostartfiles"
"Compiling sdps"
xsdps_g.c:65:3: error: 'XPAR_XSDPS_0_DEVICE_ID' undeclared here (not in a function)
   XPAR_XSDPS_0_DEVICE_ID,
   ^
xsdps_g.c:66:3: error: 'XPAR_XSDPS_0_BASEADDR' undeclared here (not in a function)
   XPAR_XSDPS_0_BASEADDR,
   ^
xsdps_g.c:67:3: error: 'XPAR_XSDPS_0_SDIO_CLK_FREQ_HZ' undeclared here (not in a function)
   XPAR_XSDPS_0_SDIO_CLK_FREQ_HZ
   ^
make[1]: *** [xsdps_g.o] Error 1
xsdps_options.c: In function 'XSdPs_SetTapDelay':
xsdps_options.c:1130:38: error: 'XPAR_XSDPS_0_DEVICE_ID' undeclared (first use in this function)
  if (InstancePtr->Config.DeviceId == XPAR_XSDPS_0_DEVICE_ID) {
                                      ^
xsdps_options.c:1130:38: note: each undeclared identifier is reported only once for each function it appears in
make[1]: *** [xsdps_options.o] Error 1
xsdps_sinit.c: In function 'XSdPs_LookupConfig':
xsdps_sinit.c:91:32: error: 'XPAR_XSDPS_NUM_INSTANCES' undeclared (first use in this function)
  for (Index = 0U; Index < (u32)XPAR_XSDPS_NUM_INSTANCES; Index++) {
                                ^
xsdps_sinit.c:91:32: note: each undeclared identifier is reported only once for each function it appears in
make[1]: *** [xsdps_sinit.o] Error 1
make[1]: Target `libs' not remade because of errors.
make: *** [ps7_cortexa9_0/libsrc/sdps_v2_8/src/make.libs] Error 2
"Running Make libs in ps7_cortexa9_0/libsrc/standalone_v5_5/src"
make -C ps7_cortexa9_0/libsrc/standalone_v5_5/src -s libs  "SHELL=CMD" "COMPILER=arm-none-eabi-gcc" "ARCHIVER=arm-none-eabi-ar" "COMPILER_FLAGS=  -O2 -c" "EXTRA_COMPILER_FLAGS=-mcpu=cortex-a9 -mfpu=vfpv3 -mfloat-abi=hard -nostartfiles"
"Compiling standalone"
"Running Make libs in ps7_cortexa9_0/libsrc/ttcps_v3_1/src"
make -C ps7_cortexa9_0/libsrc/ttcps_v3_1/src -s libs  "SHELL=CMD" "COMPILER=arm-none-eabi-gcc" "ARCHIVER=arm-none-eabi-ar" "COMPILER_FLAGS=  -O2 -c" "EXTRA_COMPILER_FLAGS=-mcpu=cortex-a9 -mfpu=vfpv3 -mfloat-abi=hard -nostartfiles"
"Compiling ttcps"
xttcps_g.c:77:34: error: 'XPAR_XTTCPS_NUM_INSTANCES' undeclared here (not in a function)
 XTtcPs_Config XTtcPs_ConfigTable[XPAR_XTTCPS_NUM_INSTANCES] = {
                                  ^
xttcps_g.c:79:9: error: 'XPAR_XTTCPS_0_DEVICE_ID' undeclared here (not in a function)
    (u16)XPAR_XTTCPS_0_DEVICE_ID, /* Device ID for instance */
         ^
xttcps_g.c:80:9: error: 'XPAR_XTTCPS_0_BASEADDR' undeclared here (not in a function)
    (u32)XPAR_XTTCPS_0_BASEADDR, /* Device base address */
         ^
xttcps_g.c:81:9: error: 'XPAR_XTTCPS_0_TTC_CLK_FREQ_HZ' undeclared here (not in a function)
    (u32)XPAR_XTTCPS_0_TTC_CLK_FREQ_HZ /* Device input clock frequency */
         ^
make[1]: *** [xttcps_g.o] Error 1
xttcps_sinit.c:66:41: error: 'XPAR_XTTCPS_NUM_INSTANCES' undeclared here (not in a function)
 extern XTtcPs_Config XTtcPs_ConfigTable[XPAR_XTTCPS_NUM_INSTANCES];
                                         ^
make[1]: *** [xttcps_sinit.o] Error 1
make[1]: Target `libs' not remade because of errors.
make: *** [ps7_cortexa9_0/libsrc/ttcps_v3_1/src/make.libs] Error 2
"Running Make libs in ps7_cortexa9_0/libsrc/uartps_v3_1/src"
make -C ps7_cortexa9_0/libsrc/uartps_v3_1/src -s libs  "SHELL=CMD" "COMPILER=arm-none-eabi-gcc" "ARCHIVER=arm-none-eabi-ar" "COMPILER_FLAGS=  -O2 -c" "EXTRA_COMPILER_FLAGS=-mcpu=cortex-a9 -mfpu=vfpv3 -mfloat-abi=hard -nostartfiles"
"Compiling uartps"
xuartps_g.c:76:36: error: 'XPAR_XUARTPS_NUM_INSTANCES' undeclared here (not in a function)
 XUartPs_Config XUartPs_ConfigTable[XPAR_XUARTPS_NUM_INSTANCES] = {
                                    ^
xuartps_g.c:78:8: error: 'XPAR_XUARTPS_0_DEVICE_ID' undeclared here (not in a function)
   (u16)XPAR_XUARTPS_0_DEVICE_ID,
        ^
xuartps_g.c:79:8: error: 'XPAR_XUARTPS_0_BASEADDR' undeclared here (not in a function)
   (u32)XPAR_XUARTPS_0_BASEADDR,
        ^
In file included from ../../../include/xparameters.h:16:0,
                 from xuartps_g.c:56:
../../../include/xparameters_ps.h:304:34: error: 'XPAR_XUARTPS_0_UART_CLK_FREQ_HZ' undeclared here (not in a function)
 #define XPAR_XUARTPS_0_CLOCK_HZ  XPAR_XUARTPS_0_UART_CLK_FREQ_HZ
                                  ^
xuartps_g.c:80:8: note: in expansion of macro 'XPAR_XUARTPS_0_CLOCK_HZ'
   (u32)XPAR_XUARTPS_0_CLOCK_HZ,
        ^
make[1]: *** [xuartps_g.o] Error 1
xuartps_sinit.c:66:43: error: 'XPAR_XUARTPS_NUM_INSTANCES' undeclared here (not in a function)
 extern XUartPs_Config XUartPs_ConfigTable[XPAR_XUARTPS_NUM_INSTANCES];
                                           ^
make[1]: *** [xuartps_sinit.o] Error 1
make[1]: Target `libs' not remade because of errors.
make: *** [ps7_cortexa9_0/libsrc/uartps_v3_1/src/make.libs] Error 2
"Running Make libs in ps7_cortexa9_0/libsrc/usbps_v2_4/src"
make -C ps7_cortexa9_0/libsrc/usbps_v2_4/src -s libs  "SHELL=CMD" "COMPILER=arm-none-eabi-gcc" "ARCHIVER=arm-none-eabi-ar" "COMPILER_FLAGS=  -O2 -c" "EXTRA_COMPILER_FLAGS=-mcpu=cortex-a9 -mfpu=vfpv3 -mfloat-abi=hard -nostartfiles"
"Compiling usbps"
xusbps_g.c:71:6: error: 'XPAR_XUSBPS_0_BASEADDR' undeclared here (not in a function)
      XPAR_XUSBPS_0_BASEADDR
      ^
make[1]: *** [xusbps_g.o] Error 1
xusbps_sinit.c: In function 'XUsbPs_LookupConfig':
xusbps_sinit.c:90:26: error: 'XPAR_XUSBPS_NUM_INSTANCES' undeclared (first use in this function)
  for (Index = 0; Index < XPAR_XUSBPS_NUM_INSTANCES; Index++) {
                          ^
xusbps_sinit.c:90:26: note: each undeclared identifier is reported only once for each function it appears in
make[1]: *** [xusbps_sinit.o] Error 1
make[1]: Target `libs' not remade because of errors.
make: *** [ps7_cortexa9_0/libsrc/usbps_v2_4/src/make.libs] Error 2
"Running Make libs in ps7_cortexa9_0/libsrc/xadcps_v2_2/src"
make -C ps7_cortexa9_0/libsrc/xadcps_v2_2/src -s libs  "SHELL=CMD" "COMPILER=arm-none-eabi-gcc" "ARCHIVER=arm-none-eabi-ar" "COMPILER_FLAGS=  -O2 -c" "EXTRA_COMPILER_FLAGS=-mcpu=cortex-a9 -mfpu=vfpv3 -mfloat-abi=hard -nostartfiles"
"Compiling xadcps"
In file included from xadcps.h:190:0,
                 from xadcps.c:66:
xadcps.c: In function 'XAdcPs_CfgInitialize':
xadcps.c:124:18: error: 'XPAR_XDCFG_0_BASEADDR' undeclared (first use in this function)
  XAdcPs_WriteReg(XPAR_XDCFG_0_BASEADDR,
                  ^
xadcps_hw.h:467:15: note: in definition of macro 'XAdcPs_WriteReg'
   (Xil_Out32((BaseAddress) + (RegOffset), (Data)))
               ^
xadcps.c:124:18: note: each undeclared identifier is reported only once for each function it appears in
  XAdcPs_WriteReg(XPAR_XDCFG_0_BASEADDR,
                  ^
xadcps_hw.h:467:15: note: in definition of macro 'XAdcPs_WriteReg'
   (Xil_Out32((BaseAddress) + (RegOffset), (Data)))
               ^
make[1]: *** [xadcps.o] Error 1
xadcps_g.c:78:34: error: 'XPAR_XADCPS_NUM_INSTANCES' undeclared here (not in a function)
 XAdcPs_Config XAdcPs_ConfigTable[XPAR_XADCPS_NUM_INSTANCES] =
                                  ^
xadcps_g.c:81:3: error: 'XPAR_XADCPS_0_DEVICE_ID' undeclared here (not in a function)
   XPAR_XADCPS_0_DEVICE_ID, /**< Unique ID of device */
   ^
xadcps_g.c:82:3: error: 'XPAR_XADCPS_0_BASEADDR' undeclared here (not in a function)
   XPAR_XADCPS_0_BASEADDR  /**< Base address of device */
   ^
make[1]: *** [xadcps_g.o] Error 1
make[1]: Target `libs' not remade because of errors.
make: *** [ps7_cortexa9_0/libsrc/xadcps_v2_2/src/make.libs] Error 2
make: Target `all' not remade because of errors.

14:25:01 Build Finished (took 38s.654ms)

