15:49:49 **** Auto Build of configuration Debug for project IMU_SPI_bsp_xspips_slave_polled_example_1 ****
make pre-build main-build 
a9-linaro-pre-build-step
' '
'Building file: ../src/xspips_slave_polled_example.c'
'Invoking: ARM v7 gcc compiler'
arm-none-eabi-gcc -Wall -O0 -g3 -c -fmessage-length=0 -MT"src/xspips_slave_polled_example.o" -mcpu=cortex-a9 -mfpu=vfpv3 -mfloat-abi=hard -I../../IMU_SPI_bsp/ps7_cortexa9_0/include -MMD -MP -MF"src/xspips_slave_polled_example.d" -MT"src/xspips_slave_polled_example.o" -o "src/xspips_slave_polled_example.o" "../src/xspips_slave_polled_example.c"
'Finished building: ../src/xspips_slave_polled_example.c'
' '
'Building target: IMU_SPI_bsp_xspips_slave_polled_example_1.elf'
'Invoking: ARM v7 gcc linker'
arm-none-eabi-gcc -mcpu=cortex-a9 -mfpu=vfpv3 -mfloat-abi=hard -Wl,-build-id=none -specs=Xilinx.spec -Wl,-T -Wl,../src/lscript.ld -L../../IMU_SPI_bsp/ps7_cortexa9_0/lib -o "IMU_SPI_bsp_xspips_slave_polled_example_1.elf"  ./src/xspips_slave_polled_example.o   -Wl,--start-group,-lxil,-lgcc,-lc,--end-group
'Finished building target: IMU_SPI_bsp_xspips_slave_polled_example_1.elf'
' '
'Invoking: ARM v7 Print Size'
arm-none-eabi-size IMU_SPI_bsp_xspips_slave_polled_example_1.elf  |tee "IMU_SPI_bsp_xspips_slave_polled_example_1.elf.size"
   text	   data	    bss	    dec	    hex	filename
  27992	   1168	  22628	  51788	   ca4c	IMU_SPI_bsp_xspips_slave_polled_example_1.elf
'Finished building: IMU_SPI_bsp_xspips_slave_polled_example_1.elf.size'
' '

15:49:50 Build Finished (took 1s.217ms)

