Copyright 1986-2016 Xilinx, Inc. All Rights Reserved.
-------------------------------------------------------------------------------------------------------------------------------------
| Tool Version     : Vivado v.2016.2 (win64) Build 1577090 Thu Jun  2 16:32:40 MDT 2016
| Date             : Thu Dec 15 11:48:57 2016
| Host             : Georges-T460p running 64-bit major release  (build 9200)
| Command          : report_power -file InOut_power_routed.rpt -pb InOut_power_summary_routed.pb -rpx InOut_power_routed.rpx
| Design           : InOut
| Device           : xc7z020clg484-1
| Design State     : routed
| Grade            : commercial
| Process          : typical
| Characterization : Production
-------------------------------------------------------------------------------------------------------------------------------------

Power Report

Table of Contents
-----------------
1. Summary
1.1 On-Chip Components
1.2 Power Supply Summary
1.3 Confidence Level
2. Settings
2.1 Environment
2.2 Clock Constraints
3. Detailed Reports
3.1 By Hierarchy

1. Summary
----------

+--------------------------+-------+
| Total On-Chip Power (W)  | 3.137 |
| Dynamic (W)              | 2.945 |
| Device Static (W)        | 0.192 |
| Effective TJA (C/W)      | 11.5  |
| Max Ambient (C)          | 48.8  |
| Junction Temperature (C) | 61.2  |
| Confidence Level         | Low   |
| Setting File             | ---   |
| Simulation Activity File | ---   |
| Design Nets Matched      | NA    |
+--------------------------+-------+


1.1 On-Chip Components
----------------------

+--------------+-----------+----------+-----------+-----------------+
| On-Chip      | Power (W) | Used     | Available | Utilization (%) |
+--------------+-----------+----------+-----------+-----------------+
| Slice Logic  |     0.000 |        1 |       --- |             --- |
|   Others     |     0.000 |        1 |       --- |             --- |
| Signals      |     0.014 |        4 |       --- |             --- |
| I/O          |     2.931 |        9 |       200 |            4.50 |
| Static Power |     0.192 |          |           |                 |
| Total        |     3.137 |          |           |                 |
+--------------+-----------+----------+-----------+-----------------+


1.2 Power Supply Summary
------------------------

+-----------+-------------+-----------+-------------+------------+
| Source    | Voltage (V) | Total (A) | Dynamic (A) | Static (A) |
+-----------+-------------+-----------+-------------+------------+
| Vccint    |       1.000 |     0.060 |       0.030 |      0.029 |
| Vccaux    |       1.800 |     0.131 |       0.107 |      0.025 |
| Vcco33    |       3.300 |     0.826 |       0.825 |      0.001 |
| Vcco25    |       2.500 |     0.000 |       0.000 |      0.000 |
| Vcco18    |       1.800 |     0.000 |       0.000 |      0.000 |
| Vcco15    |       1.500 |     0.000 |       0.000 |      0.000 |
| Vcco135   |       1.350 |     0.000 |       0.000 |      0.000 |
| Vcco12    |       1.200 |     0.000 |       0.000 |      0.000 |
| Vccaux_io |       1.800 |     0.000 |       0.000 |      0.000 |
| Vccbram   |       1.000 |     0.002 |       0.000 |      0.002 |
| MGTAVcc   |       1.000 |     0.000 |       0.000 |      0.000 |
| MGTAVtt   |       1.200 |     0.000 |       0.000 |      0.000 |
| MGTVccaux |       1.800 |     0.000 |       0.000 |      0.000 |
| Vccpint   |       1.000 |     0.053 |       0.000 |      0.053 |
| Vccpaux   |       1.800 |     0.010 |       0.000 |      0.010 |
| Vccpll    |       1.800 |     0.003 |       0.000 |      0.003 |
| Vcco_ddr  |       1.500 |     0.000 |       0.000 |      0.000 |
| Vcco_mio0 |       1.800 |     0.000 |       0.000 |      0.000 |
| Vcco_mio1 |       1.800 |     0.000 |       0.000 |      0.000 |
| Vccadc    |       1.800 |     0.020 |       0.000 |      0.020 |
+-----------+-------------+-----------+-------------+------------+


1.3 Confidence Level
--------------------

+-----------------------------+------------+--------------------------------------------------------+----------------------------------------------------------------------------------------------------------+
| User Input Data             | Confidence | Details                                                | Action                                                                                                   |
+-----------------------------+------------+--------------------------------------------------------+----------------------------------------------------------------------------------------------------------+
| Design implementation state | High       | Design is routed                                       |                                                                                                          |
| Clock nodes activity        | High       | User specified more than 95% of clocks                 |                                                                                                          |
| I/O nodes activity          | Low        | More than 75% of inputs are missing user specification | Provide missing input activity with simulation results or by editing the "By Resource Type -> I/Os" view |
| Internal nodes activity     | High       | User specified more than 25% of internal nodes         |                                                                                                          |
| Device models               | High       | Device models are Production                           |                                                                                                          |
|                             |            |                                                        |                                                                                                          |
| Overall confidence level    | Low        |                                                        |                                                                                                          |
+-----------------------------+------------+--------------------------------------------------------+----------------------------------------------------------------------------------------------------------+


2. Settings
-----------

2.1 Environment
---------------

+-----------------------+------------------------+
| Ambient Temp (C)      | 25.0                   |
| ThetaJA (C/W)         | 11.5                   |
| Airflow (LFM)         | 250                    |
| Heat Sink             | none                   |
| ThetaSA (C/W)         | 0.0                    |
| Board Selection       | medium (10"x10")       |
| # of Board Layers     | 8to11 (8 to 11 Layers) |
| Board Temperature (C) | 25.0                   |
+-----------------------+------------------------+


2.2 Clock Constraints
---------------------

+-------+--------+-----------------+
| Clock | Domain | Constraint (ns) |
+-------+--------+-----------------+


3. Detailed Reports
-------------------

3.1 By Hierarchy
----------------

+-------+-----------+
| Name  | Power (W) |
+-------+-----------+
| InOut |     2.945 |
+-------+-----------+


