Command line:
   disparity_isim_beh.exe
     -simmode  gui
     -simrunnum  0
     -socket  58149

Sun Nov 20 17:06:25 2016


 Elaboration Time: 0.015625 sec

 Current Memory Usage: 840.221 Meg

 Total Signals          : 23
 Total Nets             : 78
 Total Signal Drivers   : 11
 Total Blocks           : 2
 Total Primitive Blocks : 2
 Total Processes        : 16
 Total Traceable Variables  : 69
 Total Scalar Nets and Variables : 774180
Total Line Count : 204

 Total Simulation Time: 0.046875 sec

 Current Memory Usage: 840.221 Meg

Sun Nov 20 17:06:29 2016

