18:40:09 **** Build of project final_bsp ****
make -k all 
"Running Make include in ps7_cortexa9_0/libsrc/coresightps_dcc_v1_2/src"
make -C ps7_cortexa9_0/libsrc/coresightps_dcc_v1_2/src -s include  "SHELL=CMD" "COMPILER=arm-none-eabi-gcc" "ARCHIVER=arm-none-eabi-ar" "COMPILER_FLAGS=  -O2 -c" "EXTRA_COMPILER_FLAGS=-mcpu=cortex-a9 -mfpu=vfpv3 -mfloat-abi=hard -nostartfiles"
"Running Make include in ps7_cortexa9_0/libsrc/cpu_cortexa9_v2_2/src"
make -C ps7_cortexa9_0/libsrc/cpu_cortexa9_v2_2/src -s include  "SHELL=CMD" "COMPILER=arm-none-eabi-gcc" "ARCHIVER=arm-none-eabi-ar" "COMPILER_FLAGS=  -O2 -c" "EXTRA_COMPILER_FLAGS=-mcpu=cortex-a9 -mfpu=vfpv3 -mfloat-abi=hard -nostartfiles"
"Running Make include in ps7_cortexa9_0/libsrc/ddrps_v1_0/src"
make -C ps7_cortexa9_0/libsrc/ddrps_v1_0/src -s include  "SHELL=CMD" "COMPILER=arm-none-eabi-gcc" "ARCHIVER=arm-none-eabi-ar" "COMPILER_FLAGS=  -O2 -c" "EXTRA_COMPILER_FLAGS=-mcpu=cortex-a9 -mfpu=vfpv3 -mfloat-abi=hard -nostartfiles"
"Running Make include in ps7_cortexa9_0/libsrc/devcfg_v3_4/src"
make -C ps7_cortexa9_0/libsrc/devcfg_v3_4/src -s include  "SHELL=CMD" "COMPILER=arm-none-eabi-gcc" "ARCHIVER=arm-none-eabi-ar" "COMPILER_FLAGS=  -O2 -c" "EXTRA_COMPILER_FLAGS=-mcpu=cortex-a9 -mfpu=vfpv3 -mfloat-abi=hard -nostartfiles"
"Running Make include in ps7_cortexa9_0/libsrc/dmaps_v2_1/src"
make -C ps7_cortexa9_0/libsrc/dmaps_v2_1/src -s include  "SHELL=CMD" "COMPILER=arm-none-eabi-gcc" "ARCHIVER=arm-none-eabi-ar" "COMPILER_FLAGS=  -O2 -c" "EXTRA_COMPILER_FLAGS=-mcpu=cortex-a9 -mfpu=vfpv3 -mfloat-abi=hard -nostartfiles"
"Running Make include in ps7_cortexa9_0/libsrc/gpiops_v3_1/src"
make -C ps7_cortexa9_0/libsrc/gpiops_v3_1/src -s include  "SHELL=CMD" "COMPILER=arm-none-eabi-gcc" "ARCHIVER=arm-none-eabi-ar" "COMPILER_FLAGS=  -O2 -c" "EXTRA_COMPILER_FLAGS=-mcpu=cortex-a9 -mfpu=vfpv3 -mfloat-abi=hard -nostartfiles"
"Running Make include in ps7_cortexa9_0/libsrc/iicps_v3_2/src"
make -C ps7_cortexa9_0/libsrc/iicps_v3_2/src -s include  "SHELL=CMD" "COMPILER=arm-none-eabi-gcc" "ARCHIVER=arm-none-eabi-ar" "COMPILER_FLAGS=  -O2 -c" "EXTRA_COMPILER_FLAGS=-mcpu=cortex-a9 -mfpu=vfpv3 -mfloat-abi=hard -nostartfiles"
"Running Make include in ps7_cortexa9_0/libsrc/qspips_v3_3/src"
make -C ps7_cortexa9_0/libsrc/qspips_v3_3/src -s include  "SHELL=CMD" "COMPILER=arm-none-eabi-gcc" "ARCHIVER=arm-none-eabi-ar" "COMPILER_FLAGS=  -O2 -c" "EXTRA_COMPILER_FLAGS=-mcpu=cortex-a9 -mfpu=vfpv3 -mfloat-abi=hard -nostartfiles"
"Running Make include in ps7_cortexa9_0/libsrc/scugic_v3_3/src"
make -C ps7_cortexa9_0/libsrc/scugic_v3_3/src -s include  "SHELL=CMD" "COMPILER=arm-none-eabi-gcc" "ARCHIVER=arm-none-eabi-ar" "COMPILER_FLAGS=  -O2 -c" "EXTRA_COMPILER_FLAGS=-mcpu=cortex-a9 -mfpu=vfpv3 -mfloat-abi=hard -nostartfiles"
"Running Make include in ps7_cortexa9_0/libsrc/scutimer_v2_1/src"
make -C ps7_cortexa9_0/libsrc/scutimer_v2_1/src -s include  "SHELL=CMD" "COMPILER=arm-none-eabi-gcc" "ARCHIVER=arm-none-eabi-ar" "COMPILER_FLAGS=  -O2 -c" "EXTRA_COMPILER_FLAGS=-mcpu=cortex-a9 -mfpu=vfpv3 -mfloat-abi=hard -nostartfiles"
"Running Make include in ps7_cortexa9_0/libsrc/scuwdt_v2_1/src"
make -C ps7_cortexa9_0/libsrc/scuwdt_v2_1/src -s include  "SHELL=CMD" "COMPILER=arm-none-eabi-gcc" "ARCHIVER=arm-none-eabi-ar" "COMPILER_FLAGS=  -O2 -c" "EXTRA_COMPILER_FLAGS=-mcpu=cortex-a9 -mfpu=vfpv3 -mfloat-abi=hard -nostartfiles"
"Running Make include in ps7_cortexa9_0/libsrc/standalone_v5_5/src"
make -C ps7_cortexa9_0/libsrc/standalone_v5_5/src -s include  "SHELL=CMD" "COMPILER=arm-none-eabi-gcc" "ARCHIVER=arm-none-eabi-ar" "COMPILER_FLAGS=  -O2 -c" "EXTRA_COMPILER_FLAGS=-mcpu=cortex-a9 -mfpu=vfpv3 -mfloat-abi=hard -nostartfiles"
"Running Make include in ps7_cortexa9_0/libsrc/ttcps_v3_1/src"
make -C ps7_cortexa9_0/libsrc/ttcps_v3_1/src -s include  "SHELL=CMD" "COMPILER=arm-none-eabi-gcc" "ARCHIVER=arm-none-eabi-ar" "COMPILER_FLAGS=  -O2 -c" "EXTRA_COMPILER_FLAGS=-mcpu=cortex-a9 -mfpu=vfpv3 -mfloat-abi=hard -nostartfiles"
"Running Make include in ps7_cortexa9_0/libsrc/uartps_v3_1/src"
make -C ps7_cortexa9_0/libsrc/uartps_v3_1/src -s include  "SHELL=CMD" "COMPILER=arm-none-eabi-gcc" "ARCHIVER=arm-none-eabi-ar" "COMPILER_FLAGS=  -O2 -c" "EXTRA_COMPILER_FLAGS=-mcpu=cortex-a9 -mfpu=vfpv3 -mfloat-abi=hard -nostartfiles"
"Running Make include in ps7_cortexa9_0/libsrc/xadcps_v2_2/src"
make -C ps7_cortexa9_0/libsrc/xadcps_v2_2/src -s include  "SHELL=CMD" "COMPILER=arm-none-eabi-gcc" "ARCHIVER=arm-none-eabi-ar" "COMPILER_FLAGS=  -O2 -c" "EXTRA_COMPILER_FLAGS=-mcpu=cortex-a9 -mfpu=vfpv3 -mfloat-abi=hard -nostartfiles"
"Running Make libs in ps7_cortexa9_0/libsrc/coresightps_dcc_v1_2/src"
make -C ps7_cortexa9_0/libsrc/coresightps_dcc_v1_2/src -s libs  "SHELL=CMD" "COMPILER=arm-none-eabi-gcc" "ARCHIVER=arm-none-eabi-ar" "COMPILER_FLAGS=  -O2 -c" "EXTRA_COMPILER_FLAGS=-mcpu=cortex-a9 -mfpu=vfpv3 -mfloat-abi=hard -nostartfiles"
"Compiling coresightps_dcc"
arm-none-eabi-ar: creating ../../../lib/libxil.a
"Running Make libs in ps7_cortexa9_0/libsrc/cpu_cortexa9_v2_2/src"
make -C ps7_cortexa9_0/libsrc/cpu_cortexa9_v2_2/src -s libs  "SHELL=CMD" "COMPILER=arm-none-eabi-gcc" "ARCHIVER=arm-none-eabi-ar" "COMPILER_FLAGS=  -O2 -c" "EXTRA_COMPILER_FLAGS=-mcpu=cortex-a9 -mfpu=vfpv3 -mfloat-abi=hard -nostartfiles"
"Compiling cpu_cortexa9"
"Running Make libs in ps7_cortexa9_0/libsrc/ddrps_v1_0/src"
make -C ps7_cortexa9_0/libsrc/ddrps_v1_0/src -s libs  "SHELL=CMD" "COMPILER=arm-none-eabi-gcc" "ARCHIVER=arm-none-eabi-ar" "COMPILER_FLAGS=  -O2 -c" "EXTRA_COMPILER_FLAGS=-mcpu=cortex-a9 -mfpu=vfpv3 -mfloat-abi=hard -nostartfiles"
"Compiling ddrps"
"Running Make libs in ps7_cortexa9_0/libsrc/devcfg_v3_4/src"
make -C ps7_cortexa9_0/libsrc/devcfg_v3_4/src -s libs  "SHELL=CMD" "COMPILER=arm-none-eabi-gcc" "ARCHIVER=arm-none-eabi-ar" "COMPILER_FLAGS=  -O2 -c" "EXTRA_COMPILER_FLAGS=-mcpu=cortex-a9 -mfpu=vfpv3 -mfloat-abi=hard -nostartfiles"
"Compiling devcfg"
"Running Make libs in ps7_cortexa9_0/libsrc/dmaps_v2_1/src"
make -C ps7_cortexa9_0/libsrc/dmaps_v2_1/src -s libs  "SHELL=CMD" "COMPILER=arm-none-eabi-gcc" "ARCHIVER=arm-none-eabi-ar" "COMPILER_FLAGS=  -O2 -c" "EXTRA_COMPILER_FLAGS=-mcpu=cortex-a9 -mfpu=vfpv3 -mfloat-abi=hard -nostartfiles"
"Compiling dmaps"
"Running Make libs in ps7_cortexa9_0/libsrc/gpiops_v3_1/src"
make -C ps7_cortexa9_0/libsrc/gpiops_v3_1/src -s libs  "SHELL=CMD" "COMPILER=arm-none-eabi-gcc" "ARCHIVER=arm-none-eabi-ar" "COMPILER_FLAGS=  -O2 -c" "EXTRA_COMPILER_FLAGS=-mcpu=cortex-a9 -mfpu=vfpv3 -mfloat-abi=hard -nostartfiles"
"Compiling gpiops"
"Running Make libs in ps7_cortexa9_0/libsrc/iicps_v3_2/src"
make -C ps7_cortexa9_0/libsrc/iicps_v3_2/src -s libs  "SHELL=CMD" "COMPILER=arm-none-eabi-gcc" "ARCHIVER=arm-none-eabi-ar" "COMPILER_FLAGS=  -O2 -c" "EXTRA_COMPILER_FLAGS=-mcpu=cortex-a9 -mfpu=vfpv3 -mfloat-abi=hard -nostartfiles"
"Compiling iicps"
"Running Make libs in ps7_cortexa9_0/libsrc/qspips_v3_3/src"
make -C ps7_cortexa9_0/libsrc/qspips_v3_3/src -s libs  "SHELL=CMD" "COMPILER=arm-none-eabi-gcc" "ARCHIVER=arm-none-eabi-ar" "COMPILER_FLAGS=  -O2 -c" "EXTRA_COMPILER_FLAGS=-mcpu=cortex-a9 -mfpu=vfpv3 -mfloat-abi=hard -nostartfiles"
"Compiling qspips"
"Running Make libs in ps7_cortexa9_0/libsrc/scugic_v3_3/src"
make -C ps7_cortexa9_0/libsrc/scugic_v3_3/src -s libs  "SHELL=CMD" "COMPILER=arm-none-eabi-gcc" "ARCHIVER=arm-none-eabi-ar" "COMPILER_FLAGS=  -O2 -c" "EXTRA_COMPILER_FLAGS=-mcpu=cortex-a9 -mfpu=vfpv3 -mfloat-abi=hard -nostartfiles"
"Compiling scugic"
"Running Make libs in ps7_cortexa9_0/libsrc/scutimer_v2_1/src"
make -C ps7_cortexa9_0/libsrc/scutimer_v2_1/src -s libs  "SHELL=CMD" "COMPILER=arm-none-eabi-gcc" "ARCHIVER=arm-none-eabi-ar" "COMPILER_FLAGS=  -O2 -c" "EXTRA_COMPILER_FLAGS=-mcpu=cortex-a9 -mfpu=vfpv3 -mfloat-abi=hard -nostartfiles"
"Compiling scutimer"
"Running Make libs in ps7_cortexa9_0/libsrc/scuwdt_v2_1/src"
make -C ps7_cortexa9_0/libsrc/scuwdt_v2_1/src -s libs  "SHELL=CMD" "COMPILER=arm-none-eabi-gcc" "ARCHIVER=arm-none-eabi-ar" "COMPILER_FLAGS=  -O2 -c" "EXTRA_COMPILER_FLAGS=-mcpu=cortex-a9 -mfpu=vfpv3 -mfloat-abi=hard -nostartfiles"
"Compiling scuwdt"
"Running Make libs in ps7_cortexa9_0/libsrc/standalone_v5_5/src"
make -C ps7_cortexa9_0/libsrc/standalone_v5_5/src -s libs  "SHELL=CMD" "COMPILER=arm-none-eabi-gcc" "ARCHIVER=arm-none-eabi-ar" "COMPILER_FLAGS=  -O2 -c" "EXTRA_COMPILER_FLAGS=-mcpu=cortex-a9 -mfpu=vfpv3 -mfloat-abi=hard -nostartfiles"
"Compiling standalone"
"Running Make libs in ps7_cortexa9_0/libsrc/ttcps_v3_1/src"
make -C ps7_cortexa9_0/libsrc/ttcps_v3_1/src -s libs  "SHELL=CMD" "COMPILER=arm-none-eabi-gcc" "ARCHIVER=arm-none-eabi-ar" "COMPILER_FLAGS=  -O2 -c" "EXTRA_COMPILER_FLAGS=-mcpu=cortex-a9 -mfpu=vfpv3 -mfloat-abi=hard -nostartfiles"
"Compiling ttcps"
"Running Make libs in ps7_cortexa9_0/libsrc/uartps_v3_1/src"
make -C ps7_cortexa9_0/libsrc/uartps_v3_1/src -s libs  "SHELL=CMD" "COMPILER=arm-none-eabi-gcc" "ARCHIVER=arm-none-eabi-ar" "COMPILER_FLAGS=  -O2 -c" "EXTRA_COMPILER_FLAGS=-mcpu=cortex-a9 -mfpu=vfpv3 -mfloat-abi=hard -nostartfiles"
"Compiling uartps"
"Running Make libs in ps7_cortexa9_0/libsrc/xadcps_v2_2/src"
make -C ps7_cortexa9_0/libsrc/xadcps_v2_2/src -s libs  "SHELL=CMD" "COMPILER=arm-none-eabi-gcc" "ARCHIVER=arm-none-eabi-ar" "COMPILER_FLAGS=  -O2 -c" "EXTRA_COMPILER_FLAGS=-mcpu=cortex-a9 -mfpu=vfpv3 -mfloat-abi=hard -nostartfiles"
"Compiling xadcps"
'Finished building libraries'
18:40:23 **** Build of configuration Debug for project final ****
make pre-build main-build 
a9-linaro-pre-build-step
' '
'Building file: ../src/helloworld.c'
'Invoking: ARM v7 gcc compiler'
arm-none-eabi-gcc -Wall -O0 -g3 -c -fmessage-length=0 -MT"src/helloworld.o" -mcpu=cortex-a9 -mfpu=vfpv3 -mfloat-abi=hard -I../../final_bsp/ps7_cortexa9_0/include -MMD -MP -MF"src/helloworld.d" -MT"src/helloworld.o" -o "src/helloworld.o" "../src/helloworld.c"
In file included from ../src/helloworld.c:19:0:
../../final_bsp/ps7_cortexa9_0/include/xbasic_types.h:115:2: warning: #warning The xbasics_type.h file is deprecated and users should use xil_types.h and xil_assert. [-Wcpp]
 #warning  The xbasics_type.h file is deprecated and users should use xil_types.h and xil_assert.
  ^
../../final_bsp/ps7_cortexa9_0/include/xbasic_types.h:116:2: warning: #warning Please refer the Standalone BSP UG647 for further details [-Wcpp]
 #warning  Please refer the Standalone BSP UG647 for further details
  ^
../src/helloworld.c: In function 'main':
../src/helloworld.c:94:20: warning: passing argument 1 of 'Xil_In32' makes integer from pointer without a cast
     while(Xil_In32(baseaddr_p) == 0);
                    ^
In file included from ../src/helloworld.c:18:0:
../../final_bsp/ps7_cortexa9_0/include/xil_io.h:227:5: note: expected 'UINTPTR' but argument is of type 'Xuint32 *'
 u32 Xil_In32(UINTPTR Addr);
     ^
../src/helloworld.c:167:20: warning: passing argument 1 of 'strcmp' makes pointer from integer without a cast
        if(!(strcmp(databufbuf[0], '0') == 0 && strcmp(databufbuf[1], 'C') <= 0))
                    ^
In file included from c:\xilinx\sdk\2016.2\gnu\aarch32\nt\gcc-arm-none-eabi\arm-none-eabi\include\stdio.h:29:0,
                 from ../src/helloworld.c:15:
c:\xilinx\sdk\2016.2\gnu\aarch32\nt\gcc-arm-none-eabi\arm-none-eabi\include\string.h:28:6: note: expected 'const char *' but argument is of type 'char'
 int  _EXFUN(strcmp,(const char *, const char *));
      ^
../src/helloworld.c:167:35: warning: passing argument 2 of 'strcmp' makes pointer from integer without a cast
        if(!(strcmp(databufbuf[0], '0') == 0 && strcmp(databufbuf[1], 'C') <= 0))
                                   ^
In file included from c:\xilinx\sdk\2016.2\gnu\aarch32\nt\gcc-arm-none-eabi\arm-none-eabi\include\stdio.h:29:0,
                 from ../src/helloworld.c:15:
c:\xilinx\sdk\2016.2\gnu\aarch32\nt\gcc-arm-none-eabi\arm-none-eabi\include\string.h:28:6: note: expected 'const char *' but argument is of type 'int'
 int  _EXFUN(strcmp,(const char *, const char *));
      ^
../src/helloworld.c:167:55: warning: passing argument 1 of 'strcmp' makes pointer from integer without a cast
        if(!(strcmp(databufbuf[0], '0') == 0 && strcmp(databufbuf[1], 'C') <= 0))
                                                       ^
In file included from c:\xilinx\sdk\2016.2\gnu\aarch32\nt\gcc-arm-none-eabi\arm-none-eabi\include\stdio.h:29:0,
                 from ../src/helloworld.c:15:
c:\xilinx\sdk\2016.2\gnu\aarch32\nt\gcc-arm-none-eabi\arm-none-eabi\include\string.h:28:6: note: expected 'const char *' but argument is of type 'char'
 int  _EXFUN(strcmp,(const char *, const char *));
      ^
../src/helloworld.c:167:70: warning: passing argument 2 of 'strcmp' makes pointer from integer without a cast
        if(!(strcmp(databufbuf[0], '0') == 0 && strcmp(databufbuf[1], 'C') <= 0))
                                                                      ^
In file included from c:\xilinx\sdk\2016.2\gnu\aarch32\nt\gcc-arm-none-eabi\arm-none-eabi\include\stdio.h:29:0,
                 from ../src/helloworld.c:15:
c:\xilinx\sdk\2016.2\gnu\aarch32\nt\gcc-arm-none-eabi\arm-none-eabi\include\string.h:28:6: note: expected 'const char *' but argument is of type 'int'
 int  _EXFUN(strcmp,(const char *, const char *));
      ^
../src/helloworld.c:62:10: warning: variable 'linefeed' set but not used [-Wunused-but-set-variable]
     char linefeed[4];
          ^
../src/helloworld.c:59:10: warning: variable 'status' set but not used [-Wunused-but-set-variable]
     char status[2];
          ^
../src/helloworld.c: In function 'init_cams':
../src/helloworld.c:211:9: warning: variable 'Status' set but not used [-Wunused-but-set-variable]
     int Status;
         ^
'Finished building: ../src/helloworld.c'
' '
'Building file: ../src/platform.c'
'Invoking: ARM v7 gcc compiler'
arm-none-eabi-gcc -Wall -O0 -g3 -c -fmessage-length=0 -MT"src/platform.o" -mcpu=cortex-a9 -mfpu=vfpv3 -mfloat-abi=hard -I../../final_bsp/ps7_cortexa9_0/include -MMD -MP -MF"src/platform.d" -MT"src/platform.o" -o "src/platform.o" "../src/platform.c"
'Finished building: ../src/platform.c'
' '
'Building target: final.elf'
'Invoking: ARM v7 gcc linker'
arm-none-eabi-gcc -mcpu=cortex-a9 -mfpu=vfpv3 -mfloat-abi=hard -Wl,-build-id=none -specs=Xilinx.spec -Wl,-T -Wl,../src/lscript.ld -L../../final_bsp/ps7_cortexa9_0/lib -o "final.elf"  ./src/helloworld.o ./src/platform.o   -Wl,--start-group,-lxil,-lgcc,-lc,--end-group
'Finished building target: final.elf'
' '
'Invoking: ARM v7 Print Size'
arm-none-eabi-size final.elf  |tee "final.elf.size"
   text	   data	    bss	    dec	    hex	filename
  90384	   2604	  23436	 116424	  1c6c8	final.elf
'Finished building: final.elf.size'
' '
18:40:45 **** Incremental Build of configuration Debug for project final ****
make pre-build main-build 
a9-linaro-pre-build-step
' '
make: Nothing to be done for `main-build'.
18:41:17 **** Incremental Build of configuration Debug for project final ****
make pre-build main-build 
a9-linaro-pre-build-step
' '
make: Nothing to be done for `main-build'.
18:41:43 **** Incremental Build of configuration Debug for project final ****
make pre-build main-build 
a9-linaro-pre-build-step
' '
make: Nothing to be done for `main-build'.
18:44:42 **** Incremental Build of configuration Debug for project final ****
make pre-build main-build 
a9-linaro-pre-build-step
' '
make: Nothing to be done for `main-build'.
18:52:13 **** Incremental Build of configuration Debug for project final ****
make pre-build main-build 
a9-linaro-pre-build-step
' '
make: Nothing to be done for `main-build'.
18:53:21 **** Incremental Build of configuration Debug for project final ****
make pre-build main-build 
a9-linaro-pre-build-step
' '
make: Nothing to be done for `main-build'.
18:55:20 **** Auto Build of configuration Debug for project final ****
make pre-build main-build 
a9-linaro-pre-build-step
' '
'Building file: ../src/helloworld.c'
'Invoking: ARM v7 gcc compiler'
arm-none-eabi-gcc -Wall -O0 -g3 -c -fmessage-length=0 -MT"src/helloworld.o" -mcpu=cortex-a9 -mfpu=vfpv3 -mfloat-abi=hard -I../../final_bsp/ps7_cortexa9_0/include -MMD -MP -MF"src/helloworld.d" -MT"src/helloworld.o" -o "src/helloworld.o" "../src/helloworld.c"
In file included from ../src/helloworld.c:19:0:
../../final_bsp/ps7_cortexa9_0/include/xbasic_types.h:115:2: warning: #warning The xbasics_type.h file is deprecated and users should use xil_types.h and xil_assert. [-Wcpp]
 #warning  The xbasics_type.h file is deprecated and users should use xil_types.h and xil_assert.
  ^
../../final_bsp/ps7_cortexa9_0/include/xbasic_types.h:116:2: warning: #warning Please refer the Standalone BSP UG647 for further details [-Wcpp]
 #warning  Please refer the Standalone BSP UG647 for further details
  ^
../src/helloworld.c: In function 'main':
../src/helloworld.c:94:20: warning: passing argument 1 of 'Xil_In32' makes integer from pointer without a cast
     while(Xil_In32(baseaddr_p) == 0);
                    ^
In file included from ../src/helloworld.c:18:0:
../../final_bsp/ps7_cortexa9_0/include/xil_io.h:227:5: note: expected 'UINTPTR' but argument is of type 'Xuint32 *'
 u32 Xil_In32(UINTPTR Addr);
     ^
../src/helloworld.c:167:20: warning: passing argument 1 of 'strcmp' makes pointer from integer without a cast
        if(!(strcmp(databufbuf[0], '0') == 0 && strcmp(databufbuf[1], 'C') <= 0))
                    ^
In file included from c:\xilinx\sdk\2016.2\gnu\aarch32\nt\gcc-arm-none-eabi\arm-none-eabi\include\stdio.h:29:0,
                 from ../src/helloworld.c:15:
c:\xilinx\sdk\2016.2\gnu\aarch32\nt\gcc-arm-none-eabi\arm-none-eabi\include\string.h:28:6: note: expected 'const char *' but argument is of type 'char'
 int  _EXFUN(strcmp,(const char *, const char *));
      ^
../src/helloworld.c:167:35: warning: passing argument 2 of 'strcmp' makes pointer from integer without a cast
        if(!(strcmp(databufbuf[0], '0') == 0 && strcmp(databufbuf[1], 'C') <= 0))
                                   ^
In file included from c:\xilinx\sdk\2016.2\gnu\aarch32\nt\gcc-arm-none-eabi\arm-none-eabi\include\stdio.h:29:0,
                 from ../src/helloworld.c:15:
c:\xilinx\sdk\2016.2\gnu\aarch32\nt\gcc-arm-none-eabi\arm-none-eabi\include\string.h:28:6: note: expected 'const char *' but argument is of type 'int'
 int  _EXFUN(strcmp,(const char *, const char *));
      ^
../src/helloworld.c:167:55: warning: passing argument 1 of 'strcmp' makes pointer from integer without a cast
        if(!(strcmp(databufbuf[0], '0') == 0 && strcmp(databufbuf[1], 'C') <= 0))
                                                       ^
In file included from c:\xilinx\sdk\2016.2\gnu\aarch32\nt\gcc-arm-none-eabi\arm-none-eabi\include\stdio.h:29:0,
                 from ../src/helloworld.c:15:
c:\xilinx\sdk\2016.2\gnu\aarch32\nt\gcc-arm-none-eabi\arm-none-eabi\include\string.h:28:6: note: expected 'const char *' but argument is of type 'char'
 int  _EXFUN(strcmp,(const char *, const char *));
      ^
../src/helloworld.c:167:70: warning: passing argument 2 of 'strcmp' makes pointer from integer without a cast
        if(!(strcmp(databufbuf[0], '0') == 0 && strcmp(databufbuf[1], 'C') <= 0))
                                                                      ^
In file included from c:\xilinx\sdk\2016.2\gnu\aarch32\nt\gcc-arm-none-eabi\arm-none-eabi\include\stdio.h:29:0,
                 from ../src/helloworld.c:15:
c:\xilinx\sdk\2016.2\gnu\aarch32\nt\gcc-arm-none-eabi\arm-none-eabi\include\string.h:28:6: note: expected 'const char *' but argument is of type 'int'
 int  _EXFUN(strcmp,(const char *, const char *));
      ^
../src/helloworld.c:62:10: warning: variable 'linefeed' set but not used [-Wunused-but-set-variable]
     char linefeed[4];
          ^
../src/helloworld.c:59:10: warning: variable 'status' set but not used [-Wunused-but-set-variable]
     char status[2];
          ^
../src/helloworld.c: In function 'init_cams':
../src/helloworld.c:211:9: warning: variable 'Status' set but not used [-Wunused-but-set-variable]
     int Status;
         ^
'Finished building: ../src/helloworld.c'
' '
'Building target: final.elf'
'Invoking: ARM v7 gcc linker'
arm-none-eabi-gcc -mcpu=cortex-a9 -mfpu=vfpv3 -mfloat-abi=hard -Wl,-build-id=none -specs=Xilinx.spec -Wl,-T -Wl,../src/lscript.ld -L../../final_bsp/ps7_cortexa9_0/lib -o "final.elf"  ./src/helloworld.o ./src/platform.o   -Wl,--start-group,-lxil,-lgcc,-lc,--end-group
'Finished building target: final.elf'
' '
'Invoking: ARM v7 Print Size'
arm-none-eabi-size final.elf  |tee "final.elf.size"
   text	   data	    bss	    dec	    hex	filename
  90256	   2596	  23436	 116288	  1c640	final.elf
'Finished building: final.elf.size'
' '
18:55:35 **** Incremental Build of configuration Debug for project final ****
make pre-build main-build 
a9-linaro-pre-build-step
' '
make: Nothing to be done for `main-build'.
18:56:32 **** Auto Build of configuration Debug for project final ****
make pre-build main-build 
a9-linaro-pre-build-step
' '
'Building file: ../src/helloworld.c'
'Invoking: ARM v7 gcc compiler'
arm-none-eabi-gcc -Wall -O0 -g3 -c -fmessage-length=0 -MT"src/helloworld.o" -mcpu=cortex-a9 -mfpu=vfpv3 -mfloat-abi=hard -I../../final_bsp/ps7_cortexa9_0/include -MMD -MP -MF"src/helloworld.d" -MT"src/helloworld.o" -o "src/helloworld.o" "../src/helloworld.c"
In file included from ../src/helloworld.c:19:0:
../../final_bsp/ps7_cortexa9_0/include/xbasic_types.h:115:2: warning: #warning The xbasics_type.h file is deprecated and users should use xil_types.h and xil_assert. [-Wcpp]
 #warning  The xbasics_type.h file is deprecated and users should use xil_types.h and xil_assert.
  ^
../../final_bsp/ps7_cortexa9_0/include/xbasic_types.h:116:2: warning: #warning Please refer the Standalone BSP UG647 for further details [-Wcpp]
 #warning  Please refer the Standalone BSP UG647 for further details
  ^
../src/helloworld.c: In function 'main':
../src/helloworld.c:94:20: warning: passing argument 1 of 'Xil_In32' makes integer from pointer without a cast
     while(Xil_In32(baseaddr_p) == 0);
                    ^
In file included from ../src/helloworld.c:18:0:
../../final_bsp/ps7_cortexa9_0/include/xil_io.h:227:5: note: expected 'UINTPTR' but argument is of type 'Xuint32 *'
 u32 Xil_In32(UINTPTR Addr);
     ^
../src/helloworld.c:167:20: warning: passing argument 1 of 'strcmp' makes pointer from integer without a cast
        if(!(strcmp(databufbuf[0], '0') == 0 && strcmp(databufbuf[1], 'C') <= 0))
                    ^
In file included from c:\xilinx\sdk\2016.2\gnu\aarch32\nt\gcc-arm-none-eabi\arm-none-eabi\include\stdio.h:29:0,
                 from ../src/helloworld.c:15:
c:\xilinx\sdk\2016.2\gnu\aarch32\nt\gcc-arm-none-eabi\arm-none-eabi\include\string.h:28:6: note: expected 'const char *' but argument is of type 'char'
 int  _EXFUN(strcmp,(const char *, const char *));
      ^
../src/helloworld.c:167:35: warning: passing argument 2 of 'strcmp' makes pointer from integer without a cast
        if(!(strcmp(databufbuf[0], '0') == 0 && strcmp(databufbuf[1], 'C') <= 0))
                                   ^
In file included from c:\xilinx\sdk\2016.2\gnu\aarch32\nt\gcc-arm-none-eabi\arm-none-eabi\include\stdio.h:29:0,
                 from ../src/helloworld.c:15:
c:\xilinx\sdk\2016.2\gnu\aarch32\nt\gcc-arm-none-eabi\arm-none-eabi\include\string.h:28:6: note: expected 'const char *' but argument is of type 'int'
 int  _EXFUN(strcmp,(const char *, const char *));
      ^
../src/helloworld.c:167:55: warning: passing argument 1 of 'strcmp' makes pointer from integer without a cast
        if(!(strcmp(databufbuf[0], '0') == 0 && strcmp(databufbuf[1], 'C') <= 0))
                                                       ^
In file included from c:\xilinx\sdk\2016.2\gnu\aarch32\nt\gcc-arm-none-eabi\arm-none-eabi\include\stdio.h:29:0,
                 from ../src/helloworld.c:15:
c:\xilinx\sdk\2016.2\gnu\aarch32\nt\gcc-arm-none-eabi\arm-none-eabi\include\string.h:28:6: note: expected 'const char *' but argument is of type 'char'
 int  _EXFUN(strcmp,(const char *, const char *));
      ^
../src/helloworld.c:167:70: warning: passing argument 2 of 'strcmp' makes pointer from integer without a cast
        if(!(strcmp(databufbuf[0], '0') == 0 && strcmp(databufbuf[1], 'C') <= 0))
                                                                      ^
In file included from c:\xilinx\sdk\2016.2\gnu\aarch32\nt\gcc-arm-none-eabi\arm-none-eabi\include\stdio.h:29:0,
                 from ../src/helloworld.c:15:
c:\xilinx\sdk\2016.2\gnu\aarch32\nt\gcc-arm-none-eabi\arm-none-eabi\include\string.h:28:6: note: expected 'const char *' but argument is of type 'int'
 int  _EXFUN(strcmp,(const char *, const char *));
      ^
../src/helloworld.c:62:10: warning: variable 'linefeed' set but not used [-Wunused-but-set-variable]
     char linefeed[4];
          ^
../src/helloworld.c:59:10: warning: variable 'status' set but not used [-Wunused-but-set-variable]
     char status[2];
          ^
../src/helloworld.c: In function 'init_cams':
../src/helloworld.c:211:9: warning: variable 'Status' set but not used [-Wunused-but-set-variable]
     int Status;
         ^
'Finished building: ../src/helloworld.c'
' '
'Building target: final.elf'
'Invoking: ARM v7 gcc linker'
arm-none-eabi-gcc -mcpu=cortex-a9 -mfpu=vfpv3 -mfloat-abi=hard -Wl,-build-id=none -specs=Xilinx.spec -Wl,-T -Wl,../src/lscript.ld -L../../final_bsp/ps7_cortexa9_0/lib -o "final.elf"  ./src/helloworld.o ./src/platform.o   -Wl,--start-group,-lxil,-lgcc,-lc,--end-group
'Finished building target: final.elf'
' '
'Invoking: ARM v7 Print Size'
arm-none-eabi-size final.elf  |tee "final.elf.size"
   text	   data	    bss	    dec	    hex	filename
  90384	   2604	  23436	 116424	  1c6c8	final.elf
'Finished building: final.elf.size'
' '
18:56:53 **** Auto Build of configuration Debug for project final ****
make pre-build main-build 
a9-linaro-pre-build-step
' '
'Building file: ../src/helloworld.c'
'Invoking: ARM v7 gcc compiler'
arm-none-eabi-gcc -Wall -O0 -g3 -c -fmessage-length=0 -MT"src/helloworld.o" -mcpu=cortex-a9 -mfpu=vfpv3 -mfloat-abi=hard -I../../final_bsp/ps7_cortexa9_0/include -MMD -MP -MF"src/helloworld.d" -MT"src/helloworld.o" -o "src/helloworld.o" "../src/helloworld.c"
In file included from ../src/helloworld.c:19:0:
../../final_bsp/ps7_cortexa9_0/include/xbasic_types.h:115:2: warning: #warning The xbasics_type.h file is deprecated and users should use xil_types.h and xil_assert. [-Wcpp]
 #warning  The xbasics_type.h file is deprecated and users should use xil_types.h and xil_assert.
  ^
../../final_bsp/ps7_cortexa9_0/include/xbasic_types.h:116:2: warning: #warning Please refer the Standalone BSP UG647 for further details [-Wcpp]
 #warning  Please refer the Standalone BSP UG647 for further details
  ^
../src/helloworld.c: In function 'main':
../src/helloworld.c:93:20: warning: passing argument 1 of 'Xil_In32' makes integer from pointer without a cast
     while(Xil_In32(baseaddr_p) == 0);
                    ^
In file included from ../src/helloworld.c:18:0:
../../final_bsp/ps7_cortexa9_0/include/xil_io.h:227:5: note: expected 'UINTPTR' but argument is of type 'Xuint32 *'
 u32 Xil_In32(UINTPTR Addr);
     ^
../src/helloworld.c:166:20: warning: passing argument 1 of 'strcmp' makes pointer from integer without a cast
        if(!(strcmp(databufbuf[0], '0') == 0 && strcmp(databufbuf[1], 'C') <= 0))
                    ^
In file included from c:\xilinx\sdk\2016.2\gnu\aarch32\nt\gcc-arm-none-eabi\arm-none-eabi\include\stdio.h:29:0,
                 from ../src/helloworld.c:15:
c:\xilinx\sdk\2016.2\gnu\aarch32\nt\gcc-arm-none-eabi\arm-none-eabi\include\string.h:28:6: note: expected 'const char *' but argument is of type 'char'
 int  _EXFUN(strcmp,(const char *, const char *));
      ^
../src/helloworld.c:166:35: warning: passing argument 2 of 'strcmp' makes pointer from integer without a cast
        if(!(strcmp(databufbuf[0], '0') == 0 && strcmp(databufbuf[1], 'C') <= 0))
                                   ^
In file included from c:\xilinx\sdk\2016.2\gnu\aarch32\nt\gcc-arm-none-eabi\arm-none-eabi\include\stdio.h:29:0,
                 from ../src/helloworld.c:15:
c:\xilinx\sdk\2016.2\gnu\aarch32\nt\gcc-arm-none-eabi\arm-none-eabi\include\string.h:28:6: note: expected 'const char *' but argument is of type 'int'
 int  _EXFUN(strcmp,(const char *, const char *));
      ^
../src/helloworld.c:166:55: warning: passing argument 1 of 'strcmp' makes pointer from integer without a cast
        if(!(strcmp(databufbuf[0], '0') == 0 && strcmp(databufbuf[1], 'C') <= 0))
                                                       ^
In file included from c:\xilinx\sdk\2016.2\gnu\aarch32\nt\gcc-arm-none-eabi\arm-none-eabi\include\stdio.h:29:0,
                 from ../src/helloworld.c:15:
c:\xilinx\sdk\2016.2\gnu\aarch32\nt\gcc-arm-none-eabi\arm-none-eabi\include\string.h:28:6: note: expected 'const char *' but argument is of type 'char'
 int  _EXFUN(strcmp,(const char *, const char *));
      ^
../src/helloworld.c:166:70: warning: passing argument 2 of 'strcmp' makes pointer from integer without a cast
        if(!(strcmp(databufbuf[0], '0') == 0 && strcmp(databufbuf[1], 'C') <= 0))
                                                                      ^
In file included from c:\xilinx\sdk\2016.2\gnu\aarch32\nt\gcc-arm-none-eabi\arm-none-eabi\include\stdio.h:29:0,
                 from ../src/helloworld.c:15:
c:\xilinx\sdk\2016.2\gnu\aarch32\nt\gcc-arm-none-eabi\arm-none-eabi\include\string.h:28:6: note: expected 'const char *' but argument is of type 'int'
 int  _EXFUN(strcmp,(const char *, const char *));
      ^
../src/helloworld.c:61:10: warning: variable 'linefeed' set but not used [-Wunused-but-set-variable]
     char linefeed[4];
          ^
../src/helloworld.c:58:10: warning: variable 'status' set but not used [-Wunused-but-set-variable]
     char status[2];
          ^
../src/helloworld.c: In function 'init_cams':
../src/helloworld.c:210:9: warning: variable 'Status' set but not used [-Wunused-but-set-variable]
     int Status;
         ^
'Finished building: ../src/helloworld.c'
' '
'Building target: final.elf'
'Invoking: ARM v7 gcc linker'
arm-none-eabi-gcc -mcpu=cortex-a9 -mfpu=vfpv3 -mfloat-abi=hard -Wl,-build-id=none -specs=Xilinx.spec -Wl,-T -Wl,../src/lscript.ld -L../../final_bsp/ps7_cortexa9_0/lib -o "final.elf"  ./src/helloworld.o ./src/platform.o   -Wl,--start-group,-lxil,-lgcc,-lc,--end-group
'Finished building target: final.elf'
' '
'Invoking: ARM v7 Print Size'
arm-none-eabi-size final.elf  |tee "final.elf.size"
   text	   data	    bss	    dec	    hex	filename
  90384	   2604	  23436	 116424	  1c6c8	final.elf
'Finished building: final.elf.size'
' '
18:58:21 **** Incremental Build of configuration Debug for project final ****
make pre-build main-build 
a9-linaro-pre-build-step
' '
make: Nothing to be done for `main-build'.
19:03:47 **** Auto Build of configuration Debug for project final ****
make pre-build main-build 
a9-linaro-pre-build-step
' '
'Building file: ../src/helloworld.c'
'Invoking: ARM v7 gcc compiler'
arm-none-eabi-gcc -Wall -O0 -g3 -c -fmessage-length=0 -MT"src/helloworld.o" -mcpu=cortex-a9 -mfpu=vfpv3 -mfloat-abi=hard -I../../final_bsp/ps7_cortexa9_0/include -MMD -MP -MF"src/helloworld.d" -MT"src/helloworld.o" -o "src/helloworld.o" "../src/helloworld.c"
In file included from ../src/helloworld.c:19:0:
../../final_bsp/ps7_cortexa9_0/include/xbasic_types.h:115:2: warning: #warning The xbasics_type.h file is deprecated and users should use xil_types.h and xil_assert. [-Wcpp]
 #warning  The xbasics_type.h file is deprecated and users should use xil_types.h and xil_assert.
  ^
../../final_bsp/ps7_cortexa9_0/include/xbasic_types.h:116:2: warning: #warning Please refer the Standalone BSP UG647 for further details [-Wcpp]
 #warning  Please refer the Standalone BSP UG647 for further details
  ^
../src/helloworld.c: In function 'main':
../src/helloworld.c:91:20: warning: passing argument 1 of 'Xil_In32' makes integer from pointer without a cast
     while(Xil_In32(baseaddr_p) == 0);
                    ^
In file included from ../src/helloworld.c:18:0:
../../final_bsp/ps7_cortexa9_0/include/xil_io.h:227:5: note: expected 'UINTPTR' but argument is of type 'Xuint32 *'
 u32 Xil_In32(UINTPTR Addr);
     ^
../src/helloworld.c:164:20: warning: passing argument 1 of 'strcmp' makes pointer from integer without a cast
        if(!(strcmp(databufbuf[0], '0') == 0 && strcmp(databufbuf[1], 'C') <= 0))
                    ^
In file included from c:\xilinx\sdk\2016.2\gnu\aarch32\nt\gcc-arm-none-eabi\arm-none-eabi\include\stdio.h:29:0,
                 from ../src/helloworld.c:15:
c:\xilinx\sdk\2016.2\gnu\aarch32\nt\gcc-arm-none-eabi\arm-none-eabi\include\string.h:28:6: note: expected 'const char *' but argument is of type 'char'
 int  _EXFUN(strcmp,(const char *, const char *));
      ^
../src/helloworld.c:164:35: warning: passing argument 2 of 'strcmp' makes pointer from integer without a cast
        if(!(strcmp(databufbuf[0], '0') == 0 && strcmp(databufbuf[1], 'C') <= 0))
                                   ^
In file included from c:\xilinx\sdk\2016.2\gnu\aarch32\nt\gcc-arm-none-eabi\arm-none-eabi\include\stdio.h:29:0,
                 from ../src/helloworld.c:15:
c:\xilinx\sdk\2016.2\gnu\aarch32\nt\gcc-arm-none-eabi\arm-none-eabi\include\string.h:28:6: note: expected 'const char *' but argument is of type 'int'
 int  _EXFUN(strcmp,(const char *, const char *));
      ^
../src/helloworld.c:164:55: warning: passing argument 1 of 'strcmp' makes pointer from integer without a cast
        if(!(strcmp(databufbuf[0], '0') == 0 && strcmp(databufbuf[1], 'C') <= 0))
                                                       ^
In file included from c:\xilinx\sdk\2016.2\gnu\aarch32\nt\gcc-arm-none-eabi\arm-none-eabi\include\stdio.h:29:0,
                 from ../src/helloworld.c:15:
c:\xilinx\sdk\2016.2\gnu\aarch32\nt\gcc-arm-none-eabi\arm-none-eabi\include\string.h:28:6: note: expected 'const char *' but argument is of type 'char'
 int  _EXFUN(strcmp,(const char *, const char *));
      ^
../src/helloworld.c:164:70: warning: passing argument 2 of 'strcmp' makes pointer from integer without a cast
        if(!(strcmp(databufbuf[0], '0') == 0 && strcmp(databufbuf[1], 'C') <= 0))
                                                                      ^
In file included from c:\xilinx\sdk\2016.2\gnu\aarch32\nt\gcc-arm-none-eabi\arm-none-eabi\include\stdio.h:29:0,
                 from ../src/helloworld.c:15:
c:\xilinx\sdk\2016.2\gnu\aarch32\nt\gcc-arm-none-eabi\arm-none-eabi\include\string.h:28:6: note: expected 'const char *' but argument is of type 'int'
 int  _EXFUN(strcmp,(const char *, const char *));
      ^
../src/helloworld.c:61:10: warning: variable 'linefeed' set but not used [-Wunused-but-set-variable]
     char linefeed[4];
          ^
../src/helloworld.c:58:10: warning: variable 'status' set but not used [-Wunused-but-set-variable]
     char status[2];
          ^
../src/helloworld.c: In function 'init_cams':
../src/helloworld.c:208:9: warning: variable 'Status' set but not used [-Wunused-but-set-variable]
     int Status;
         ^
'Finished building: ../src/helloworld.c'
' '
'Building target: final.elf'
'Invoking: ARM v7 gcc linker'
arm-none-eabi-gcc -mcpu=cortex-a9 -mfpu=vfpv3 -mfloat-abi=hard -Wl,-build-id=none -specs=Xilinx.spec -Wl,-T -Wl,../src/lscript.ld -L../../final_bsp/ps7_cortexa9_0/lib -o "final.elf"  ./src/helloworld.o ./src/platform.o   -Wl,--start-group,-lxil,-lgcc,-lc,--end-group
'Finished building target: final.elf'
' '
'Invoking: ARM v7 Print Size'
arm-none-eabi-size final.elf  |tee "final.elf.size"
   text	   data	    bss	    dec	    hex	filename
  90384	   2604	  23436	 116424	  1c6c8	final.elf
'Finished building: final.elf.size'
' '
19:04:12 **** Auto Build of configuration Debug for project final ****
make pre-build main-build 
a9-linaro-pre-build-step
' '
'Building file: ../src/helloworld.c'
'Invoking: ARM v7 gcc compiler'
arm-none-eabi-gcc -Wall -O0 -g3 -c -fmessage-length=0 -MT"src/helloworld.o" -mcpu=cortex-a9 -mfpu=vfpv3 -mfloat-abi=hard -I../../final_bsp/ps7_cortexa9_0/include -MMD -MP -MF"src/helloworld.d" -MT"src/helloworld.o" -o "src/helloworld.o" "../src/helloworld.c"
In file included from ../src/helloworld.c:19:0:
../../final_bsp/ps7_cortexa9_0/include/xbasic_types.h:115:2: warning: #warning The xbasics_type.h file is deprecated and users should use xil_types.h and xil_assert. [-Wcpp]
 #warning  The xbasics_type.h file is deprecated and users should use xil_types.h and xil_assert.
  ^
../../final_bsp/ps7_cortexa9_0/include/xbasic_types.h:116:2: warning: #warning Please refer the Standalone BSP UG647 for further details [-Wcpp]
 #warning  Please refer the Standalone BSP UG647 for further details
  ^
../src/helloworld.c: In function 'main':
../src/helloworld.c:91:20: warning: passing argument 1 of 'Xil_In32' makes integer from pointer without a cast
     while(Xil_In32(baseaddr_p) == 0);
                    ^
In file included from ../src/helloworld.c:18:0:
../../final_bsp/ps7_cortexa9_0/include/xil_io.h:227:5: note: expected 'UINTPTR' but argument is of type 'Xuint32 *'
 u32 Xil_In32(UINTPTR Addr);
     ^
../src/helloworld.c:158:20: warning: passing argument 1 of 'strcmp' makes pointer from integer without a cast
        if(!(strcmp(databufbuf[0], '0') == 0 && strcmp(databufbuf[1], 'C') <= 0))
                    ^
In file included from c:\xilinx\sdk\2016.2\gnu\aarch32\nt\gcc-arm-none-eabi\arm-none-eabi\include\stdio.h:29:0,
                 from ../src/helloworld.c:15:
c:\xilinx\sdk\2016.2\gnu\aarch32\nt\gcc-arm-none-eabi\arm-none-eabi\include\string.h:28:6: note: expected 'const char *' but argument is of type 'char'
 int  _EXFUN(strcmp,(const char *, const char *));
      ^
../src/helloworld.c:158:35: warning: passing argument 2 of 'strcmp' makes pointer from integer without a cast
        if(!(strcmp(databufbuf[0], '0') == 0 && strcmp(databufbuf[1], 'C') <= 0))
                                   ^
In file included from c:\xilinx\sdk\2016.2\gnu\aarch32\nt\gcc-arm-none-eabi\arm-none-eabi\include\stdio.h:29:0,
                 from ../src/helloworld.c:15:
c:\xilinx\sdk\2016.2\gnu\aarch32\nt\gcc-arm-none-eabi\arm-none-eabi\include\string.h:28:6: note: expected 'const char *' but argument is of type 'int'
 int  _EXFUN(strcmp,(const char *, const char *));
      ^
../src/helloworld.c:158:55: warning: passing argument 1 of 'strcmp' makes pointer from integer without a cast
        if(!(strcmp(databufbuf[0], '0') == 0 && strcmp(databufbuf[1], 'C') <= 0))
                                                       ^
In file included from c:\xilinx\sdk\2016.2\gnu\aarch32\nt\gcc-arm-none-eabi\arm-none-eabi\include\stdio.h:29:0,
                 from ../src/helloworld.c:15:
c:\xilinx\sdk\2016.2\gnu\aarch32\nt\gcc-arm-none-eabi\arm-none-eabi\include\string.h:28:6: note: expected 'const char *' but argument is of type 'char'
 int  _EXFUN(strcmp,(const char *, const char *));
      ^
../src/helloworld.c:158:70: warning: passing argument 2 of 'strcmp' makes pointer from integer without a cast
        if(!(strcmp(databufbuf[0], '0') == 0 && strcmp(databufbuf[1], 'C') <= 0))
                                                                      ^
In file included from c:\xilinx\sdk\2016.2\gnu\aarch32\nt\gcc-arm-none-eabi\arm-none-eabi\include\stdio.h:29:0,
                 from ../src/helloworld.c:15:
c:\xilinx\sdk\2016.2\gnu\aarch32\nt\gcc-arm-none-eabi\arm-none-eabi\include\string.h:28:6: note: expected 'const char *' but argument is of type 'int'
 int  _EXFUN(strcmp,(const char *, const char *));
      ^
../src/helloworld.c:61:10: warning: variable 'linefeed' set but not used [-Wunused-but-set-variable]
     char linefeed[4];
          ^
../src/helloworld.c:58:10: warning: variable 'status' set but not used [-Wunused-but-set-variable]
     char status[2];
          ^
../src/helloworld.c: In function 'init_cams':
../src/helloworld.c:202:9: warning: variable 'Status' set but not used [-Wunused-but-set-variable]
     int Status;
         ^
'Finished building: ../src/helloworld.c'
' '
'Building target: final.elf'
'Invoking: ARM v7 gcc linker'
arm-none-eabi-gcc -mcpu=cortex-a9 -mfpu=vfpv3 -mfloat-abi=hard -Wl,-build-id=none -specs=Xilinx.spec -Wl,-T -Wl,../src/lscript.ld -L../../final_bsp/ps7_cortexa9_0/lib -o "final.elf"  ./src/helloworld.o ./src/platform.o   -Wl,--start-group,-lxil,-lgcc,-lc,--end-group
'Finished building target: final.elf'
' '
'Invoking: ARM v7 Print Size'
arm-none-eabi-size final.elf  |tee "final.elf.size"
   text	   data	    bss	    dec	    hex	filename
  90384	   2604	  23436	 116424	  1c6c8	final.elf
'Finished building: final.elf.size'
' '
19:05:24 **** Auto Build of configuration Debug for project final ****
make pre-build main-build 
a9-linaro-pre-build-step
' '
'Building file: ../src/helloworld.c'
'Invoking: ARM v7 gcc compiler'
arm-none-eabi-gcc -Wall -O0 -g3 -c -fmessage-length=0 -MT"src/helloworld.o" -mcpu=cortex-a9 -mfpu=vfpv3 -mfloat-abi=hard -I../../final_bsp/ps7_cortexa9_0/include -MMD -MP -MF"src/helloworld.d" -MT"src/helloworld.o" -o "src/helloworld.o" "../src/helloworld.c"
In file included from ../src/helloworld.c:19:0:
../../final_bsp/ps7_cortexa9_0/include/xbasic_types.h:115:2: warning: #warning The xbasics_type.h file is deprecated and users should use xil_types.h and xil_assert. [-Wcpp]
 #warning  The xbasics_type.h file is deprecated and users should use xil_types.h and xil_assert.
  ^
../../final_bsp/ps7_cortexa9_0/include/xbasic_types.h:116:2: warning: #warning Please refer the Standalone BSP UG647 for further details [-Wcpp]
 #warning  Please refer the Standalone BSP UG647 for further details
  ^
../src/helloworld.c: In function 'main':
../src/helloworld.c:91:20: warning: passing argument 1 of 'Xil_In32' makes integer from pointer without a cast
     while(Xil_In32(baseaddr_p) == 0);
                    ^
In file included from ../src/helloworld.c:18:0:
../../final_bsp/ps7_cortexa9_0/include/xil_io.h:227:5: note: expected 'UINTPTR' but argument is of type 'Xuint32 *'
 u32 Xil_In32(UINTPTR Addr);
     ^
../src/helloworld.c:156:20: warning: passing argument 1 of 'strcmp' makes pointer from integer without a cast
        if(!(strcmp(databufbuf[0], '0') == 0 && strcmp(databufbuf[1], 'C') <= 0))
                    ^
In file included from c:\xilinx\sdk\2016.2\gnu\aarch32\nt\gcc-arm-none-eabi\arm-none-eabi\include\stdio.h:29:0,
                 from ../src/helloworld.c:15:
c:\xilinx\sdk\2016.2\gnu\aarch32\nt\gcc-arm-none-eabi\arm-none-eabi\include\string.h:28:6: note: expected 'const char *' but argument is of type 'char'
 int  _EXFUN(strcmp,(const char *, const char *));
      ^
../src/helloworld.c:156:35: warning: passing argument 2 of 'strcmp' makes pointer from integer without a cast
        if(!(strcmp(databufbuf[0], '0') == 0 && strcmp(databufbuf[1], 'C') <= 0))
                                   ^
In file included from c:\xilinx\sdk\2016.2\gnu\aarch32\nt\gcc-arm-none-eabi\arm-none-eabi\include\stdio.h:29:0,
                 from ../src/helloworld.c:15:
c:\xilinx\sdk\2016.2\gnu\aarch32\nt\gcc-arm-none-eabi\arm-none-eabi\include\string.h:28:6: note: expected 'const char *' but argument is of type 'int'
 int  _EXFUN(strcmp,(const char *, const char *));
      ^
../src/helloworld.c:156:55: warning: passing argument 1 of 'strcmp' makes pointer from integer without a cast
        if(!(strcmp(databufbuf[0], '0') == 0 && strcmp(databufbuf[1], 'C') <= 0))
                                                       ^
In file included from c:\xilinx\sdk\2016.2\gnu\aarch32\nt\gcc-arm-none-eabi\arm-none-eabi\include\stdio.h:29:0,
                 from ../src/helloworld.c:15:
c:\xilinx\sdk\2016.2\gnu\aarch32\nt\gcc-arm-none-eabi\arm-none-eabi\include\string.h:28:6: note: expected 'const char *' but argument is of type 'char'
 int  _EXFUN(strcmp,(const char *, const char *));
      ^
../src/helloworld.c:156:70: warning: passing argument 2 of 'strcmp' makes pointer from integer without a cast
        if(!(strcmp(databufbuf[0], '0') == 0 && strcmp(databufbuf[1], 'C') <= 0))
                                                                      ^
In file included from c:\xilinx\sdk\2016.2\gnu\aarch32\nt\gcc-arm-none-eabi\arm-none-eabi\include\stdio.h:29:0,
                 from ../src/helloworld.c:15:
c:\xilinx\sdk\2016.2\gnu\aarch32\nt\gcc-arm-none-eabi\arm-none-eabi\include\string.h:28:6: note: expected 'const char *' but argument is of type 'int'
 int  _EXFUN(strcmp,(const char *, const char *));
      ^
../src/helloworld.c:61:10: warning: variable 'linefeed' set but not used [-Wunused-but-set-variable]
     char linefeed[4];
          ^
../src/helloworld.c:58:10: warning: variable 'status' set but not used [-Wunused-but-set-variable]
     char status[2];
          ^
../src/helloworld.c: In function 'init_cams':
../src/helloworld.c:200:9: warning: variable 'Status' set but not used [-Wunused-but-set-variable]
     int Status;
         ^
'Finished building: ../src/helloworld.c'
' '
'Building target: final.elf'
'Invoking: ARM v7 gcc linker'
arm-none-eabi-gcc -mcpu=cortex-a9 -mfpu=vfpv3 -mfloat-abi=hard -Wl,-build-id=none -specs=Xilinx.spec -Wl,-T -Wl,../src/lscript.ld -L../../final_bsp/ps7_cortexa9_0/lib -o "final.elf"  ./src/helloworld.o ./src/platform.o   -Wl,--start-group,-lxil,-lgcc,-lc,--end-group
'Finished building target: final.elf'
' '
'Invoking: ARM v7 Print Size'
arm-none-eabi-size final.elf  |tee "final.elf.size"
   text	   data	    bss	    dec	    hex	filename
  51404	   2208	  22740	  76352	  12a40	final.elf
'Finished building: final.elf.size'
' '
19:05:38 **** Auto Build of configuration Debug for project final ****
make pre-build main-build 
a9-linaro-pre-build-step
' '
'Building file: ../src/helloworld.c'
'Invoking: ARM v7 gcc compiler'
arm-none-eabi-gcc -Wall -O0 -g3 -c -fmessage-length=0 -MT"src/helloworld.o" -mcpu=cortex-a9 -mfpu=vfpv3 -mfloat-abi=hard -I../../final_bsp/ps7_cortexa9_0/include -MMD -MP -MF"src/helloworld.d" -MT"src/helloworld.o" -o "src/helloworld.o" "../src/helloworld.c"
In file included from ../src/helloworld.c:19:0:
../../final_bsp/ps7_cortexa9_0/include/xbasic_types.h:115:2: warning: #warning The xbasics_type.h file is deprecated and users should use xil_types.h and xil_assert. [-Wcpp]
 #warning  The xbasics_type.h file is deprecated and users should use xil_types.h and xil_assert.
  ^
../../final_bsp/ps7_cortexa9_0/include/xbasic_types.h:116:2: warning: #warning Please refer the Standalone BSP UG647 for further details [-Wcpp]
 #warning  Please refer the Standalone BSP UG647 for further details
  ^
../src/helloworld.c: In function 'main':
../src/helloworld.c:91:20: warning: passing argument 1 of 'Xil_In32' makes integer from pointer without a cast
     while(Xil_In32(baseaddr_p) == 0);
                    ^
In file included from ../src/helloworld.c:18:0:
../../final_bsp/ps7_cortexa9_0/include/xil_io.h:227:5: note: expected 'UINTPTR' but argument is of type 'Xuint32 *'
 u32 Xil_In32(UINTPTR Addr);
     ^
../src/helloworld.c:156:20: warning: passing argument 1 of 'strcmp' makes pointer from integer without a cast
        if(!(strcmp(databufbuf[0], '0') == 0 && strcmp(databufbuf[1], 'C') <= 0))
                    ^
In file included from c:\xilinx\sdk\2016.2\gnu\aarch32\nt\gcc-arm-none-eabi\arm-none-eabi\include\stdio.h:29:0,
                 from ../src/helloworld.c:15:
c:\xilinx\sdk\2016.2\gnu\aarch32\nt\gcc-arm-none-eabi\arm-none-eabi\include\string.h:28:6: note: expected 'const char *' but argument is of type 'char'
 int  _EXFUN(strcmp,(const char *, const char *));
      ^
../src/helloworld.c:156:35: warning: passing argument 2 of 'strcmp' makes pointer from integer without a cast
        if(!(strcmp(databufbuf[0], '0') == 0 && strcmp(databufbuf[1], 'C') <= 0))
                                   ^
In file included from c:\xilinx\sdk\2016.2\gnu\aarch32\nt\gcc-arm-none-eabi\arm-none-eabi\include\stdio.h:29:0,
                 from ../src/helloworld.c:15:
c:\xilinx\sdk\2016.2\gnu\aarch32\nt\gcc-arm-none-eabi\arm-none-eabi\include\string.h:28:6: note: expected 'const char *' but argument is of type 'int'
 int  _EXFUN(strcmp,(const char *, const char *));
      ^
../src/helloworld.c:156:55: warning: passing argument 1 of 'strcmp' makes pointer from integer without a cast
        if(!(strcmp(databufbuf[0], '0') == 0 && strcmp(databufbuf[1], 'C') <= 0))
                                                       ^
In file included from c:\xilinx\sdk\2016.2\gnu\aarch32\nt\gcc-arm-none-eabi\arm-none-eabi\include\stdio.h:29:0,
                 from ../src/helloworld.c:15:
c:\xilinx\sdk\2016.2\gnu\aarch32\nt\gcc-arm-none-eabi\arm-none-eabi\include\string.h:28:6: note: expected 'const char *' but argument is of type 'char'
 int  _EXFUN(strcmp,(const char *, const char *));
      ^
../src/helloworld.c:156:70: warning: passing argument 2 of 'strcmp' makes pointer from integer without a cast
        if(!(strcmp(databufbuf[0], '0') == 0 && strcmp(databufbuf[1], 'C') <= 0))
                                                                      ^
In file included from c:\xilinx\sdk\2016.2\gnu\aarch32\nt\gcc-arm-none-eabi\arm-none-eabi\include\stdio.h:29:0,
                 from ../src/helloworld.c:15:
c:\xilinx\sdk\2016.2\gnu\aarch32\nt\gcc-arm-none-eabi\arm-none-eabi\include\string.h:28:6: note: expected 'const char *' but argument is of type 'int'
 int  _EXFUN(strcmp,(const char *, const char *));
      ^
../src/helloworld.c:61:10: warning: variable 'linefeed' set but not used [-Wunused-but-set-variable]
     char linefeed[4];
          ^
../src/helloworld.c:58:10: warning: variable 'status' set but not used [-Wunused-but-set-variable]
     char status[2];
          ^
../src/helloworld.c: In function 'init_cams':
../src/helloworld.c:199:9: warning: variable 'Status' set but not used [-Wunused-but-set-variable]
     int Status;
         ^
'Finished building: ../src/helloworld.c'
' '
'Building target: final.elf'
'Invoking: ARM v7 gcc linker'
arm-none-eabi-gcc -mcpu=cortex-a9 -mfpu=vfpv3 -mfloat-abi=hard -Wl,-build-id=none -specs=Xilinx.spec -Wl,-T -Wl,../src/lscript.ld -L../../final_bsp/ps7_cortexa9_0/lib -o "final.elf"  ./src/helloworld.o ./src/platform.o   -Wl,--start-group,-lxil,-lgcc,-lc,--end-group
'Finished building target: final.elf'
' '
'Invoking: ARM v7 Print Size'
arm-none-eabi-size final.elf  |tee "final.elf.size"
   text	   data	    bss	    dec	    hex	filename
  51404	   2208	  22740	  76352	  12a40	final.elf
'Finished building: final.elf.size'
' '
19:06:23 **** Incremental Build of configuration Debug for project final ****
make pre-build main-build 
a9-linaro-pre-build-step
' '
make: Nothing to be done for `main-build'.
19:11:19 **** Auto Build of configuration Debug for project final ****
make pre-build main-build 
a9-linaro-pre-build-step
' '
'Building file: ../src/helloworld.c'
'Invoking: ARM v7 gcc compiler'
arm-none-eabi-gcc -Wall -O0 -g3 -c -fmessage-length=0 -MT"src/helloworld.o" -mcpu=cortex-a9 -mfpu=vfpv3 -mfloat-abi=hard -I../../final_bsp/ps7_cortexa9_0/include -MMD -MP -MF"src/helloworld.d" -MT"src/helloworld.o" -o "src/helloworld.o" "../src/helloworld.c"
In file included from ../src/helloworld.c:19:0:
../../final_bsp/ps7_cortexa9_0/include/xbasic_types.h:115:2: warning: #warning The xbasics_type.h file is deprecated and users should use xil_types.h and xil_assert. [-Wcpp]
 #warning  The xbasics_type.h file is deprecated and users should use xil_types.h and xil_assert.
  ^
../../final_bsp/ps7_cortexa9_0/include/xbasic_types.h:116:2: warning: #warning Please refer the Standalone BSP UG647 for further details [-Wcpp]
 #warning  Please refer the Standalone BSP UG647 for further details
  ^
../src/helloworld.c: In function 'main':
../src/helloworld.c:91:20: warning: passing argument 1 of 'Xil_In32' makes integer from pointer without a cast
     while(Xil_In32(baseaddr_p) == 0);
                    ^
In file included from ../src/helloworld.c:18:0:
../../final_bsp/ps7_cortexa9_0/include/xil_io.h:227:5: note: expected 'UINTPTR' but argument is of type 'Xuint32 *'
 u32 Xil_In32(UINTPTR Addr);
     ^
../src/helloworld.c:156:20: warning: passing argument 1 of 'strcmp' makes pointer from integer without a cast
        if(!(strcmp(databufbuf[0], '0') == 0 && strcmp(databufbuf[1], 'C') <= 0))
                    ^
In file included from c:\xilinx\sdk\2016.2\gnu\aarch32\nt\gcc-arm-none-eabi\arm-none-eabi\include\stdio.h:29:0,
                 from ../src/helloworld.c:15:
c:\xilinx\sdk\2016.2\gnu\aarch32\nt\gcc-arm-none-eabi\arm-none-eabi\include\string.h:28:6: note: expected 'const char *' but argument is of type 'char'
 int  _EXFUN(strcmp,(const char *, const char *));
      ^
../src/helloworld.c:156:35: warning: passing argument 2 of 'strcmp' makes pointer from integer without a cast
        if(!(strcmp(databufbuf[0], '0') == 0 && strcmp(databufbuf[1], 'C') <= 0))
                                   ^
In file included from c:\xilinx\sdk\2016.2\gnu\aarch32\nt\gcc-arm-none-eabi\arm-none-eabi\include\stdio.h:29:0,
                 from ../src/helloworld.c:15:
c:\xilinx\sdk\2016.2\gnu\aarch32\nt\gcc-arm-none-eabi\arm-none-eabi\include\string.h:28:6: note: expected 'const char *' but argument is of type 'int'
 int  _EXFUN(strcmp,(const char *, const char *));
      ^
../src/helloworld.c:156:55: warning: passing argument 1 of 'strcmp' makes pointer from integer without a cast
        if(!(strcmp(databufbuf[0], '0') == 0 && strcmp(databufbuf[1], 'C') <= 0))
                                                       ^
In file included from c:\xilinx\sdk\2016.2\gnu\aarch32\nt\gcc-arm-none-eabi\arm-none-eabi\include\stdio.h:29:0,
                 from ../src/helloworld.c:15:
c:\xilinx\sdk\2016.2\gnu\aarch32\nt\gcc-arm-none-eabi\arm-none-eabi\include\string.h:28:6: note: expected 'const char *' but argument is of type 'char'
 int  _EXFUN(strcmp,(const char *, const char *));
      ^
../src/helloworld.c:156:70: warning: passing argument 2 of 'strcmp' makes pointer from integer without a cast
        if(!(strcmp(databufbuf[0], '0') == 0 && strcmp(databufbuf[1], 'C') <= 0))
                                                                      ^
In file included from c:\xilinx\sdk\2016.2\gnu\aarch32\nt\gcc-arm-none-eabi\arm-none-eabi\include\stdio.h:29:0,
                 from ../src/helloworld.c:15:
c:\xilinx\sdk\2016.2\gnu\aarch32\nt\gcc-arm-none-eabi\arm-none-eabi\include\string.h:28:6: note: expected 'const char *' but argument is of type 'int'
 int  _EXFUN(strcmp,(const char *, const char *));
      ^
../src/helloworld.c:61:10: warning: variable 'linefeed' set but not used [-Wunused-but-set-variable]
     char linefeed[4];
          ^
../src/helloworld.c:58:10: warning: variable 'status' set but not used [-Wunused-but-set-variable]
     char status[2];
          ^
../src/helloworld.c: In function 'init_cams':
../src/helloworld.c:199:9: warning: variable 'Status' set but not used [-Wunused-but-set-variable]
     int Status;
         ^
'Finished building: ../src/helloworld.c'
' '
'Building target: final.elf'
'Invoking: ARM v7 gcc linker'
arm-none-eabi-gcc -mcpu=cortex-a9 -mfpu=vfpv3 -mfloat-abi=hard -Wl,-build-id=none -specs=Xilinx.spec -Wl,-T -Wl,../src/lscript.ld -L../../final_bsp/ps7_cortexa9_0/lib -o "final.elf"  ./src/helloworld.o ./src/platform.o   -Wl,--start-group,-lxil,-lgcc,-lc,--end-group
'Finished building target: final.elf'
' '
'Invoking: ARM v7 Print Size'
arm-none-eabi-size final.elf  |tee "final.elf.size"
   text	   data	    bss	    dec	    hex	filename
  51404	   2208	  22740	  76352	  12a40	final.elf
'Finished building: final.elf.size'
' '
19:11:21 **** Auto Build of configuration Debug for project final ****
make pre-build main-build 
a9-linaro-pre-build-step
' '
'Building file: ../src/helloworld.c'
'Invoking: ARM v7 gcc compiler'
arm-none-eabi-gcc -Wall -O0 -g3 -c -fmessage-length=0 -MT"src/helloworld.o" -mcpu=cortex-a9 -mfpu=vfpv3 -mfloat-abi=hard -I../../final_bsp/ps7_cortexa9_0/include -MMD -MP -MF"src/helloworld.d" -MT"src/helloworld.o" -o "src/helloworld.o" "../src/helloworld.c"
In file included from ../src/helloworld.c:19:0:
../../final_bsp/ps7_cortexa9_0/include/xbasic_types.h:115:2: warning: #warning The xbasics_type.h file is deprecated and users should use xil_types.h and xil_assert. [-Wcpp]
 #warning  The xbasics_type.h file is deprecated and users should use xil_types.h and xil_assert.
  ^
../../final_bsp/ps7_cortexa9_0/include/xbasic_types.h:116:2: warning: #warning Please refer the Standalone BSP UG647 for further details [-Wcpp]
 #warning  Please refer the Standalone BSP UG647 for further details
  ^
../src/helloworld.c: In function 'main':
../src/helloworld.c:91:20: warning: passing argument 1 of 'Xil_In32' makes integer from pointer without a cast
     while(Xil_In32(baseaddr_p) == 0);
                    ^
In file included from ../src/helloworld.c:18:0:
../../final_bsp/ps7_cortexa9_0/include/xil_io.h:227:5: note: expected 'UINTPTR' but argument is of type 'Xuint32 *'
 u32 Xil_In32(UINTPTR Addr);
     ^
../src/helloworld.c:156:20: warning: passing argument 1 of 'strcmp' makes pointer from integer without a cast
        if(!(strcmp(databufbuf[0], '0') == 0 && strcmp(databufbuf[1], 'C') <= 0))
                    ^
In file included from c:\xilinx\sdk\2016.2\gnu\aarch32\nt\gcc-arm-none-eabi\arm-none-eabi\include\stdio.h:29:0,
                 from ../src/helloworld.c:15:
c:\xilinx\sdk\2016.2\gnu\aarch32\nt\gcc-arm-none-eabi\arm-none-eabi\include\string.h:28:6: note: expected 'const char *' but argument is of type 'char'
 int  _EXFUN(strcmp,(const char *, const char *));
      ^
../src/helloworld.c:156:35: warning: passing argument 2 of 'strcmp' makes pointer from integer without a cast
        if(!(strcmp(databufbuf[0], '0') == 0 && strcmp(databufbuf[1], 'C') <= 0))
                                   ^
In file included from c:\xilinx\sdk\2016.2\gnu\aarch32\nt\gcc-arm-none-eabi\arm-none-eabi\include\stdio.h:29:0,
                 from ../src/helloworld.c:15:
c:\xilinx\sdk\2016.2\gnu\aarch32\nt\gcc-arm-none-eabi\arm-none-eabi\include\string.h:28:6: note: expected 'const char *' but argument is of type 'int'
 int  _EXFUN(strcmp,(const char *, const char *));
      ^
../src/helloworld.c:156:55: warning: passing argument 1 of 'strcmp' makes pointer from integer without a cast
        if(!(strcmp(databufbuf[0], '0') == 0 && strcmp(databufbuf[1], 'C') <= 0))
                                                       ^
In file included from c:\xilinx\sdk\2016.2\gnu\aarch32\nt\gcc-arm-none-eabi\arm-none-eabi\include\stdio.h:29:0,
                 from ../src/helloworld.c:15:
c:\xilinx\sdk\2016.2\gnu\aarch32\nt\gcc-arm-none-eabi\arm-none-eabi\include\string.h:28:6: note: expected 'const char *' but argument is of type 'char'
 int  _EXFUN(strcmp,(const char *, const char *));
      ^
../src/helloworld.c:156:70: warning: passing argument 2 of 'strcmp' makes pointer from integer without a cast
        if(!(strcmp(databufbuf[0], '0') == 0 && strcmp(databufbuf[1], 'C') <= 0))
                                                                      ^
In file included from c:\xilinx\sdk\2016.2\gnu\aarch32\nt\gcc-arm-none-eabi\arm-none-eabi\include\stdio.h:29:0,
                 from ../src/helloworld.c:15:
c:\xilinx\sdk\2016.2\gnu\aarch32\nt\gcc-arm-none-eabi\arm-none-eabi\include\string.h:28:6: note: expected 'const char *' but argument is of type 'int'
 int  _EXFUN(strcmp,(const char *, const char *));
      ^
../src/helloworld.c:61:10: warning: variable 'linefeed' set but not used [-Wunused-but-set-variable]
     char linefeed[4];
          ^
../src/helloworld.c:58:10: warning: variable 'status' set but not used [-Wunused-but-set-variable]
     char status[2];
          ^
../src/helloworld.c: In function 'init_cams':
../src/helloworld.c:199:9: warning: variable 'Status' set but not used [-Wunused-but-set-variable]
     int Status;
         ^
'Finished building: ../src/helloworld.c'
' '
'Building target: final.elf'
'Invoking: ARM v7 gcc linker'
arm-none-eabi-gcc -mcpu=cortex-a9 -mfpu=vfpv3 -mfloat-abi=hard -Wl,-build-id=none -specs=Xilinx.spec -Wl,-T -Wl,../src/lscript.ld -L../../final_bsp/ps7_cortexa9_0/lib -o "final.elf"  ./src/helloworld.o ./src/platform.o   -Wl,--start-group,-lxil,-lgcc,-lc,--end-group
'Finished building target: final.elf'
' '
'Invoking: ARM v7 Print Size'
arm-none-eabi-size final.elf  |tee "final.elf.size"
   text	   data	    bss	    dec	    hex	filename
  51404	   2208	  22740	  76352	  12a40	final.elf
'Finished building: final.elf.size'
' '
19:15:01 **** Incremental Build of configuration Debug for project final ****
make pre-build main-build 
a9-linaro-pre-build-step
' '
make: Nothing to be done for `main-build'.
19:16:26 **** Auto Build of configuration Debug for project final ****
make pre-build main-build 
a9-linaro-pre-build-step
' '
'Building file: ../src/helloworld.c'
'Invoking: ARM v7 gcc compiler'
arm-none-eabi-gcc -Wall -O0 -g3 -c -fmessage-length=0 -MT"src/helloworld.o" -mcpu=cortex-a9 -mfpu=vfpv3 -mfloat-abi=hard -I../../final_bsp/ps7_cortexa9_0/include -MMD -MP -MF"src/helloworld.d" -MT"src/helloworld.o" -o "src/helloworld.o" "../src/helloworld.c"
In file included from ../src/helloworld.c:19:0:
../../final_bsp/ps7_cortexa9_0/include/xbasic_types.h:115:2: warning: #warning The xbasics_type.h file is deprecated and users should use xil_types.h and xil_assert. [-Wcpp]
 #warning  The xbasics_type.h file is deprecated and users should use xil_types.h and xil_assert.
  ^
../../final_bsp/ps7_cortexa9_0/include/xbasic_types.h:116:2: warning: #warning Please refer the Standalone BSP UG647 for further details [-Wcpp]
 #warning  Please refer the Standalone BSP UG647 for further details
  ^
../src/helloworld.c: In function 'main':
../src/helloworld.c:91:20: warning: passing argument 1 of 'Xil_In32' makes integer from pointer without a cast
     while(Xil_In32(baseaddr_p) == 0);
                    ^
In file included from ../src/helloworld.c:18:0:
../../final_bsp/ps7_cortexa9_0/include/xil_io.h:227:5: note: expected 'UINTPTR' but argument is of type 'Xuint32 *'
 u32 Xil_In32(UINTPTR Addr);
     ^
../src/helloworld.c:156:20: warning: passing argument 1 of 'strcmp' makes pointer from integer without a cast
        if(!(strcmp(databufbuf[0], '0') == 0 && strcmp(databufbuf[1], 'C') <= 0))
                    ^
In file included from c:\xilinx\sdk\2016.2\gnu\aarch32\nt\gcc-arm-none-eabi\arm-none-eabi\include\stdio.h:29:0,
                 from ../src/helloworld.c:15:
c:\xilinx\sdk\2016.2\gnu\aarch32\nt\gcc-arm-none-eabi\arm-none-eabi\include\string.h:28:6: note: expected 'const char *' but argument is of type 'char'
 int  _EXFUN(strcmp,(const char *, const char *));
      ^
../src/helloworld.c:156:35: warning: passing argument 2 of 'strcmp' makes pointer from integer without a cast
        if(!(strcmp(databufbuf[0], '0') == 0 && strcmp(databufbuf[1], 'C') <= 0))
                                   ^
In file included from c:\xilinx\sdk\2016.2\gnu\aarch32\nt\gcc-arm-none-eabi\arm-none-eabi\include\stdio.h:29:0,
                 from ../src/helloworld.c:15:
c:\xilinx\sdk\2016.2\gnu\aarch32\nt\gcc-arm-none-eabi\arm-none-eabi\include\string.h:28:6: note: expected 'const char *' but argument is of type 'int'
 int  _EXFUN(strcmp,(const char *, const char *));
      ^
../src/helloworld.c:156:55: warning: passing argument 1 of 'strcmp' makes pointer from integer without a cast
        if(!(strcmp(databufbuf[0], '0') == 0 && strcmp(databufbuf[1], 'C') <= 0))
                                                       ^
In file included from c:\xilinx\sdk\2016.2\gnu\aarch32\nt\gcc-arm-none-eabi\arm-none-eabi\include\stdio.h:29:0,
                 from ../src/helloworld.c:15:
c:\xilinx\sdk\2016.2\gnu\aarch32\nt\gcc-arm-none-eabi\arm-none-eabi\include\string.h:28:6: note: expected 'const char *' but argument is of type 'char'
 int  _EXFUN(strcmp,(const char *, const char *));
      ^
../src/helloworld.c:156:70: warning: passing argument 2 of 'strcmp' makes pointer from integer without a cast
        if(!(strcmp(databufbuf[0], '0') == 0 && strcmp(databufbuf[1], 'C') <= 0))
                                                                      ^
In file included from c:\xilinx\sdk\2016.2\gnu\aarch32\nt\gcc-arm-none-eabi\arm-none-eabi\include\stdio.h:29:0,
                 from ../src/helloworld.c:15:
c:\xilinx\sdk\2016.2\gnu\aarch32\nt\gcc-arm-none-eabi\arm-none-eabi\include\string.h:28:6: note: expected 'const char *' but argument is of type 'int'
 int  _EXFUN(strcmp,(const char *, const char *));
      ^
../src/helloworld.c:61:10: warning: variable 'linefeed' set but not used [-Wunused-but-set-variable]
     char linefeed[4];
          ^
../src/helloworld.c:58:10: warning: variable 'status' set but not used [-Wunused-but-set-variable]
     char status[2];
          ^
../src/helloworld.c: In function 'init_cams':
../src/helloworld.c:199:9: warning: variable 'Status' set but not used [-Wunused-but-set-variable]
     int Status;
         ^
'Finished building: ../src/helloworld.c'
' '
'Building target: final.elf'
'Invoking: ARM v7 gcc linker'
arm-none-eabi-gcc -mcpu=cortex-a9 -mfpu=vfpv3 -mfloat-abi=hard -Wl,-build-id=none -specs=Xilinx.spec -Wl,-T -Wl,../src/lscript.ld -L../../final_bsp/ps7_cortexa9_0/lib -o "final.elf"  ./src/helloworld.o ./src/platform.o   -Wl,--start-group,-lxil,-lgcc,-lc,--end-group
'Finished building target: final.elf'
' '
'Invoking: ARM v7 Print Size'
arm-none-eabi-size final.elf  |tee "final.elf.size"
   text	   data	    bss	    dec	    hex	filename
  51404	   2208	  22740	  76352	  12a40	final.elf
'Finished building: final.elf.size'
' '
19:16:39 **** Incremental Build of configuration Debug for project final ****
make pre-build main-build 
a9-linaro-pre-build-step
' '
make: Nothing to be done for `main-build'.
19:17:02 **** Incremental Build of configuration Debug for project final ****
make pre-build main-build 
a9-linaro-pre-build-step
' '
make: Nothing to be done for `main-build'.
19:17:55 **** Auto Build of configuration Debug for project final ****
make pre-build main-build 
a9-linaro-pre-build-step
' '
'Building file: ../src/helloworld.c'
'Invoking: ARM v7 gcc compiler'
arm-none-eabi-gcc -Wall -O0 -g3 -c -fmessage-length=0 -MT"src/helloworld.o" -mcpu=cortex-a9 -mfpu=vfpv3 -mfloat-abi=hard -I../../final_bsp/ps7_cortexa9_0/include -MMD -MP -MF"src/helloworld.d" -MT"src/helloworld.o" -o "src/helloworld.o" "../src/helloworld.c"
In file included from ../src/helloworld.c:19:0:
../../final_bsp/ps7_cortexa9_0/include/xbasic_types.h:115:2: warning: #warning The xbasics_type.h file is deprecated and users should use xil_types.h and xil_assert. [-Wcpp]
 #warning  The xbasics_type.h file is deprecated and users should use xil_types.h and xil_assert.
  ^
../../final_bsp/ps7_cortexa9_0/include/xbasic_types.h:116:2: warning: #warning Please refer the Standalone BSP UG647 for further details [-Wcpp]
 #warning  Please refer the Standalone BSP UG647 for further details
  ^
../src/helloworld.c: In function 'main':
../src/helloworld.c:91:20: warning: passing argument 1 of 'Xil_In32' makes integer from pointer without a cast
     while(Xil_In32(baseaddr_p) == 0);
                    ^
In file included from ../src/helloworld.c:18:0:
../../final_bsp/ps7_cortexa9_0/include/xil_io.h:227:5: note: expected 'UINTPTR' but argument is of type 'Xuint32 *'
 u32 Xil_In32(UINTPTR Addr);
     ^
../src/helloworld.c:156:20: warning: passing argument 1 of 'strcmp' makes pointer from integer without a cast
        if(!(strcmp(databufbuf[0], '0') == 0 && strcmp(databufbuf[1], 'C') <= 0))
                    ^
In file included from c:\xilinx\sdk\2016.2\gnu\aarch32\nt\gcc-arm-none-eabi\arm-none-eabi\include\stdio.h:29:0,
                 from ../src/helloworld.c:15:
c:\xilinx\sdk\2016.2\gnu\aarch32\nt\gcc-arm-none-eabi\arm-none-eabi\include\string.h:28:6: note: expected 'const char *' but argument is of type 'char'
 int  _EXFUN(strcmp,(const char *, const char *));
      ^
../src/helloworld.c:156:35: warning: passing argument 2 of 'strcmp' makes pointer from integer without a cast
        if(!(strcmp(databufbuf[0], '0') == 0 && strcmp(databufbuf[1], 'C') <= 0))
                                   ^
In file included from c:\xilinx\sdk\2016.2\gnu\aarch32\nt\gcc-arm-none-eabi\arm-none-eabi\include\stdio.h:29:0,
                 from ../src/helloworld.c:15:
c:\xilinx\sdk\2016.2\gnu\aarch32\nt\gcc-arm-none-eabi\arm-none-eabi\include\string.h:28:6: note: expected 'const char *' but argument is of type 'int'
 int  _EXFUN(strcmp,(const char *, const char *));
      ^
../src/helloworld.c:156:55: warning: passing argument 1 of 'strcmp' makes pointer from integer without a cast
        if(!(strcmp(databufbuf[0], '0') == 0 && strcmp(databufbuf[1], 'C') <= 0))
                                                       ^
In file included from c:\xilinx\sdk\2016.2\gnu\aarch32\nt\gcc-arm-none-eabi\arm-none-eabi\include\stdio.h:29:0,
                 from ../src/helloworld.c:15:
c:\xilinx\sdk\2016.2\gnu\aarch32\nt\gcc-arm-none-eabi\arm-none-eabi\include\string.h:28:6: note: expected 'const char *' but argument is of type 'char'
 int  _EXFUN(strcmp,(const char *, const char *));
      ^
../src/helloworld.c:156:70: warning: passing argument 2 of 'strcmp' makes pointer from integer without a cast
        if(!(strcmp(databufbuf[0], '0') == 0 && strcmp(databufbuf[1], 'C') <= 0))
                                                                      ^
In file included from c:\xilinx\sdk\2016.2\gnu\aarch32\nt\gcc-arm-none-eabi\arm-none-eabi\include\stdio.h:29:0,
                 from ../src/helloworld.c:15:
c:\xilinx\sdk\2016.2\gnu\aarch32\nt\gcc-arm-none-eabi\arm-none-eabi\include\string.h:28:6: note: expected 'const char *' but argument is of type 'int'
 int  _EXFUN(strcmp,(const char *, const char *));
      ^
../src/helloworld.c:61:10: warning: variable 'linefeed' set but not used [-Wunused-but-set-variable]
     char linefeed[4];
          ^
../src/helloworld.c:58:10: warning: variable 'status' set but not used [-Wunused-but-set-variable]
     char status[2];
          ^
../src/helloworld.c: In function 'init_cams':
../src/helloworld.c:199:9: warning: variable 'Status' set but not used [-Wunused-but-set-variable]
     int Status;
         ^
'Finished building: ../src/helloworld.c'
' '
'Building target: final.elf'
'Invoking: ARM v7 gcc linker'
arm-none-eabi-gcc -mcpu=cortex-a9 -mfpu=vfpv3 -mfloat-abi=hard -Wl,-build-id=none -specs=Xilinx.spec -Wl,-T -Wl,../src/lscript.ld -L../../final_bsp/ps7_cortexa9_0/lib -o "final.elf"  ./src/helloworld.o ./src/platform.o   -Wl,--start-group,-lxil,-lgcc,-lc,--end-group
'Finished building target: final.elf'
' '
'Invoking: ARM v7 Print Size'
arm-none-eabi-size final.elf  |tee "final.elf.size"
   text	   data	    bss	    dec	    hex	filename
  51404	   2208	  22740	  76352	  12a40	final.elf
'Finished building: final.elf.size'
' '
19:32:45 **** Auto Build of configuration Debug for project final ****
make pre-build main-build 
a9-linaro-pre-build-step
' '
'Building file: ../src/helloworld.c'
'Invoking: ARM v7 gcc compiler'
arm-none-eabi-gcc -Wall -O0 -g3 -c -fmessage-length=0 -MT"src/helloworld.o" -mcpu=cortex-a9 -mfpu=vfpv3 -mfloat-abi=hard -I../../final_bsp/ps7_cortexa9_0/include -MMD -MP -MF"src/helloworld.d" -MT"src/helloworld.o" -o "src/helloworld.o" "../src/helloworld.c"
In file included from ../src/helloworld.c:19:0:
../../final_bsp/ps7_cortexa9_0/include/xbasic_types.h:115:2: warning: #warning The xbasics_type.h file is deprecated and users should use xil_types.h and xil_assert. [-Wcpp]
 #warning  The xbasics_type.h file is deprecated and users should use xil_types.h and xil_assert.
  ^
../../final_bsp/ps7_cortexa9_0/include/xbasic_types.h:116:2: warning: #warning Please refer the Standalone BSP UG647 for further details [-Wcpp]
 #warning  Please refer the Standalone BSP UG647 for further details
  ^
../src/helloworld.c: In function 'main':
../src/helloworld.c:91:20: warning: passing argument 1 of 'Xil_In32' makes integer from pointer without a cast
     while(Xil_In32(baseaddr_p) == 0);
                    ^
In file included from ../src/helloworld.c:18:0:
../../final_bsp/ps7_cortexa9_0/include/xil_io.h:227:5: note: expected 'UINTPTR' but argument is of type 'Xuint32 *'
 u32 Xil_In32(UINTPTR Addr);
     ^
../src/helloworld.c:156:20: warning: passing argument 1 of 'strcmp' makes pointer from integer without a cast
        if(!(strcmp(databufbuf[0], '0') == 0 && strcmp(databufbuf[1], 'C') <= 0))
                    ^
In file included from c:\xilinx\sdk\2016.2\gnu\aarch32\nt\gcc-arm-none-eabi\arm-none-eabi\include\stdio.h:29:0,
                 from ../src/helloworld.c:15:
c:\xilinx\sdk\2016.2\gnu\aarch32\nt\gcc-arm-none-eabi\arm-none-eabi\include\string.h:28:6: note: expected 'const char *' but argument is of type 'char'
 int  _EXFUN(strcmp,(const char *, const char *));
      ^
../src/helloworld.c:156:35: warning: passing argument 2 of 'strcmp' makes pointer from integer without a cast
        if(!(strcmp(databufbuf[0], '0') == 0 && strcmp(databufbuf[1], 'C') <= 0))
                                   ^
In file included from c:\xilinx\sdk\2016.2\gnu\aarch32\nt\gcc-arm-none-eabi\arm-none-eabi\include\stdio.h:29:0,
                 from ../src/helloworld.c:15:
c:\xilinx\sdk\2016.2\gnu\aarch32\nt\gcc-arm-none-eabi\arm-none-eabi\include\string.h:28:6: note: expected 'const char *' but argument is of type 'int'
 int  _EXFUN(strcmp,(const char *, const char *));
      ^
../src/helloworld.c:156:55: warning: passing argument 1 of 'strcmp' makes pointer from integer without a cast
        if(!(strcmp(databufbuf[0], '0') == 0 && strcmp(databufbuf[1], 'C') <= 0))
                                                       ^
In file included from c:\xilinx\sdk\2016.2\gnu\aarch32\nt\gcc-arm-none-eabi\arm-none-eabi\include\stdio.h:29:0,
                 from ../src/helloworld.c:15:
c:\xilinx\sdk\2016.2\gnu\aarch32\nt\gcc-arm-none-eabi\arm-none-eabi\include\string.h:28:6: note: expected 'const char *' but argument is of type 'char'
 int  _EXFUN(strcmp,(const char *, const char *));
      ^
../src/helloworld.c:156:70: warning: passing argument 2 of 'strcmp' makes pointer from integer without a cast
        if(!(strcmp(databufbuf[0], '0') == 0 && strcmp(databufbuf[1], 'C') <= 0))
                                                                      ^
In file included from c:\xilinx\sdk\2016.2\gnu\aarch32\nt\gcc-arm-none-eabi\arm-none-eabi\include\stdio.h:29:0,
                 from ../src/helloworld.c:15:
c:\xilinx\sdk\2016.2\gnu\aarch32\nt\gcc-arm-none-eabi\arm-none-eabi\include\string.h:28:6: note: expected 'const char *' but argument is of type 'int'
 int  _EXFUN(strcmp,(const char *, const char *));
      ^
../src/helloworld.c:61:10: warning: variable 'linefeed' set but not used [-Wunused-but-set-variable]
     char linefeed[4];
          ^
../src/helloworld.c:58:10: warning: variable 'status' set but not used [-Wunused-but-set-variable]
     char status[2];
          ^
../src/helloworld.c: In function 'init_cams':
../src/helloworld.c:213:5: error: expected ';' before 'WriteBuffer'
     WriteBuffer[0] = (u8) (CAM2_ADDR);
     ^
../src/helloworld.c:199:9: warning: variable 'Status' set but not used [-Wunused-but-set-variable]
     int Status;
         ^
make: *** [src/helloworld.o] Error 1
19:32:53 **** Auto Build of configuration Debug for project final ****
make pre-build main-build 
a9-linaro-pre-build-step
' '
'Building file: ../src/helloworld.c'
'Invoking: ARM v7 gcc compiler'
arm-none-eabi-gcc -Wall -O0 -g3 -c -fmessage-length=0 -MT"src/helloworld.o" -mcpu=cortex-a9 -mfpu=vfpv3 -mfloat-abi=hard -I../../final_bsp/ps7_cortexa9_0/include -MMD -MP -MF"src/helloworld.d" -MT"src/helloworld.o" -o "src/helloworld.o" "../src/helloworld.c"
In file included from ../src/helloworld.c:19:0:
../../final_bsp/ps7_cortexa9_0/include/xbasic_types.h:115:2: warning: #warning The xbasics_type.h file is deprecated and users should use xil_types.h and xil_assert. [-Wcpp]
 #warning  The xbasics_type.h file is deprecated and users should use xil_types.h and xil_assert.
  ^
../../final_bsp/ps7_cortexa9_0/include/xbasic_types.h:116:2: warning: #warning Please refer the Standalone BSP UG647 for further details [-Wcpp]
 #warning  Please refer the Standalone BSP UG647 for further details
  ^
../src/helloworld.c: In function 'main':
../src/helloworld.c:91:20: warning: passing argument 1 of 'Xil_In32' makes integer from pointer without a cast
     while(Xil_In32(baseaddr_p) == 0);
                    ^
In file included from ../src/helloworld.c:18:0:
../../final_bsp/ps7_cortexa9_0/include/xil_io.h:227:5: note: expected 'UINTPTR' but argument is of type 'Xuint32 *'
 u32 Xil_In32(UINTPTR Addr);
     ^
../src/helloworld.c:156:20: warning: passing argument 1 of 'strcmp' makes pointer from integer without a cast
        if(!(strcmp(databufbuf[0], '0') == 0 && strcmp(databufbuf[1], 'C') <= 0))
                    ^
In file included from c:\xilinx\sdk\2016.2\gnu\aarch32\nt\gcc-arm-none-eabi\arm-none-eabi\include\stdio.h:29:0,
                 from ../src/helloworld.c:15:
c:\xilinx\sdk\2016.2\gnu\aarch32\nt\gcc-arm-none-eabi\arm-none-eabi\include\string.h:28:6: note: expected 'const char *' but argument is of type 'char'
 int  _EXFUN(strcmp,(const char *, const char *));
      ^
../src/helloworld.c:156:35: warning: passing argument 2 of 'strcmp' makes pointer from integer without a cast
        if(!(strcmp(databufbuf[0], '0') == 0 && strcmp(databufbuf[1], 'C') <= 0))
                                   ^
In file included from c:\xilinx\sdk\2016.2\gnu\aarch32\nt\gcc-arm-none-eabi\arm-none-eabi\include\stdio.h:29:0,
                 from ../src/helloworld.c:15:
c:\xilinx\sdk\2016.2\gnu\aarch32\nt\gcc-arm-none-eabi\arm-none-eabi\include\string.h:28:6: note: expected 'const char *' but argument is of type 'int'
 int  _EXFUN(strcmp,(const char *, const char *));
      ^
../src/helloworld.c:156:55: warning: passing argument 1 of 'strcmp' makes pointer from integer without a cast
        if(!(strcmp(databufbuf[0], '0') == 0 && strcmp(databufbuf[1], 'C') <= 0))
                                                       ^
In file included from c:\xilinx\sdk\2016.2\gnu\aarch32\nt\gcc-arm-none-eabi\arm-none-eabi\include\stdio.h:29:0,
                 from ../src/helloworld.c:15:
c:\xilinx\sdk\2016.2\gnu\aarch32\nt\gcc-arm-none-eabi\arm-none-eabi\include\string.h:28:6: note: expected 'const char *' but argument is of type 'char'
 int  _EXFUN(strcmp,(const char *, const char *));
      ^
../src/helloworld.c:156:70: warning: passing argument 2 of 'strcmp' makes pointer from integer without a cast
        if(!(strcmp(databufbuf[0], '0') == 0 && strcmp(databufbuf[1], 'C') <= 0))
                                                                      ^
In file included from c:\xilinx\sdk\2016.2\gnu\aarch32\nt\gcc-arm-none-eabi\arm-none-eabi\include\stdio.h:29:0,
                 from ../src/helloworld.c:15:
c:\xilinx\sdk\2016.2\gnu\aarch32\nt\gcc-arm-none-eabi\arm-none-eabi\include\string.h:28:6: note: expected 'const char *' but argument is of type 'int'
 int  _EXFUN(strcmp,(const char *, const char *));
      ^
../src/helloworld.c:61:10: warning: variable 'linefeed' set but not used [-Wunused-but-set-variable]
     char linefeed[4];
          ^
../src/helloworld.c:58:10: warning: variable 'status' set but not used [-Wunused-but-set-variable]
     char status[2];
          ^
../src/helloworld.c: In function 'init_cams':
../src/helloworld.c:199:9: warning: variable 'Status' set but not used [-Wunused-but-set-variable]
     int Status;
         ^
'Finished building: ../src/helloworld.c'
' '
'Building target: final.elf'
'Invoking: ARM v7 gcc linker'
arm-none-eabi-gcc -mcpu=cortex-a9 -mfpu=vfpv3 -mfloat-abi=hard -Wl,-build-id=none -specs=Xilinx.spec -Wl,-T -Wl,../src/lscript.ld -L../../final_bsp/ps7_cortexa9_0/lib -o "final.elf"  ./src/helloworld.o ./src/platform.o   -Wl,--start-group,-lxil,-lgcc,-lc,--end-group
'Finished building target: final.elf'
' '
'Invoking: ARM v7 Print Size'
arm-none-eabi-size final.elf  |tee "final.elf.size"
   text	   data	    bss	    dec	    hex	filename
  51468	   2208	  22740	  76416	  12a80	final.elf
'Finished building: final.elf.size'
' '
19:33:00 **** Incremental Build of configuration Debug for project final ****
make pre-build main-build 
a9-linaro-pre-build-step
' '
make: Nothing to be done for `main-build'.
19:35:06 **** Auto Build of configuration Debug for project final ****
make pre-build main-build 
a9-linaro-pre-build-step
' '
'Building file: ../src/helloworld.c'
'Invoking: ARM v7 gcc compiler'
arm-none-eabi-gcc -Wall -O0 -g3 -c -fmessage-length=0 -MT"src/helloworld.o" -mcpu=cortex-a9 -mfpu=vfpv3 -mfloat-abi=hard -I../../final_bsp/ps7_cortexa9_0/include -MMD -MP -MF"src/helloworld.d" -MT"src/helloworld.o" -o "src/helloworld.o" "../src/helloworld.c"
In file included from ../src/helloworld.c:19:0:
../../final_bsp/ps7_cortexa9_0/include/xbasic_types.h:115:2: warning: #warning The xbasics_type.h file is deprecated and users should use xil_types.h and xil_assert. [-Wcpp]
 #warning  The xbasics_type.h file is deprecated and users should use xil_types.h and xil_assert.
  ^
../../final_bsp/ps7_cortexa9_0/include/xbasic_types.h:116:2: warning: #warning Please refer the Standalone BSP UG647 for further details [-Wcpp]
 #warning  Please refer the Standalone BSP UG647 for further details
  ^
../src/helloworld.c: In function 'main':
../src/helloworld.c:91:20: warning: passing argument 1 of 'Xil_In32' makes integer from pointer without a cast
     while(Xil_In32(baseaddr_p) == 0);
                    ^
In file included from ../src/helloworld.c:18:0:
../../final_bsp/ps7_cortexa9_0/include/xil_io.h:227:5: note: expected 'UINTPTR' but argument is of type 'Xuint32 *'
 u32 Xil_In32(UINTPTR Addr);
     ^
../src/helloworld.c:156:20: warning: passing argument 1 of 'strcmp' makes pointer from integer without a cast
        if(!(strcmp(databufbuf[0], '0') == 0 && strcmp(databufbuf[1], 'C') <= 0))
                    ^
In file included from c:\xilinx\sdk\2016.2\gnu\aarch32\nt\gcc-arm-none-eabi\arm-none-eabi\include\stdio.h:29:0,
                 from ../src/helloworld.c:15:
c:\xilinx\sdk\2016.2\gnu\aarch32\nt\gcc-arm-none-eabi\arm-none-eabi\include\string.h:28:6: note: expected 'const char *' but argument is of type 'char'
 int  _EXFUN(strcmp,(const char *, const char *));
      ^
../src/helloworld.c:156:35: warning: passing argument 2 of 'strcmp' makes pointer from integer without a cast
        if(!(strcmp(databufbuf[0], '0') == 0 && strcmp(databufbuf[1], 'C') <= 0))
                                   ^
In file included from c:\xilinx\sdk\2016.2\gnu\aarch32\nt\gcc-arm-none-eabi\arm-none-eabi\include\stdio.h:29:0,
                 from ../src/helloworld.c:15:
c:\xilinx\sdk\2016.2\gnu\aarch32\nt\gcc-arm-none-eabi\arm-none-eabi\include\string.h:28:6: note: expected 'const char *' but argument is of type 'int'
 int  _EXFUN(strcmp,(const char *, const char *));
      ^
../src/helloworld.c:156:55: warning: passing argument 1 of 'strcmp' makes pointer from integer without a cast
        if(!(strcmp(databufbuf[0], '0') == 0 && strcmp(databufbuf[1], 'C') <= 0))
                                                       ^
In file included from c:\xilinx\sdk\2016.2\gnu\aarch32\nt\gcc-arm-none-eabi\arm-none-eabi\include\stdio.h:29:0,
                 from ../src/helloworld.c:15:
c:\xilinx\sdk\2016.2\gnu\aarch32\nt\gcc-arm-none-eabi\arm-none-eabi\include\string.h:28:6: note: expected 'const char *' but argument is of type 'char'
 int  _EXFUN(strcmp,(const char *, const char *));
      ^
../src/helloworld.c:156:70: warning: passing argument 2 of 'strcmp' makes pointer from integer without a cast
        if(!(strcmp(databufbuf[0], '0') == 0 && strcmp(databufbuf[1], 'C') <= 0))
                                                                      ^
In file included from c:\xilinx\sdk\2016.2\gnu\aarch32\nt\gcc-arm-none-eabi\arm-none-eabi\include\stdio.h:29:0,
                 from ../src/helloworld.c:15:
c:\xilinx\sdk\2016.2\gnu\aarch32\nt\gcc-arm-none-eabi\arm-none-eabi\include\string.h:28:6: note: expected 'const char *' but argument is of type 'int'
 int  _EXFUN(strcmp,(const char *, const char *));
      ^
../src/helloworld.c:61:10: warning: variable 'linefeed' set but not used [-Wunused-but-set-variable]
     char linefeed[4];
          ^
../src/helloworld.c:58:10: warning: variable 'status' set but not used [-Wunused-but-set-variable]
     char status[2];
          ^
../src/helloworld.c: In function 'init_cams':
../src/helloworld.c:199:9: warning: variable 'Status' set but not used [-Wunused-but-set-variable]
     int Status;
         ^
'Finished building: ../src/helloworld.c'
' '
'Building target: final.elf'
'Invoking: ARM v7 gcc linker'
arm-none-eabi-gcc -mcpu=cortex-a9 -mfpu=vfpv3 -mfloat-abi=hard -Wl,-build-id=none -specs=Xilinx.spec -Wl,-T -Wl,../src/lscript.ld -L../../final_bsp/ps7_cortexa9_0/lib -o "final.elf"  ./src/helloworld.o ./src/platform.o   -Wl,--start-group,-lxil,-lgcc,-lc,--end-group
'Finished building target: final.elf'
' '
'Invoking: ARM v7 Print Size'
arm-none-eabi-size final.elf  |tee "final.elf.size"
   text	   data	    bss	    dec	    hex	filename
  51404	   2208	  22740	  76352	  12a40	final.elf
'Finished building: final.elf.size'
' '
19:35:15 **** Incremental Build of configuration Debug for project final ****
make pre-build main-build 
a9-linaro-pre-build-step
' '
make: Nothing to be done for `main-build'.
19:35:43 **** Incremental Build of configuration Debug for project final ****
make pre-build main-build 
a9-linaro-pre-build-step
' '
make: Nothing to be done for `main-build'.
