Command line:
   disparity_tb_isim_beh.exe
     -simmode  gui
     -simrunnum  0
     -socket  54643

Thu Nov 17 20:44:08 2016


 Elaboration Time: 0.015625 sec

 Current Memory Usage: 844.386 Meg

 Total Signals          : 29
 Total Nets             : 111
 Total Signal Drivers   : 18
 Total Blocks           : 3
 Total Primitive Blocks : 2
 Total Processes        : 27
 Total Traceable Variables  : 87
 Total Scalar Nets and Variables : 6757215
Total Line Count : 263

 Total Simulation Time: 467.266 sec

 Current Memory Usage: 687.1 Meg

Thu Nov 17 20:55:21 2016

