16:47:17 INFO  : Launching XSDB server: xsdb.bat -interactive C:\Users\John\Documents\GitHub\MQP\IMU_PS\IMU_PS.sdk\temp_xsdb_launch_script.tcl
16:47:23 INFO  : XSDB server has started successfully.
16:47:24 INFO  : Processing command line option -hwspec C:/Users/John/Documents/GitHub/MQP/IMU_PS/IMU_PS.sdk/IMU_bd_wrapper.hdf.
16:53:53 INFO  : Connected to target on host '127.0.0.1' and port '3121'.
16:53:54 INFO  : 'targets -set -filter {jtag_cable_name =~ "Digilent Zed 210248447864" && level==0} -index 1' command is executed.
16:53:57 INFO  : FPGA configured successfully with bitstream "C:/Users/John/Documents/GitHub/MQP/IMU_PS/IMU_PS.sdk/IMU_bd_wrapper_hw_platform_0/IMU_bd_wrapper.bit"
16:55:27 INFO  : Connected to target on host '127.0.0.1' and port '3121'.
16:55:27 INFO  : 'targets -set -filter {jtag_cable_name =~ "Digilent Zed 210248447864" && level==0} -index 1' command is executed.
16:55:30 INFO  : FPGA configured successfully with bitstream "C:/Users/John/Documents/GitHub/MQP/IMU_PS/IMU_PS.sdk/IMU_bd_wrapper_hw_platform_0/IMU_bd_wrapper.bit"
16:55:48 INFO  : ps7_init is completed.
16:55:48 INFO  : ps7_post_config is completed.
16:55:48 INFO  : Processor reset is completed for ps7_cortexa9_0
16:56:35 INFO  : ps7_cortexa9_0 Processor is in use. Please stop existing Run or Debug sessions before launching.
16:56:37 INFO  : Processor reset is completed for ps7_cortexa9_0
16:56:58 INFO  : ps7_cortexa9_0 Processor is in use. Please stop existing Run or Debug sessions before launching.
16:57:00 INFO  : Processor reset is completed for ps7_cortexa9_0
16:57:43 INFO  : ps7_cortexa9_0 Processor is in use. Please stop existing Run or Debug sessions before launching.
16:57:45 INFO  : Processor reset is completed for ps7_cortexa9_0
16:58:16 INFO  : ps7_cortexa9_0 Processor is in use. Please stop existing Run or Debug sessions before launching.
16:58:18 INFO  : Processor reset is completed for ps7_cortexa9_0
17:00:35 INFO  : ps7_init is completed.
17:00:35 INFO  : ps7_post_config is completed.
17:00:36 INFO  : Processor reset is completed for ps7_cortexa9_0
17:01:50 INFO  : ps7_cortexa9_0 Processor is in use. Please stop existing Run or Debug sessions before launching.
17:01:53 INFO  : Processor reset is completed for ps7_cortexa9_0
17:04:14 INFO  : Connected to target on host '127.0.0.1' and port '3121'.
17:04:14 INFO  : 'targets -set -filter {jtag_cable_name =~ "Digilent Zed 210248447864" && level==0} -index 1' command is executed.
17:04:17 INFO  : FPGA configured successfully with bitstream "C:/Users/John/Documents/GitHub/MQP/IMU_PS/IMU_PS.sdk/IMU_bd_wrapper_hw_platform_0/IMU_bd_wrapper.bit"
17:04:39 INFO  : ps7_cortexa9_0 Processor is in use. Please stop existing Run or Debug sessions before launching.
17:04:41 INFO  : Processor reset is completed for ps7_cortexa9_0
17:05:48 INFO  : Connected to target on host '127.0.0.1' and port '3121'.
17:05:48 INFO  : 'targets -set -filter {jtag_cable_name =~ "Digilent Zed 210248447864" && level==0} -index 1' command is executed.
17:05:50 INFO  : FPGA configured successfully with bitstream "C:/Users/John/Documents/GitHub/MQP/IMU_PS/IMU_PS.sdk/IMU_bd_wrapper_hw_platform_0/IMU_bd_wrapper.bit"
17:05:57 INFO  : ps7_init is completed.
17:05:57 INFO  : ps7_post_config is completed.
17:05:58 INFO  : Processor reset is completed for ps7_cortexa9_0
17:07:43 INFO  : ps7_cortexa9_0 Processor is in use. Please stop existing Run or Debug sessions before launching.
17:07:45 INFO  : Processor reset is completed for ps7_cortexa9_0
17:10:00 INFO  : ps7_cortexa9_0 Processor is in use. Please stop existing Run or Debug sessions before launching.
17:10:02 INFO  : Processor reset is completed for ps7_cortexa9_0
17:18:46 INFO  : ps7_cortexa9_0 Processor is in use. Please stop existing Run or Debug sessions before launching.
17:18:48 INFO  : Processor reset is completed for ps7_cortexa9_0
17:21:56 INFO  : ps7_cortexa9_0 Processor is in use. Please stop existing Run or Debug sessions before launching.
17:21:59 INFO  : Processor reset is completed for ps7_cortexa9_0
17:22:31 INFO  : ps7_cortexa9_0 Processor is in use. Please stop existing Run or Debug sessions before launching.
17:22:33 INFO  : Processor reset is completed for ps7_cortexa9_0
17:26:09 INFO  : ps7_cortexa9_0 Processor is in use. Please stop existing Run or Debug sessions before launching.
17:26:11 INFO  : Processor reset is completed for ps7_cortexa9_0
17:29:13 INFO  : ps7_cortexa9_0 Processor is in use. Please stop existing Run or Debug sessions before launching.
17:29:17 INFO  : Processor reset is completed for ps7_cortexa9_0
17:33:48 INFO  : ps7_cortexa9_0 Processor is in use. Please stop existing Run or Debug sessions before launching.
17:33:49 INFO  : Processor reset is completed for ps7_cortexa9_0
17:38:24 ERROR : Unexpected error while parsing XMD response ?: com.google.gson.JsonSyntaxException: com.google.gson.stream.MalformedJsonException: invalid number or unquoted string near 
