Copyright 1986-2016 Xilinx, Inc. All Rights Reserved.
-----------------------------------------------------------------------------------------------------
| Tool Version : Vivado v.2016.2 (win64) Build 1577090 Thu Jun  2 16:32:40 MDT 2016
| Date         : Tue Nov 08 15:14:09 2016
| Host         : JOHN-HP running 64-bit major release  (build 7600)
| Command      : report_drc -file design_1_wrapper_drc_routed.rpt -pb design_1_wrapper_drc_routed.pb
| Design       : design_1_wrapper
| Device       : xc7z020clg484-1
| Speed File   : -1
-----------------------------------------------------------------------------------------------------

Report DRC

Table of Contents
-----------------
1. REPORT SUMMARY
2. REPORT DETAILS

1. REPORT SUMMARY
-----------------
            Netlist: netlist
          Floorplan: design_1
      Design limits: <entire design considered>
           Ruledeck: default
             Max violations: <unlimited>
             Violations found: 3

2. REPORT DETAILS
-----------------
DPIP-1#1 Warning
Input pipelining  
DSP design_1_i/nu_nu_rangefinder_vga_0/inst/mqp_top/rangefinder/ymult_reg input design_1_i/nu_nu_rangefinder_vga_0/inst/mqp_top/rangefinder/ymult_reg/A[29:0] is not pipelined. Pipelining DSP48 input will improve performance.
Related violations: <none>

DPOP-1#1 Warning
PREG Output pipelining  
DSP design_1_i/nu_nu_rangefinder_vga_0/inst/mqp_top/rangefinder/ymult_reg output design_1_i/nu_nu_rangefinder_vga_0/inst/mqp_top/rangefinder/ymult_reg/P[47:0] is not pipelined (PREG=0). Pipelining the DSP48 output will improve performance and often saves power so it is suggested whenever possible to fully pipeline this function.  If this DSP48 function was inferred, it is suggested to describe an additional register stage after this function.  If the DSP48 was instantiated in the design, it is suggested to set the PREG attribute to 1.
Related violations: <none>

PLIO-7#1 Warning
Placement Constraints Check for IO constraints  
An IO Bus FIXED_IO_mio[53:0] with more than one IO standard is found. Components associated with this bus are: LVCMOS18 (FIXED_IO_mio[53], FIXED_IO_mio[52], FIXED_IO_mio[51], FIXED_IO_mio[50], FIXED_IO_mio[49], FIXED_IO_mio[48], FIXED_IO_mio[47], FIXED_IO_mio[46], FIXED_IO_mio[45], FIXED_IO_mio[44], FIXED_IO_mio[43], FIXED_IO_mio[42], FIXED_IO_mio[41], FIXED_IO_mio[40], FIXED_IO_mio[39] (the first 15 of 38 listed)); LVCMOS33 (FIXED_IO_mio[15], FIXED_IO_mio[14], FIXED_IO_mio[13], FIXED_IO_mio[12], FIXED_IO_mio[11], FIXED_IO_mio[10], FIXED_IO_mio[9], FIXED_IO_mio[8], FIXED_IO_mio[7], FIXED_IO_mio[6], FIXED_IO_mio[5], FIXED_IO_mio[4], FIXED_IO_mio[3], FIXED_IO_mio[2], FIXED_IO_mio[1] (the first 15 of 16 listed)); 
Related violations: <none>


