Copyright 1986-2016 Xilinx, Inc. All Rights Reserved.
----------------------------------------------------------------------------------------------------------------------------------------------------------------------
| Tool Version     : Vivado v.2016.2 (win64) Build 1577090 Thu Jun  2 16:32:40 MDT 2016
| Date             : Mon Nov 07 19:27:15 2016
| Host             : JOHN-HP running 64-bit major release  (build 7600)
| Command          : report_power -file design_1_wrapper_power_routed.rpt -pb design_1_wrapper_power_summary_routed.pb -rpx design_1_wrapper_power_routed.rpx
| Design           : design_1_wrapper
| Device           : xc7z020clg484-1
| Design State     : routed
| Grade            : commercial
| Process          : typical
| Characterization : Production
----------------------------------------------------------------------------------------------------------------------------------------------------------------------

Power Report

Table of Contents
-----------------
1. Summary
1.1 On-Chip Components
1.2 Power Supply Summary
1.3 Confidence Level
2. Settings
2.1 Environment
2.2 Clock Constraints
3. Detailed Reports
3.1 By Hierarchy

1. Summary
----------

+--------------------------+--------+
| Total On-Chip Power (W)  | 1.803  |
| Dynamic (W)              | 1.643  |
| Device Static (W)        | 0.160  |
| Effective TJA (C/W)      | 11.5   |
| Max Ambient (C)          | 64.2   |
| Junction Temperature (C) | 45.8   |
| Confidence Level         | Medium |
| Setting File             | ---    |
| Simulation Activity File | ---    |
| Design Nets Matched      | NA     |
+--------------------------+--------+


1.1 On-Chip Components
----------------------

+-------------------------+-----------+----------+-----------+-----------------+
| On-Chip                 | Power (W) | Used     | Available | Utilization (%) |
+-------------------------+-----------+----------+-----------+-----------------+
| Clocks                  |     0.004 |       11 |       --- |             --- |
| Slice Logic             |     0.002 |     1355 |       --- |             --- |
|   LUT as Logic          |     0.001 |      378 |     53200 |            0.71 |
|   Register              |    <0.001 |      608 |    106400 |            0.57 |
|   CARRY4                |    <0.001 |        6 |     13300 |            0.05 |
|   LUT as Shift Register |    <0.001 |       68 |     17400 |            0.39 |
|   Others                |     0.000 |      190 |       --- |             --- |
| Signals                 |     0.002 |      961 |       --- |             --- |
| MMCM                    |     0.106 |        1 |         4 |           25.00 |
| I/O                     |    <0.001 |       16 |       200 |            8.00 |
| PS7                     |     1.529 |        1 |       --- |             --- |
| Static Power            |     0.160 |          |           |                 |
| Total                   |     1.803 |          |           |                 |
+-------------------------+-----------+----------+-----------+-----------------+


1.2 Power Supply Summary
------------------------

+-----------+-------------+-----------+-------------+------------+
| Source    | Voltage (V) | Total (A) | Dynamic (A) | Static (A) |
+-----------+-------------+-----------+-------------+------------+
| Vccint    |       1.000 |     0.024 |       0.008 |      0.016 |
| Vccaux    |       1.800 |     0.079 |       0.059 |      0.021 |
| Vcco33    |       3.300 |     0.001 |       0.000 |      0.001 |
| Vcco25    |       2.500 |     0.000 |       0.000 |      0.000 |
| Vcco18    |       1.800 |     0.001 |       0.000 |      0.001 |
| Vcco15    |       1.500 |     0.001 |       0.000 |      0.001 |
| Vcco135   |       1.350 |     0.000 |       0.000 |      0.000 |
| Vcco12    |       1.200 |     0.000 |       0.000 |      0.000 |
| Vccaux_io |       1.800 |     0.000 |       0.000 |      0.000 |
| Vccbram   |       1.000 |     0.001 |       0.000 |      0.001 |
| MGTAVcc   |       1.000 |     0.000 |       0.000 |      0.000 |
| MGTAVtt   |       1.200 |     0.000 |       0.000 |      0.000 |
| MGTVccaux |       1.800 |     0.000 |       0.000 |      0.000 |
| Vccpint   |       1.000 |     0.749 |       0.718 |      0.031 |
| Vccpaux   |       1.800 |     0.061 |       0.051 |      0.010 |
| Vccpll    |       1.800 |     0.017 |       0.014 |      0.003 |
| Vcco_ddr  |       1.500 |     0.459 |       0.457 |      0.002 |
| Vcco_mio0 |       3.300 |     0.003 |       0.002 |      0.001 |
| Vcco_mio1 |       1.800 |     0.003 |       0.002 |      0.001 |
| Vccadc    |       1.800 |     0.020 |       0.000 |      0.020 |
+-----------+-------------+-----------+-------------+------------+


1.3 Confidence Level
--------------------

+-----------------------------+------------+-------------------------------------------------------+------------------------------------------------------------------------------------------------------------+
| User Input Data             | Confidence | Details                                               | Action                                                                                                     |
+-----------------------------+------------+-------------------------------------------------------+------------------------------------------------------------------------------------------------------------+
| Design implementation state | High       | Design is routed                                      |                                                                                                            |
| Clock nodes activity        | High       | User specified more than 95% of clocks                |                                                                                                            |
| I/O nodes activity          | Medium     | More than 5% of inputs are missing user specification | Provide missing input activity with simulation results or by editing the "By Resource Type -> I/Os" view   |
| Internal nodes activity     | Medium     | User specified less than 25% of internal nodes        | Provide missing internal nodes activity with simulation results or by editing the "By Resource Type" views |
| Device models               | High       | Device models are Production                          |                                                                                                            |
|                             |            |                                                       |                                                                                                            |
| Overall confidence level    | Medium     |                                                       |                                                                                                            |
+-----------------------------+------------+-------------------------------------------------------+------------------------------------------------------------------------------------------------------------+


2. Settings
-----------

2.1 Environment
---------------

+-----------------------+------------------------+
| Ambient Temp (C)      | 25.0                   |
| ThetaJA (C/W)         | 11.5                   |
| Airflow (LFM)         | 250                    |
| Heat Sink             | none                   |
| ThetaSA (C/W)         | 0.0                    |
| Board Selection       | medium (10"x10")       |
| # of Board Layers     | 8to11 (8 to 11 Layers) |
| Board Temperature (C) | 25.0                   |
+-----------------------+------------------------+


2.2 Clock Constraints
---------------------

+----------------------+------------------------------------------------------------------------------+-----------------+
| Clock                | Domain                                                                       | Constraint (ns) |
+----------------------+------------------------------------------------------------------------------+-----------------+
| clk_100M_clk_wiz_0   | design_1_i/nu_nu_rangefinder_vga_0/inst/mqp_top/mmcm/inst/clk_100M_clk_wiz_0 |            10.0 |
| clk_100M_clk_wiz_0_1 | design_1_i/nu_nu_rangefinder_vga_0/inst/mqp_top/mmcm/inst/clk_100M_clk_wiz_0 |            10.0 |
| clk_25M_clk_wiz_0    | design_1_i/nu_nu_rangefinder_vga_0/inst/mqp_top/mmcm/inst/clk_25M_clk_wiz_0  |            40.0 |
| clk_25M_clk_wiz_0_1  | design_1_i/nu_nu_rangefinder_vga_0/inst/mqp_top/mmcm/inst/clk_25M_clk_wiz_0  |            40.0 |
| clk_fpga_0           | design_1_i/processing_system7_0/inst/FCLK_CLK_unbuffered[0]                  |            10.0 |
| clkfbout_clk_wiz_0   | design_1_i/nu_nu_rangefinder_vga_0/inst/mqp_top/mmcm/inst/clkfbout_clk_wiz_0 |            10.0 |
| clkfbout_clk_wiz_0_1 | design_1_i/nu_nu_rangefinder_vga_0/inst/mqp_top/mmcm/inst/clkfbout_clk_wiz_0 |            10.0 |
| clock                | fpga_clk                                                                     |            10.0 |
| fpga_clk             | fpga_clk                                                                     |            10.0 |
+----------------------+------------------------------------------------------------------------------+-----------------+


3. Detailed Reports
-------------------

3.1 By Hierarchy
----------------

+--------------------------------------------------+-----------+
| Name                                             | Power (W) |
+--------------------------------------------------+-----------+
| design_1_wrapper                                 |     1.643 |
|   design_1_i                                     |     1.643 |
|     nu_nu_rangefinder_vga_0                      |     0.108 |
|       inst                                       |     0.108 |
|         mqp_top                                  |     0.107 |
|           mmcm                                   |     0.107 |
|             inst                                 |     0.107 |
|           rangefinder                            |    <0.001 |
|           vga_controller                         |    <0.001 |
|         nu_nu_rangefinder_vga_v1_0_S00_AXI_inst  |    <0.001 |
|     processing_system7_0                         |     1.529 |
|       inst                                       |     1.529 |
|     processing_system7_0_axi_periph              |     0.005 |
|       s00_couplers                               |     0.005 |
|         auto_pc                                  |     0.005 |
|           inst                                   |     0.005 |
|             gen_axilite.gen_b2s_conv.axilite_b2s |     0.005 |
|               RD.ar_channel_0                    |     0.001 |
|                 ar_cmd_fsm_0                     |    <0.001 |
|                 cmd_translator_0                 |    <0.001 |
|                   incr_cmd_0                     |    <0.001 |
|                   wrap_cmd_0                     |    <0.001 |
|               RD.r_channel_0                     |     0.001 |
|                 rd_data_fifo_0                   |    <0.001 |
|                 transaction_fifo_0               |    <0.001 |
|               SI_REG                             |     0.002 |
|                 ar_pipe                          |    <0.001 |
|                 aw_pipe                          |    <0.001 |
|                 b_pipe                           |    <0.001 |
|                 r_pipe                           |    <0.001 |
|               WR.aw_channel_0                    |    <0.001 |
|                 aw_cmd_fsm_0                     |    <0.001 |
|                 cmd_translator_0                 |    <0.001 |
|                   incr_cmd_0                     |    <0.001 |
|                   wrap_cmd_0                     |    <0.001 |
|               WR.b_channel_0                     |    <0.001 |
|                 bid_fifo_0                       |    <0.001 |
|                 bresp_fifo_0                     |    <0.001 |
|     rst_processing_system7_0_100M                |    <0.001 |
|       U0                                         |    <0.001 |
|         EXT_LPF                                  |    <0.001 |
|           ACTIVE_LOW_EXT.ACT_LO_EXT              |    <0.001 |
|         SEQ                                      |    <0.001 |
|           SEQ_COUNTER                            |    <0.001 |
+--------------------------------------------------+-----------+


