19:06:05 **** Auto Build of configuration Debug for project rangefinder ****
make pre-build main-build 
a9-linaro-pre-build-step
' '
'Building file: ../src/helloworld.c'
'Invoking: ARM v7 gcc compiler'
arm-none-eabi-gcc -Wall -O0 -g3 -c -fmessage-length=0 -MT"src/helloworld.o" -mcpu=cortex-a9 -mfpu=vfpv3 -mfloat-abi=hard -I../../rangefinder_bsp/ps7_cortexa9_0/include -MMD -MP -MF"src/helloworld.d" -MT"src/helloworld.o" -o "src/helloworld.o" "../src/helloworld.c"
In file included from ../src/helloworld.c:20:0:
../../rangefinder_bsp/ps7_cortexa9_0/include/xbasic_types.h:115:2: warning: #warning The xbasics_type.h file is deprecated and users should use xil_types.h and xil_assert. [-Wcpp]
 #warning  The xbasics_type.h file is deprecated and users should use xil_types.h and xil_assert.
  ^
../../rangefinder_bsp/ps7_cortexa9_0/include/xbasic_types.h:116:2: warning: #warning Please refer the Standalone BSP UG647 for further details [-Wcpp]
 #warning  Please refer the Standalone BSP UG647 for further details
  ^
../src/helloworld.c: In function 'main':
../src/helloworld.c:61:20: warning: passing argument 1 of 'Xil_In32' makes integer from pointer without a cast
     while(Xil_In32(baseaddr_p) == 0);
                    ^
In file included from ../src/helloworld.c:19:0:
../../rangefinder_bsp/ps7_cortexa9_0/include/xil_io.h:227:5: note: expected 'UINTPTR' but argument is of type 'Xuint32 *'
 u32 Xil_In32(UINTPTR Addr);
     ^
../src/helloworld.c:118:20: warning: passing argument 1 of 'strcmp' makes pointer from integer without a cast
        if(!(strcmp(databufbuf[0], '0') == 0 && strcmp(databufbuf[1], 'C') <= 0))
                    ^
In file included from c:\xilinx\sdk\2016.2\gnu\aarch32\nt\gcc-arm-none-eabi\arm-none-eabi\include\stdio.h:29:0,
                 from ../src/helloworld.c:16:
c:\xilinx\sdk\2016.2\gnu\aarch32\nt\gcc-arm-none-eabi\arm-none-eabi\include\string.h:28:6: note: expected 'const char *' but argument is of type 'char'
 int  _EXFUN(strcmp,(const char *, const char *));
      ^
../src/helloworld.c:118:35: warning: passing argument 2 of 'strcmp' makes pointer from integer without a cast
        if(!(strcmp(databufbuf[0], '0') == 0 && strcmp(databufbuf[1], 'C') <= 0))
                                   ^
In file included from c:\xilinx\sdk\2016.2\gnu\aarch32\nt\gcc-arm-none-eabi\arm-none-eabi\include\stdio.h:29:0,
                 from ../src/helloworld.c:16:
c:\xilinx\sdk\2016.2\gnu\aarch32\nt\gcc-arm-none-eabi\arm-none-eabi\include\string.h:28:6: note: expected 'const char *' but argument is of type 'int'
 int  _EXFUN(strcmp,(const char *, const char *));
      ^
../src/helloworld.c:118:55: warning: passing argument 1 of 'strcmp' makes pointer from integer without a cast
        if(!(strcmp(databufbuf[0], '0') == 0 && strcmp(databufbuf[1], 'C') <= 0))
                                                       ^
In file included from c:\xilinx\sdk\2016.2\gnu\aarch32\nt\gcc-arm-none-eabi\arm-none-eabi\include\stdio.h:29:0,
                 from ../src/helloworld.c:16:
c:\xilinx\sdk\2016.2\gnu\aarch32\nt\gcc-arm-none-eabi\arm-none-eabi\include\string.h:28:6: note: expected 'const char *' but argument is of type 'char'
 int  _EXFUN(strcmp,(const char *, const char *));
      ^
../src/helloworld.c:118:70: warning: passing argument 2 of 'strcmp' makes pointer from integer without a cast
        if(!(strcmp(databufbuf[0], '0') == 0 && strcmp(databufbuf[1], 'C') <= 0))
                                                                      ^
In file included from c:\xilinx\sdk\2016.2\gnu\aarch32\nt\gcc-arm-none-eabi\arm-none-eabi\include\stdio.h:29:0,
                 from ../src/helloworld.c:16:
c:\xilinx\sdk\2016.2\gnu\aarch32\nt\gcc-arm-none-eabi\arm-none-eabi\include\string.h:28:6: note: expected 'const char *' but argument is of type 'int'
 int  _EXFUN(strcmp,(const char *, const char *));
      ^
../src/helloworld.c:38:10: warning: variable 'linefeed' set but not used [-Wunused-but-set-variable]
     char linefeed[4];
          ^
../src/helloworld.c:35:10: warning: variable 'status' set but not used [-Wunused-but-set-variable]
     char status[2];
          ^
'Finished building: ../src/helloworld.c'
' '
'Building target: rangefinder.elf'
'Invoking: ARM v7 gcc linker'
arm-none-eabi-gcc -mcpu=cortex-a9 -mfpu=vfpv3 -mfloat-abi=hard -Wl,-build-id=none -specs=Xilinx.spec -Wl,-T -Wl,../src/lscript.ld -L../../rangefinder_bsp/ps7_cortexa9_0/lib -o "rangefinder.elf"  ./src/helloworld.o ./src/platform.o   -Wl,--start-group,-lxil,-lgcc,-lc,--end-group
'Finished building target: rangefinder.elf'
' '
'Invoking: ARM v7 Print Size'
arm-none-eabi-size rangefinder.elf  |tee "rangefinder.elf.size"
   text	   data	    bss	    dec	    hex	filename
  37580	   2192	  22628	  62400	   f3c0	rangefinder.elf
'Finished building: rangefinder.elf.size'
' '

19:06:10 Build Finished (took 4s.976ms)

