#-----------------------------------------------------------
# Webtalk v2016.2 (64-bit)
# SW Build 1577090 on Thu Jun  2 16:32:40 MDT 2016
# 
# Start of session at: Sun Dec 18 17:38:16 2016
# Process ID: 3052
# Current directory: C:/Users/John/Documents/GitHub/MQP/IMU_PS/IMU_PS.sdk/webtalk
# Command line: wbtcv.exe -mode batch -source sdk_webtalk.tcl
# Log file: C:/Users/John/Documents/GitHub/MQP/IMU_PS/IMU_PS.sdk/webtalk/webtalk.log
# Journal file: C:/Users/John/Documents/GitHub/MQP/IMU_PS/IMU_PS.sdk/webtalk\webtalk.jou
#-----------------------------------------------------------
source sdk_webtalk.tcl
# webtalk_init -webtalk_dir C:\\Users\\John\\Documents\\GitHub\\MQP\\IMU_PS\\IMU_PS.sdk\\webtalk
# webtalk_register_client -client project
# webtalk_add_data -client project -key date_generated -value "Sun Dec 18 17:38:12 2016" -context "software_version_and_target_device"
# webtalk_add_data -client project -key product_version -value "SDK v2016.2" -context "software_version_and_target_device"
# webtalk_add_data -client project -key build_version -value "2016.2" -context "software_version_and_target_device"
# webtalk_add_data -client project -key os_platform -value "amd64" -context "software_version_and_target_device"
# webtalk_add_data -client project -key registration_id -value "" -context "software_version_and_target_device"
# webtalk_add_data -client project -key tool_flow -value "SDK" -context "software_version_and_target_device"
# webtalk_add_data -client project -key beta -value "false" -context "software_version_and_target_device"
# webtalk_add_data -client project -key route_design -value "NA" -context "software_version_and_target_device"
# webtalk_add_data -client project -key target_family -value "NA" -context "software_version_and_target_device"
# webtalk_add_data -client project -key target_device -value "NA" -context "software_version_and_target_device"
# webtalk_add_data -client project -key target_package -value "NA" -context "software_version_and_target_device"
# webtalk_add_data -client project -key target_speed -value "NA" -context "software_version_and_target_device"
# webtalk_add_data -client project -key random_id -value "4bi5nupurpe6gu44b368d4co8k" -context "software_version_and_target_device"
# webtalk_add_data -client project -key project_id -value "2016.2_57" -context "software_version_and_target_device"
# webtalk_add_data -client project -key project_iteration -value "57" -context "software_version_and_target_device"
# webtalk_add_data -client project -key os_name -value "" -context "user_environment"
# webtalk_add_data -client project -key os_release -value "" -context "user_environment"
# webtalk_add_data -client project -key cpu_name -value "" -context "user_environment"
# webtalk_add_data -client project -key cpu_speed -value "" -context "user_environment"
# webtalk_add_data -client project -key total_processors -value "" -context "user_environment"
# webtalk_add_data -client project -key system_ram -value "" -context "user_environment"
# webtalk_register_client -client sdk
# webtalk_add_data -client sdk -key uid -value "1482097652080" -context "sdk\\\\hardware/1482097652080"
# webtalk_add_data -client sdk -key isZynq -value "true" -context "sdk\\\\hardware/1482097652080"
# webtalk_add_data -client sdk -key Processors -value "2" -context "sdk\\\\hardware/1482097652080"
# webtalk_add_data -client sdk -key VivadoVersion -value "2016.2" -context "sdk\\\\hardware/1482097652080"
# webtalk_add_data -client sdk -key Arch -value "zynq" -context "sdk\\\\hardware/1482097652080"
# webtalk_add_data -client sdk -key Device -value "7z020" -context "sdk\\\\hardware/1482097652080"
# webtalk_add_data -client sdk -key IsHandoff -value "true" -context "sdk\\\\hardware/1482097652080"
# webtalk_add_data -client sdk -key uid -value "1482097743735" -context "sdk\\\\bsp/1482097743735"
# webtalk_add_data -client sdk -key hwid -value "1482097652080" -context "sdk\\\\bsp/1482097743735"
# webtalk_add_data -client sdk -key os -value "standalone" -context "sdk\\\\bsp/1482097743735"
# webtalk_add_data -client sdk -key apptemplate -value "hello_world" -context "sdk\\\\bsp/1482097743735"
# webtalk_add_data -client sdk -key uid -value "1482097759929" -context "sdk\\\\application/1482097759929"
# webtalk_add_data -client sdk -key hwid -value "1482097652080" -context "sdk\\\\application/1482097759929"
# webtalk_add_data -client sdk -key bspid -value "1482097743735" -context "sdk\\\\application/1482097759929"
# webtalk_add_data -client sdk -key newbsp -value "true" -context "sdk\\\\application/1482097759929"
# webtalk_add_data -client sdk -key os -value "standalone" -context "sdk\\\\application/1482097759929"
# webtalk_add_data -client sdk -key apptemplate -value "hello_world" -context "sdk\\\\application/1482097759929"
# webtalk_transmit -clientid 1106832332 -regid "" -xml C:\\Users\\John\\Documents\\GitHub\\MQP\\IMU_PS\\IMU_PS.sdk\\webtalk\\usage_statistics_ext_sdk.xml -html C:\\Users\\John\\Documents\\GitHub\\MQP\\IMU_PS\\IMU_PS.sdk\\webtalk\\usage_statistics_ext_sdk.html -wdm C:\\Users\\John\\Documents\\GitHub\\MQP\\IMU_PS\\IMU_PS.sdk\\webtalk\\sdk_webtalk.wdm -intro "<H3>SDK Usage Report</H3><BR>"
# webtalk_terminate
INFO: [Common 17-206] Exiting Webtalk at Sun Dec 18 17:38:28 2016...
