ISim log file
Running: C:\Users\georges\Documents\GitHub\MQP\Nexys3_Disparity\disparity_tb_isim_beh.exe -intstyle ise -gui -tclbatch isim.cmd -wdb C:/Users/georges/Documents/GitHub/MQP/Nexys3_Disparity/disparity_tb_isim_beh.wdb 
ISim P.15xf (signature 0xc3576ebc)
WARNING: A WEBPACK license was found.
WARNING: Please use Xilinx License Configuration Manager to check out a full ISim license.
WARNING: ISim will run in Lite mode. Please refer to the ISim documentation for more information on the differences between the Lite and the Full version.
This is a Lite version of ISim.
Time resolution is 1 ps
# onerror resume
# wave add /
# run 1000 ns
Simulator is doing circuit initialization process.
Finished circuit initialization process.
Reading files...
FSM enabled
# run all
resultant = [5,3,1,1,1,1,1,1,0,0,0,0,0,0,0,0,0,5,3,1,1,1,1,1,1,0,0,0,0,0,0,0,0,0,5,3,1,1,1,1,1,1,0,0,0,0,0,0,0,0,0,5,3,1,1,1,1,1,1,0,0,0,0,0,0,0,0,0,5,3,1,1,1,1,1,1,0,0,0,0,0,0,1,1,4,5,3,1,1,1,1,1,1,0,0,0,0,0,0,1,1,4,5,3,1,1,1,1,1,1,0,0,0,0,0,0,1,0,X,;]Stopped at time : 843715 ns :  in File "C:/Users/georges/Documents/GitHub/MQP/Nexys3_Disparity/disparity_tb.v" Line 119 
ISim P.15xf (signature 0xc3576ebc)
WARNING: A WEBPACK license was found.
WARNING: Please use Xilinx License Configuration Manager to check out a full ISim license.
WARNING: ISim will run in Lite mode. Please refer to the ISim documentation for more information on the differences between the Lite and the Full version.
This is a Lite version of ISim.
# run 1000 ns
Simulator is doing circuit initialization process.
Finished circuit initialization process.
Reading files...
FSM enabled
# run all
resultant = [5,3,1,1,1,1,1,1,0,0,0,0,0,0,0,0,;0,5,3,1,1,1,1,1,1,0,0,0,0,0,0,0,0,;0,5,3,1,1,1,1,1,1,0,0,0,0,0,0,0,0,;0,5,3,1,1,1,1,1,1,0,0,0,0,0,0,0,0,;0,5,3,1,1,1,1,1,1,0,0,0,0,0,0,1,1,;4,5,3,1,1,1,1,1,1,0,0,0,0,0,0,1,1,;4,5,3,1,1,1,1,1,1,0,0,0,0,0,0,1,0,X,]Stopped at time : 843715 ns :  in File "C:/Users/georges/Documents/GitHub/MQP/Nexys3_Disparity/disparity_tb.v" Line 119 
ISim P.15xf (signature 0xc3576ebc)
WARNING: A WEBPACK license was found.
WARNING: Please use Xilinx License Configuration Manager to check out a full ISim license.
WARNING: ISim will run in Lite mode. Please refer to the ISim documentation for more information on the differences between the Lite and the Full version.
This is a Lite version of ISim.
# run 1000 ns
Simulator is doing circuit initialization process.
Finished circuit initialization process.
Reading files...
FSM enabled
# run all
resultant = [,5,3,1,1,1,1,1,1,0,0,0,0,0,0,0,0;0,5,3,1,1,1,1,1,1,0,0,0,0,0,0,0,0;0,5,3,1,1,1,1,1,1,0,0,0,0,0,0,0,0;0,5,3,1,1,1,1,1,1,0,0,0,0,0,0,0,0;0,5,3,1,1,1,1,1,1,0,0,0,0,0,0,1,1;4,5,3,1,1,1,1,1,1,0,0,0,0,0,0,1,1;4,5,3,1,1,1,1,1,1,0,0,0,0,0,0,1,0,X]Stopped at time : 843715 ns :  in File "C:/Users/georges/Documents/GitHub/MQP/Nexys3_Disparity/disparity_tb.v" Line 121 
ISim P.15xf (signature 0xc3576ebc)
WARNING: A WEBPACK license was found.
WARNING: Please use Xilinx License Configuration Manager to check out a full ISim license.
WARNING: ISim will run in Lite mode. Please refer to the ISim documentation for more information on the differences between the Lite and the Full version.
This is a Lite version of ISim.
# run 1000 ns
Simulator is doing circuit initialization process.
Finished circuit initialization process.
Reading files...
FSM enabled
# run all
resultant = [X,5,3,1,1,1,1,1,1,0,0,0,0,0,0,0,0;0,5,3,1,1,1,1,1,1,0,0,0,0,0,0,0,0;0,5,3,1,1,1,1,1,1,0,0,0,0,0,0,0,0;0,5,3,1,1,1,1,1,1,0,0,0,0,0,0,0,0;0,5,3,1,1,1,1,1,1,0,0,0,0,0,0,1,1;4,5,3,1,1,1,1,1,1,0,0,0,0,0,0,1,1;4,5,3,1,1,1,1,1,1,0,0,0,0,0,0,1,0,]Stopped at time : 843715 ns :  in File "C:/Users/georges/Documents/GitHub/MQP/Nexys3_Disparity/disparity_tb.v" Line 122 
ISim P.15xf (signature 0xc3576ebc)
WARNING: A WEBPACK license was found.
WARNING: Please use Xilinx License Configuration Manager to check out a full ISim license.
WARNING: ISim will run in Lite mode. Please refer to the ISim documentation for more information on the differences between the Lite and the Full version.
This is a Lite version of ISim.
# run 1000 ns
Simulator is doing circuit initialization process.
Finished circuit initialization process.
Reading files...
FSM enabled
# run all
resultant = [X,5,3,1,1,1,1,1,1,0,0,0,0,0,0,0,0;0,5,3,1,1,1,1,1,1,0,0,0,0,0,0,0,0;0,5,3,1,1,1,1,1,1,0,0,0,0,0,0,0,0;0,5,3,1,1,1,1,1,1,0,0,0,0,0,0,0,0;0,5,3,1,1,1,1,1,1,0,0,0,0,0,0,1,1;4,5,3,1,1,1,1,1,1,0,0,0,0,0,0,1,1;4,5,3,1,1,1,1,1,1,0,0,0,0,0,0,1,0,]
Stopped at time : 843715 ns :  in File "C:/Users/georges/Documents/GitHub/MQP/Nexys3_Disparity/disparity_tb.v" Line 122 
ISim P.15xf (signature 0xc3576ebc)
WARNING: A WEBPACK license was found.
WARNING: Please use Xilinx License Configuration Manager to check out a full ISim license.
WARNING: ISim will run in Lite mode. Please refer to the ISim documentation for more information on the differences between the Lite and the Full version.
This is a Lite version of ISim.
# run 1000 ns
Simulator is doing circuit initialization process.
Finished circuit initialization process.
Reading files...
FSM enabled
# run all
resultant = [X,5,3,1,1,1,1,1,1,0,0,0,0,0,0,0,0; 0,5,3,1,1,1,1,1,1,0,0,0,0,0,0,0,0; 0,5,3,1,1,1,1,1,1,0,0,0,0,0,0,0,0; 0,5,3,1,1,1,1,1,1,0,0,0,0,0,0,0,0; 0,5,3,1,1,1,1,1,1,0,0,0,0,0,0,1,1; 4,5,3,1,1,1,1,1,1,0,0,0,0,0,0,1,1; 4,5,3,1,1,1,1,1,1,0,0,0,0,0,0,1,0,]

Stopped at time : 843715 ns :  in File "C:/Users/georges/Documents/GitHub/MQP/Nexys3_Disparity/disparity_tb.v" Line 122 
