21:41:30 INFO  : Launching XSDB server: xsdb.bat -interactive C:\Users\John\Documents\GitHub\MQP\project_2\project_2.sdk\temp_xsdb_launch_script.tcl
21:41:38 INFO  : XSDB server has started successfully.
21:41:39 INFO  : Processing command line option -hwspec C:/Users/John/Documents/GitHub/MQP/project_2/project_2.sdk/design_1_wrapper.hdf.
22:10:58 INFO  : Connected to target on host '127.0.0.1' and port '3121'.
22:20:48 INFO  : Connected to target on host '127.0.0.1' and port '3121'.
10:34:04 INFO  : Connected to target on host '127.0.0.1' and port '3121'.
10:34:07 INFO  : 'targets -set -filter {jtag_cable_name =~ "Digilent Zed 210248447864" && level==0} -index 1' command is executed.
10:34:11 INFO  : FPGA configured successfully with bitstream "C:/Users/John/Documents/GitHub/MQP/project_2/project_2.sdk/design_1_wrapper_hw_platform_0/design_1_wrapper.bit"
10:36:39 INFO  : 'targets -set -filter {jtag_cable_name =~ "Digilent Zed 210248447864" && level==0} -index 1' command is executed.
10:36:39 INFO  : 'fpga -state' command is executed.
10:36:39 INFO  : Connected to target on host '127.0.0.1' and port '3121'.
10:36:39 INFO  : Jtag cable 'Digilent Zed 210248447864' is selected.
10:36:39 INFO  : 'jtag frequency' command is executed.
10:36:40 INFO  : Sourcing of 'C:/Users/John/Documents/GitHub/MQP/project_2/project_2.sdk/design_1_wrapper_hw_platform_0/ps7_init.tcl' is done.
10:36:40 INFO  : 'targets -set -filter {name =~"APU" && jtag_cable_name =~ "Digilent Zed 210248447864"} -index 0' command is executed.
10:36:42 INFO  : Hardware design information is loaded from 'C:/Users/John/Documents/GitHub/MQP/project_2/project_2.sdk/design_1_wrapper_hw_platform_0/system.hdf'.
10:36:43 INFO  : 'targets -set -filter {name =~"APU" && jtag_cable_name =~ "Digilent Zed 210248447864"} -index 0' command is executed.
10:36:43 INFO  : 'stop' command is executed.
10:36:44 INFO  : 'ps7_init' command is executed.
10:36:44 INFO  : 'ps7_post_config' command is executed.
10:36:44 INFO  : Context for processor 'ps7_cortexa9_0' is selected.
10:36:44 INFO  : Processor reset is completed for 'ps7_cortexa9_0'.
10:36:44 INFO  : Context for processor 'ps7_cortexa9_0' is selected.
10:36:45 INFO  : The application 'C:/Users/John/Documents/GitHub/MQP/project_2/project_2.sdk/uart_module/Debug/uart_module.elf' is downloaded to processor 'ps7_cortexa9_0'.
10:36:45 INFO  : ----------------XSDB Script----------------
connect -url tcp:127.0.0.1:3121
source C:/Users/John/Documents/GitHub/MQP/project_2/project_2.sdk/design_1_wrapper_hw_platform_0/ps7_init.tcl
targets -set -filter {name =~"APU" && jtag_cable_name =~ "Digilent Zed 210248447864"} -index 0
loadhw C:/Users/John/Documents/GitHub/MQP/project_2/project_2.sdk/design_1_wrapper_hw_platform_0/system.hdf
targets -set -filter {name =~"APU" && jtag_cable_name =~ "Digilent Zed 210248447864"} -index 0
stop
ps7_init
ps7_post_config
targets -set -nocase -filter {name =~ "ARM*#0" && jtag_cable_name =~ "Digilent Zed 210248447864"} -index 0
rst -processor
targets -set -nocase -filter {name =~ "ARM*#0" && jtag_cable_name =~ "Digilent Zed 210248447864"} -index 0
dow C:/Users/John/Documents/GitHub/MQP/project_2/project_2.sdk/uart_module/Debug/uart_module.elf
----------------End of Script----------------

10:36:47 INFO  : Memory regions updated for context APU
10:36:47 INFO  : Context for processor 'ps7_cortexa9_0' is selected.
10:36:48 INFO  : 'con' command is executed.
10:36:48 INFO  : ----------------XSDB Script (After Launch)----------------
targets -set -nocase -filter {name =~ "ARM*#0" && jtag_cable_name =~ "Digilent Zed 210248447864"} -index 0
con
----------------End of Script----------------

10:36:48 INFO  : Launch script is exported to file 'C:\Users\John\Documents\GitHub\MQP\project_2\project_2.sdk\.sdk\launch_scripts\xilinx_c-c++_application_(system_debugger)\system_debugger_on_local_uart_module.elf.tcl'
10:40:31 INFO  : Disconnected from the channel tcfchan#1.
10:40:37 INFO  : 'targets -set -filter {jtag_cable_name =~ "Digilent Zed 210248447864" && level==0} -index 1' command is executed.
10:40:37 INFO  : 'fpga -state' command is executed.
10:40:37 INFO  : Connected to target on host '127.0.0.1' and port '3121'.
10:40:38 INFO  : Jtag cable 'Digilent Zed 210248447864' is selected.
10:40:38 INFO  : 'jtag frequency' command is executed.
10:40:38 INFO  : Sourcing of 'C:/Users/John/Documents/GitHub/MQP/project_2/project_2.sdk/design_1_wrapper_hw_platform_0/ps7_init.tcl' is done.
10:40:38 INFO  : 'targets -set -filter {name =~"APU" && jtag_cable_name =~ "Digilent Zed 210248447864"} -index 0' command is executed.
10:40:57 INFO  : Hardware design information is loaded from 'C:/Users/John/Documents/GitHub/MQP/project_2/project_2.sdk/design_1_wrapper_hw_platform_0/system.hdf'.
10:40:57 INFO  : 'targets -set -filter {name =~"APU" && jtag_cable_name =~ "Digilent Zed 210248447864"} -index 0' command is executed.
10:40:58 INFO  : 'stop' command is executed.
10:40:59 INFO  : 'ps7_init' command is executed.
10:40:59 INFO  : 'ps7_post_config' command is executed.
10:40:59 INFO  : Context for processor 'ps7_cortexa9_0' is selected.
10:40:59 INFO  : Processor reset is completed for 'ps7_cortexa9_0'.
10:40:59 INFO  : Context for processor 'ps7_cortexa9_0' is selected.
10:41:00 INFO  : The application 'C:/Users/John/Documents/GitHub/MQP/project_2/project_2.sdk/uart_module/Debug/uart_module.elf' is downloaded to processor 'ps7_cortexa9_0'.
10:41:00 INFO  : ----------------XSDB Script----------------
connect -url tcp:127.0.0.1:3121
source C:/Users/John/Documents/GitHub/MQP/project_2/project_2.sdk/design_1_wrapper_hw_platform_0/ps7_init.tcl
targets -set -filter {name =~"APU" && jtag_cable_name =~ "Digilent Zed 210248447864"} -index 0
loadhw C:/Users/John/Documents/GitHub/MQP/project_2/project_2.sdk/design_1_wrapper_hw_platform_0/system.hdf
targets -set -filter {name =~"APU" && jtag_cable_name =~ "Digilent Zed 210248447864"} -index 0
stop
ps7_init
ps7_post_config
targets -set -nocase -filter {name =~ "ARM*#0" && jtag_cable_name =~ "Digilent Zed 210248447864"} -index 0
rst -processor
targets -set -nocase -filter {name =~ "ARM*#0" && jtag_cable_name =~ "Digilent Zed 210248447864"} -index 0
dow C:/Users/John/Documents/GitHub/MQP/project_2/project_2.sdk/uart_module/Debug/uart_module.elf
----------------End of Script----------------

10:41:00 INFO  : Memory regions updated for context APU
10:41:00 INFO  : Context for processor 'ps7_cortexa9_0' is selected.
10:41:00 INFO  : 'con' command is executed.
10:41:00 INFO  : ----------------XSDB Script (After Launch)----------------
targets -set -nocase -filter {name =~ "ARM*#0" && jtag_cable_name =~ "Digilent Zed 210248447864"} -index 0
con
----------------End of Script----------------

10:41:00 INFO  : Launch script is exported to file 'C:\Users\John\Documents\GitHub\MQP\project_2\project_2.sdk\.sdk\launch_scripts\xilinx_c-c++_application_(system_debugger)\system_debugger_on_local_uart_module.elf.tcl'
10:42:02 INFO  : Disconnected from the channel tcfchan#2.
10:42:33 INFO  : ps7_init is completed.
10:42:33 INFO  : ps7_post_config is completed.
10:42:34 INFO  : Processor reset is completed for ps7_cortexa9_0
10:43:11 INFO  : Processor reset is completed for ps7_cortexa9_0
10:58:26 INFO  : Processor reset is completed for ps7_cortexa9_0
10:58:26 ERROR : Port COM3 is already in use.
11:00:59 INFO  : Processor reset is completed for ps7_cortexa9_0
11:00:59 ERROR : No such port: COM3
11:04:40 INFO  : ps7_init is completed.
11:04:40 INFO  : ps7_post_config is completed.
11:04:41 INFO  : Processor reset is completed for ps7_cortexa9_0
11:04:41 ERROR : No such port: COM3
11:25:17 ERROR : Unexpected error while fetching XMD's response: 
java.net.SocketException: Connection reset
	at java.net.SocketInputStream.read(SocketInputStream.java:209)
	at java.net.SocketInputStream.read(SocketInputStream.java:141)
	at sun.nio.cs.StreamDecoder.readBytes(StreamDecoder.java:284)
	at sun.nio.cs.StreamDecoder.implRead(StreamDecoder.java:326)
	at sun.nio.cs.StreamDecoder.read(StreamDecoder.java:178)
	at java.io.InputStreamReader.read(InputStreamReader.java:184)
	at java.io.BufferedReader.fill(BufferedReader.java:161)
	at java.io.BufferedReader.read(BufferedReader.java:182)
	at com.xilinx.sdk.targetmanager.internal.json.XMDJSONProcess$CommandResultsReader.run(XMDJSONProcess.java:332)
	at java.lang.Thread.run(Thread.java:745)
11:25:17 ERROR : Zero sized response read from XMD. This indicates a communication error or a programming error.
11:55:16 INFO  : Launching XSDB server: xsdb.bat -interactive C:\Users\John\Documents\GitHub\MQP\project_2\project_2.sdk\temp_xsdb_launch_script.tcl
11:55:23 INFO  : XSDB server has started successfully.
11:55:27 ERROR : Unexpected error while parsing XMD response ?: com.google.gson.JsonSyntaxException: com.google.gson.stream.MalformedJsonException: invalid number or unquoted string near 
12:14:58 INFO  : Launching XSDB server: xsdb.bat -interactive C:\Users\John\Documents\GitHub\MQP\project_2\project_2.sdk\temp_xsdb_launch_script.tcl
12:15:22 INFO  : XSDB server has started successfully.
12:15:24 INFO  : Processing command line option -hwspec C:/Users/John/Documents/GitHub/MQP/project_2/project_2.sdk/design_1_wrapper.hdf.
12:15:24 INFO  : Checking for hwspec changes in the project design_1_wrapper_hw_platform_0.
12:16:51 INFO  : 'targets -set -filter {jtag_cable_name =~ "Digilent Zed 210248447864" && level==0} -index 1' command is executed.
12:16:51 INFO  : 'fpga -state' command is executed.
12:16:57 INFO  : Connected to target on host '127.0.0.1' and port '3121'.
12:16:58 INFO  : Jtag cable 'Digilent Zed 210248447864' is selected.
12:16:58 INFO  : 'jtag frequency' command is executed.
12:16:58 INFO  : Sourcing of 'C:/Users/John/Documents/GitHub/MQP/project_2/project_2.sdk/design_1_wrapper_hw_platform_0/ps7_init.tcl' is done.
12:16:58 INFO  : 'targets -set -filter {name =~"APU" && jtag_cable_name =~ "Digilent Zed 210248447864"} -index 0' command is executed.
12:16:58 INFO  : Hardware design information is loaded from 'C:/Users/John/Documents/GitHub/MQP/project_2/project_2.sdk/design_1_wrapper_hw_platform_0/system.hdf'.
12:16:58 INFO  : 'targets -set -filter {name =~"APU" && jtag_cable_name =~ "Digilent Zed 210248447864"} -index 0' command is executed.
12:16:58 INFO  : 'stop' command is executed.
12:16:59 INFO  : 'ps7_init' command is executed.
12:16:59 INFO  : 'ps7_post_config' command is executed.
12:16:59 INFO  : Context for processor 'ps7_cortexa9_0' is selected.
12:16:59 INFO  : Processor reset is completed for 'ps7_cortexa9_0'.
12:17:00 INFO  : Context for processor 'ps7_cortexa9_0' is selected.
12:17:00 INFO  : The application 'C:/Users/John/Documents/GitHub/MQP/project_2/project_2.sdk/uart_module/Debug/uart_module.elf' is downloaded to processor 'ps7_cortexa9_0'.
12:17:00 INFO  : ----------------XSDB Script----------------
connect -url tcp:127.0.0.1:3121
source C:/Users/John/Documents/GitHub/MQP/project_2/project_2.sdk/design_1_wrapper_hw_platform_0/ps7_init.tcl
targets -set -filter {name =~"APU" && jtag_cable_name =~ "Digilent Zed 210248447864"} -index 0
loadhw C:/Users/John/Documents/GitHub/MQP/project_2/project_2.sdk/design_1_wrapper_hw_platform_0/system.hdf
targets -set -filter {name =~"APU" && jtag_cable_name =~ "Digilent Zed 210248447864"} -index 0
stop
ps7_init
ps7_post_config
targets -set -nocase -filter {name =~ "ARM*#0" && jtag_cable_name =~ "Digilent Zed 210248447864"} -index 0
rst -processor
targets -set -nocase -filter {name =~ "ARM*#0" && jtag_cable_name =~ "Digilent Zed 210248447864"} -index 0
dow C:/Users/John/Documents/GitHub/MQP/project_2/project_2.sdk/uart_module/Debug/uart_module.elf
----------------End of Script----------------

12:17:00 INFO  : Memory regions updated for context APU
12:17:02 INFO  : Context for processor 'ps7_cortexa9_0' is selected.
12:17:02 INFO  : 'con' command is executed.
12:17:02 INFO  : ----------------XSDB Script (After Launch)----------------
targets -set -nocase -filter {name =~ "ARM*#0" && jtag_cable_name =~ "Digilent Zed 210248447864"} -index 0
con
----------------End of Script----------------

12:17:02 INFO  : Launch script is exported to file 'C:\Users\John\Documents\GitHub\MQP\project_2\project_2.sdk\.sdk\launch_scripts\xilinx_c-c++_application_(system_debugger)\system_debugger_on_local_uart_module.elf.tcl'
12:17:55 INFO  : Disconnected from the channel tcfchan#1.
12:18:33 INFO  : ps7_init is completed.
12:18:33 INFO  : ps7_post_config is completed.
12:18:33 INFO  : Processor reset is completed for ps7_cortexa9_0
12:18:34 ERROR : No such port: COM3
12:36:49 ERROR : Unexpected error while parsing XMD response ?: com.google.gson.JsonSyntaxException: com.google.gson.stream.MalformedJsonException: invalid number or unquoted string near 
17:50:22 INFO  : Launching XSDB server: xsdb.bat -interactive C:\Users\John\Documents\GitHub\MQP\project_2\project_2.sdk\temp_xsdb_launch_script.tcl
17:50:38 INFO  : XSDB server has started successfully.
17:50:42 INFO  : Processing command line option -hwspec C:/Users/John/Documents/GitHub/MQP/project_2/project_2.sdk/design_1_wrapper.hdf.
17:50:42 INFO  : Checking for hwspec changes in the project design_1_wrapper_hw_platform_0.
17:51:34 INFO  : ps7_init is completed.
17:51:35 INFO  : ps7_post_config is completed.
17:51:35 INFO  : Processor reset is completed for ps7_cortexa9_0
17:51:35 ERROR : Port COM3 is already in use.
17:52:46 INFO  : Processor reset is completed for ps7_cortexa9_0
17:52:46 ERROR : Port COM3 is already in use.
17:54:47 INFO  : Processor reset is completed for ps7_cortexa9_0
17:54:47 ERROR : Port COM3 is already in use.
18:08:41 INFO  : Processor reset is completed for ps7_cortexa9_0
18:08:41 ERROR : Port COM3 is already in use.
18:09:28 INFO  : Processor reset is completed for ps7_cortexa9_0
18:09:28 ERROR : Port COM3 is already in use.
18:10:36 INFO  : Processor reset is completed for ps7_cortexa9_0
18:10:36 ERROR : Port COM3 is already in use.
18:11:50 INFO  : Connected to target on host '127.0.0.1' and port '3121'.
18:11:54 INFO  : 'targets -set -filter {jtag_cable_name =~ "Digilent Zed 210248447864" && level==0} -index 1' command is executed.
18:11:57 INFO  : FPGA configured successfully with bitstream "C:/Users/John/Documents/GitHub/MQP/project_2/project_2.sdk/design_1_wrapper_hw_platform_0/design_1_wrapper.bit"
18:13:54 INFO  : Processor reset is completed for ps7_cortexa9_0
18:13:54 ERROR : Port COM3 is already in use.
18:15:01 INFO  : Processor reset is completed for ps7_cortexa9_0
18:15:01 ERROR : Port COM3 is already in use.
18:15:29 INFO  : Processor reset is completed for ps7_cortexa9_0
18:15:29 ERROR : Port COM3 is already in use.
10:42:56 INFO  : ps7_init is completed.
10:42:56 INFO  : ps7_post_config is completed.
10:42:56 INFO  : Processor reset is completed for ps7_cortexa9_0
10:42:56 ERROR : Port COM3 is already in use.
10:43:40 INFO  : ps7_cortexa9_0 Processor is in use. Please stop existing Run or Debug sessions before launching.
10:43:43 INFO  : Processor reset is completed for ps7_cortexa9_0
10:43:43 ERROR : Port COM3 is already in use.
10:44:17 INFO  : ps7_cortexa9_0 Processor is in use. Please stop existing Run or Debug sessions before launching.
10:44:20 INFO  : Processor reset is completed for ps7_cortexa9_0
10:44:20 ERROR : Port COM3 is already in use.
10:45:46 INFO  : ps7_cortexa9_0 Processor is in use. Please stop existing Run or Debug sessions before launching.
10:45:48 INFO  : Processor reset is completed for ps7_cortexa9_0
10:45:48 ERROR : Port COM3 is already in use.
10:46:55 INFO  : ps7_cortexa9_0 Processor is in use. Please stop existing Run or Debug sessions before launching.
10:46:57 INFO  : Processor reset is completed for ps7_cortexa9_0
10:46:57 ERROR : Port COM3 is already in use.
10:49:33 INFO  : ps7_cortexa9_0 Processor is in use. Please stop existing Run or Debug sessions before launching.
10:49:35 INFO  : Processor reset is completed for ps7_cortexa9_0
10:49:35 ERROR : Port COM3 is already in use.
10:50:08 INFO  : 'targets -set -filter {jtag_cable_name =~ "Digilent Zed 210248447864" && level==0} -index 1' command is executed.
10:50:08 INFO  : 'fpga -state' command is executed.
10:50:10 INFO  : Connected to target on host '127.0.0.1' and port '3121'.
10:50:10 INFO  : Jtag cable 'Digilent Zed 210248447864' is selected.
10:50:10 INFO  : 'jtag frequency' command is executed.
10:50:10 INFO  : Sourcing of 'C:/Users/John/Documents/GitHub/MQP/project_2/project_2.sdk/design_1_wrapper_hw_platform_0/ps7_init.tcl' is done.
10:50:10 INFO  : 'targets -set -filter {name =~"APU" && jtag_cable_name =~ "Digilent Zed 210248447864"} -index 0' command is executed.
10:50:10 INFO  : Hardware design information is loaded from 'C:/Users/John/Documents/GitHub/MQP/project_2/project_2.sdk/design_1_wrapper_hw_platform_0/system.hdf'.
10:50:11 INFO  : 'targets -set -filter {name =~"APU" && jtag_cable_name =~ "Digilent Zed 210248447864"} -index 0' command is executed.
10:50:11 INFO  : 'stop' command is executed.
10:50:12 INFO  : 'ps7_init' command is executed.
10:50:12 INFO  : 'ps7_post_config' command is executed.
10:50:12 INFO  : Context for processor 'ps7_cortexa9_0' is selected.
10:50:12 INFO  : Processor reset is completed for 'ps7_cortexa9_0'.
10:50:12 INFO  : Context for processor 'ps7_cortexa9_0' is selected.
10:50:12 INFO  : The application 'C:/Users/John/Documents/GitHub/MQP/project_2/project_2.sdk/uart_module/Debug/uart_module.elf' is downloaded to processor 'ps7_cortexa9_0'.
10:50:12 INFO  : ----------------XSDB Script----------------
connect -url tcp:127.0.0.1:3121
source C:/Users/John/Documents/GitHub/MQP/project_2/project_2.sdk/design_1_wrapper_hw_platform_0/ps7_init.tcl
targets -set -filter {name =~"APU" && jtag_cable_name =~ "Digilent Zed 210248447864"} -index 0
loadhw C:/Users/John/Documents/GitHub/MQP/project_2/project_2.sdk/design_1_wrapper_hw_platform_0/system.hdf
targets -set -filter {name =~"APU" && jtag_cable_name =~ "Digilent Zed 210248447864"} -index 0
stop
ps7_init
ps7_post_config
targets -set -nocase -filter {name =~ "ARM*#0" && jtag_cable_name =~ "Digilent Zed 210248447864"} -index 0
rst -processor
targets -set -nocase -filter {name =~ "ARM*#0" && jtag_cable_name =~ "Digilent Zed 210248447864"} -index 0
dow C:/Users/John/Documents/GitHub/MQP/project_2/project_2.sdk/uart_module/Debug/uart_module.elf
----------------End of Script----------------

10:50:12 INFO  : Memory regions updated for context APU
10:50:13 INFO  : Context for processor 'ps7_cortexa9_0' is selected.
10:50:13 INFO  : 'con' command is executed.
10:50:13 INFO  : ----------------XSDB Script (After Launch)----------------
targets -set -nocase -filter {name =~ "ARM*#0" && jtag_cable_name =~ "Digilent Zed 210248447864"} -index 0
con
----------------End of Script----------------

10:50:13 INFO  : Launch script is exported to file 'C:\Users\John\Documents\GitHub\MQP\project_2\project_2.sdk\.sdk\launch_scripts\xilinx_c-c++_application_(system_debugger)\system_debugger_on_local_uart_module.elf.tcl'
10:50:21 INFO  : Disconnected from the channel tcfchan#1.
10:50:22 INFO  : 'targets -set -filter {jtag_cable_name =~ "Digilent Zed 210248447864" && level==0} -index 1' command is executed.
10:50:22 INFO  : 'fpga -state' command is executed.
10:50:24 INFO  : Connected to target on host '127.0.0.1' and port '3121'.
10:50:24 INFO  : Jtag cable 'Digilent Zed 210248447864' is selected.
10:50:24 INFO  : 'jtag frequency' command is executed.
10:50:24 INFO  : Sourcing of 'C:/Users/John/Documents/GitHub/MQP/project_2/project_2.sdk/design_1_wrapper_hw_platform_0/ps7_init.tcl' is done.
10:50:25 INFO  : 'targets -set -filter {name =~"APU" && jtag_cable_name =~ "Digilent Zed 210248447864"} -index 0' command is executed.
10:50:37 INFO  : Hardware design information is loaded from 'C:/Users/John/Documents/GitHub/MQP/project_2/project_2.sdk/design_1_wrapper_hw_platform_0/system.hdf'.
10:50:37 INFO  : 'targets -set -filter {name =~"APU" && jtag_cable_name =~ "Digilent Zed 210248447864"} -index 0' command is executed.
10:50:37 INFO  : 'stop' command is executed.
10:50:38 INFO  : 'ps7_init' command is executed.
10:50:38 INFO  : 'ps7_post_config' command is executed.
10:50:38 INFO  : Context for processor 'ps7_cortexa9_0' is selected.
10:50:38 INFO  : Processor reset is completed for 'ps7_cortexa9_0'.
10:50:38 INFO  : Context for processor 'ps7_cortexa9_0' is selected.
10:50:38 INFO  : The application 'C:/Users/John/Documents/GitHub/MQP/project_2/project_2.sdk/uart_module/Debug/uart_module.elf' is downloaded to processor 'ps7_cortexa9_0'.
10:50:38 INFO  : ----------------XSDB Script----------------
connect -url tcp:127.0.0.1:3121
source C:/Users/John/Documents/GitHub/MQP/project_2/project_2.sdk/design_1_wrapper_hw_platform_0/ps7_init.tcl
targets -set -filter {name =~"APU" && jtag_cable_name =~ "Digilent Zed 210248447864"} -index 0
loadhw C:/Users/John/Documents/GitHub/MQP/project_2/project_2.sdk/design_1_wrapper_hw_platform_0/system.hdf
targets -set -filter {name =~"APU" && jtag_cable_name =~ "Digilent Zed 210248447864"} -index 0
stop
ps7_init
ps7_post_config
targets -set -nocase -filter {name =~ "ARM*#0" && jtag_cable_name =~ "Digilent Zed 210248447864"} -index 0
rst -processor
targets -set -nocase -filter {name =~ "ARM*#0" && jtag_cable_name =~ "Digilent Zed 210248447864"} -index 0
dow C:/Users/John/Documents/GitHub/MQP/project_2/project_2.sdk/uart_module/Debug/uart_module.elf
----------------End of Script----------------

10:50:38 INFO  : Memory regions updated for context APU
10:50:38 INFO  : Context for processor 'ps7_cortexa9_0' is selected.
10:50:38 INFO  : 'con' command is executed.
10:50:38 INFO  : ----------------XSDB Script (After Launch)----------------
targets -set -nocase -filter {name =~ "ARM*#0" && jtag_cable_name =~ "Digilent Zed 210248447864"} -index 0
con
----------------End of Script----------------

10:50:38 INFO  : Launch script is exported to file 'C:\Users\John\Documents\GitHub\MQP\project_2\project_2.sdk\.sdk\launch_scripts\xilinx_c-c++_application_(system_debugger)\system_debugger_on_local_uart_module.elf.tcl'
11:09:15 INFO  : Disconnected from the channel tcfchan#2.
11:09:20 ERROR : Unexpected error while parsing XMD response ?: com.google.gson.JsonSyntaxException: com.google.gson.stream.MalformedJsonException: invalid number or unquoted string near 
11:19:59 INFO  : Launching XSDB server: xsdb.bat -interactive C:\Users\John\Documents\GitHub\MQP\project_2\project_2.sdk\temp_xsdb_launch_script.tcl
11:20:06 INFO  : XSDB server has started successfully.
11:20:29 INFO  : Processing command line option -hwspec C:/Users/John/Documents/GitHub/MQP/project_2/project_2.sdk/design_1_wrapper.hdf.
11:20:34 INFO  : Checking for hwspec changes in the project design_1_wrapper_hw_platform_0.
11:25:37 INFO  : SDK has detected change in the last modified timestamps for source hardware specification file Source:1473693470693,  Project:1473210230158
11:25:37 INFO  : Project design_1_wrapper_hw_platform_0's source hardware specification located at C:/Users/John/Documents/GitHub/MQP/project_2/project_2.sdk/design_1_wrapper.hdf is now different from the local copy.
		 The local copy will be replaced with the source specification and your workspace will be updated.
11:25:48 INFO  : Project design_1_wrapper_hw_platform_0's source hardware specification location will not be monitored anymore.
11:25:59 ERROR : Unexpected error while parsing XMD response ?: com.google.gson.JsonSyntaxException: com.google.gson.stream.MalformedJsonException: invalid number or unquoted string near 
11:27:07 INFO  : Launching XSDB server: xsdb.bat -interactive C:\Users\John\Documents\GitHub\MQP\project_2\project_2.sdk\temp_xsdb_launch_script.tcl
11:27:09 INFO  : XSDB server has started successfully.
11:27:21 INFO  : Processing command line option -hwspec C:/Users/John/Documents/GitHub/MQP/project_2/project_2.sdk/design_1_wrapper.hdf.
11:36:07 INFO  : SDK has detected change in the last modified timestamps for source hardware specification file Source:1473693470693,  Project:1473210230158
11:36:07 INFO  : Copied contents of C:\Users\John\Documents\GitHub\MQP\project_2\project_2.sdk\design_1_wrapper.hdf into \design_1_wrapper_hw_platform_0\system.hdf.
11:36:22 INFO  : Synchronizing projects in the workspace with the hardware platform specification changes.
11:36:28 INFO  : 
11:36:29 INFO  : Updating hardware inferred compiler options for uart_module.
11:36:29 INFO  : Clearing existing target manager status.
11:36:29 INFO  : Workspace synchronized with the new hardware specification file. Cleaning dependent projects...
11:36:30 WARN  : Linker script will not be updated automatically. Users need to update it manually.
14:20:06 INFO  : Launching XSDB server: xsdb.bat -interactive C:\Users\John\Documents\GitHub\MQP\project_2\project_2.sdk\temp_xsdb_launch_script.tcl
14:20:34 INFO  : XSDB server has started successfully.
14:20:39 INFO  : Processing command line option -hwspec C:/Users/John/Documents/GitHub/MQP/project_2/project_2.sdk/design_1_wrapper.hdf.
10:36:19 ERROR : Checking FPGA configuration failed..Connection to Board Failed


    Unknown Error Occured
    Cable is not connected to the host

10:36:19 ERROR : Unexpected error while launching program.
com.xilinx.sdk.targetmanager.TMException: Connection to Board Failed


    Unknown Error Occured
    Cable is not connected to the host

	at com.xilinx.sdk.targetmanager.internal.TM.isFPGAConfigured(TM.java:374)
	at com.xilinx.sdk.debug.core.XilinxAppLaunchConfigurationDelegate.isFpgaConfigured(XilinxAppLaunchConfigurationDelegate.java:409)
	at com.xilinx.sdk.debug.core.XilinxAppLaunchConfigurationDelegate.launch(XilinxAppLaunchConfigurationDelegate.java:303)
	at com.xilinx.sdk.debug.ui.XilinxAppLaunchDelegateWrapper.launch(XilinxAppLaunchDelegateWrapper.java:31)
	at org.eclipse.debug.internal.core.LaunchConfiguration.launch(LaunchConfiguration.java:885)
	at org.eclipse.debug.internal.core.LaunchConfiguration.launch(LaunchConfiguration.java:739)
	at org.eclipse.debug.internal.ui.DebugUIPlugin.buildAndLaunch(DebugUIPlugin.java:1039)
	at org.eclipse.debug.internal.ui.DebugUIPlugin$8.run(DebugUIPlugin.java:1256)
	at org.eclipse.core.internal.jobs.Worker.run(Worker.java:55)
10:36:40 ERROR : Checking FPGA configuration failed..Connection to Board Failed


    Unknown Error Occured
    Cable is not connected to the host

10:36:40 ERROR : Unexpected error while launching program.
com.xilinx.sdk.targetmanager.TMException: Connection to Board Failed


    Unknown Error Occured
    Cable is not connected to the host

	at com.xilinx.sdk.targetmanager.internal.TM.isFPGAConfigured(TM.java:374)
	at com.xilinx.sdk.debug.core.XilinxAppLaunchConfigurationDelegate.isFpgaConfigured(XilinxAppLaunchConfigurationDelegate.java:409)
	at com.xilinx.sdk.debug.core.XilinxAppLaunchConfigurationDelegate.launch(XilinxAppLaunchConfigurationDelegate.java:303)
	at com.xilinx.sdk.debug.ui.XilinxAppLaunchDelegateWrapper.launch(XilinxAppLaunchDelegateWrapper.java:31)
	at org.eclipse.debug.internal.core.LaunchConfiguration.launch(LaunchConfiguration.java:885)
	at org.eclipse.debug.internal.core.LaunchConfiguration.launch(LaunchConfiguration.java:739)
	at org.eclipse.debug.internal.ui.DebugUIPlugin.buildAndLaunch(DebugUIPlugin.java:1039)
	at org.eclipse.debug.internal.ui.DebugUIPlugin$8.run(DebugUIPlugin.java:1256)
	at org.eclipse.core.internal.jobs.Worker.run(Worker.java:55)
10:43:37 INFO  : Connected to target on host '127.0.0.1' and port '3121'.
10:44:42 INFO  : Connected to target on host '127.0.0.1' and port '3121'.
10:45:45 INFO  : Connected to target on host '127.0.0.1' and port '3121'.
10:45:45 INFO  : 'targets -set -filter {jtag_cable_name =~ "Digilent Zed 210248447864" && level==0} -index 1' command is executed.
10:45:49 INFO  : FPGA configured successfully with bitstream "C:/Users/John/Documents/GitHub/MQP/project_2/project_2.sdk/design_1_wrapper_hw_platform_0/design_1_wrapper.bit"
10:46:30 INFO  : ps7_init is completed.
10:46:30 INFO  : ps7_post_config is completed.
10:46:30 INFO  : Processor reset is completed for ps7_cortexa9_0
10:46:31 ERROR : Port COM3 is already in use.
10:49:06 INFO  : Processor reset is completed for ps7_cortexa9_0
10:49:06 ERROR : Port COM3 is already in use.
10:51:32 INFO  : Processor reset is completed for ps7_cortexa9_0
10:51:38 ERROR : Port COM3 is already in use.
10:55:52 ERROR : Unexpected error while parsing XMD response ?: com.google.gson.JsonSyntaxException: com.google.gson.stream.MalformedJsonException: invalid number or unquoted string near 
10:58:29 INFO  : Launching XSDB server: xsdb.bat -interactive C:\Users\John\Documents\GitHub\MQP\project_2\project_2.sdk\temp_xsdb_launch_script.tcl
10:58:50 INFO  : XSDB server has started successfully.
10:58:52 INFO  : Processing command line option -hwspec C:/Users/John/Documents/GitHub/MQP/project_2/project_2.sdk/design_1_wrapper.hdf.
10:58:52 INFO  : Checking for hwspec changes in the project design_1_wrapper_hw_platform_1.
11:00:05 INFO  : Connected to target on host '127.0.0.1' and port '3121'.
11:09:33 INFO  : Launching XSDB server: xsdb.bat -interactive C:\Users\John\Documents\GitHub\MQP\project_2\project_2.sdk\temp_xsdb_launch_script.tcl
11:09:47 INFO  : XSDB server has started successfully.
11:09:54 INFO  : Processing command line option -hwspec C:/Users/John/Documents/GitHub/MQP/project_2/project_2.sdk/design_1_wrapper.hdf.
11:09:54 INFO  : Checking for hwspec changes in the project design_1_wrapper_hw_platform_1.
11:11:01 INFO  : Connected to target on host '127.0.0.1' and port '3121'.
11:11:37 INFO  : Connected to target on host '127.0.0.1' and port '3121'.
11:11:38 INFO  : 'targets -set -filter {jtag_cable_name =~ "Digilent Zed 210248447864" && level==0} -index 1' command is executed.
11:11:43 INFO  : FPGA configured successfully with bitstream "C:/Users/John/Documents/GitHub/MQP/project_2/project_2.sdk/design_1_wrapper_hw_platform_0/design_1_wrapper.bit"
11:13:12 INFO  : ps7_init is completed.
11:13:12 INFO  : ps7_post_config is completed.
11:13:12 INFO  : Processor reset is completed for ps7_cortexa9_0
11:13:12 ERROR : Port COM3 is already in use.
11:14:46 INFO  : Processor reset is completed for ps7_cortexa9_0
11:14:46 ERROR : Port COM3 is already in use.
11:15:12 INFO  : Processor reset is completed for ps7_cortexa9_0
11:15:12 ERROR : Port COM3 is already in use.
11:17:10 INFO  : Processor reset is completed for ps7_cortexa9_0
11:17:11 ERROR : Port COM3 is already in use.
11:19:51 INFO  : Processor reset is completed for ps7_cortexa9_0
11:19:51 ERROR : Port COM3 is already in use.
11:22:21 INFO  : Connected to target on host '127.0.0.1' and port '3121'.
11:22:21 INFO  : 'targets -set -filter {jtag_cable_name =~ "Digilent Zed 210248447864" && level==0} -index 1' command is executed.
11:22:24 INFO  : FPGA configured successfully with bitstream "C:/Users/John/Documents/GitHub/MQP/project_2/project_2.sdk/design_1_wrapper_hw_platform_0/design_1_wrapper.bit"
11:23:22 INFO  : Processor reset is completed for ps7_cortexa9_0
11:23:22 ERROR : Port COM3 is already in use.
11:23:41 INFO  : 'targets -set -filter {jtag_cable_name =~ "Digilent Zed 210248447864" && level==0} -index 1' command is executed.
11:23:41 INFO  : 'fpga -state' command is executed.
11:23:41 INFO  : Connected to target on host '127.0.0.1' and port '3121'.
11:23:41 INFO  : Jtag cable 'Digilent Zed 210248447864' is selected.
11:23:41 INFO  : 'jtag frequency' command is executed.
11:23:41 INFO  : Sourcing of 'C:/Users/John/Documents/GitHub/MQP/project_2/project_2.sdk/design_1_wrapper_hw_platform_0/ps7_init.tcl' is done.
11:23:41 INFO  : 'targets -set -filter {name =~"APU" && jtag_cable_name =~ "Digilent Zed 210248447864"} -index 0' command is executed.
11:23:41 INFO  : Hardware design information is loaded from 'C:/Users/John/Documents/GitHub/MQP/project_2/project_2.sdk/design_1_wrapper_hw_platform_0/system.hdf'.
11:23:41 INFO  : 'targets -set -filter {name =~"APU" && jtag_cable_name =~ "Digilent Zed 210248447864"} -index 0' command is executed.
11:23:41 INFO  : 'stop' command is executed.
11:23:42 INFO  : 'ps7_init' command is executed.
11:23:42 INFO  : 'ps7_post_config' command is executed.
11:23:42 INFO  : Context for processor 'ps7_cortexa9_0' is selected.
11:23:42 INFO  : Processor reset is completed for 'ps7_cortexa9_0'.
11:23:42 INFO  : Context for processor 'ps7_cortexa9_0' is selected.
11:23:43 INFO  : The application 'C:/Users/John/Documents/GitHub/MQP/project_2/project_2.sdk/uart_module/Debug/uart_module.elf' is downloaded to processor 'ps7_cortexa9_0'.
11:23:43 INFO  : ----------------XSDB Script----------------
connect -url tcp:127.0.0.1:3121
source C:/Users/John/Documents/GitHub/MQP/project_2/project_2.sdk/design_1_wrapper_hw_platform_0/ps7_init.tcl
targets -set -filter {name =~"APU" && jtag_cable_name =~ "Digilent Zed 210248447864"} -index 0
loadhw C:/Users/John/Documents/GitHub/MQP/project_2/project_2.sdk/design_1_wrapper_hw_platform_0/system.hdf
targets -set -filter {name =~"APU" && jtag_cable_name =~ "Digilent Zed 210248447864"} -index 0
stop
ps7_init
ps7_post_config
targets -set -nocase -filter {name =~ "ARM*#0" && jtag_cable_name =~ "Digilent Zed 210248447864"} -index 0
rst -processor
targets -set -nocase -filter {name =~ "ARM*#0" && jtag_cable_name =~ "Digilent Zed 210248447864"} -index 0
dow C:/Users/John/Documents/GitHub/MQP/project_2/project_2.sdk/uart_module/Debug/uart_module.elf
----------------End of Script----------------

11:23:43 INFO  : Memory regions updated for context APU
11:23:43 INFO  : Context for processor 'ps7_cortexa9_0' is selected.
11:23:43 INFO  : 'con' command is executed.
11:23:43 INFO  : ----------------XSDB Script (After Launch)----------------
targets -set -nocase -filter {name =~ "ARM*#0" && jtag_cable_name =~ "Digilent Zed 210248447864"} -index 0
con
----------------End of Script----------------

11:23:43 INFO  : Launch script is exported to file 'C:\Users\John\Documents\GitHub\MQP\project_2\project_2.sdk\.sdk\launch_scripts\xilinx_c-c++_application_(system_debugger)\system_debugger_on_local_uart_module.elf.tcl'
11:25:15 INFO  : Disconnected from the channel tcfchan#1.
11:25:16 INFO  : Processor reset is completed for ps7_cortexa9_0
11:25:16 ERROR : Port COM3 is already in use.
11:27:56 INFO  : Processor reset is completed for ps7_cortexa9_0
11:27:56 ERROR : Port COM3 is already in use.
11:29:09 INFO  : Processor reset is completed for ps7_cortexa9_0
11:29:09 ERROR : Port COM3 is already in use.
11:30:07 INFO  : Processor reset is completed for ps7_cortexa9_0
11:30:07 ERROR : Port COM3 is already in use.
11:32:14 INFO  : Processor reset is completed for ps7_cortexa9_0
11:32:14 ERROR : Port COM3 is already in use.
11:33:45 INFO  : Processor reset is completed for ps7_cortexa9_0
11:33:45 ERROR : Port COM3 is already in use.
11:34:40 INFO  : Processor reset is completed for ps7_cortexa9_0
11:34:40 ERROR : Port COM3 is already in use.
11:35:44 ERROR : Unexpected error while fetching XMD's response: 
java.net.SocketException: Connection reset
	at java.net.SocketInputStream.read(SocketInputStream.java:209)
	at java.net.SocketInputStream.read(SocketInputStream.java:141)
	at sun.nio.cs.StreamDecoder.readBytes(StreamDecoder.java:284)
	at sun.nio.cs.StreamDecoder.implRead(StreamDecoder.java:326)
	at sun.nio.cs.StreamDecoder.read(StreamDecoder.java:178)
	at java.io.InputStreamReader.read(InputStreamReader.java:184)
	at java.io.BufferedReader.fill(BufferedReader.java:161)
	at java.io.BufferedReader.read(BufferedReader.java:182)
	at com.xilinx.sdk.targetmanager.internal.json.XMDJSONProcess$CommandResultsReader.run(XMDJSONProcess.java:332)
	at java.lang.Thread.run(Thread.java:745)
11:35:44 ERROR : Zero sized response read from XMD. This indicates a communication error or a programming error.
11:42:37 INFO  : Launching XSDB server: xsdb.bat -interactive C:\Users\John\Documents\GitHub\MQP\project_2\project_2.sdk\temp_xsdb_launch_script.tcl
11:42:48 INFO  : XSDB server has started successfully.
11:42:52 INFO  : Processing command line option -hwspec C:/Users/John/Documents/GitHub/MQP/project_2/project_2.sdk/design_1_wrapper.hdf.
11:42:53 INFO  : Checking for hwspec changes in the project design_1_wrapper_hw_platform_1.
11:44:32 INFO  : Connected to target on host '127.0.0.1' and port '3121'.
11:45:11 INFO  : Connected to target on host '127.0.0.1' and port '3121'.
11:45:11 INFO  : 'targets -set -filter {jtag_cable_name =~ "Digilent Zed 210248447864" && level==0} -index 1' command is executed.
11:45:15 INFO  : FPGA configured successfully with bitstream "C:/Users/John/Documents/GitHub/MQP/project_2/project_2.sdk/design_1_wrapper_hw_platform_0/design_1_wrapper.bit"
11:45:52 INFO  : Processor reset is completed for ps7_cortexa9_0
11:45:52 ERROR : No such port: COM3
11:47:20 INFO  : Connected to target on host '127.0.0.1' and port '3121'.
11:49:28 INFO  : Connected to target on host '127.0.0.1' and port '3121'.
11:50:03 INFO  : Connected to target on host '127.0.0.1' and port '3121'.
11:52:19 INFO  : Connected to target on host '127.0.0.1' and port '3121'.
11:52:20 INFO  : 'targets -set -filter {jtag_cable_name =~ "Digilent Zed 210248447864" && level==0} -index 1' command is executed.
11:52:22 INFO  : FPGA configured successfully with bitstream "C:/Users/John/Documents/GitHub/MQP/project_2/project_2.sdk/design_1_wrapper_hw_platform_0/design_1_wrapper.bit"
11:52:31 INFO  : Connected to target on host '127.0.0.1' and port '3121'.
11:52:32 INFO  : 'targets -set -filter {jtag_cable_name =~ "Digilent Zed 210248447864" && level==0} -index 1' command is executed.
11:52:34 INFO  : FPGA configured successfully with bitstream "C:/Users/John/Documents/GitHub/MQP/project_2/project_2.sdk/design_1_wrapper_hw_platform_0/design_1_wrapper.bit"
11:52:45 INFO  : ps7_init is completed.
11:52:45 INFO  : ps7_post_config is completed.
11:52:45 INFO  : Processor reset is completed for ps7_cortexa9_0
11:52:45 ERROR : Port COM3 is already in use.
11:53:52 INFO  : Connected to target on host '127.0.0.1' and port '3121'.
11:53:52 INFO  : 'targets -set -filter {jtag_cable_name =~ "Digilent Zed 210248447864" && level==0} -index 1' command is executed.
11:53:55 INFO  : FPGA configured successfully with bitstream "C:/Users/John/Documents/GitHub/MQP/project_2/project_2.sdk/design_1_wrapper_hw_platform_0/design_1_wrapper.bit"
11:54:07 INFO  : Processor reset is completed for ps7_cortexa9_0
11:54:08 ERROR : Port COM3 is already in use.
11:54:38 ERROR : Unexpected error while parsing XMD response ?: com.google.gson.JsonSyntaxException: com.google.gson.stream.MalformedJsonException: invalid number or unquoted string near 
19:58:56 INFO  : Launching XSDB server: xsdb.bat -interactive C:\Users\John\Documents\GitHub\MQP\project_2\project_2.sdk\temp_xsdb_launch_script.tcl
19:59:00 INFO  : XSDB server has started successfully.
19:59:02 INFO  : Processing command line option -hwspec C:/Users/John/Documents/GitHub/MQP/project_2/project_2.sdk/design_1_wrapper.hdf.
19:59:03 INFO  : Checking for hwspec changes in the project design_1_wrapper_hw_platform_1.
20:04:16 INFO  : Connected to target on host '127.0.0.1' and port '3121'.
20:04:17 INFO  : 'targets -set -filter {jtag_cable_name =~ "Digilent Zed 210248447864" && level==0} -index 1' command is executed.
20:04:20 INFO  : FPGA configured successfully with bitstream "C:/Users/John/Documents/GitHub/MQP/project_2/project_2.sdk/design_1_wrapper_hw_platform_0/design_1_wrapper.bit"
20:04:43 INFO  : ps7_init is completed.
20:04:43 INFO  : ps7_post_config is completed.
20:04:43 INFO  : Processor reset is completed for ps7_cortexa9_0
20:04:44 ERROR : Port COM3 is already in use.
20:13:06 INFO  : Connected to target on host '127.0.0.1' and port '3121'.
20:13:06 INFO  : 'targets -set -filter {jtag_cable_name =~ "Digilent Zed 210248447864" && level==0} -index 1' command is executed.
20:13:09 INFO  : FPGA configured successfully with bitstream "C:/Users/John/Documents/GitHub/MQP/project_2/project_2.sdk/design_1_wrapper_hw_platform_0/design_1_wrapper.bit"
20:13:18 INFO  : ps7_cortexa9_0 Processor is in use. Please stop existing Run or Debug sessions before launching.
20:13:27 INFO  : Processor reset is completed for ps7_cortexa9_0
20:13:27 ERROR : Port COM3 is already in use.
20:18:52 INFO  : ps7_cortexa9_0 Processor is in use. Please stop existing Run or Debug sessions before launching.
20:18:55 INFO  : Processor reset is completed for ps7_cortexa9_0
20:18:55 ERROR : Port COM3 is already in use.
20:55:00 INFO  : ps7_init is completed.
20:55:00 INFO  : ps7_post_config is completed.
20:55:00 INFO  : Processor reset is completed for ps7_cortexa9_0
20:55:00 ERROR : Port COM3 is already in use.
20:55:18 INFO  : ps7_cortexa9_0 Processor is in use. Please stop existing Run or Debug sessions before launching.
20:55:21 INFO  : Processor reset is completed for ps7_cortexa9_0
20:55:21 ERROR : Port COM3 is already in use.
20:56:14 INFO  : ps7_cortexa9_0 Processor is in use. Please stop existing Run or Debug sessions before launching.
20:56:18 INFO  : Processor reset is completed for ps7_cortexa9_0
20:56:18 ERROR : Port COM3 is already in use.
20:56:47 INFO  : ps7_cortexa9_0 Processor is in use. Please stop existing Run or Debug sessions before launching.
20:56:48 INFO  : Processor reset is completed for ps7_cortexa9_0
20:56:48 ERROR : Port COM3 is already in use.
21:07:33 INFO  : Processor reset is completed for ps7_cortexa9_0
21:07:33 ERROR : Port COM3 is already in use.
21:08:05 INFO  : Processor reset is completed for ps7_cortexa9_0
21:08:05 ERROR : Port COM3 is already in use.
21:09:43 INFO  : Processor reset is completed for ps7_cortexa9_0
21:09:43 ERROR : Port COM3 is already in use.
21:10:23 INFO  : Processor reset is completed for ps7_cortexa9_0
21:10:23 ERROR : Port COM3 is already in use.
11:18:05 INFO  : Connected to target on host '127.0.0.1' and port '3121'.
11:18:06 INFO  : 'targets -set -filter {jtag_cable_name =~ "Digilent Zed 210248447864" && level==0} -index 1' command is executed.
11:18:09 INFO  : FPGA configured successfully with bitstream "C:/Users/John/Documents/GitHub/MQP/project_2/project_2.sdk/design_1_wrapper_hw_platform_0/design_1_wrapper.bit"
11:19:46 INFO  : ps7_init is completed.
11:19:47 INFO  : ps7_post_config is completed.
11:19:47 INFO  : Processor reset is completed for ps7_cortexa9_0
11:19:47 ERROR : Port COM3 is already in use.
11:20:32 INFO  : Processor reset is completed for ps7_cortexa9_0
11:20:32 ERROR : Port COM3 is already in use.
11:21:14 INFO  : Processor reset is completed for ps7_cortexa9_0
11:21:14 ERROR : Port COM3 is already in use.
11:22:25 INFO  : Processor reset is completed for ps7_cortexa9_0
11:22:25 ERROR : Port COM3 is already in use.
11:23:23 INFO  : Processor reset is completed for ps7_cortexa9_0
11:23:23 ERROR : Port COM3 is already in use.
11:24:11 INFO  : Processor reset is completed for ps7_cortexa9_0
11:24:11 ERROR : Port COM3 is already in use.
11:27:22 INFO  : Processor reset is completed for ps7_cortexa9_0
11:27:22 ERROR : Port COM3 is already in use.
11:27:37 INFO  : Processor reset is completed for ps7_cortexa9_0
11:27:37 ERROR : Port COM3 is already in use.
11:28:28 INFO  : Processor reset is completed for ps7_cortexa9_0
11:28:28 ERROR : Port COM3 is already in use.
11:29:00 INFO  : Processor reset is completed for ps7_cortexa9_0
11:29:00 ERROR : Port COM3 is already in use.
11:29:52 INFO  : Processor reset is completed for ps7_cortexa9_0
11:29:52 ERROR : Port COM3 is already in use.
11:35:14 INFO  : Processor reset is completed for ps7_cortexa9_0
11:35:14 ERROR : Port COM3 is already in use.
11:35:46 INFO  : ps7_cortexa9_0 Processor is in use. Please stop existing Run or Debug sessions before launching.
11:35:48 INFO  : Processor reset is completed for ps7_cortexa9_0
11:35:48 ERROR : Port COM3 is already in use.
11:36:39 INFO  : ps7_cortexa9_0 Processor is in use. Please stop existing Run or Debug sessions before launching.
11:36:41 INFO  : Processor reset is completed for ps7_cortexa9_0
11:36:41 ERROR : Port COM3 is already in use.
11:41:37 INFO  : ps7_cortexa9_0 Processor is in use. Please stop existing Run or Debug sessions before launching.
11:41:40 INFO  : Processor reset is completed for ps7_cortexa9_0
11:41:40 ERROR : Port COM3 is already in use.
11:43:21 INFO  : ps7_cortexa9_0 Processor is in use. Please stop existing Run or Debug sessions before launching.
11:43:23 INFO  : Processor reset is completed for ps7_cortexa9_0
11:43:23 ERROR : Port COM3 is already in use.
11:47:31 INFO  : ps7_cortexa9_0 Processor is in use. Please stop existing Run or Debug sessions before launching.
11:47:35 INFO  : Processor reset is completed for ps7_cortexa9_0
11:47:35 ERROR : Port COM3 is already in use.
12:14:27 ERROR : Unexpected error while parsing XMD response ?: com.google.gson.JsonSyntaxException: com.google.gson.stream.MalformedJsonException: invalid number or unquoted string near 
12:16:22 INFO  : Launching XSDB server: xsdb.bat -interactive C:\Users\John\Documents\GitHub\MQP\project_2\project_2.sdk\temp_xsdb_launch_script.tcl
12:16:28 ERROR : Unexpected error while parsing XMD response ?: com.google.gson.JsonSyntaxException: com.google.gson.stream.MalformedJsonException: invalid number or unquoted string near 
12:17:46 INFO  : Launching XSDB server: xsdb.bat -interactive C:\Users\John\Documents\GitHub\MQP\project_2\project_2.sdk\temp_xsdb_launch_script.tcl
12:17:51 INFO  : XSDB server has started successfully.
12:17:55 INFO  : Processing command line option -hwspec C:/Users/John/Documents/GitHub/MQP/project_2/project_2.sdk/design_1_wrapper.hdf.
12:17:55 INFO  : Checking for hwspec changes in the project design_1_wrapper_hw_platform_1.
12:18:14 INFO  : SDK has detected change in the last modified timestamps for source hardware specification file Source:1474301457811,  Project:1473693470693
12:18:14 INFO  : The hardware specification for project 'design_1_wrapper_hw_platform_1' is different from C:/Users/John/Documents/GitHub/MQP/project_2/project_2.sdk/design_1_wrapper.hdf.
12:18:14 INFO  : Copied contents of C:/Users/John/Documents/GitHub/MQP/project_2/project_2.sdk/design_1_wrapper.hdf into \design_1_wrapper_hw_platform_1\system.hdf.
12:18:22 INFO  : SDK has detected change in the last modified timestamps for source hardware specification file Source:1474301457811,  Project:1473693470693
12:18:22 INFO  : Project design_1_wrapper_hw_platform_0's source hardware specification located at C:\Users\John\Documents\GitHub\MQP\project_2\project_2.sdk\design_1_wrapper.hdf is now different from the local copy.
		 The local copy will be replaced with the source specification and your workspace will be updated.
12:19:12 INFO  : Copied contents of C:\Users\John\Documents\GitHub\MQP\project_2\project_2.sdk\design_1_wrapper.hdf into \design_1_wrapper_hw_platform_0\system.hdf.
12:19:26 INFO  : Synchronizing projects in the workspace with the hardware platform specification changes.
12:19:39 INFO  : 
12:19:40 INFO  : Updating hardware inferred compiler options for uart_module.
12:19:40 INFO  : Clearing existing target manager status.
12:19:40 INFO  : Workspace synchronized with the new hardware specification file. Cleaning dependent projects...
12:19:42 WARN  : Linker script will not be updated automatically. Users need to update it manually.
12:19:49 INFO  : Synchronizing projects in the workspace with the hardware platform specification changes.
12:20:18 INFO  : Clearing existing target manager status.
12:20:18 INFO  : Workspace synchronized with the new hardware specification file. Cleaning dependent projects...
12:20:18 WARN  : Linker script will not be updated automatically. Users need to update it manually.
12:26:23 INFO  : The new hardware specification file contains the same information as the current specification file. No changes were done to the workspace.
12:26:39 INFO  : The new hardware specification file contains the same information as the current specification file. No changes were done to the workspace.
12:26:52 INFO  : Connected to target on host '127.0.0.1' and port '3121'.
12:26:55 INFO  : 'targets -set -filter {jtag_cable_name =~ "Digilent Zed 210248447864" && level==0} -index 1' command is executed.
12:26:58 INFO  : FPGA configured successfully with bitstream "C:/Users/John/Documents/GitHub/MQP/project_2/project_2.sdk/design_1_wrapper_hw_platform_0/design_1_wrapper.bit"
12:28:43 INFO  : Processor reset is completed for ps7_cortexa9_0
12:28:43 ERROR : No such port: COM3
12:30:16 INFO  : ps7_cortexa9_0 Processor is in use. Please stop existing Run or Debug sessions before launching.
12:30:20 INFO  : Processor reset is completed for ps7_cortexa9_0
12:30:20 ERROR : Port COM3 is already in use.
12:32:20 ERROR : Unexpected error while parsing XMD response ?: com.google.gson.JsonSyntaxException: com.google.gson.stream.MalformedJsonException: invalid number or unquoted string near 
16:09:44 INFO  : Launching XSDB server: xsdb.bat -interactive C:\Users\John\Documents\GitHub\MQP\project_2\project_2.sdk\temp_xsdb_launch_script.tcl
16:09:51 INFO  : XSDB server has started successfully.
16:09:51 INFO  : Processing command line option -hwspec C:/Users/John/Documents/GitHub/MQP/project_2/project_2.sdk/design_1_wrapper.hdf.
16:09:51 INFO  : Checking for hwspec changes in the project design_1_wrapper_hw_platform_1.
16:10:36 INFO  : Connected to target on host '127.0.0.1' and port '3121'.
16:10:36 INFO  : 'targets -set -filter {jtag_cable_name =~ "Digilent Zed 210248447864" && level==0} -index 1' command is executed.
16:10:39 INFO  : FPGA configured successfully with bitstream "C:/Users/John/Documents/GitHub/MQP/project_2/project_2.sdk/design_1_wrapper_hw_platform_0/design_1_wrapper.bit"
16:21:22 INFO  : ps7_init is completed.
16:21:22 INFO  : ps7_post_config is completed.
16:21:23 INFO  : Processor reset is completed for ps7_cortexa9_0
16:21:23 ERROR : Port COM3 is already in use.
16:25:32 INFO  : ps7_cortexa9_0 Processor is in use. Please stop existing Run or Debug sessions before launching.
16:25:35 INFO  : Processor reset is completed for ps7_cortexa9_0
16:25:35 ERROR : Port COM3 is already in use.
16:29:26 INFO  : Processor reset is completed for ps7_cortexa9_0
16:29:26 ERROR : Port COM3 is already in use.
16:30:38 INFO  : ps7_cortexa9_0 Processor is in use. Please stop existing Run or Debug sessions before launching.
16:30:40 INFO  : Processor reset is completed for ps7_cortexa9_0
16:30:40 ERROR : Port COM3 is already in use.
17:35:15 INFO  : ps7_cortexa9_0 Processor is in use. Please stop existing Run or Debug sessions before launching.
17:35:17 INFO  : Processor reset is completed for ps7_cortexa9_0
17:35:17 ERROR : Port COM3 is already in use.
17:37:59 INFO  : ps7_cortexa9_0 Processor is in use. Please stop existing Run or Debug sessions before launching.
17:38:01 INFO  : Processor reset is completed for ps7_cortexa9_0
17:38:01 ERROR : Port COM3 is already in use.
17:39:45 INFO  : Time out for XMD transaction is 60000
If you want to increase the timeout value, goto Windows-> Preferences -> Xilinx SDK -> XMD Startup
17:39:45 ERROR : Timeout occured while waiting to get reply for command "targets 64"
18:04:17 INFO  : Launching XSDB server: xsdb.bat -interactive C:\Users\John\Documents\GitHub\MQP\project_2\project_2.sdk\temp_xsdb_launch_script.tcl
18:04:21 INFO  : XSDB server has started successfully.
18:04:21 INFO  : Processing command line option -hwspec C:/Users/John/Documents/GitHub/MQP/project_2/project_2.sdk/design_1_wrapper.hdf.
18:04:21 INFO  : Checking for hwspec changes in the project design_1_wrapper_hw_platform_1.
18:18:54 INFO  : ps7_init is completed.
18:18:54 INFO  : ps7_post_config is completed.
18:18:54 INFO  : Processor reset is completed for ps7_cortexa9_0
18:19:21 INFO  : ps7_cortexa9_0 Processor is in use. Please stop existing Run or Debug sessions before launching.
18:19:23 INFO  : Processor reset is completed for ps7_cortexa9_0
18:20:45 INFO  : Connected to target on host '127.0.0.1' and port '3121'.
18:20:45 INFO  : 'targets -set -filter {jtag_cable_name =~ "Digilent Zed 210248447864" && level==0} -index 1' command is executed.
18:20:48 INFO  : FPGA configured successfully with bitstream "C:/Users/John/Documents/GitHub/MQP/project_2/project_2.sdk/design_1_wrapper_hw_platform_0/design_1_wrapper.bit"
18:21:23 INFO  : ps7_cortexa9_0 Processor is in use. Please stop existing Run or Debug sessions before launching.
18:21:27 INFO  : Processor reset is completed for ps7_cortexa9_0
18:23:39 INFO  : Processor reset is completed for ps7_cortexa9_0
18:23:39 ERROR : Port COM3 is already in use.
18:25:12 INFO  : ps7_cortexa9_0 Processor is in use. Please stop existing Run or Debug sessions before launching.
18:25:13 INFO  : Processor reset is completed for ps7_cortexa9_0
18:25:13 ERROR : Port COM3 is already in use.
18:28:15 INFO  : ps7_cortexa9_0 Processor is in use. Please stop existing Run or Debug sessions before launching.
18:28:17 INFO  : Processor reset is completed for ps7_cortexa9_0
18:28:17 ERROR : Port COM3 is already in use.
18:31:50 INFO  : Connected to target on host '127.0.0.1' and port '3121'.
18:31:51 INFO  : 'targets -set -filter {jtag_cable_name =~ "Digilent Zed 210248447864" && level==0} -index 1' command is executed.
18:31:54 INFO  : FPGA configured successfully with bitstream "C:/Users/John/Documents/GitHub/MQP/project_2/project_2.sdk/design_1_wrapper_hw_platform_0/design_1_wrapper.bit"
18:37:47 INFO  : Processor reset is completed for ps7_cortexa9_0
18:37:48 ERROR : Port COM3 is already in use.
18:41:50 INFO  : Time out for XMD transaction is 60000
If you want to increase the timeout value, goto Windows-> Preferences -> Xilinx SDK -> XMD Startup
18:41:50 ERROR : Timeout occured while waiting to get reply for command "targets 64"
18:45:16 INFO  : Processor reset is completed for ps7_cortexa9_0
18:45:16 ERROR : Port COM3 is already in use.
18:47:21 INFO  : ps7_cortexa9_0 Processor is in use. Please stop existing Run or Debug sessions before launching.
18:47:24 INFO  : Processor reset is completed for ps7_cortexa9_0
18:47:24 ERROR : Port COM3 is already in use.
18:58:56 INFO  : ps7_cortexa9_0 Processor is in use. Please stop existing Run or Debug sessions before launching.
18:58:59 INFO  : Processor reset is completed for ps7_cortexa9_0
18:58:59 ERROR : Port COM3 is already in use.
18:59:24 INFO  : ps7_cortexa9_0 Processor is in use. Please stop existing Run or Debug sessions before launching.
18:59:27 INFO  : Processor reset is completed for ps7_cortexa9_0
18:59:27 ERROR : Port COM3 is already in use.
18:59:57 INFO  : ps7_cortexa9_0 Processor is in use. Please stop existing Run or Debug sessions before launching.
19:00:00 INFO  : Processor reset is completed for ps7_cortexa9_0
19:00:00 ERROR : Port COM3 is already in use.
19:00:31 INFO  : ps7_cortexa9_0 Processor is in use. Please stop existing Run or Debug sessions before launching.
19:00:35 INFO  : Processor reset is completed for ps7_cortexa9_0
19:00:35 ERROR : Port COM3 is already in use.
19:01:02 INFO  : ps7_cortexa9_0 Processor is in use. Please stop existing Run or Debug sessions before launching.
19:01:04 INFO  : Processor reset is completed for ps7_cortexa9_0
19:01:04 ERROR : Port COM3 is already in use.
19:02:55 INFO  : ps7_cortexa9_0 Processor is in use. Please stop existing Run or Debug sessions before launching.
19:02:57 INFO  : Processor reset is completed for ps7_cortexa9_0
19:02:57 ERROR : Port COM3 is already in use.
19:03:20 INFO  : ps7_cortexa9_0 Processor is in use. Please stop existing Run or Debug sessions before launching.
19:03:21 INFO  : Processor reset is completed for ps7_cortexa9_0
19:03:21 ERROR : Port COM3 is already in use.
19:13:28 INFO  : ps7_cortexa9_0 Processor is in use. Please stop existing Run or Debug sessions before launching.
19:13:29 INFO  : Processor reset is completed for ps7_cortexa9_0
19:13:29 ERROR : Port COM3 is already in use.
19:13:41 INFO  : ps7_cortexa9_0 Processor is in use. Please stop existing Run or Debug sessions before launching.
19:13:43 INFO  : Processor reset is completed for ps7_cortexa9_0
19:13:43 ERROR : Port COM3 is already in use.
19:14:15 INFO  : ps7_cortexa9_0 Processor is in use. Please stop existing Run or Debug sessions before launching.
19:14:28 INFO  : Processor reset is completed for ps7_cortexa9_0
19:14:28 ERROR : Port COM3 is already in use.
19:14:42 INFO  : ps7_cortexa9_0 Processor is in use. Please stop existing Run or Debug sessions before launching.
19:14:44 INFO  : Processor reset is completed for ps7_cortexa9_0
19:14:44 ERROR : Port COM3 is already in use.
19:17:45 INFO  : ps7_cortexa9_0 Processor is in use. Please stop existing Run or Debug sessions before launching.
19:17:48 INFO  : Processor reset is completed for ps7_cortexa9_0
19:17:48 ERROR : Port COM3 is already in use.
19:18:05 INFO  : ps7_cortexa9_0 Processor is in use. Please stop existing Run or Debug sessions before launching.
19:18:07 INFO  : Processor reset is completed for ps7_cortexa9_0
19:18:07 ERROR : Port COM3 is already in use.
19:21:17 ERROR : Unexpected error while parsing XMD response ?: com.google.gson.JsonSyntaxException: com.google.gson.stream.MalformedJsonException: invalid number or unquoted string near 
18:38:24 INFO  : Launching XSDB server: xsdb.bat -interactive C:\Users\John\Documents\GitHub\MQP\project_2\project_2.sdk\temp_xsdb_launch_script.tcl
18:38:32 INFO  : XSDB server has started successfully.
18:38:35 INFO  : Processing command line option -hwspec C:/Users/John/Documents/GitHub/MQP/project_2/project_2.sdk/design_1_wrapper.hdf.
18:38:36 INFO  : Checking for hwspec changes in the project design_1_wrapper_hw_platform_1.
18:39:07 INFO  : Connected to target on host '127.0.0.1' and port '3121'.
18:39:08 INFO  : 'targets -set -filter {jtag_cable_name =~ "Digilent Zed 210248447864" && level==0} -index 1' command is executed.
18:39:11 INFO  : FPGA configured successfully with bitstream "C:/Users/John/Documents/GitHub/MQP/project_2/project_2.sdk/design_1_wrapper_hw_platform_0/design_1_wrapper.bit"
18:39:51 INFO  : ps7_init is completed.
18:39:51 INFO  : ps7_post_config is completed.
18:39:52 INFO  : Processor reset is completed for ps7_cortexa9_0
18:39:52 ERROR : Port COM3 is already in use.
18:40:24 INFO  : ps7_cortexa9_0 Processor is in use. Please stop existing Run or Debug sessions before launching.
18:40:28 INFO  : Processor reset is completed for ps7_cortexa9_0
18:40:28 ERROR : Port COM3 is already in use.
18:41:11 INFO  : ps7_cortexa9_0 Processor is in use. Please stop existing Run or Debug sessions before launching.
18:41:13 INFO  : Processor reset is completed for ps7_cortexa9_0
18:41:13 ERROR : Port COM3 is already in use.
18:43:22 INFO  : ps7_cortexa9_0 Processor is in use. Please stop existing Run or Debug sessions before launching.
18:43:25 INFO  : Processor reset is completed for ps7_cortexa9_0
18:43:25 ERROR : Port COM3 is already in use.
18:46:36 INFO  : ps7_cortexa9_0 Processor is in use. Please stop existing Run or Debug sessions before launching.
18:46:38 INFO  : Processor reset is completed for ps7_cortexa9_0
18:46:38 ERROR : Port COM3 is already in use.
18:47:52 INFO  : ps7_cortexa9_0 Processor is in use. Please stop existing Run or Debug sessions before launching.
18:47:54 INFO  : Processor reset is completed for ps7_cortexa9_0
18:47:54 ERROR : Port COM3 is already in use.
18:48:15 INFO  : ps7_cortexa9_0 Processor is in use. Please stop existing Run or Debug sessions before launching.
18:48:17 INFO  : Processor reset is completed for ps7_cortexa9_0
18:48:17 ERROR : Port COM3 is already in use.
18:49:54 INFO  : ps7_cortexa9_0 Processor is in use. Please stop existing Run or Debug sessions before launching.
18:49:57 INFO  : Processor reset is completed for ps7_cortexa9_0
18:49:57 ERROR : Port COM3 is already in use.
18:51:00 INFO  : ps7_cortexa9_0 Processor is in use. Please stop existing Run or Debug sessions before launching.
18:51:02 INFO  : Processor reset is completed for ps7_cortexa9_0
18:51:02 ERROR : Port COM3 is already in use.
18:54:24 INFO  : ps7_cortexa9_0 Processor is in use. Please stop existing Run or Debug sessions before launching.
18:54:26 INFO  : Processor reset is completed for ps7_cortexa9_0
18:54:26 ERROR : Port COM3 is already in use.
18:54:53 INFO  : ps7_cortexa9_0 Processor is in use. Please stop existing Run or Debug sessions before launching.
18:54:54 INFO  : Processor reset is completed for ps7_cortexa9_0
18:54:54 ERROR : Port COM3 is already in use.
18:55:33 INFO  : ps7_cortexa9_0 Processor is in use. Please stop existing Run or Debug sessions before launching.
18:55:35 INFO  : Processor reset is completed for ps7_cortexa9_0
18:55:35 ERROR : Port COM3 is already in use.
19:02:53 INFO  : ps7_cortexa9_0 Processor is in use. Please stop existing Run or Debug sessions before launching.
19:02:55 INFO  : Processor reset is completed for ps7_cortexa9_0
19:02:55 ERROR : Port COM3 is already in use.
19:03:32 INFO  : ps7_cortexa9_0 Processor is in use. Please stop existing Run or Debug sessions before launching.
19:03:40 INFO  : Processor reset is completed for ps7_cortexa9_0
19:03:40 ERROR : Port COM3 is already in use.
19:04:03 INFO  : ps7_cortexa9_0 Processor is in use. Please stop existing Run or Debug sessions before launching.
19:04:05 INFO  : Processor reset is completed for ps7_cortexa9_0
19:04:05 ERROR : Port COM3 is already in use.
19:05:13 INFO  : ps7_cortexa9_0 Processor is in use. Please stop existing Run or Debug sessions before launching.
19:05:15 INFO  : Processor reset is completed for ps7_cortexa9_0
19:05:15 ERROR : Port COM3 is already in use.
19:06:27 INFO  : ps7_cortexa9_0 Processor is in use. Please stop existing Run or Debug sessions before launching.
19:06:31 INFO  : Processor reset is completed for ps7_cortexa9_0
19:06:31 ERROR : Port COM3 is already in use.
19:07:08 INFO  : ps7_cortexa9_0 Processor is in use. Please stop existing Run or Debug sessions before launching.
19:07:10 INFO  : Processor reset is completed for ps7_cortexa9_0
19:07:10 ERROR : Port COM3 is already in use.
19:13:18 ERROR : Unexpected error while parsing XMD response ?: com.google.gson.JsonSyntaxException: com.google.gson.stream.MalformedJsonException: invalid number or unquoted string near 
13:54:46 INFO  : Launching XSDB server: xsdb.bat -interactive C:\Users\John\Documents\GitHub\MQP\project_2\project_2.sdk\temp_xsdb_launch_script.tcl
13:54:56 INFO  : XSDB server has started successfully.
13:54:56 INFO  : Processing command line option -hwspec C:/Users/John/Documents/GitHub/MQP/project_2/project_2.sdk/design_1_wrapper.hdf.
13:54:57 INFO  : Checking for hwspec changes in the project design_1_wrapper_hw_platform_1.
13:55:11 INFO  : SDK has detected change in the last modified timestamps for source hardware specification file Source:1474565061900,  Project:1474301457811
13:55:11 INFO  : The hardware specification for project 'design_1_wrapper_hw_platform_1' is different from C:/Users/John/Documents/GitHub/MQP/project_2/project_2.sdk/design_1_wrapper.hdf.
13:55:11 INFO  : Copied contents of C:/Users/John/Documents/GitHub/MQP/project_2/project_2.sdk/design_1_wrapper.hdf into \design_1_wrapper_hw_platform_1\system.hdf.
13:55:24 INFO  : Synchronizing projects in the workspace with the hardware platform specification changes.
13:55:24 INFO  : SDK has detected change in the last modified timestamps for source hardware specification file Source:1474565061900,  Project:1474301457811
13:55:24 INFO  : Project design_1_wrapper_hw_platform_0's source hardware specification located at C:\Users\John\Documents\GitHub\MQP\project_2\project_2.sdk\design_1_wrapper.hdf is now different from the local copy.
		 The local copy will be replaced with the source specification and your workspace will be updated.
14:44:04 INFO  : Copied contents of C:\Users\John\Documents\GitHub\MQP\project_2\project_2.sdk\design_1_wrapper.hdf into \design_1_wrapper_hw_platform_0\system.hdf.
14:44:16 INFO  : Synchronizing projects in the workspace with the hardware platform specification changes.
14:44:29 ERROR : (XSDB Server)ERROR: [Hsi 55-1545] Problem running tcl command ::sw_standalone_v5_5::generate : No driver for stdin peripheral ps7_uart_1. Check the following reasons: 
 1. ps7_uart_1 is not accessible from processor ps7_cortexa9_0.
 2. No Driver block is defined for ps7_uart_1 in MSS file.
    while executing
"error "No driver for stdin peripheral $stdin. Check the following reasons: \n 1. $stdin is not accessible from processor $processor.\n 2. No Driver bl..."
    (procedure "::hsi::utils::handle_stdin" line 11)
    invoked from within
"::hsi::utils::handle_stdin $os_handle"
    (procedure "::sw_standalone_v5_5::generate" line 221)
    invoked from within
"::sw_standalone_v5_5::generate standalone"

14:44:29 ERROR : (XSDB Server)ERROR: [Hsi 55-1442] Error(s) while running TCL procedure generate()

14:44:29 ERROR : (XSDB Server)ERROR: [Hsi 55-1450] Error: running generate_bsp.

14:44:29 ERROR : Failed to call sync_sw_with_hw_change
Reason: ERROR: [Common 17-39] 'hsi::generate_bsp' failed due to earlier errors.

14:44:29 ERROR : Error updating BSP project MSS files.
14:44:30 INFO  : Updating hardware inferred compiler options for uart_module.
14:44:30 INFO  : Clearing existing target manager status.
14:44:30 INFO  : Clearing existing target manager status.
14:44:30 INFO  : Workspace synchronized with the new hardware specification file. Cleaning dependent projects...
14:44:30 WARN  : Linker script will not be updated automatically. Users need to update it manually.
21:08:35 ERROR : Unexpected error while parsing XMD response ?: com.google.gson.JsonSyntaxException: com.google.gson.stream.MalformedJsonException: invalid number or unquoted string near 
21:20:31 INFO  : Launching XSDB server: xsdb.bat -interactive C:\Users\John\Documents\GitHub\MQP\project_2\project_2.sdk\temp_xsdb_launch_script.tcl
21:20:39 INFO  : XSDB server has started successfully.
21:20:40 INFO  : Processing command line option -hwspec C:/Users/John/Documents/GitHub/MQP/project_2/project_2.sdk/design_1_wrapper.hdf.
21:20:40 INFO  : Checking for hwspec changes in the project design_1_wrapper_hw_platform_1.
21:20:55 INFO  : SDK has detected change in the last modified timestamps for source hardware specification file Source:1474593517911,  Project:1474565061900
21:20:55 INFO  : The hardware specification for project 'design_1_wrapper_hw_platform_1' is different from C:/Users/John/Documents/GitHub/MQP/project_2/project_2.sdk/design_1_wrapper.hdf.
21:20:56 INFO  : SDK has detected change in the last modified timestamps for source hardware specification file Source:1474593517911,  Project:1474565061900
21:20:56 INFO  : Project design_1_wrapper_hw_platform_0's source hardware specification located at C:\Users\John\Documents\GitHub\MQP\project_2\project_2.sdk\design_1_wrapper.hdf is now different from the local copy.
		 The local copy will be replaced with the source specification and your workspace will be updated.
21:21:27 INFO  : Copied contents of C:\Users\John\Documents\GitHub\MQP\project_2\project_2.sdk\design_1_wrapper.hdf into \design_1_wrapper_hw_platform_0\system.hdf.
21:21:43 INFO  : Synchronizing projects in the workspace with the hardware platform specification changes.
21:21:54 ERROR : (XSDB Server)ERROR: [Hsi 55-1545] Problem running tcl command ::sw_standalone_v5_5::generate : No driver for stdin peripheral ps7_uart_1. Check the following reasons: 
 1. ps7_uart_1 is not accessible from processor ps7_cortexa9_0.
 2. No Driver block is defined for ps7_uart_1 in MSS file.
    while executing
"error "No driver for stdin peripheral $stdin. Check the following reasons: \n 1. $stdin is not accessible from processor $processor.\n 2. No Driver bl..."
    (procedure "::hsi::utils::handle_stdin" line 11)
    invoked from within
"::hsi::utils::handle_stdin $os_handle"
    (procedure "::sw_standalone_v5_5::generate" line 221)
    invoked from within
"::sw_standalone_v5_5::generate standalone"

21:21:54 ERROR : (XSDB Server)ERROR: [Hsi 55-1442] Error(s) while running TCL procedure generate()

21:21:54 ERROR : (XSDB Server)ERROR: [Hsi 55-1450] Error: running generate_bsp.

21:21:54 ERROR : Failed to call sync_sw_with_hw_change
Reason: ERROR: [Common 17-39] 'hsi::generate_bsp' failed due to earlier errors.

21:21:54 ERROR : Error updating BSP project MSS files.
21:21:55 INFO  : Updating hardware inferred compiler options for uart_module.
21:21:55 INFO  : Clearing existing target manager status.
21:21:55 INFO  : Copied contents of C:/Users/John/Documents/GitHub/MQP/project_2/project_2.sdk/design_1_wrapper.hdf into \design_1_wrapper_hw_platform_1\system.hdf.
21:22:08 INFO  : Synchronizing projects in the workspace with the hardware platform specification changes.
21:22:08 INFO  : Clearing existing target manager status.
21:22:08 INFO  : Workspace synchronized with the new hardware specification file. Cleaning dependent projects...
21:22:08 WARN  : Linker script will not be updated automatically. Users need to update it manually.
11:08:01 ERROR : Unexpected error while parsing XMD response ?: com.google.gson.JsonSyntaxException: com.google.gson.stream.MalformedJsonException: invalid number or unquoted string near 
14:24:06 INFO  : Launching XSDB server: xsdb.bat -interactive C:\Users\John\Documents\GitHub\MQP\project_2\project_2.sdk\temp_xsdb_launch_script.tcl
14:24:13 INFO  : XSDB server has started successfully.
14:24:14 INFO  : Processing command line option -hwspec C:/Users/John/Documents/GitHub/MQP/project_2/project_2.sdk/design_1_wrapper.hdf.
14:24:14 INFO  : Checking for hwspec changes in the project design_1_wrapper_hw_platform_1.
